Preparing the N-instances dataset...
mkdir -p /local_scratch/pbs.8027011.pbs02//instances/raw/N && \
if [ -f ./data_archive/dataset_N.tar.gz ]; then tar -zxmf ./data_archive/dataset_N.tar.gz; \
else \
python ./gen_BDD_pair.py -n 100 -v 15 -p 0.6 -NU /local_scratch/pbs.8027011.pbs02//instances/raw/N/ > /local_scratch/pbs.8027011.pbs02//run_logs/2020-02-06_gen_15var_R.log; fi && \
ls /local_scratch/pbs.8027011.pbs02//instances/raw/N/A*.bdd | grep -Po "/local_scratch/pbs.8027011.pbs02//instances/raw/N/A\\K[^\\.]*" > /local_scratch/pbs.8027011.pbs02//instances/raw/N/instances.list &&\
split -d -nl/16 /local_scratch/pbs.8027011.pbs02//instances/raw/N/instances.list /local_scratch/pbs.8027011.pbs02//instances/raw/N/instances.list.
python ./solve_inst.py -i /local_scratch/pbs.8027011.pbs02//instances/raw/N/instances.list.00 -o /local_scratch/pbs.8027011.pbs02//run_logs/part.solved_N.00.log -d /local_scratch/pbs.8027011.pbs02//instances/raw/N/
python ./solve_inst.py -i /local_scratch/pbs.8027011.pbs02//instances/raw/N/instances.list.01 -o /local_scratch/pbs.8027011.pbs02//run_logs/part.solved_N.01.log -d /local_scratch/pbs.8027011.pbs02//instances/raw/N/
python ./solve_inst.py -i /local_scratch/pbs.8027011.pbs02//instances/raw/N/instances.list.02 -o /local_scratch/pbs.8027011.pbs02//run_logs/part.solved_N.02.log -d /local_scratch/pbs.8027011.pbs02//instances/raw/N/
python ./solve_inst.py -i /local_scratch/pbs.8027011.pbs02//instances/raw/N/instances.list.03 -o /local_scratch/pbs.8027011.pbs02//run_logs/part.solved_N.03.log -d /local_scratch/pbs.8027011.pbs02//instances/raw/N/
python ./solve_inst.py -i /local_scratch/pbs.8027011.pbs02//instances/raw/N/instances.list.04 -o /local_scratch/pbs.8027011.pbs02//run_logs/part.solved_N.04.log -d /local_scratch/pbs.8027011.pbs02//instances/raw/N/
python ./solve_inst.py -i /local_scratch/pbs.8027011.pbs02//instances/raw/N/instances.list.05 -o /local_scratch/pbs.8027011.pbs02//run_logs/part.solved_N.05.log -d /local_scratch/pbs.8027011.pbs02//instances/raw/N/
python ./solve_inst.py -i /local_scratch/pbs.8027011.pbs02//instances/raw/N/instances.list.06 -o /local_scratch/pbs.8027011.pbs02//run_logs/part.solved_N.06.log -d /local_scratch/pbs.8027011.pbs02//instances/raw/N/
python ./solve_inst.py -i /local_scratch/pbs.8027011.pbs02//instances/raw/N/instances.list.07 -o /local_scratch/pbs.8027011.pbs02//run_logs/part.solved_N.07.log -d /local_scratch/pbs.8027011.pbs02//instances/raw/N/
python ./solve_inst.py -i /local_scratch/pbs.8027011.pbs02//instances/raw/N/instances.list.08 -o /local_scratch/pbs.8027011.pbs02//run_logs/part.solved_N.08.log -d /local_scratch/pbs.8027011.pbs02//instances/raw/N/
python ./solve_inst.py -i /local_scratch/pbs.8027011.pbs02//instances/raw/N/instances.list.09 -o /local_scratch/pbs.8027011.pbs02//run_logs/part.solved_N.09.log -d /local_scratch/pbs.8027011.pbs02//instances/raw/N/
python ./solve_inst.py -i /local_scratch/pbs.8027011.pbs02//instances/raw/N/instances.list.10 -o /local_scratch/pbs.8027011.pbs02//run_logs/part.solved_N.10.log -d /local_scratch/pbs.8027011.pbs02//instances/raw/N/
python ./solve_inst.py -i /local_scratch/pbs.8027011.pbs02//instances/raw/N/instances.list.11 -o /local_scratch/pbs.8027011.pbs02//run_logs/part.solved_N.11.log -d /local_scratch/pbs.8027011.pbs02//instances/raw/N/
python ./solve_inst.py -i /local_scratch/pbs.8027011.pbs02//instances/raw/N/instances.list.12 -o /local_scratch/pbs.8027011.pbs02//run_logs/part.solved_N.12.log -d /local_scratch/pbs.8027011.pbs02//instances/raw/N/
python ./solve_inst.py -i /local_scratch/pbs.8027011.pbs02//instances/raw/N/instances.list.13 -o /local_scratch/pbs.8027011.pbs02//run_logs/part.solved_N.13.log -d /local_scratch/pbs.8027011.pbs02//instances/raw/N/
python ./solve_inst.py -i /local_scratch/pbs.8027011.pbs02//instances/raw/N/instances.list.14 -o /local_scratch/pbs.8027011.pbs02//run_logs/part.solved_N.14.log -d /local_scratch/pbs.8027011.pbs02//instances/raw/N/
python ./solve_inst.py -i /local_scratch/pbs.8027011.pbs02//instances/raw/N/instances.list.15 -o /local_scratch/pbs.8027011.pbs02//run_logs/part.solved_N.15.log -d /local_scratch/pbs.8027011.pbs02//instances/raw/N/
python ./log_bb.py -i /local_scratch/pbs.8027011.pbs02//instances/raw/N/instances.list.00 -o /local_scratch/pbs.8027011.pbs02//run_logs/part.BB_bounds_N.00.log -d /local_scratch/pbs.8027011.pbs02//instances/raw/N/
python ./log_bb.py -i /local_scratch/pbs.8027011.pbs02//instances/raw/N/instances.list.01 -o /local_scratch/pbs.8027011.pbs02//run_logs/part.BB_bounds_N.01.log -d /local_scratch/pbs.8027011.pbs02//instances/raw/N/
python ./log_bb.py -i /local_scratch/pbs.8027011.pbs02//instances/raw/N/instances.list.02 -o /local_scratch/pbs.8027011.pbs02//run_logs/part.BB_bounds_N.02.log -d /local_scratch/pbs.8027011.pbs02//instances/raw/N/
python ./log_bb.py -i /local_scratch/pbs.8027011.pbs02//instances/raw/N/instances.list.03 -o /local_scratch/pbs.8027011.pbs02//run_logs/part.BB_bounds_N.03.log -d /local_scratch/pbs.8027011.pbs02//instances/raw/N/
python ./log_bb.py -i /local_scratch/pbs.8027011.pbs02//instances/raw/N/instances.list.04 -o /local_scratch/pbs.8027011.pbs02//run_logs/part.BB_bounds_N.04.log -d /local_scratch/pbs.8027011.pbs02//instances/raw/N/
python ./log_bb.py -i /local_scratch/pbs.8027011.pbs02//instances/raw/N/instances.list.05 -o /local_scratch/pbs.8027011.pbs02//run_logs/part.BB_bounds_N.05.log -d /local_scratch/pbs.8027011.pbs02//instances/raw/N/
python ./log_bb.py -i /local_scratch/pbs.8027011.pbs02//instances/raw/N/instances.list.06 -o /local_scratch/pbs.8027011.pbs02//run_logs/part.BB_bounds_N.06.log -d /local_scratch/pbs.8027011.pbs02//instances/raw/N/
python ./log_bb.py -i /local_scratch/pbs.8027011.pbs02//instances/raw/N/instances.list.07 -o /local_scratch/pbs.8027011.pbs02//run_logs/part.BB_bounds_N.07.log -d /local_scratch/pbs.8027011.pbs02//instances/raw/N/
python ./log_bb.py -i /local_scratch/pbs.8027011.pbs02//instances/raw/N/instances.list.08 -o /local_scratch/pbs.8027011.pbs02//run_logs/part.BB_bounds_N.08.log -d /local_scratch/pbs.8027011.pbs02//instances/raw/N/
python ./log_bb.py -i /local_scratch/pbs.8027011.pbs02//instances/raw/N/instances.list.09 -o /local_scratch/pbs.8027011.pbs02//run_logs/part.BB_bounds_N.09.log -d /local_scratch/pbs.8027011.pbs02//instances/raw/N/
python ./log_bb.py -i /local_scratch/pbs.8027011.pbs02//instances/raw/N/instances.list.10 -o /local_scratch/pbs.8027011.pbs02//run_logs/part.BB_bounds_N.10.log -d /local_scratch/pbs.8027011.pbs02//instances/raw/N/
python ./log_bb.py -i /local_scratch/pbs.8027011.pbs02//instances/raw/N/instances.list.11 -o /local_scratch/pbs.8027011.pbs02//run_logs/part.BB_bounds_N.11.log -d /local_scratch/pbs.8027011.pbs02//instances/raw/N/
python ./log_bb.py -i /local_scratch/pbs.8027011.pbs02//instances/raw/N/instances.list.12 -o /local_scratch/pbs.8027011.pbs02//run_logs/part.BB_bounds_N.12.log -d /local_scratch/pbs.8027011.pbs02//instances/raw/N/
python ./log_bb.py -i /local_scratch/pbs.8027011.pbs02//instances/raw/N/instances.list.13 -o /local_scratch/pbs.8027011.pbs02//run_logs/part.BB_bounds_N.13.log -d /local_scratch/pbs.8027011.pbs02//instances/raw/N/
python ./log_bb.py -i /local_scratch/pbs.8027011.pbs02//instances/raw/N/instances.list.14 -o /local_scratch/pbs.8027011.pbs02//run_logs/part.BB_bounds_N.14.log -d /local_scratch/pbs.8027011.pbs02//instances/raw/N/
python ./log_bb.py -i /local_scratch/pbs.8027011.pbs02//instances/raw/N/instances.list.15 -o /local_scratch/pbs.8027011.pbs02//run_logs/part.BB_bounds_N.15.log -d /local_scratch/pbs.8027011.pbs02//instances/raw/N/
python ./log_bb.py --header > /local_scratch/pbs.8027011.pbs02//run_logs/BB_bounds_N.log && \
tail -qn +2 /local_scratch/pbs.8027011.pbs02//run_logs/part.BB_bounds_N.00.log /local_scratch/pbs.8027011.pbs02//run_logs/part.BB_bounds_N.01.log /local_scratch/pbs.8027011.pbs02//run_logs/part.BB_bounds_N.02.log /local_scratch/pbs.8027011.pbs02//run_logs/part.BB_bounds_N.03.log /local_scratch/pbs.8027011.pbs02//run_logs/part.BB_bounds_N.04.log /local_scratch/pbs.8027011.pbs02//run_logs/part.BB_bounds_N.05.log /local_scratch/pbs.8027011.pbs02//run_logs/part.BB_bounds_N.06.log /local_scratch/pbs.8027011.pbs02//run_logs/part.BB_bounds_N.07.log /local_scratch/pbs.8027011.pbs02//run_logs/part.BB_bounds_N.08.log /local_scratch/pbs.8027011.pbs02//run_logs/part.BB_bounds_N.09.log /local_scratch/pbs.8027011.pbs02//run_logs/part.BB_bounds_N.10.log /local_scratch/pbs.8027011.pbs02//run_logs/part.BB_bounds_N.11.log /local_scratch/pbs.8027011.pbs02//run_logs/part.BB_bounds_N.12.log /local_scratch/pbs.8027011.pbs02//run_logs/part.BB_bounds_N.13.log /local_scratch/pbs.8027011.pbs02//run_logs/part.BB_bounds_N.14.log /local_scratch/pbs.8027011.pbs02//run_logs/part.BB_bounds_N.15.log >> /local_scratch/pbs.8027011.pbs02//run_logs/BB_bounds_N.log
python ./solve_inst.py --header > /local_scratch/pbs.8027011.pbs02//run_logs/solved_N.log && \
tail -qn +2 /local_scratch/pbs.8027011.pbs02//run_logs/part.solved_N.00.log /local_scratch/pbs.8027011.pbs02//run_logs/part.solved_N.01.log /local_scratch/pbs.8027011.pbs02//run_logs/part.solved_N.02.log /local_scratch/pbs.8027011.pbs02//run_logs/part.solved_N.03.log /local_scratch/pbs.8027011.pbs02//run_logs/part.solved_N.04.log /local_scratch/pbs.8027011.pbs02//run_logs/part.solved_N.05.log /local_scratch/pbs.8027011.pbs02//run_logs/part.solved_N.06.log /local_scratch/pbs.8027011.pbs02//run_logs/part.solved_N.07.log /local_scratch/pbs.8027011.pbs02//run_logs/part.solved_N.08.log /local_scratch/pbs.8027011.pbs02//run_logs/part.solved_N.09.log /local_scratch/pbs.8027011.pbs02//run_logs/part.solved_N.10.log /local_scratch/pbs.8027011.pbs02//run_logs/part.solved_N.11.log /local_scratch/pbs.8027011.pbs02//run_logs/part.solved_N.12.log /local_scratch/pbs.8027011.pbs02//run_logs/part.solved_N.13.log /local_scratch/pbs.8027011.pbs02//run_logs/part.solved_N.14.log /local_scratch/pbs.8027011.pbs02//run_logs/part.solved_N.15.log >> /local_scratch/pbs.8027011.pbs02//run_logs/solved_N.log
Rscript ./post_processing/fig_BB_gaps.R -i /local_scratch/pbs.8027011.pbs02//run_logs/BB_bounds_N.log -o figures/fig_BB_gaps_N.eps
Rscript ./post_processing/fig_guessing.R -i /local_scratch/pbs.8027011.pbs02//run_logs/solved_N.log -o figures/fig_sol_guessing_N.eps
Rscript ./post_processing/fig_fireplace.R -i /local_scratch/pbs.8027011.pbs02//run_logs/solved_N.log -o figures/fig_sol_fireplace_N.eps
Rscript ./post_processing/fig_obj_hist.R -i /local_scratch/pbs.8027011.pbs02//run_logs/solved_N.log -o figures/fig_sol_obj_hist_N.eps
Rscript ./post_processing/fig_obj_int.R -i /local_scratch/pbs.8027011.pbs02//run_logs/solved_N.log -o figures/fig_sol_obj_int_N.eps

Attaching package: ‘dplyr’


Attaching package: ‘dplyr’

The following objects are masked from ‘package:stats’:

    filter, lag

The following objects are masked from ‘package:stats’:

    filter, lag

The following objects are masked from ‘package:base’:

    intersect, setdiff, setequal, union

The following objects are masked from ‘package:base’:

    intersect, setdiff, setequal, union


Attaching package: ‘dplyr’


Attaching package: ‘dplyr’


Attaching package: ‘dplyr’

The following object is masked from ‘package:gridExtra’:

    combine

The following object is masked from ‘package:gridExtra’:

    combine

The following objects are masked from ‘package:stats’:

    filter, lag

The following objects are masked from ‘package:stats’:

    filter, lag

The following objects are masked from ‘package:base’:

    intersect, setdiff, setequal, union

The following objects are masked from ‘package:base’:

    intersect, setdiff, setequal, union

The following object is masked from ‘package:gridExtra’:

    combine

The following objects are masked from ‘package:stats’:

    filter, lag

The following objects are masked from ‘package:base’:

    intersect, setdiff, setequal, union

