instance,inversions,reducedA,reducedB,gen_trial
1,58,False,False,1
2,51,False,False,1
3,63,False,False,1
4,53,False,False,1
5,41,False,False,1
6,61,False,False,1
7,55,False,False,1
8,58,False,False,1
9,63,False,False,1
10,53,False,False,1
11,53,False,False,1
12,64,False,False,1
13,40,False,False,1
14,45,False,False,1
15,78,False,False,1
16,47,False,False,1
17,45,False,False,1
18,64,False,False,1
19,65,False,False,1
20,42,False,False,1
21,59,False,False,1
22,55,False,False,1
23,72,False,False,1
24,53,False,False,1
25,47,False,False,1
26,51,False,False,1
27,58,False,False,1
28,47,False,False,1
29,40,False,False,1
30,59,False,False,1
31,51,False,False,1
32,52,False,False,1
33,51,False,False,1
34,50,False,False,1
35,41,False,False,1
36,42,False,False,1
37,29,False,False,1
38,59,False,False,1
39,52,False,False,1
40,44,False,False,1
41,64,False,False,1
42,45,False,False,1
43,52,False,False,1
44,61,False,False,1
45,51,False,False,1
46,40,False,False,1
47,45,False,False,1
48,43,False,False,1
49,64,False,False,1
50,64,False,False,1
51,57,False,False,1
52,49,False,False,1
53,45,False,False,1
54,38,False,False,1
55,64,False,False,1
56,38,False,False,1
57,45,False,False,1
58,53,False,False,1
59,53,False,False,1
60,45,False,False,1
61,63,False,False,1
62,55,False,False,1
63,84,False,False,1
64,55,False,False,1
65,52,False,False,1
66,53,False,False,1
67,53,False,False,1
68,59,False,False,1
69,51,False,False,1
70,45,False,False,1
71,50,False,False,1
72,52,False,False,1
73,60,False,False,1
74,59,False,False,1
75,67,False,False,1
76,57,False,False,1
77,45,False,False,1
78,65,False,False,1
79,54,False,False,1
80,61,False,False,1
81,45,False,False,1
82,51,False,False,1
83,38,False,False,1
84,31,False,False,1
85,48,False,False,1
86,41,False,False,1
87,61,False,False,1
88,53,False,False,1
89,52,False,False,1
90,42,False,False,1
91,43,False,False,1
92,49,False,False,1
93,58,False,False,1
94,62,False,False,1
95,58,False,False,1
96,52,False,False,1
97,54,False,False,1
98,51,False,False,1
99,62,False,False,1
100,48,False,False,1
101,49,False,False,1
102,51,False,False,1
103,43,False,False,1
104,54,False,False,1
105,43,False,False,1
106,70,False,False,1
107,62,False,False,1
108,53,False,False,1
109,54,False,False,1
110,54,False,False,1
111,60,False,False,1
112,51,False,False,1
113,48,False,False,1
114,46,False,False,1
115,52,False,False,1
116,42,False,False,1
117,41,False,False,1
118,47,False,False,1
119,53,False,False,1
120,59,False,False,1
121,63,False,False,1
122,78,False,False,1
123,79,False,False,1
124,50,False,False,1
125,53,False,False,1
126,46,False,False,1
127,59,False,False,1
128,62,False,False,1
129,44,False,False,1
130,49,False,False,1
131,45,False,False,1
132,73,False,False,1
133,60,False,False,1
134,37,False,False,1
135,44,False,False,1
136,54,False,False,1
137,59,False,False,1
138,69,False,False,1
139,60,False,False,1
140,53,False,False,1
141,39,False,False,1
142,61,False,False,1
143,51,False,False,1
144,64,False,False,1
145,57,False,False,1
146,43,False,False,1
147,45,False,False,1
148,54,False,False,1
149,57,False,False,1
150,61,False,False,1
151,65,False,False,1
152,52,False,False,1
153,61,False,False,1
154,49,False,False,1
155,53,False,False,1
156,58,False,False,1
157,50,False,False,1
158,57,False,False,1
159,39,False,False,1
160,49,False,False,1
161,53,False,False,1
162,61,False,False,1
163,49,False,False,1
164,49,False,False,1
165,48,False,False,1
166,65,False,False,1
167,57,False,False,1
168,57,False,False,1
169,58,False,False,1
170,67,False,False,1
171,71,False,False,1
172,56,False,False,1
173,54,False,False,1
174,49,False,False,1
175,67,False,False,1
176,40,False,False,1
177,63,False,False,1
178,69,False,False,1
179,50,False,False,1
180,59,False,False,1
181,46,False,False,1
182,66,False,False,1
183,57,False,False,1
184,62,False,False,1
185,73,False,False,1
186,53,False,False,1
187,67,False,False,1
188,50,False,False,1
189,57,False,False,1
190,57,False,False,1
191,38,False,False,1
192,49,False,False,1
193,34,False,False,1
194,57,False,False,1
195,59,False,False,1
196,65,False,False,1
197,44,False,False,1
198,52,False,False,1
199,63,False,False,1
200,38,False,False,1
201,62,False,False,1
202,39,False,False,1
203,59,False,False,1
204,32,False,False,1
205,46,False,False,1
206,53,False,False,1
207,43,False,False,1
208,55,False,False,1
209,55,False,False,1
210,45,False,False,1
211,48,False,False,1
212,63,False,False,1
213,52,False,False,1
214,30,False,False,1
215,43,False,False,1
216,57,False,False,1
217,44,False,False,1
218,39,False,False,1
219,63,False,False,1
220,42,False,False,1
221,46,False,False,1
222,55,False,False,1
223,55,False,False,1
224,54,False,False,1
225,45,False,False,1
226,63,False,False,1
227,51,False,False,1
228,66,False,False,1
229,46,False,False,1
230,62,False,False,1
231,62,False,False,1
232,50,False,False,1
233,49,False,False,1
234,52,False,False,1
235,54,False,False,1
236,47,False,False,1
237,61,False,False,1
238,71,False,False,1
239,73,False,False,1
240,41,False,False,1
241,58,False,False,1
242,53,False,False,1
243,36,False,False,1
244,71,False,False,1
245,52,False,False,1
246,54,False,False,1
247,22,False,False,1
248,55,False,False,1
249,44,False,False,1
250,55,False,False,1
251,61,False,False,1
252,64,False,False,1
253,38,False,False,1
254,47,False,False,1
255,48,False,False,1
256,54,False,False,1
257,59,False,False,1
258,49,False,False,1
259,40,False,False,1
260,61,False,False,1
261,42,False,False,1
262,58,False,False,1
263,62,False,False,1
264,61,False,False,1
265,56,False,False,1
266,48,False,False,1
267,44,False,False,1
268,68,False,False,1
269,62,False,False,1
270,46,False,False,1
271,43,False,False,1
272,42,False,False,1
273,49,False,False,1
274,60,False,False,1
275,47,False,False,1
276,58,False,False,1
277,56,False,False,1
278,49,False,False,1
279,75,False,False,1
280,54,False,False,1
281,38,False,False,1
282,62,False,False,1
283,52,False,False,1
284,56,False,False,1
285,62,False,False,1
286,37,False,False,1
287,35,False,False,1
288,51,False,False,1
289,43,False,False,1
290,52,False,False,1
291,57,False,False,1
292,58,False,False,1
293,62,False,False,1
294,53,False,False,1
295,50,False,False,1
296,65,False,False,1
297,56,False,False,1
298,62,False,False,1
299,62,False,False,1
300,62,False,False,1
301,60,False,False,1
302,68,False,False,1
303,47,False,False,1
304,51,False,False,1
305,43,False,False,1
306,33,False,False,1
307,63,False,False,1
308,35,False,False,1
309,53,False,False,1
310,51,False,False,1
311,54,False,False,1
312,31,False,False,1
313,48,False,False,1
314,53,False,False,1
315,49,False,False,1
316,36,False,False,1
317,62,False,False,1
318,63,False,False,1
319,44,False,False,1
320,53,False,False,1
321,43,False,False,1
322,42,False,False,1
323,47,False,False,1
324,54,False,False,1
325,50,False,False,1
326,47,False,False,1
327,63,False,False,1
328,74,False,False,1
329,56,False,False,1
330,57,False,False,1
331,33,False,False,1
332,55,False,False,1
333,65,False,False,1
334,66,False,False,1
335,66,False,False,1
336,48,False,False,1
337,50,False,False,1
338,61,False,False,1
339,55,False,False,1
340,55,False,False,1
341,37,False,False,1
342,70,False,False,1
343,51,False,False,1
344,39,False,False,1
345,45,False,False,1
346,60,False,False,1
347,55,False,False,1
348,39,False,False,1
349,59,False,False,1
350,49,False,False,1
351,65,False,False,1
352,45,False,False,1
353,65,False,False,1
354,60,False,False,1
355,62,False,False,1
356,71,False,False,1
357,62,False,False,1
358,61,False,False,1
359,47,False,False,1
360,49,False,False,1
361,57,False,False,1
362,54,False,False,1
363,63,False,False,1
364,65,False,False,1
365,61,False,False,1
366,53,False,False,1
367,71,False,False,1
368,49,False,False,1
369,59,False,False,1
370,47,False,False,1
371,61,False,False,1
372,62,False,False,1
373,49,False,False,1
374,66,False,False,1
375,56,False,False,1
376,57,False,False,1
377,49,False,False,1
378,49,False,False,1
379,41,False,False,1
380,61,False,False,1
381,57,False,False,1
382,58,False,False,1
383,65,False,False,1
384,61,False,False,1
385,32,False,False,1
386,51,False,False,1
387,65,False,False,1
388,40,False,False,1
389,68,False,False,1
390,57,False,False,1
391,61,False,False,1
392,55,False,False,1
393,52,False,False,1
394,57,False,False,1
395,59,False,False,1
396,49,False,False,1
397,55,False,False,1
398,53,False,False,1
399,50,False,False,1
400,47,False,False,1
401,45,False,False,1
402,60,False,False,1
403,46,False,False,1
404,43,False,False,1
405,52,False,False,1
406,55,False,False,1
407,60,False,False,1
408,44,False,False,1
409,53,False,False,1
410,44,False,False,1
411,57,False,False,1
412,52,False,False,1
413,51,False,False,1
414,51,False,False,1
415,56,False,False,1
416,41,False,False,1
417,60,False,False,1
418,57,False,False,1
419,73,False,False,1
420,63,False,False,1
421,74,False,False,1
422,35,False,False,1
423,44,False,False,1
424,74,False,False,1
425,70,False,False,1
426,58,False,False,1
427,51,False,False,1
428,39,False,False,1
429,43,False,False,1
430,56,False,False,1
431,55,False,False,1
432,46,False,False,1
433,67,False,False,1
434,56,False,False,1
435,44,False,False,1
436,46,False,False,1
437,48,False,False,1
438,60,False,False,1
439,40,False,False,1
440,66,False,False,1
441,46,False,False,1
442,52,False,False,1
443,35,False,False,1
444,53,False,False,1
445,61,False,False,1
446,53,False,False,1
447,55,False,False,1
448,62,False,False,1
449,68,False,False,1
450,58,False,False,1
451,62,False,False,1
452,71,False,False,1
453,66,False,False,1
454,61,False,False,1
455,55,False,False,1
456,45,False,False,1
457,39,False,False,1
458,48,False,False,1
459,52,False,False,1
460,47,False,False,1
461,37,False,False,1
462,64,False,False,1
463,52,False,False,1
464,66,False,False,1
465,49,False,False,1
466,45,False,False,1
467,66,False,False,1
468,51,False,False,1
469,56,False,False,1
470,52,False,False,1
471,49,False,False,1
472,49,False,False,1
473,45,False,False,1
474,59,False,False,1
475,50,False,False,1
476,49,False,False,1
477,77,False,False,1
478,60,False,False,1
479,42,False,False,1
480,41,False,False,1
481,47,False,False,1
482,58,False,False,1
483,61,False,False,1
484,47,False,False,1
485,46,False,False,1
486,49,False,False,1
487,61,False,False,1
488,45,False,False,1
489,35,False,False,1
490,48,False,False,1
491,52,False,False,1
492,52,False,False,1
493,67,False,False,1
494,71,False,False,1
495,49,False,False,1
496,42,False,False,1
497,66,False,False,1
498,33,False,False,1
499,59,False,False,1
500,50,False,False,1
