instance,inversions,reducedA,reducedB,gen_trial
1,46,True,True,1
2,49,True,True,1
3,58,True,True,1
4,69,True,True,1
5,67,True,True,1
6,56,True,True,1
7,43,True,True,1
8,73,True,True,1
9,55,True,True,1
10,64,True,True,1
11,51,True,True,1
12,53,True,True,1
13,54,True,True,1
14,70,True,True,1
15,55,True,True,1
16,42,True,True,1
17,62,True,True,1
18,52,True,True,1
19,59,True,True,1
20,34,True,True,1
21,45,True,True,1
22,56,True,True,1
23,47,True,True,1
24,66,True,True,1
25,55,True,True,1
26,38,True,True,1
27,57,True,True,1
28,45,True,True,1
29,50,True,True,1
30,52,True,True,1
31,63,True,True,1
32,35,True,True,1
33,53,True,True,1
34,67,True,True,1
35,33,True,True,1
36,64,True,True,1
37,51,True,True,1
38,61,True,True,1
39,62,True,True,1
40,52,True,True,1
41,46,True,True,1
42,57,True,True,1
43,62,True,True,1
44,61,True,True,1
45,59,True,True,1
46,49,True,True,1
47,55,True,True,1
48,56,True,True,1
49,57,True,True,1
50,56,True,True,1
51,44,True,True,1
52,45,True,True,1
53,62,True,True,1
54,39,True,True,1
55,66,True,True,1
56,70,True,True,1
57,57,True,True,1
58,60,True,True,1
59,70,True,True,1
60,56,True,True,1
61,45,True,True,1
62,49,True,True,1
63,64,True,True,1
64,53,True,True,1
65,65,True,True,1
66,50,True,True,1
67,50,True,True,1
68,63,True,True,1
69,54,True,True,1
70,59,True,True,1
71,58,True,True,1
72,48,True,True,1
73,37,True,True,1
74,39,True,True,1
75,49,True,True,1
76,58,True,True,1
77,40,True,True,1
78,70,True,True,1
79,51,True,True,1
80,50,True,True,1
81,57,True,True,1
82,47,True,True,1
83,43,True,True,1
84,45,True,True,1
85,53,True,True,1
86,65,True,True,1
87,58,True,True,1
88,55,True,True,1
89,44,True,True,1
90,46,True,True,1
91,61,True,True,1
92,48,True,True,1
93,63,True,True,1
94,62,True,True,1
95,62,True,True,1
96,50,True,True,1
97,44,True,True,1
98,45,True,True,1
99,40,True,True,1
100,51,True,True,1
101,64,True,True,1
102,61,True,True,1
103,48,True,True,1
104,46,True,True,1
105,56,True,True,1
106,34,True,True,1
107,51,True,True,1
108,70,True,True,1
109,54,True,True,1
110,67,True,True,1
111,62,True,True,1
112,47,True,True,1
113,53,True,True,1
114,60,True,True,1
115,47,True,True,1
116,44,True,True,1
117,44,True,True,1
118,61,True,True,1
119,45,True,True,1
120,41,True,True,1
121,75,True,True,1
122,62,True,True,1
123,55,True,True,1
124,52,True,True,1
125,44,True,True,1
126,47,True,True,1
127,53,True,True,1
128,56,True,True,1
129,74,True,True,1
130,71,True,True,1
131,52,True,True,1
132,37,True,True,1
133,42,True,True,1
134,47,True,True,1
135,49,True,True,1
136,61,True,True,1
137,51,True,True,1
138,51,True,True,1
139,35,True,True,1
140,63,True,True,1
141,48,True,True,1
142,58,True,True,1
143,52,True,True,1
144,67,True,True,1
145,58,True,True,1
146,52,True,True,1
147,73,True,True,1
148,35,True,True,1
149,53,True,True,1
150,52,True,True,1
151,45,True,True,1
152,38,True,True,1
153,46,True,True,1
154,60,True,True,1
155,37,True,True,1
156,39,True,True,1
157,46,True,True,1
158,63,True,True,1
159,54,True,True,1
160,55,True,True,1
161,54,True,True,1
162,63,True,True,1
163,59,True,True,1
164,62,True,True,1
165,56,True,True,1
166,66,True,True,1
167,53,True,True,1
168,65,True,True,1
169,57,True,True,1
170,59,True,True,1
171,56,True,True,1
172,67,True,True,1
173,34,True,True,1
174,48,True,True,1
175,57,True,True,1
176,32,True,True,1
177,74,True,True,1
178,36,True,True,1
179,51,True,True,1
180,56,True,True,1
181,43,True,True,1
182,56,True,True,1
183,55,True,True,1
184,55,True,True,1
185,45,True,True,1
186,57,True,True,1
187,55,True,True,1
188,52,True,True,1
189,46,True,True,1
190,38,True,True,1
191,54,True,True,1
192,49,True,True,1
193,49,True,True,1
194,44,True,True,1
195,53,True,True,1
196,49,True,True,1
197,51,True,True,1
198,33,True,True,1
199,53,True,True,1
200,50,True,True,1
201,57,True,True,1
202,50,True,True,1
203,58,True,True,1
204,56,True,True,1
205,46,True,True,1
206,56,True,True,1
207,42,True,True,1
208,57,True,True,1
209,65,True,True,1
210,50,True,True,1
211,71,True,True,1
212,52,True,True,1
213,46,True,True,1
214,29,True,True,1
215,72,True,True,1
216,73,True,True,1
217,55,True,True,1
218,54,True,True,1
219,45,True,True,1
220,44,True,True,1
221,66,True,True,1
222,54,True,True,1
223,60,True,True,1
224,57,True,True,1
225,34,True,True,1
226,48,True,True,1
227,65,True,True,1
228,50,True,True,1
229,46,True,True,1
230,40,True,True,1
231,68,True,True,1
232,41,True,True,1
233,56,True,True,1
234,29,True,True,1
235,55,True,True,1
236,36,True,True,1
237,44,True,True,1
238,61,True,True,1
239,48,True,True,1
240,72,True,True,1
241,60,True,True,1
242,61,True,True,1
243,58,True,True,1
244,32,True,True,1
245,45,True,True,1
246,55,True,True,1
247,48,True,True,1
248,47,True,True,1
249,52,True,True,1
250,26,True,True,1
251,40,True,True,1
252,52,True,True,1
253,67,True,True,1
254,63,True,True,1
255,68,True,True,1
256,51,True,True,1
257,58,True,True,1
258,59,True,True,1
259,52,True,True,1
260,62,True,True,1
261,40,True,True,1
262,59,True,True,1
263,53,True,True,1
264,45,True,True,1
265,54,True,True,1
266,44,True,True,1
267,55,True,True,1
268,73,True,True,1
269,60,True,True,1
270,58,True,True,1
271,42,True,True,1
272,65,True,True,1
273,59,True,True,1
274,65,True,True,1
275,55,True,True,1
276,44,True,True,1
277,41,True,True,1
278,63,True,True,1
279,64,True,True,1
280,70,True,True,1
281,35,True,True,1
282,65,True,True,1
283,59,True,True,1
284,51,True,True,1
285,42,True,True,1
286,70,True,True,1
287,44,True,True,1
288,40,True,True,1
289,40,True,True,1
290,66,True,True,1
291,54,True,True,1
292,54,True,True,1
293,57,True,True,1
294,43,True,True,1
295,46,True,True,1
296,55,True,True,1
297,61,True,True,1
298,60,True,True,1
299,61,True,True,1
300,34,True,True,1
301,52,True,True,1
302,50,True,True,1
303,70,True,True,1
304,60,True,True,1
305,41,True,True,1
306,47,True,True,1
307,46,True,True,1
308,65,True,True,1
309,46,True,True,1
310,73,True,True,1
311,50,True,True,1
312,49,True,True,1
313,60,True,True,1
314,50,True,True,1
315,66,True,True,1
316,38,True,True,1
317,40,True,True,1
318,37,True,True,1
319,53,True,True,1
320,54,True,True,1
321,51,True,True,1
322,40,True,True,1
323,47,True,True,1
324,37,True,True,1
325,65,True,True,1
326,55,True,True,1
327,43,True,True,1
328,63,True,True,1
329,55,True,True,1
330,46,True,True,1
331,70,True,True,1
332,54,True,True,1
333,33,True,True,1
334,48,True,True,1
335,59,True,True,1
336,53,True,True,1
337,43,True,True,1
338,64,True,True,1
339,44,True,True,1
340,63,True,True,1
341,45,True,True,1
342,58,True,True,1
343,51,True,True,1
344,55,True,True,1
345,35,True,True,1
346,64,True,True,1
347,66,True,True,1
348,41,True,True,1
349,58,True,True,1
350,71,True,True,1
351,61,True,True,1
352,38,True,True,1
353,37,True,True,1
354,47,True,True,1
355,49,True,True,1
356,41,True,True,1
357,71,True,True,1
358,57,True,True,1
359,50,True,True,1
360,40,True,True,1
361,41,True,True,1
362,45,True,True,1
363,44,True,True,1
364,50,True,True,1
365,34,True,True,1
366,54,True,True,1
367,50,True,True,1
368,58,True,True,1
369,74,True,True,1
370,49,True,True,1
371,27,True,True,1
372,65,True,True,1
373,45,True,True,1
374,38,True,True,1
375,54,True,True,1
376,55,True,True,1
377,62,True,True,1
378,50,True,True,1
379,48,True,True,1
380,39,True,True,1
381,53,True,True,1
382,60,True,True,1
383,57,True,True,1
384,63,True,True,1
385,56,True,True,1
386,43,True,True,1
387,37,True,True,1
388,49,True,True,1
389,41,True,True,1
390,51,True,True,1
391,43,True,True,1
392,53,True,True,1
393,38,True,True,1
394,41,True,True,1
395,59,True,True,1
396,53,True,True,1
397,47,True,True,1
398,33,True,True,1
399,74,True,True,1
400,45,True,True,1
401,49,True,True,1
402,62,True,True,1
403,55,True,True,1
404,54,True,True,1
405,54,True,True,1
406,54,True,True,1
407,48,True,True,1
408,70,True,True,1
409,48,True,True,1
410,59,True,True,1
411,41,True,True,1
412,50,True,True,1
413,57,True,True,1
414,43,True,True,1
415,21,True,True,1
416,61,True,True,1
417,47,True,True,1
418,52,True,True,1
419,69,True,True,1
420,71,True,True,1
421,77,True,True,1
422,38,True,True,1
423,68,True,True,1
424,62,True,True,1
425,37,True,True,1
426,44,True,True,1
427,52,True,True,1
428,67,True,True,1
429,53,True,True,1
430,53,True,True,1
431,62,True,True,1
432,64,True,True,1
433,49,True,True,1
434,50,True,True,1
435,46,True,True,1
436,63,True,True,1
437,53,True,True,1
438,52,True,True,1
439,47,True,True,1
440,49,True,True,1
441,53,True,True,1
442,51,True,True,1
443,49,True,True,1
444,60,True,True,1
445,44,True,True,1
446,64,True,True,1
447,69,True,True,1
448,60,True,True,1
449,54,True,True,1
450,50,True,True,1
451,63,True,True,1
452,27,True,True,1
453,50,True,True,1
454,63,True,True,1
455,51,True,True,1
456,58,True,True,1
457,41,True,True,1
458,53,True,True,1
459,56,True,True,1
460,43,True,True,1
461,59,True,True,1
462,54,True,True,1
463,47,True,True,1
464,67,True,True,1
465,53,True,True,1
466,53,True,True,1
467,41,True,True,1
468,47,True,True,1
469,39,True,True,1
470,60,True,True,1
471,58,True,True,1
472,60,True,True,1
473,60,True,True,1
474,40,True,True,1
475,37,True,True,1
476,60,True,True,1
477,59,True,True,1
478,32,True,True,1
479,47,True,True,1
480,63,True,True,1
481,49,True,True,1
482,57,True,True,1
483,32,True,True,1
484,51,True,True,1
485,62,True,True,1
486,56,True,True,1
487,38,True,True,1
488,50,True,True,1
489,52,True,True,1
490,58,True,True,1
491,48,True,True,1
492,71,True,True,1
493,56,True,True,1
494,64,True,True,1
495,54,True,True,1
496,60,True,True,1
497,47,True,True,1
498,38,True,True,1
499,60,True,True,1
500,47,True,True,1
501,65,True,True,1
502,68,True,True,1
503,53,True,True,1
504,47,True,True,1
505,49,True,True,1
506,46,True,True,1
507,67,True,True,1
508,51,True,True,1
509,49,True,True,1
510,47,True,True,1
511,59,True,True,1
512,54,True,True,1
513,54,True,True,1
514,58,True,True,1
515,63,True,True,1
516,58,True,True,1
517,44,True,True,1
518,62,True,True,1
519,36,True,True,1
520,38,True,True,1
521,59,True,True,1
522,46,True,True,1
523,36,True,True,1
524,50,True,True,1
525,35,True,True,1
526,59,True,True,1
527,75,True,True,1
528,53,True,True,1
529,59,True,True,1
530,60,True,True,1
531,53,True,True,1
532,42,True,True,1
533,39,True,True,1
534,61,True,True,1
535,64,True,True,1
536,56,True,True,1
537,56,True,True,1
538,54,True,True,1
539,43,True,True,1
540,52,True,True,1
541,45,True,True,1
542,60,True,True,1
543,72,True,True,1
544,69,True,True,1
545,37,True,True,1
546,54,True,True,1
547,47,True,True,1
548,69,True,True,1
549,78,True,True,1
550,68,True,True,1
551,57,True,True,1
552,58,True,True,1
553,48,True,True,1
554,50,True,True,1
555,55,True,True,1
556,57,True,True,1
557,73,True,True,1
558,48,True,True,1
559,49,True,True,1
560,51,True,True,1
561,58,True,True,1
562,50,True,True,1
563,54,True,True,1
564,38,True,True,1
565,43,True,True,1
566,33,True,True,1
567,43,True,True,1
568,51,True,True,1
569,51,True,True,1
570,54,True,True,1
571,47,True,True,1
572,52,True,True,1
573,29,True,True,1
574,43,True,True,1
575,40,True,True,1
576,42,True,True,1
577,52,True,True,1
578,50,True,True,1
579,50,True,True,1
580,42,True,True,1
581,60,True,True,1
582,69,True,True,1
583,51,True,True,1
584,52,True,True,1
585,66,True,True,1
586,59,True,True,1
587,49,True,True,1
588,60,True,True,1
589,52,True,True,1
590,46,True,True,1
591,51,True,True,1
592,74,True,True,1
593,55,True,True,1
594,68,True,True,1
595,49,True,True,1
596,51,True,True,1
597,56,True,True,1
598,62,True,True,1
599,49,True,True,1
600,39,True,True,1
601,49,True,True,1
602,49,True,True,1
603,66,True,True,1
604,56,True,True,1
605,50,True,True,1
606,75,True,True,1
607,67,True,True,1
608,60,True,True,1
609,70,True,True,1
610,41,True,True,1
611,32,True,True,1
612,50,True,True,1
613,59,True,True,1
614,50,True,True,1
615,52,True,True,1
616,58,True,True,1
617,51,True,True,1
618,74,True,True,1
619,52,True,True,1
620,44,True,True,1
621,58,True,True,1
622,59,True,True,1
623,61,True,True,1
624,46,True,True,1
625,61,True,True,1
626,43,True,True,1
627,68,True,True,1
628,57,True,True,1
629,61,True,True,1
630,44,True,True,1
631,30,True,True,1
632,55,True,True,1
633,55,True,True,1
634,48,True,True,1
635,47,True,True,1
636,25,True,True,1
637,60,True,True,1
638,63,True,True,1
639,60,True,True,1
640,52,True,True,1
641,53,True,True,1
642,42,True,True,1
643,50,True,True,1
644,48,True,True,1
645,38,True,True,1
646,35,True,True,1
647,53,True,True,1
648,53,True,True,1
649,65,True,True,1
650,59,True,True,1
651,55,True,True,1
652,33,True,True,1
653,56,True,True,1
654,56,True,True,1
655,34,True,True,1
656,48,True,True,1
657,38,True,True,1
658,57,True,True,1
659,30,True,True,1
660,57,True,True,1
661,50,True,True,1
662,60,True,True,1
663,70,True,True,1
664,62,True,True,1
665,56,True,True,1
666,77,True,True,1
667,44,True,True,1
668,62,True,True,1
669,51,True,True,1
670,40,True,True,1
671,47,True,True,1
672,45,True,True,1
673,68,True,True,1
674,36,True,True,1
675,48,True,True,1
676,69,True,True,1
677,56,True,True,1
678,55,True,True,1
679,46,True,True,1
680,52,True,True,1
681,52,True,True,1
682,34,True,True,1
683,45,True,True,1
684,28,True,True,1
685,56,True,True,1
686,59,True,True,1
687,47,True,True,1
688,46,True,True,1
689,44,True,True,1
690,37,True,True,1
691,55,True,True,1
692,54,True,True,1
693,46,True,True,1
694,51,True,True,1
695,35,True,True,1
696,49,True,True,1
697,55,True,True,1
698,28,True,True,1
699,61,True,True,1
700,36,True,True,1
701,51,True,True,1
702,56,True,True,1
703,48,True,True,1
704,47,True,True,1
705,25,True,True,1
706,49,True,True,1
707,32,True,True,1
708,59,True,True,1
709,53,True,True,1
710,45,True,True,1
711,51,True,True,1
712,56,True,True,1
713,69,True,True,1
714,59,True,True,1
715,55,True,True,1
716,43,True,True,1
717,55,True,True,1
718,45,True,True,1
719,64,True,True,1
720,47,True,True,1
721,50,True,True,1
722,72,True,True,1
723,61,True,True,1
724,65,True,True,1
725,66,True,True,1
726,40,True,True,1
727,49,True,True,1
728,57,True,True,1
729,37,True,True,1
730,56,True,True,1
731,51,True,True,1
732,57,True,True,1
733,67,True,True,1
734,55,True,True,1
735,48,True,True,1
736,54,True,True,1
737,73,True,True,1
738,52,True,True,1
739,41,True,True,1
740,59,True,True,1
741,41,True,True,1
742,57,True,True,1
743,47,True,True,1
744,34,True,True,1
745,41,True,True,1
746,48,True,True,1
747,61,True,True,1
748,33,True,True,1
749,34,True,True,1
750,56,True,True,1
751,54,True,True,1
752,47,True,True,1
753,48,True,True,1
754,65,True,True,1
755,40,True,True,1
756,61,True,True,1
757,43,True,True,1
758,46,True,True,1
759,48,True,True,1
760,73,True,True,1
761,71,True,True,1
762,55,True,True,1
763,59,True,True,1
764,40,True,True,1
765,56,True,True,1
766,53,True,True,1
767,60,True,True,1
768,59,True,True,1
769,45,True,True,1
770,48,True,True,1
771,48,True,True,1
772,65,True,True,1
773,60,True,True,1
774,47,True,True,1
775,61,True,True,1
776,38,True,True,1
777,44,True,True,1
778,49,True,True,1
779,46,True,True,1
780,43,True,True,1
781,44,True,True,1
782,67,True,True,1
783,53,True,True,1
784,61,True,True,1
785,60,True,True,1
786,71,True,True,1
787,53,True,True,1
788,54,True,True,1
789,52,True,True,1
790,55,True,True,1
791,63,True,True,1
792,63,True,True,1
793,49,True,True,1
794,47,True,True,1
795,37,True,True,1
796,70,True,True,1
797,62,True,True,1
798,70,True,True,1
799,58,True,True,1
800,54,True,True,1
801,52,True,True,1
802,55,True,True,1
803,56,True,True,1
804,41,True,True,1
805,51,True,True,1
806,64,True,True,1
807,51,True,True,1
808,38,True,True,1
809,38,True,True,1
810,67,True,True,1
811,42,True,True,1
812,42,True,True,1
813,38,True,True,1
814,53,True,True,1
815,53,True,True,1
816,42,True,True,1
817,63,True,True,1
818,50,True,True,1
819,66,True,True,1
820,43,True,True,1
821,49,True,True,1
822,37,True,True,1
823,51,True,True,1
824,37,True,True,1
825,43,True,True,1
826,57,True,True,1
827,50,True,True,1
828,43,True,True,1
829,54,True,True,1
830,53,True,True,1
831,55,True,True,1
832,81,True,True,1
833,57,True,True,1
834,68,True,True,1
835,45,True,True,1
836,45,True,True,1
837,65,True,True,1
838,47,True,True,1
839,74,True,True,1
840,73,True,True,1
841,55,True,True,1
842,46,True,True,1
843,49,True,True,1
844,65,True,True,1
845,47,True,True,1
846,49,True,True,1
847,39,True,True,1
848,39,True,True,1
849,36,True,True,1
850,58,True,True,1
851,54,True,True,1
852,46,True,True,1
853,65,True,True,1
854,48,True,True,1
855,57,True,True,1
856,50,True,True,1
857,55,True,True,1
858,55,True,True,1
859,43,True,True,1
860,61,True,True,1
861,63,True,True,1
862,46,True,True,1
863,64,True,True,1
864,43,True,True,1
865,61,True,True,1
866,72,True,True,1
867,58,True,True,1
868,38,True,True,1
869,53,True,True,1
870,52,True,True,1
871,59,True,True,1
872,48,True,True,1
873,38,True,True,1
874,67,True,True,1
875,68,True,True,1
876,48,True,True,1
877,58,True,True,1
878,38,True,True,1
879,63,True,True,1
880,48,True,True,1
881,39,True,True,1
882,55,True,True,1
883,65,True,True,1
884,30,True,True,1
885,38,True,True,1
886,33,True,True,1
887,41,True,True,1
888,42,True,True,1
889,54,True,True,1
890,63,True,True,1
891,66,True,True,1
892,42,True,True,1
893,65,True,True,1
894,56,True,True,1
895,49,True,True,1
896,51,True,True,1
897,48,True,True,1
898,60,True,True,1
899,33,True,True,1
900,59,True,True,1
901,60,True,True,1
902,45,True,True,1
903,67,True,True,1
904,62,True,True,1
905,35,True,True,1
906,33,True,True,1
907,51,True,True,1
908,49,True,True,1
909,49,True,True,1
910,47,True,True,1
911,60,True,True,1
912,54,True,True,1
913,73,True,True,1
914,39,True,True,1
915,62,True,True,1
916,58,True,True,1
917,39,True,True,1
918,53,True,True,1
919,67,True,True,1
920,56,True,True,1
921,56,True,True,1
922,47,True,True,1
923,61,True,True,1
924,67,True,True,1
925,49,True,True,1
926,53,True,True,1
927,46,True,True,1
928,51,True,True,1
929,60,True,True,1
930,57,True,True,1
931,29,True,True,1
932,44,True,True,1
933,40,True,True,1
934,48,True,True,1
935,66,True,True,1
936,52,True,True,1
937,44,True,True,1
938,47,True,True,1
939,66,True,True,1
940,70,True,True,1
941,39,True,True,1
942,48,True,True,1
943,44,True,True,1
944,47,True,True,1
945,50,True,True,1
946,59,True,True,1
947,35,True,True,1
948,37,True,True,1
949,53,True,True,1
950,38,True,True,1
951,58,True,True,1
952,33,True,True,1
953,45,True,True,1
954,66,True,True,1
955,42,True,True,1
956,49,True,True,1
957,44,True,True,1
958,50,True,True,1
959,57,True,True,1
960,49,True,True,1
961,48,True,True,1
962,30,True,True,1
963,49,True,True,1
964,40,True,True,1
965,40,True,True,1
966,65,True,True,1
967,54,True,True,1
968,74,True,True,1
969,70,True,True,1
970,62,True,True,1
971,55,True,True,1
972,68,True,True,1
973,50,True,True,1
974,59,True,True,1
975,49,True,True,1
976,51,True,True,1
977,40,True,True,1
978,53,True,True,1
979,50,True,True,1
980,51,True,True,1
981,32,True,True,1
982,50,True,True,1
983,52,True,True,1
984,54,True,True,1
985,43,True,True,1
986,49,True,True,1
987,62,True,True,1
988,58,True,True,1
989,50,True,True,1
990,63,True,True,1
991,60,True,True,1
992,43,True,True,1
993,57,True,True,1
994,52,True,True,1
995,55,True,True,1
996,59,True,True,1
997,60,True,True,1
998,51,True,True,1
999,55,True,True,1
1000,49,True,True,1
