instance,inversions,reducedA,reducedB,gen_trial
1,60,True,True,1
2,51,True,True,1
3,46,True,True,1
4,46,True,True,1
5,58,True,True,1
6,47,True,True,1
7,45,True,True,1
8,33,True,True,1
9,52,True,True,1
10,63,True,True,1
11,55,True,True,1
12,57,True,True,1
13,53,True,True,1
14,52,True,True,1
15,40,True,True,1
16,59,True,True,1
17,51,True,True,1
18,46,True,True,1
19,49,True,True,1
20,54,True,True,1
21,83,True,True,1
22,46,True,True,1
23,66,True,True,1
24,52,True,True,1
25,67,True,True,1
26,47,True,True,1
27,38,True,True,1
28,59,True,True,1
29,36,True,True,1
30,62,True,True,1
31,51,True,True,1
32,56,True,True,1
33,43,True,True,1
34,79,True,True,1
35,52,True,True,1
36,64,True,True,1
37,47,True,True,1
38,59,True,True,1
39,36,True,True,1
40,61,True,True,1
41,47,True,True,1
42,56,True,True,1
43,34,True,True,1
44,72,True,True,1
45,51,True,True,1
46,55,True,True,1
47,50,True,True,1
48,51,True,True,1
49,47,True,True,1
50,55,True,True,1
51,50,True,True,1
52,45,True,True,1
53,24,True,True,1
54,57,True,True,1
55,44,True,True,1
56,49,True,True,1
57,42,True,True,1
58,49,True,True,1
59,44,True,True,1
60,50,True,True,1
61,55,True,True,1
62,47,True,True,1
63,36,True,True,1
64,54,True,True,1
65,69,True,True,1
66,57,True,True,1
67,44,True,True,1
68,61,True,True,1
69,53,True,True,1
70,62,True,True,1
71,54,True,True,1
72,76,True,True,1
73,49,True,True,1
74,48,True,True,1
75,68,True,True,1
76,30,True,True,1
77,62,True,True,1
78,53,True,True,1
79,47,True,True,1
80,50,True,True,1
81,43,True,True,1
82,42,True,True,1
83,58,True,True,1
84,66,True,True,1
85,47,True,True,1
86,49,True,True,1
87,53,True,True,1
88,50,True,True,1
89,53,True,True,1
90,57,True,True,1
91,66,True,True,1
92,37,True,True,1
93,35,True,True,1
94,50,True,True,1
95,59,True,True,1
96,51,True,True,1
97,58,True,True,1
98,42,True,True,1
99,52,True,True,1
100,53,True,True,1
101,63,True,True,1
102,56,True,True,1
103,53,True,True,1
104,44,True,True,1
105,55,True,True,1
106,54,True,True,1
107,49,True,True,1
108,57,True,True,1
109,49,True,True,1
110,35,True,True,1
111,70,True,True,1
112,56,True,True,1
113,37,True,True,1
114,69,True,True,1
115,29,True,True,1
116,75,True,True,1
117,64,True,True,1
118,35,True,True,1
119,38,True,True,1
120,48,True,True,1
121,47,True,True,1
122,64,True,True,1
123,52,True,True,1
124,62,True,True,1
125,61,True,True,1
126,41,True,True,1
127,46,True,True,1
128,70,True,True,1
129,42,True,True,1
130,61,True,True,1
131,54,True,True,1
132,42,True,True,1
133,46,True,True,1
134,44,True,True,1
135,50,True,True,1
136,57,True,True,1
137,47,True,True,1
138,39,True,True,1
139,61,True,True,1
140,45,True,True,1
141,44,True,True,1
142,52,True,True,1
143,62,True,True,1
144,44,True,True,1
145,47,True,True,1
146,43,True,True,1
147,62,True,True,1
148,60,True,True,1
149,44,True,True,1
150,38,True,True,1
151,58,True,True,1
152,63,True,True,1
153,39,True,True,1
154,58,True,True,1
155,67,True,True,1
156,40,True,True,1
157,71,True,True,1
158,51,True,True,1
159,45,True,True,1
160,60,True,True,1
161,64,True,True,1
162,68,True,True,1
163,35,True,True,1
164,57,True,True,1
165,62,True,True,1
166,55,True,True,1
167,63,True,True,1
168,59,True,True,1
169,41,True,True,1
170,50,True,True,1
171,41,True,True,1
172,40,True,True,1
173,40,True,True,1
174,61,True,True,1
175,37,True,True,1
176,44,True,True,1
177,49,True,True,1
178,43,True,True,1
179,43,True,True,1
180,54,True,True,1
181,58,True,True,1
182,53,True,True,1
183,50,True,True,1
184,65,True,True,1
185,39,True,True,1
186,49,True,True,1
187,53,True,True,1
188,43,True,True,1
189,37,True,True,1
190,45,True,True,1
191,40,True,True,1
192,30,True,True,1
193,55,True,True,1
194,57,True,True,1
195,47,True,True,1
196,61,True,True,1
197,60,True,True,1
198,43,True,True,1
199,68,True,True,1
200,52,True,True,1
201,70,True,True,1
202,63,True,True,1
203,51,True,True,1
204,68,True,True,1
205,35,True,True,1
206,52,True,True,1
207,52,True,True,1
208,38,True,True,1
209,68,True,True,1
210,43,True,True,1
211,39,True,True,1
212,50,True,True,1
213,49,True,True,1
214,46,True,True,1
215,29,True,True,1
216,54,True,True,1
217,45,True,True,1
218,33,True,True,1
219,48,True,True,1
220,53,True,True,1
221,42,True,True,1
222,48,True,True,1
223,58,True,True,1
224,64,True,True,1
225,56,True,True,1
226,54,True,True,1
227,58,True,True,1
228,47,True,True,1
229,67,True,True,1
230,42,True,True,1
231,50,True,True,1
232,55,True,True,1
233,46,True,True,1
234,53,True,True,1
235,41,True,True,1
236,45,True,True,1
237,60,True,True,1
238,66,True,True,1
239,44,True,True,1
240,63,True,True,1
241,63,True,True,1
242,23,True,True,1
243,52,True,True,1
244,58,True,True,1
245,54,True,True,1
246,46,True,True,1
247,47,True,True,1
248,57,True,True,1
249,59,True,True,1
250,57,True,True,1
251,45,True,True,1
252,53,True,True,1
253,49,True,True,1
254,44,True,True,1
255,53,True,True,1
256,63,True,True,1
257,66,True,True,1
258,41,True,True,1
259,64,True,True,1
260,60,True,True,1
261,47,True,True,1
262,51,True,True,1
263,61,True,True,1
264,54,True,True,1
265,57,True,True,1
266,30,True,True,1
267,44,True,True,1
268,64,True,True,1
269,53,True,True,1
270,61,True,True,1
271,61,True,True,1
272,54,True,True,1
273,43,True,True,1
274,54,True,True,1
275,74,True,True,1
276,74,True,True,1
277,44,True,True,1
278,58,True,True,1
279,38,True,True,1
280,61,True,True,1
281,42,True,True,1
282,59,True,True,1
283,65,True,True,1
284,53,True,True,1
285,51,True,True,1
286,55,True,True,1
287,62,True,True,1
288,52,True,True,1
289,59,True,True,1
290,55,True,True,1
291,51,True,True,1
292,61,True,True,1
293,38,True,True,1
294,46,True,True,1
295,35,True,True,1
296,51,True,True,1
297,66,True,True,1
298,70,True,True,1
299,45,True,True,1
300,43,True,True,1
301,60,True,True,1
302,42,True,True,1
303,58,True,True,1
304,52,True,True,1
305,57,True,True,1
306,60,True,True,1
307,51,True,True,1
308,53,True,True,1
309,51,True,True,1
310,60,True,True,1
311,40,True,True,1
312,56,True,True,1
313,45,True,True,1
314,69,True,True,1
315,59,True,True,1
316,56,True,True,1
317,53,True,True,1
318,49,True,True,1
319,63,True,True,1
320,61,True,True,1
321,41,True,True,1
322,39,True,True,1
323,47,True,True,1
324,44,True,True,1
325,44,True,True,1
326,58,True,True,1
327,52,True,True,1
328,50,True,True,1
329,59,True,True,1
330,56,True,True,1
331,53,True,True,1
332,55,True,True,1
333,52,True,True,1
334,65,True,True,1
335,47,True,True,1
336,60,True,True,1
337,49,True,True,1
338,55,True,True,1
339,45,True,True,1
340,57,True,True,1
341,50,True,True,1
342,69,True,True,1
343,72,True,True,1
344,32,True,True,1
345,40,True,True,1
346,49,True,True,1
347,39,True,True,1
348,67,True,True,1
349,44,True,True,1
350,61,True,True,1
351,65,True,True,1
352,54,True,True,1
353,54,True,True,1
354,54,True,True,1
355,62,True,True,1
356,39,True,True,1
357,44,True,True,1
358,40,True,True,1
359,48,True,True,1
360,53,True,True,1
361,51,True,True,1
362,57,True,True,1
363,57,True,True,1
364,60,True,True,1
365,50,True,True,1
366,56,True,True,1
367,68,True,True,1
368,45,True,True,1
369,49,True,True,1
370,57,True,True,1
371,56,True,True,1
372,51,True,True,1
373,55,True,True,1
374,35,True,True,1
375,66,True,True,1
376,62,True,True,1
377,52,True,True,1
378,66,True,True,1
379,55,True,True,1
380,49,True,True,1
381,51,True,True,1
382,47,True,True,1
383,68,True,True,1
384,55,True,True,1
385,55,True,True,1
386,56,True,True,1
387,35,True,True,1
388,38,True,True,1
389,43,True,True,1
390,37,True,True,1
391,45,True,True,1
392,68,True,True,1
393,48,True,True,1
394,58,True,True,1
395,57,True,True,1
396,61,True,True,1
397,57,True,True,1
398,61,True,True,1
399,53,True,True,1
400,59,True,True,1
401,45,True,True,1
402,47,True,True,1
403,55,True,True,1
404,34,True,True,1
405,74,True,True,1
406,68,True,True,1
407,41,True,True,1
408,38,True,True,1
409,60,True,True,1
410,76,True,True,1
411,53,True,True,1
412,49,True,True,1
413,46,True,True,1
414,52,True,True,1
415,43,True,True,1
416,31,True,True,1
417,31,True,True,1
418,62,True,True,1
419,51,True,True,1
420,39,True,True,1
421,33,True,True,1
422,50,True,True,1
423,43,True,True,1
424,43,True,True,1
425,39,True,True,1
426,62,True,True,1
427,42,True,True,1
428,52,True,True,1
429,66,True,True,1
430,54,True,True,1
431,57,True,True,1
432,59,True,True,1
433,55,True,True,1
434,49,True,True,1
435,47,True,True,1
436,70,True,True,1
437,51,True,True,1
438,52,True,True,1
439,40,True,True,1
440,45,True,True,1
441,45,True,True,1
442,43,True,True,1
443,44,True,True,1
444,37,True,True,1
445,67,True,True,1
446,55,True,True,1
447,61,True,True,1
448,58,True,True,1
449,36,True,True,1
450,71,True,True,1
451,68,True,True,1
452,42,True,True,1
453,57,True,True,1
454,70,True,True,1
455,53,True,True,1
456,56,True,True,1
457,58,True,True,1
458,31,True,True,1
459,55,True,True,1
460,54,True,True,1
461,60,True,True,1
462,41,True,True,1
463,55,True,True,1
464,60,True,True,1
465,67,True,True,1
466,48,True,True,1
467,32,True,True,1
468,64,True,True,1
469,53,True,True,1
470,76,True,True,1
471,38,True,True,1
472,38,True,True,1
473,73,True,True,1
474,62,True,True,1
475,46,True,True,1
476,57,True,True,1
477,61,True,True,1
478,34,True,True,1
479,59,True,True,1
480,67,True,True,1
481,64,True,True,1
482,61,True,True,1
483,41,True,True,1
484,42,True,True,1
485,53,True,True,1
486,36,True,True,1
487,60,True,True,1
488,52,True,True,1
489,55,True,True,1
490,60,True,True,1
491,47,True,True,1
492,30,True,True,1
493,60,True,True,1
494,58,True,True,1
495,66,True,True,1
496,54,True,True,1
497,65,True,True,1
498,40,True,True,1
499,38,True,True,1
500,54,True,True,1
501,68,True,True,1
502,90,True,True,1
503,57,True,True,1
504,58,True,True,1
505,43,True,True,1
506,44,True,True,1
507,46,True,True,1
508,38,True,True,1
509,52,True,True,1
510,52,True,True,1
511,55,True,True,1
512,40,True,True,1
513,37,True,True,1
514,58,True,True,1
515,59,True,True,1
516,63,True,True,1
517,69,True,True,1
518,53,True,True,1
519,41,True,True,1
520,36,True,True,1
521,60,True,True,1
522,57,True,True,1
523,66,True,True,1
524,41,True,True,1
525,51,True,True,1
526,53,True,True,1
527,64,True,True,1
528,56,True,True,1
529,46,True,True,1
530,41,True,True,1
531,47,True,True,1
532,45,True,True,1
533,50,True,True,1
534,62,True,True,1
535,68,True,True,1
536,34,True,True,1
537,56,True,True,1
538,65,True,True,1
539,48,True,True,1
540,66,True,True,1
541,30,True,True,1
542,46,True,True,1
543,48,True,True,1
544,54,True,True,1
545,55,True,True,1
546,55,True,True,1
547,66,True,True,1
548,52,True,True,1
549,39,True,True,1
550,71,True,True,1
551,52,True,True,1
552,53,True,True,1
553,50,True,True,1
554,50,True,True,1
555,67,True,True,1
556,52,True,True,1
557,53,True,True,1
558,64,True,True,1
559,61,True,True,1
560,52,True,True,1
561,70,True,True,1
562,50,True,True,1
563,47,True,True,1
564,37,True,True,1
565,55,True,True,1
566,54,True,True,1
567,43,True,True,1
568,45,True,True,1
569,40,True,True,1
570,50,True,True,1
571,41,True,True,1
572,56,True,True,1
573,28,True,True,1
574,55,True,True,1
575,51,True,True,1
576,69,True,True,1
577,56,True,True,1
578,53,True,True,1
579,60,True,True,1
580,65,True,True,1
581,30,True,True,1
582,57,True,True,1
583,39,True,True,1
584,60,True,True,1
585,48,True,True,1
586,54,True,True,1
587,70,True,True,1
588,57,True,True,1
589,56,True,True,1
590,57,True,True,1
591,57,True,True,1
592,45,True,True,1
593,74,True,True,1
594,61,True,True,1
595,60,True,True,1
596,60,True,True,1
597,57,True,True,1
598,58,True,True,1
599,56,True,True,1
600,56,True,True,1
601,47,True,True,1
602,54,True,True,1
603,49,True,True,1
604,60,True,True,1
605,52,True,True,1
606,66,True,True,1
607,55,True,True,1
608,56,True,True,1
609,60,True,True,1
610,32,True,True,1
611,56,True,True,1
612,70,True,True,1
613,60,True,True,1
614,54,True,True,1
615,48,True,True,1
616,57,True,True,1
617,64,True,True,1
618,35,True,True,1
619,45,True,True,1
620,55,True,True,1
621,52,True,True,1
622,48,True,True,1
623,48,True,True,1
624,50,True,True,1
625,46,True,True,1
626,42,True,True,1
627,56,True,True,1
628,45,True,True,1
629,44,True,True,1
630,60,True,True,1
631,39,True,True,1
632,43,True,True,1
633,57,True,True,1
634,61,True,True,1
635,51,True,True,1
636,56,True,True,1
637,45,True,True,1
638,52,True,True,1
639,55,True,True,1
640,45,True,True,1
641,60,True,True,1
642,48,True,True,1
643,61,True,True,1
644,62,True,True,1
645,63,True,True,1
646,65,True,True,1
647,59,True,True,1
648,40,True,True,1
649,59,True,True,1
650,51,True,True,1
651,50,True,True,1
652,37,True,True,1
653,48,True,True,1
654,39,True,True,1
655,36,True,True,1
656,44,True,True,1
657,48,True,True,1
658,50,True,True,1
659,45,True,True,1
660,47,True,True,1
661,45,True,True,1
662,50,True,True,1
663,58,True,True,1
664,84,True,True,1
665,38,True,True,1
666,48,True,True,1
667,49,True,True,1
668,50,True,True,1
669,45,True,True,1
670,61,True,True,1
671,58,True,True,1
672,46,True,True,1
673,64,True,True,1
674,54,True,True,1
675,73,True,True,1
676,37,True,True,1
677,49,True,True,1
678,35,True,True,1
679,67,True,True,1
680,78,True,True,1
681,29,True,True,1
682,52,True,True,1
683,33,True,True,1
684,48,True,True,1
685,41,True,True,1
686,57,True,True,1
687,37,True,True,1
688,45,True,True,1
689,65,True,True,1
690,55,True,True,1
691,62,True,True,1
692,37,True,True,1
693,51,True,True,1
694,55,True,True,1
695,68,True,True,1
696,59,True,True,1
697,48,True,True,1
698,54,True,True,1
699,46,True,True,1
700,56,True,True,1
701,43,True,True,1
702,47,True,True,1
703,63,True,True,1
704,46,True,True,1
705,46,True,True,1
706,44,True,True,1
707,37,True,True,1
708,46,True,True,1
709,62,True,True,1
710,50,True,True,1
711,78,True,True,1
712,36,True,True,1
713,43,True,True,1
714,52,True,True,1
715,55,True,True,1
716,55,True,True,1
717,55,True,True,1
718,36,True,True,1
719,63,True,True,1
720,44,True,True,1
721,59,True,True,1
722,39,True,True,1
723,48,True,True,1
724,45,True,True,1
725,52,True,True,1
726,41,True,True,1
727,26,True,True,1
728,54,True,True,1
729,63,True,True,1
730,50,True,True,1
731,40,True,True,1
732,58,True,True,1
733,62,True,True,1
734,62,True,True,1
735,51,True,True,1
736,44,True,True,1
737,62,True,True,1
738,53,True,True,1
739,60,True,True,1
740,36,True,True,1
741,56,True,True,1
742,43,True,True,1
743,36,True,True,1
744,57,True,True,1
745,60,True,True,1
746,57,True,True,1
747,50,True,True,1
748,39,True,True,1
749,60,True,True,1
750,62,True,True,1
751,41,True,True,1
752,53,True,True,1
753,36,True,True,1
754,51,True,True,1
755,53,True,True,1
756,50,True,True,1
757,47,True,True,1
758,53,True,True,1
759,56,True,True,1
760,45,True,True,1
761,55,True,True,1
762,49,True,True,1
763,64,True,True,1
764,50,True,True,1
765,36,True,True,1
766,58,True,True,1
767,47,True,True,1
768,55,True,True,1
769,46,True,True,1
770,57,True,True,1
771,51,True,True,1
772,34,True,True,1
773,47,True,True,1
774,74,True,True,1
775,50,True,True,1
776,59,True,True,1
777,53,True,True,1
778,45,True,True,1
779,43,True,True,1
780,43,True,True,1
781,44,True,True,1
782,44,True,True,1
783,50,True,True,1
784,50,True,True,1
785,57,True,True,1
786,64,True,True,1
787,62,True,True,1
788,51,True,True,1
789,61,True,True,1
790,57,True,True,1
791,30,True,True,1
792,50,True,True,1
793,44,True,True,1
794,57,True,True,1
795,48,True,True,1
796,45,True,True,1
797,55,True,True,1
798,57,True,True,1
799,51,True,True,1
800,42,True,True,1
801,60,True,True,1
802,55,True,True,1
803,49,True,True,1
804,55,True,True,1
805,67,True,True,1
806,42,True,True,1
807,42,True,True,1
808,54,True,True,1
809,54,True,True,1
810,65,True,True,1
811,49,True,True,1
812,52,True,True,1
813,48,True,True,1
814,21,True,True,1
815,51,True,True,1
816,78,True,True,1
817,52,True,True,1
818,52,True,True,1
819,58,True,True,1
820,52,True,True,1
821,58,True,True,1
822,53,True,True,1
823,46,True,True,1
824,66,True,True,1
825,37,True,True,1
826,63,True,True,1
827,57,True,True,1
828,49,True,True,1
829,62,True,True,1
830,59,True,True,1
831,61,True,True,1
832,56,True,True,1
833,53,True,True,1
834,51,True,True,1
835,45,True,True,1
836,60,True,True,1
837,60,True,True,1
838,52,True,True,1
839,54,True,True,1
840,52,True,True,1
841,67,True,True,1
842,67,True,True,1
843,57,True,True,1
844,64,True,True,1
845,61,True,True,1
846,50,True,True,1
847,61,True,True,1
848,63,True,True,1
849,47,True,True,1
850,63,True,True,1
851,59,True,True,1
852,61,True,True,1
853,69,True,True,1
854,61,True,True,1
855,66,True,True,1
856,51,True,True,1
857,70,True,True,1
858,65,True,True,1
859,58,True,True,1
860,57,True,True,1
861,54,True,True,1
862,33,True,True,1
863,51,True,True,1
864,47,True,True,1
865,62,True,True,1
866,51,True,True,1
867,62,True,True,1
868,68,True,True,1
869,54,True,True,1
870,46,True,True,1
871,55,True,True,1
872,60,True,True,1
873,60,True,True,1
874,39,True,True,1
875,52,True,True,1
876,61,True,True,1
877,55,True,True,1
878,43,True,True,1
879,52,True,True,1
880,63,True,True,1
881,58,True,True,1
882,55,True,True,1
883,56,True,True,1
884,48,True,True,1
885,67,True,True,1
886,61,True,True,1
887,53,True,True,1
888,67,True,True,1
889,50,True,True,1
890,50,True,True,1
891,43,True,True,1
892,47,True,True,1
893,57,True,True,1
894,56,True,True,1
895,54,True,True,1
896,60,True,True,1
897,65,True,True,1
898,52,True,True,1
899,77,True,True,1
900,45,True,True,1
901,52,True,True,1
902,40,True,True,1
903,47,True,True,1
904,45,True,True,1
905,48,True,True,1
906,43,True,True,1
907,62,True,True,1
908,47,True,True,1
909,44,True,True,1
910,49,True,True,1
911,64,True,True,1
912,68,True,True,1
913,66,True,True,1
914,50,True,True,1
915,47,True,True,1
916,56,True,True,1
917,57,True,True,1
918,50,True,True,1
919,59,True,True,1
920,64,True,True,1
921,60,True,True,1
922,66,True,True,1
923,43,True,True,1
924,66,True,True,1
925,41,True,True,1
926,42,True,True,1
927,58,True,True,1
928,31,True,True,1
929,51,True,True,1
930,59,True,True,1
931,52,True,True,1
932,44,True,True,1
933,55,True,True,1
934,48,True,True,1
935,57,True,True,1
936,50,True,True,1
937,38,True,True,1
938,46,True,True,1
939,51,True,True,1
940,44,True,True,1
941,57,True,True,1
942,49,True,True,1
943,70,True,True,1
944,48,True,True,1
945,43,True,True,1
946,45,True,True,1
947,62,True,True,1
948,43,True,True,1
949,47,True,True,1
950,65,True,True,1
951,56,True,True,1
952,38,True,True,1
953,62,True,True,1
954,53,True,True,1
955,55,True,True,1
956,42,True,True,1
957,24,True,True,1
958,50,True,True,1
959,45,True,True,1
960,46,True,True,1
961,45,True,True,1
962,66,True,True,1
963,51,True,True,1
964,44,True,True,1
965,56,True,True,1
966,54,True,True,1
967,52,True,True,1
968,59,True,True,1
969,69,True,True,1
970,49,True,True,1
971,56,True,True,1
972,43,True,True,1
973,45,True,True,1
974,53,True,True,1
975,30,True,True,1
976,63,True,True,1
977,52,True,True,1
978,57,True,True,1
979,28,True,True,1
980,56,True,True,1
981,67,True,True,1
982,63,True,True,1
983,61,True,True,1
984,61,True,True,1
985,39,True,True,1
986,52,True,True,1
987,60,True,True,1
988,59,True,True,1
989,50,True,True,1
990,55,True,True,1
991,41,True,True,1
992,57,True,True,1
993,51,True,True,1
994,56,True,True,1
995,64,True,True,1
996,42,True,True,1
997,44,True,True,1
998,44,True,True,1
999,44,True,True,1
1000,61,True,True,1
1001,56,True,True,1
1002,48,True,True,1
1003,35,True,True,1
1004,57,True,True,1
1005,66,True,True,1
1006,56,True,True,1
1007,71,True,True,1
1008,29,True,True,1
1009,46,True,True,1
1010,55,True,True,1
1011,55,True,True,1
1012,43,True,True,1
1013,45,True,True,1
1014,51,True,True,1
1015,44,True,True,1
1016,50,True,True,1
1017,36,True,True,1
1018,49,True,True,1
1019,64,True,True,1
1020,49,True,True,1
1021,53,True,True,1
1022,44,True,True,1
1023,41,True,True,1
1024,63,True,True,1
1025,43,True,True,1
1026,64,True,True,1
1027,41,True,True,1
1028,65,True,True,1
1029,35,True,True,1
1030,47,True,True,1
1031,63,True,True,1
1032,32,True,True,1
1033,58,True,True,1
1034,55,True,True,1
1035,52,True,True,1
1036,61,True,True,1
1037,46,True,True,1
1038,37,True,True,1
1039,56,True,True,1
1040,45,True,True,1
1041,60,True,True,1
1042,62,True,True,1
1043,60,True,True,1
1044,66,True,True,1
1045,36,True,True,1
1046,72,True,True,1
1047,57,True,True,1
1048,34,True,True,1
1049,55,True,True,1
1050,51,True,True,1
1051,42,True,True,1
1052,53,True,True,1
1053,46,True,True,1
1054,52,True,True,1
1055,70,True,True,1
1056,44,True,True,1
1057,54,True,True,1
1058,51,True,True,1
1059,49,True,True,1
1060,50,True,True,1
1061,59,True,True,1
1062,56,True,True,1
1063,60,True,True,1
1064,54,True,True,1
1065,54,True,True,1
1066,45,True,True,1
1067,37,True,True,1
1068,65,True,True,1
1069,48,True,True,1
1070,49,True,True,1
1071,50,True,True,1
1072,56,True,True,1
1073,53,True,True,1
1074,35,True,True,1
1075,35,True,True,1
1076,42,True,True,1
1077,58,True,True,1
1078,44,True,True,1
1079,45,True,True,1
1080,31,True,True,1
1081,52,True,True,1
1082,69,True,True,1
1083,41,True,True,1
1084,52,True,True,1
1085,63,True,True,1
1086,62,True,True,1
1087,49,True,True,1
1088,39,True,True,1
1089,68,True,True,1
1090,56,True,True,1
1091,62,True,True,1
1092,36,True,True,1
1093,62,True,True,1
1094,59,True,True,1
1095,56,True,True,1
1096,48,True,True,1
1097,44,True,True,1
1098,41,True,True,1
1099,46,True,True,1
1100,51,True,True,1
1101,53,True,True,1
1102,49,True,True,1
1103,35,True,True,1
1104,30,True,True,1
1105,48,True,True,1
1106,53,True,True,1
1107,51,True,True,1
1108,58,True,True,1
1109,63,True,True,1
1110,48,True,True,1
1111,64,True,True,1
1112,53,True,True,1
1113,52,True,True,1
1114,55,True,True,1
1115,77,True,True,1
1116,53,True,True,1
1117,67,True,True,1
1118,68,True,True,1
1119,46,True,True,1
1120,52,True,True,1
1121,72,True,True,1
1122,53,True,True,1
1123,56,True,True,1
1124,60,True,True,1
1125,47,True,True,1
1126,42,True,True,1
1127,44,True,True,1
1128,65,True,True,1
1129,53,True,True,1
1130,55,True,True,1
1131,53,True,True,1
1132,51,True,True,1
1133,68,True,True,1
1134,56,True,True,1
1135,79,True,True,1
1136,63,True,True,1
1137,57,True,True,1
1138,23,True,True,1
1139,57,True,True,1
1140,56,True,True,1
1141,69,True,True,1
1142,45,True,True,1
1143,56,True,True,1
1144,59,True,True,1
1145,58,True,True,1
1146,46,True,True,1
1147,48,True,True,1
1148,64,True,True,1
1149,58,True,True,1
1150,60,True,True,1
1151,77,True,True,1
1152,53,True,True,1
1153,62,True,True,1
1154,35,True,True,1
1155,46,True,True,1
1156,65,True,True,1
1157,52,True,True,1
1158,63,True,True,1
1159,58,True,True,1
1160,49,True,True,1
1161,45,True,True,1
1162,53,True,True,1
1163,55,True,True,1
1164,62,True,True,1
1165,40,True,True,1
1166,65,True,True,1
1167,68,True,True,1
1168,48,True,True,1
1169,46,True,True,1
1170,64,True,True,1
1171,50,True,True,1
1172,27,True,True,1
1173,56,True,True,1
1174,55,True,True,1
1175,58,True,True,1
1176,51,True,True,1
1177,44,True,True,1
1178,48,True,True,1
1179,53,True,True,1
1180,39,True,True,1
1181,52,True,True,1
1182,70,True,True,1
1183,53,True,True,1
1184,62,True,True,1
1185,53,True,True,1
1186,78,True,True,1
1187,69,True,True,1
1188,69,True,True,1
1189,49,True,True,1
1190,61,True,True,1
1191,56,True,True,1
1192,51,True,True,1
1193,51,True,True,1
1194,37,True,True,1
1195,39,True,True,1
1196,50,True,True,1
1197,42,True,True,1
1198,69,True,True,1
1199,58,True,True,1
1200,56,True,True,1
1201,54,True,True,1
1202,46,True,True,1
1203,45,True,True,1
1204,56,True,True,1
1205,35,True,True,1
1206,25,True,True,1
1207,30,True,True,1
1208,62,True,True,1
1209,41,True,True,1
1210,69,True,True,1
1211,67,True,True,1
1212,52,True,True,1
1213,44,True,True,1
1214,56,True,True,1
1215,53,True,True,1
1216,49,True,True,1
1217,55,True,True,1
1218,56,True,True,1
1219,58,True,True,1
1220,55,True,True,1
1221,35,True,True,1
1222,66,True,True,1
1223,60,True,True,1
1224,62,True,True,1
1225,37,True,True,1
1226,46,True,True,1
1227,61,True,True,1
1228,76,True,True,1
1229,58,True,True,1
1230,51,True,True,1
1231,50,True,True,1
1232,46,True,True,1
1233,58,True,True,1
1234,66,True,True,1
1235,57,True,True,1
1236,39,True,True,1
1237,61,True,True,1
1238,60,True,True,1
1239,68,True,True,1
1240,41,True,True,1
1241,40,True,True,1
1242,67,True,True,1
1243,63,True,True,1
1244,54,True,True,1
1245,36,True,True,1
1246,69,True,True,1
1247,61,True,True,1
1248,48,True,True,1
1249,45,True,True,1
1250,38,True,True,1
1251,76,True,True,1
1252,65,True,True,1
1253,58,True,True,1
1254,43,True,True,1
1255,57,True,True,1
1256,52,True,True,1
1257,52,True,True,1
1258,45,True,True,1
1259,39,True,True,1
1260,60,True,True,1
1261,39,True,True,1
1262,39,True,True,1
1263,55,True,True,1
1264,50,True,True,1
1265,40,True,True,1
1266,41,True,True,1
1267,79,True,True,1
1268,33,True,True,1
1269,44,True,True,1
1270,68,True,True,1
1271,52,True,True,1
1272,51,True,True,1
1273,31,True,True,1
1274,29,True,True,1
1275,57,True,True,1
1276,56,True,True,1
1277,54,True,True,1
1278,52,True,True,1
1279,52,True,True,1
1280,59,True,True,1
1281,64,True,True,1
1282,61,True,True,1
1283,35,True,True,1
1284,56,True,True,1
1285,55,True,True,1
1286,42,True,True,1
1287,50,True,True,1
1288,61,True,True,1
1289,47,True,True,1
1290,43,True,True,1
1291,53,True,True,1
1292,72,True,True,1
1293,37,True,True,1
1294,41,True,True,1
1295,59,True,True,1
1296,63,True,True,1
1297,61,True,True,1
1298,52,True,True,1
1299,53,True,True,1
1300,70,True,True,1
1301,49,True,True,1
1302,41,True,True,1
1303,49,True,True,1
1304,37,True,True,1
1305,53,True,True,1
1306,57,True,True,1
1307,41,True,True,1
1308,60,True,True,1
1309,37,True,True,1
1310,53,True,True,1
1311,35,True,True,1
1312,42,True,True,1
1313,46,True,True,1
1314,52,True,True,1
1315,68,True,True,1
1316,49,True,True,1
1317,46,True,True,1
1318,49,True,True,1
1319,67,True,True,1
1320,54,True,True,1
1321,54,True,True,1
1322,41,True,True,1
1323,47,True,True,1
1324,60,True,True,1
1325,51,True,True,1
1326,55,True,True,1
1327,64,True,True,1
1328,42,True,True,1
1329,52,True,True,1
1330,42,True,True,1
1331,43,True,True,1
1332,49,True,True,1
1333,48,True,True,1
1334,47,True,True,1
1335,57,True,True,1
1336,35,True,True,1
1337,48,True,True,1
1338,70,True,True,1
1339,42,True,True,1
1340,33,True,True,1
1341,54,True,True,1
1342,78,True,True,1
1343,59,True,True,1
1344,53,True,True,1
1345,52,True,True,1
1346,53,True,True,1
1347,44,True,True,1
1348,59,True,True,1
1349,46,True,True,1
1350,59,True,True,1
1351,52,True,True,1
1352,46,True,True,1
1353,45,True,True,1
1354,65,True,True,1
1355,49,True,True,1
1356,57,True,True,1
1357,54,True,True,1
1358,57,True,True,1
1359,42,True,True,1
1360,66,True,True,1
1361,77,True,True,1
1362,49,True,True,1
1363,49,True,True,1
1364,54,True,True,1
1365,63,True,True,1
1366,45,True,True,1
1367,68,True,True,1
1368,49,True,True,1
1369,61,True,True,1
1370,65,True,True,1
1371,49,True,True,1
1372,55,True,True,1
1373,41,True,True,1
1374,70,True,True,1
1375,78,True,True,1
1376,54,True,True,1
1377,43,True,True,1
1378,51,True,True,1
1379,64,True,True,1
1380,46,True,True,1
1381,54,True,True,1
1382,40,True,True,1
1383,51,True,True,1
1384,72,True,True,1
1385,45,True,True,1
1386,60,True,True,1
1387,61,True,True,1
1388,72,True,True,1
1389,58,True,True,1
1390,59,True,True,1
1391,56,True,True,1
1392,53,True,True,1
1393,51,True,True,1
1394,51,True,True,1
1395,57,True,True,1
1396,55,True,True,1
1397,47,True,True,1
1398,35,True,True,1
1399,52,True,True,1
1400,49,True,True,1
1401,52,True,True,1
1402,48,True,True,1
1403,60,True,True,1
1404,38,True,True,1
1405,47,True,True,1
1406,60,True,True,1
1407,58,True,True,1
1408,42,True,True,1
1409,53,True,True,1
1410,42,True,True,1
1411,60,True,True,1
1412,38,True,True,1
1413,57,True,True,1
1414,40,True,True,1
1415,41,True,True,1
1416,58,True,True,1
1417,29,True,True,1
1418,48,True,True,1
1419,51,True,True,1
1420,52,True,True,1
1421,68,True,True,1
1422,54,True,True,1
1423,74,True,True,1
1424,67,True,True,1
1425,52,True,True,1
1426,47,True,True,1
1427,46,True,True,1
1428,49,True,True,1
1429,54,True,True,1
1430,64,True,True,1
1431,62,True,True,1
1432,66,True,True,1
1433,41,True,True,1
1434,58,True,True,1
1435,50,True,True,1
1436,38,True,True,1
1437,57,True,True,1
1438,51,True,True,1
1439,68,True,True,1
1440,60,True,True,1
1441,43,True,True,1
1442,62,True,True,1
1443,47,True,True,1
1444,54,True,True,1
1445,48,True,True,1
1446,60,True,True,1
1447,60,True,True,1
1448,69,True,True,1
1449,42,True,True,1
1450,59,True,True,1
1451,63,True,True,1
1452,54,True,True,1
1453,46,True,True,1
1454,54,True,True,1
1455,41,True,True,1
1456,66,True,True,1
1457,38,True,True,1
1458,72,True,True,1
1459,52,True,True,1
1460,47,True,True,1
1461,51,True,True,1
1462,47,True,True,1
1463,50,True,True,1
1464,53,True,True,1
1465,53,True,True,1
1466,53,True,True,1
1467,39,True,True,1
1468,65,True,True,1
1469,75,True,True,1
1470,64,True,True,1
1471,62,True,True,1
1472,40,True,True,1
1473,43,True,True,1
1474,50,True,True,1
1475,51,True,True,1
1476,46,True,True,1
1477,58,True,True,1
1478,53,True,True,1
1479,55,True,True,1
1480,50,True,True,1
1481,65,True,True,1
1482,67,True,True,1
1483,54,True,True,1
1484,63,True,True,1
1485,44,True,True,1
1486,56,True,True,1
1487,64,True,True,1
1488,59,True,True,1
1489,43,True,True,1
1490,68,True,True,1
1491,65,True,True,1
1492,51,True,True,1
1493,63,True,True,1
1494,63,True,True,1
1495,72,True,True,1
1496,51,True,True,1
1497,52,True,True,1
1498,58,True,True,1
1499,45,True,True,1
1500,65,True,True,1
1501,44,True,True,1
1502,60,True,True,1
1503,42,True,True,1
1504,62,True,True,1
1505,60,True,True,1
1506,52,True,True,1
1507,44,True,True,1
1508,63,True,True,1
1509,54,True,True,1
1510,57,True,True,1
1511,44,True,True,1
1512,23,True,True,1
1513,51,True,True,1
1514,60,True,True,1
1515,27,True,True,1
1516,59,True,True,1
1517,46,True,True,1
1518,60,True,True,1
1519,48,True,True,1
1520,59,True,True,1
1521,48,True,True,1
1522,79,True,True,1
1523,48,True,True,1
1524,52,True,True,1
1525,50,True,True,1
1526,55,True,True,1
1527,48,True,True,1
1528,35,True,True,1
1529,64,True,True,1
1530,67,True,True,1
1531,57,True,True,1
1532,59,True,True,1
1533,46,True,True,1
1534,55,True,True,1
1535,56,True,True,1
1536,39,True,True,1
1537,28,True,True,1
1538,55,True,True,1
1539,41,True,True,1
1540,56,True,True,1
1541,52,True,True,1
1542,61,True,True,1
1543,40,True,True,1
1544,49,True,True,1
1545,34,True,True,1
1546,57,True,True,1
1547,68,True,True,1
1548,57,True,True,1
1549,31,True,True,1
1550,66,True,True,1
1551,51,True,True,1
1552,64,True,True,1
1553,50,True,True,1
1554,58,True,True,1
1555,44,True,True,1
1556,36,True,True,1
1557,54,True,True,1
1558,48,True,True,1
1559,61,True,True,1
1560,53,True,True,1
1561,44,True,True,1
1562,57,True,True,1
1563,48,True,True,1
1564,51,True,True,1
1565,44,True,True,1
1566,50,True,True,1
1567,60,True,True,1
1568,48,True,True,1
1569,69,True,True,1
1570,69,True,True,1
1571,51,True,True,1
1572,39,True,True,1
1573,43,True,True,1
1574,47,True,True,1
1575,43,True,True,1
1576,51,True,True,1
1577,59,True,True,1
1578,58,True,True,1
1579,41,True,True,1
1580,50,True,True,1
1581,58,True,True,1
1582,55,True,True,1
1583,48,True,True,1
1584,61,True,True,1
1585,45,True,True,1
1586,58,True,True,1
1587,23,True,True,1
1588,59,True,True,1
1589,56,True,True,1
1590,57,True,True,1
1591,52,True,True,1
1592,54,True,True,1
1593,53,True,True,1
1594,64,True,True,1
1595,57,True,True,1
1596,53,True,True,1
1597,52,True,True,1
1598,60,True,True,1
1599,55,True,True,1
1600,59,True,True,1
1601,45,True,True,1
1602,50,True,True,1
1603,43,True,True,1
1604,67,True,True,1
1605,35,True,True,1
1606,58,True,True,1
1607,37,True,True,1
1608,36,True,True,1
1609,57,True,True,1
1610,49,True,True,1
1611,61,True,True,1
1612,46,True,True,1
1613,51,True,True,1
1614,65,True,True,1
1615,48,True,True,1
1616,45,True,True,1
1617,56,True,True,1
1618,27,True,True,1
1619,44,True,True,1
1620,46,True,True,1
1621,50,True,True,1
1622,53,True,True,1
1623,41,True,True,1
1624,37,True,True,1
1625,45,True,True,1
1626,36,True,True,1
1627,49,True,True,1
1628,55,True,True,1
1629,46,True,True,1
1630,51,True,True,1
1631,53,True,True,1
1632,40,True,True,1
1633,38,True,True,1
1634,40,True,True,1
1635,47,True,True,1
1636,55,True,True,1
1637,53,True,True,1
1638,60,True,True,1
1639,58,True,True,1
1640,51,True,True,1
1641,45,True,True,1
1642,44,True,True,1
1643,41,True,True,1
1644,49,True,True,1
1645,59,True,True,1
1646,61,True,True,1
1647,67,True,True,1
1648,53,True,True,1
1649,57,True,True,1
1650,56,True,True,1
1651,52,True,True,1
1652,60,True,True,1
1653,58,True,True,1
1654,49,True,True,1
1655,61,True,True,1
1656,60,True,True,1
1657,53,True,True,1
1658,52,True,True,1
1659,55,True,True,1
1660,50,True,True,1
1661,24,True,True,1
1662,57,True,True,1
1663,48,True,True,1
1664,42,True,True,1
1665,45,True,True,1
1666,62,True,True,1
1667,73,True,True,1
1668,61,True,True,1
1669,62,True,True,1
1670,62,True,True,1
1671,50,True,True,1
1672,52,True,True,1
1673,47,True,True,1
1674,78,True,True,1
1675,58,True,True,1
1676,44,True,True,1
1677,48,True,True,1
1678,55,True,True,1
1679,48,True,True,1
1680,51,True,True,1
1681,60,True,True,1
1682,49,True,True,1
1683,61,True,True,1
1684,53,True,True,1
1685,51,True,True,1
1686,62,True,True,1
1687,62,True,True,1
1688,71,True,True,1
1689,58,True,True,1
1690,49,True,True,1
1691,38,True,True,1
1692,56,True,True,1
1693,73,True,True,1
1694,51,True,True,1
1695,60,True,True,1
1696,51,True,True,1
1697,66,True,True,1
1698,36,True,True,1
1699,46,True,True,1
1700,60,True,True,1
1701,65,True,True,1
1702,47,True,True,1
1703,37,True,True,1
1704,68,True,True,1
1705,60,True,True,1
1706,58,True,True,1
1707,52,True,True,1
1708,35,True,True,1
1709,63,True,True,1
1710,69,True,True,1
1711,48,True,True,1
1712,40,True,True,1
1713,39,True,True,1
1714,35,True,True,1
1715,40,True,True,1
1716,30,True,True,1
1717,62,True,True,1
1718,57,True,True,1
1719,61,True,True,1
1720,48,True,True,1
1721,48,True,True,1
1722,51,True,True,1
1723,62,True,True,1
1724,51,True,True,1
1725,53,True,True,1
1726,47,True,True,1
1727,53,True,True,1
1728,52,True,True,1
1729,43,True,True,1
1730,56,True,True,1
1731,63,True,True,1
1732,61,True,True,1
1733,40,True,True,1
1734,66,True,True,1
1735,62,True,True,1
1736,50,True,True,1
1737,55,True,True,1
1738,42,True,True,1
1739,50,True,True,1
1740,41,True,True,1
1741,39,True,True,1
1742,40,True,True,1
1743,65,True,True,1
1744,55,True,True,1
1745,59,True,True,1
1746,56,True,True,1
1747,45,True,True,1
1748,50,True,True,1
1749,55,True,True,1
1750,38,True,True,1
1751,56,True,True,1
1752,34,True,True,1
1753,35,True,True,1
1754,53,True,True,1
1755,58,True,True,1
1756,63,True,True,1
1757,74,True,True,1
1758,47,True,True,1
1759,45,True,True,1
1760,73,True,True,1
1761,70,True,True,1
1762,61,True,True,1
1763,73,True,True,1
1764,51,True,True,1
1765,52,True,True,1
1766,69,True,True,1
1767,60,True,True,1
1768,44,True,True,1
1769,51,True,True,1
1770,52,True,True,1
1771,45,True,True,1
1772,29,True,True,1
1773,34,True,True,1
1774,63,True,True,1
1775,53,True,True,1
1776,50,True,True,1
1777,54,True,True,1
1778,43,True,True,1
1779,72,True,True,1
1780,36,True,True,1
1781,57,True,True,1
1782,73,True,True,1
1783,62,True,True,1
1784,76,True,True,1
1785,50,True,True,1
1786,46,True,True,1
1787,77,True,True,1
1788,48,True,True,1
1789,45,True,True,1
1790,62,True,True,1
1791,48,True,True,1
1792,61,True,True,1
1793,68,True,True,1
1794,43,True,True,1
1795,54,True,True,1
1796,46,True,True,1
1797,41,True,True,1
1798,42,True,True,1
1799,42,True,True,1
1800,44,True,True,1
1801,55,True,True,1
1802,36,True,True,1
1803,58,True,True,1
1804,61,True,True,1
1805,64,True,True,1
1806,70,True,True,1
1807,62,True,True,1
1808,50,True,True,1
1809,54,True,True,1
1810,44,True,True,1
1811,50,True,True,1
1812,42,True,True,1
1813,46,True,True,1
1814,45,True,True,1
1815,44,True,True,1
1816,62,True,True,1
1817,54,True,True,1
1818,49,True,True,1
1819,40,True,True,1
1820,59,True,True,1
1821,42,True,True,1
1822,46,True,True,1
1823,43,True,True,1
1824,54,True,True,1
1825,66,True,True,1
1826,39,True,True,1
1827,45,True,True,1
1828,55,True,True,1
1829,30,True,True,1
1830,62,True,True,1
1831,67,True,True,1
1832,43,True,True,1
1833,63,True,True,1
1834,62,True,True,1
1835,49,True,True,1
1836,63,True,True,1
1837,54,True,True,1
1838,54,True,True,1
1839,52,True,True,1
1840,51,True,True,1
1841,58,True,True,1
1842,40,True,True,1
1843,64,True,True,1
1844,65,True,True,1
1845,52,True,True,1
1846,68,True,True,1
1847,60,True,True,1
1848,60,True,True,1
1849,59,True,True,1
1850,40,True,True,1
1851,47,True,True,1
1852,39,True,True,1
1853,50,True,True,1
1854,69,True,True,1
1855,66,True,True,1
1856,58,True,True,1
1857,54,True,True,1
1858,38,True,True,1
1859,55,True,True,1
1860,46,True,True,1
1861,32,True,True,1
1862,52,True,True,1
1863,45,True,True,1
1864,52,True,True,1
1865,64,True,True,1
1866,45,True,True,1
1867,50,True,True,1
1868,44,True,True,1
1869,44,True,True,1
1870,42,True,True,1
1871,59,True,True,1
1872,51,True,True,1
1873,66,True,True,1
1874,52,True,True,1
1875,54,True,True,1
1876,58,True,True,1
1877,43,True,True,1
1878,51,True,True,1
1879,62,True,True,1
1880,48,True,True,1
1881,46,True,True,1
1882,48,True,True,1
1883,52,True,True,1
1884,59,True,True,1
1885,34,True,True,1
1886,56,True,True,1
1887,41,True,True,1
1888,65,True,True,1
1889,61,True,True,1
1890,45,True,True,1
1891,42,True,True,1
1892,48,True,True,1
1893,61,True,True,1
1894,63,True,True,1
1895,54,True,True,1
1896,58,True,True,1
1897,43,True,True,1
1898,56,True,True,1
1899,45,True,True,1
1900,40,True,True,1
1901,51,True,True,1
1902,52,True,True,1
1903,67,True,True,1
1904,71,True,True,1
1905,49,True,True,1
1906,48,True,True,1
1907,62,True,True,1
1908,49,True,True,1
1909,39,True,True,1
1910,38,True,True,1
1911,55,True,True,1
1912,56,True,True,1
1913,37,True,True,1
1914,41,True,True,1
1915,28,True,True,1
1916,62,True,True,1
1917,67,True,True,1
1918,68,True,True,1
1919,53,True,True,1
1920,52,True,True,1
1921,51,True,True,1
1922,40,True,True,1
1923,49,True,True,1
1924,45,True,True,1
1925,42,True,True,1
1926,60,True,True,1
1927,43,True,True,1
1928,58,True,True,1
1929,32,True,True,1
1930,56,True,True,1
1931,51,True,True,1
1932,53,True,True,1
1933,63,True,True,1
1934,61,True,True,1
1935,46,True,True,1
1936,49,True,True,1
1937,58,True,True,1
1938,70,True,True,1
1939,38,True,True,1
1940,40,True,True,1
1941,63,True,True,1
1942,58,True,True,1
1943,55,True,True,1
1944,35,True,True,1
1945,44,True,True,1
1946,49,True,True,1
1947,54,True,True,1
1948,50,True,True,1
1949,59,True,True,1
1950,48,True,True,1
1951,46,True,True,1
1952,51,True,True,1
1953,52,True,True,1
1954,51,True,True,1
1955,46,True,True,1
1956,57,True,True,1
1957,50,True,True,1
1958,51,True,True,1
1959,52,True,True,1
1960,43,True,True,1
1961,38,True,True,1
1962,74,True,True,1
1963,66,True,True,1
1964,45,True,True,1
1965,26,True,True,1
1966,47,True,True,1
1967,59,True,True,1
1968,57,True,True,1
1969,52,True,True,1
1970,63,True,True,1
1971,68,True,True,1
1972,66,True,True,1
1973,46,True,True,1
1974,49,True,True,1
1975,48,True,True,1
1976,55,True,True,1
1977,59,True,True,1
1978,52,True,True,1
1979,45,True,True,1
1980,48,True,True,1
1981,47,True,True,1
1982,45,True,True,1
1983,48,True,True,1
1984,52,True,True,1
1985,46,True,True,1
1986,64,True,True,1
1987,61,True,True,1
1988,46,True,True,1
1989,53,True,True,1
1990,66,True,True,1
1991,42,True,True,1
1992,48,True,True,1
1993,59,True,True,1
1994,53,True,True,1
1995,79,True,True,1
1996,56,True,True,1
1997,61,True,True,1
1998,50,True,True,1
1999,64,True,True,1
2000,43,True,True,1
2001,45,True,True,1
2002,74,True,True,1
2003,55,True,True,1
2004,45,True,True,1
2005,58,True,True,1
2006,43,True,True,1
2007,56,True,True,1
2008,63,True,True,1
2009,59,True,True,1
2010,54,True,True,1
2011,51,True,True,1
2012,41,True,True,1
2013,52,True,True,1
2014,52,True,True,1
2015,65,True,True,1
2016,28,True,True,1
2017,60,True,True,1
2018,35,True,True,1
2019,61,True,True,1
2020,57,True,True,1
2021,54,True,True,1
2022,44,True,True,1
2023,54,True,True,1
2024,53,True,True,1
2025,46,True,True,1
2026,49,True,True,1
2027,59,True,True,1
2028,59,True,True,1
2029,63,True,True,1
2030,57,True,True,1
2031,45,True,True,1
2032,59,True,True,1
2033,52,True,True,1
2034,53,True,True,1
2035,52,True,True,1
2036,46,True,True,1
2037,33,True,True,1
2038,31,True,True,1
2039,54,True,True,1
2040,52,True,True,1
2041,63,True,True,1
2042,39,True,True,1
2043,43,True,True,1
2044,52,True,True,1
2045,48,True,True,1
2046,37,True,True,1
2047,45,True,True,1
2048,33,True,True,1
2049,59,True,True,1
2050,51,True,True,1
2051,67,True,True,1
2052,64,True,True,1
2053,40,True,True,1
2054,53,True,True,1
2055,60,True,True,1
2056,68,True,True,1
2057,52,True,True,1
2058,52,True,True,1
2059,50,True,True,1
2060,71,True,True,1
2061,60,True,True,1
2062,55,True,True,1
2063,50,True,True,1
2064,62,True,True,1
2065,56,True,True,1
2066,56,True,True,1
2067,32,True,True,1
2068,58,True,True,1
2069,46,True,True,1
2070,45,True,True,1
2071,68,True,True,1
2072,66,True,True,1
2073,47,True,True,1
2074,60,True,True,1
2075,62,True,True,1
2076,66,True,True,1
2077,62,True,True,1
2078,56,True,True,1
2079,57,True,True,1
2080,38,True,True,1
2081,63,True,True,1
2082,50,True,True,1
2083,55,True,True,1
2084,50,True,True,1
2085,66,True,True,1
2086,29,True,True,1
2087,64,True,True,1
2088,42,True,True,1
2089,49,True,True,1
2090,51,True,True,1
2091,58,True,True,1
2092,64,True,True,1
2093,57,True,True,1
2094,46,True,True,1
2095,42,True,True,1
2096,57,True,True,1
2097,42,True,True,1
2098,45,True,True,1
2099,62,True,True,1
2100,32,True,True,1
2101,61,True,True,1
2102,62,True,True,1
2103,66,True,True,1
2104,46,True,True,1
2105,47,True,True,1
2106,67,True,True,1
2107,45,True,True,1
2108,56,True,True,1
2109,57,True,True,1
2110,39,True,True,1
2111,34,True,True,1
2112,58,True,True,1
2113,40,True,True,1
2114,37,True,True,1
2115,49,True,True,1
2116,58,True,True,1
2117,40,True,True,1
2118,70,True,True,1
2119,55,True,True,1
2120,41,True,True,1
2121,52,True,True,1
2122,24,True,True,1
2123,60,True,True,1
2124,42,True,True,1
2125,50,True,True,1
2126,63,True,True,1
2127,45,True,True,1
2128,39,True,True,1
2129,39,True,True,1
2130,35,True,True,1
2131,40,True,True,1
2132,59,True,True,1
2133,58,True,True,1
2134,58,True,True,1
2135,52,True,True,1
2136,65,True,True,1
2137,58,True,True,1
2138,69,True,True,1
2139,56,True,True,1
2140,60,True,True,1
2141,63,True,True,1
2142,57,True,True,1
2143,40,True,True,1
2144,64,True,True,1
2145,53,True,True,1
2146,57,True,True,1
2147,40,True,True,1
2148,55,True,True,1
2149,48,True,True,1
2150,47,True,True,1
2151,45,True,True,1
2152,54,True,True,1
2153,67,True,True,1
2154,64,True,True,1
2155,48,True,True,1
2156,42,True,True,1
2157,42,True,True,1
2158,63,True,True,1
2159,50,True,True,1
2160,40,True,True,1
2161,42,True,True,1
2162,55,True,True,1
2163,65,True,True,1
2164,50,True,True,1
2165,57,True,True,1
2166,62,True,True,1
2167,55,True,True,1
2168,23,True,True,1
2169,66,True,True,1
2170,55,True,True,1
2171,47,True,True,1
2172,42,True,True,1
2173,56,True,True,1
2174,46,True,True,1
2175,47,True,True,1
2176,45,True,True,1
2177,51,True,True,1
2178,42,True,True,1
2179,40,True,True,1
2180,47,True,True,1
2181,55,True,True,1
2182,44,True,True,1
2183,38,True,True,1
2184,46,True,True,1
2185,61,True,True,1
2186,59,True,True,1
2187,49,True,True,1
2188,46,True,True,1
2189,57,True,True,1
2190,77,True,True,1
2191,53,True,True,1
2192,59,True,True,1
2193,65,True,True,1
2194,51,True,True,1
2195,47,True,True,1
2196,48,True,True,1
2197,35,True,True,1
2198,28,True,True,1
2199,39,True,True,1
2200,48,True,True,1
2201,49,True,True,1
2202,55,True,True,1
2203,46,True,True,1
2204,56,True,True,1
2205,47,True,True,1
2206,73,True,True,1
2207,58,True,True,1
2208,65,True,True,1
2209,51,True,True,1
2210,60,True,True,1
2211,33,True,True,1
2212,52,True,True,1
2213,44,True,True,1
2214,48,True,True,1
2215,50,True,True,1
2216,46,True,True,1
2217,50,True,True,1
2218,63,True,True,1
2219,50,True,True,1
2220,41,True,True,1
2221,60,True,True,1
2222,57,True,True,1
2223,63,True,True,1
2224,48,True,True,1
2225,51,True,True,1
2226,34,True,True,1
2227,57,True,True,1
2228,38,True,True,1
2229,39,True,True,1
2230,64,True,True,1
2231,75,True,True,1
2232,67,True,True,1
2233,53,True,True,1
2234,23,True,True,1
2235,35,True,True,1
2236,41,True,True,1
2237,47,True,True,1
2238,41,True,True,1
2239,61,True,True,1
2240,59,True,True,1
2241,64,True,True,1
2242,51,True,True,1
2243,28,True,True,1
2244,57,True,True,1
2245,46,True,True,1
2246,53,True,True,1
2247,55,True,True,1
2248,53,True,True,1
2249,37,True,True,1
2250,46,True,True,1
2251,60,True,True,1
2252,56,True,True,1
2253,38,True,True,1
2254,54,True,True,1
2255,49,True,True,1
2256,60,True,True,1
2257,58,True,True,1
2258,48,True,True,1
2259,51,True,True,1
2260,51,True,True,1
2261,49,True,True,1
2262,39,True,True,1
2263,60,True,True,1
2264,26,True,True,1
2265,54,True,True,1
2266,43,True,True,1
2267,47,True,True,1
2268,51,True,True,1
2269,47,True,True,1
2270,52,True,True,1
2271,33,True,True,1
2272,39,True,True,1
2273,52,True,True,1
2274,49,True,True,1
2275,47,True,True,1
2276,34,True,True,1
2277,40,True,True,1
2278,49,True,True,1
2279,67,True,True,1
2280,62,True,True,1
2281,47,True,True,1
2282,54,True,True,1
2283,65,True,True,1
2284,53,True,True,1
2285,62,True,True,1
2286,38,True,True,1
2287,58,True,True,1
2288,57,True,True,1
2289,49,True,True,1
2290,54,True,True,1
2291,49,True,True,1
2292,34,True,True,1
2293,54,True,True,1
2294,53,True,True,1
2295,43,True,True,1
2296,52,True,True,1
2297,66,True,True,1
2298,55,True,True,1
2299,57,True,True,1
2300,39,True,True,1
2301,48,True,True,1
2302,57,True,True,1
2303,61,True,True,1
2304,47,True,True,1
2305,61,True,True,1
2306,56,True,True,1
2307,61,True,True,1
2308,59,True,True,1
2309,59,True,True,1
2310,42,True,True,1
2311,51,True,True,1
2312,49,True,True,1
2313,61,True,True,1
2314,59,True,True,1
2315,51,True,True,1
2316,61,True,True,1
2317,52,True,True,1
2318,62,True,True,1
2319,40,True,True,1
2320,70,True,True,1
2321,56,True,True,1
2322,47,True,True,1
2323,54,True,True,1
2324,46,True,True,1
2325,46,True,True,1
2326,60,True,True,1
2327,35,True,True,1
2328,53,True,True,1
2329,73,True,True,1
2330,64,True,True,1
2331,51,True,True,1
2332,60,True,True,1
2333,49,True,True,1
2334,49,True,True,1
2335,47,True,True,1
2336,39,True,True,1
2337,58,True,True,1
2338,72,True,True,1
2339,45,True,True,1
2340,53,True,True,1
2341,62,True,True,1
2342,41,True,True,1
2343,52,True,True,1
2344,45,True,True,1
2345,55,True,True,1
2346,55,True,True,1
2347,72,True,True,1
2348,58,True,True,1
2349,36,True,True,1
2350,50,True,True,1
2351,46,True,True,1
2352,60,True,True,1
2353,51,True,True,1
2354,38,True,True,1
2355,43,True,True,1
2356,48,True,True,1
2357,47,True,True,1
2358,33,True,True,1
2359,48,True,True,1
2360,52,True,True,1
2361,42,True,True,1
2362,48,True,True,1
2363,47,True,True,1
2364,49,True,True,1
2365,70,True,True,1
2366,57,True,True,1
2367,54,True,True,1
2368,69,True,True,1
2369,39,True,True,1
2370,66,True,True,1
2371,59,True,True,1
2372,54,True,True,1
2373,63,True,True,1
2374,37,True,True,1
2375,53,True,True,1
2376,50,True,True,1
2377,55,True,True,1
2378,32,True,True,1
2379,58,True,True,1
2380,60,True,True,1
2381,41,True,True,1
2382,46,True,True,1
2383,62,True,True,1
2384,47,True,True,1
2385,62,True,True,1
2386,57,True,True,1
2387,53,True,True,1
2388,49,True,True,1
2389,54,True,True,1
2390,49,True,True,1
2391,62,True,True,1
2392,47,True,True,1
2393,44,True,True,1
2394,51,True,True,1
2395,54,True,True,1
2396,61,True,True,1
2397,51,True,True,1
2398,66,True,True,1
2399,58,True,True,1
2400,57,True,True,1
2401,43,True,True,1
2402,47,True,True,1
2403,54,True,True,1
2404,60,True,True,1
2405,51,True,True,1
2406,45,True,True,1
2407,47,True,True,1
2408,72,True,True,1
2409,40,True,True,1
2410,55,True,True,1
2411,60,True,True,1
2412,71,True,True,1
2413,64,True,True,1
2414,49,True,True,1
2415,44,True,True,1
2416,40,True,True,1
2417,42,True,True,1
2418,49,True,True,1
2419,57,True,True,1
2420,56,True,True,1
2421,47,True,True,1
2422,45,True,True,1
2423,59,True,True,1
2424,40,True,True,1
2425,76,True,True,1
2426,64,True,True,1
2427,60,True,True,1
2428,63,True,True,1
2429,60,True,True,1
2430,62,True,True,1
2431,57,True,True,1
2432,60,True,True,1
2433,62,True,True,1
2434,57,True,True,1
2435,57,True,True,1
2436,35,True,True,1
2437,53,True,True,1
2438,60,True,True,1
2439,47,True,True,1
2440,40,True,True,1
2441,51,True,True,1
2442,64,True,True,1
2443,50,True,True,1
2444,53,True,True,1
2445,56,True,True,1
2446,56,True,True,1
2447,70,True,True,1
2448,49,True,True,1
2449,50,True,True,1
2450,65,True,True,1
2451,56,True,True,1
2452,71,True,True,1
2453,48,True,True,1
2454,60,True,True,1
2455,43,True,True,1
2456,65,True,True,1
2457,42,True,True,1
2458,71,True,True,1
2459,61,True,True,1
2460,84,True,True,1
2461,61,True,True,1
2462,41,True,True,1
2463,40,True,True,1
2464,51,True,True,1
2465,71,True,True,1
2466,55,True,True,1
2467,50,True,True,1
2468,56,True,True,1
2469,53,True,True,1
2470,60,True,True,1
2471,45,True,True,1
2472,34,True,True,1
2473,60,True,True,1
2474,67,True,True,1
2475,53,True,True,1
2476,51,True,True,1
2477,41,True,True,1
2478,69,True,True,1
2479,59,True,True,1
2480,63,True,True,1
2481,50,True,True,1
2482,58,True,True,1
2483,38,True,True,1
2484,50,True,True,1
2485,47,True,True,1
2486,45,True,True,1
2487,63,True,True,1
2488,64,True,True,1
2489,29,True,True,1
2490,50,True,True,1
2491,58,True,True,1
2492,50,True,True,1
2493,43,True,True,1
2494,41,True,True,1
2495,52,True,True,1
2496,53,True,True,1
2497,54,True,True,1
2498,62,True,True,1
2499,50,True,True,1
2500,44,True,True,1
2501,52,True,True,1
2502,53,True,True,1
2503,46,True,True,1
2504,48,True,True,1
2505,50,True,True,1
2506,45,True,True,1
2507,51,True,True,1
2508,45,True,True,1
2509,58,True,True,1
2510,58,True,True,1
2511,43,True,True,1
2512,76,True,True,1
2513,68,True,True,1
2514,38,True,True,1
2515,41,True,True,1
2516,51,True,True,1
2517,51,True,True,1
2518,45,True,True,1
2519,59,True,True,1
2520,44,True,True,1
2521,58,True,True,1
2522,56,True,True,1
2523,58,True,True,1
2524,58,True,True,1
2525,36,True,True,1
2526,44,True,True,1
2527,50,True,True,1
2528,41,True,True,1
2529,54,True,True,1
2530,50,True,True,1
2531,78,True,True,1
2532,45,True,True,1
2533,48,True,True,1
2534,51,True,True,1
2535,37,True,True,1
2536,56,True,True,1
2537,47,True,True,1
2538,68,True,True,1
2539,61,True,True,1
2540,52,True,True,1
2541,41,True,True,1
2542,41,True,True,1
2543,41,True,True,1
2544,52,True,True,1
2545,65,True,True,1
2546,40,True,True,1
2547,62,True,True,1
2548,48,True,True,1
2549,42,True,True,1
2550,51,True,True,1
2551,60,True,True,1
2552,63,True,True,1
2553,43,True,True,1
2554,42,True,True,1
2555,48,True,True,1
2556,74,True,True,1
2557,55,True,True,1
2558,52,True,True,1
2559,69,True,True,1
2560,45,True,True,1
2561,41,True,True,1
2562,52,True,True,1
2563,45,True,True,1
2564,55,True,True,1
2565,71,True,True,1
2566,37,True,True,1
2567,50,True,True,1
2568,42,True,True,1
2569,51,True,True,1
2570,62,True,True,1
2571,48,True,True,1
2572,48,True,True,1
2573,45,True,True,1
2574,51,True,True,1
2575,67,True,True,1
2576,47,True,True,1
2577,48,True,True,1
2578,51,True,True,1
2579,42,True,True,1
2580,42,True,True,1
2581,62,True,True,1
2582,45,True,True,1
2583,55,True,True,1
2584,45,True,True,1
2585,56,True,True,1
2586,51,True,True,1
2587,39,True,True,1
2588,56,True,True,1
2589,42,True,True,1
2590,27,True,True,1
2591,42,True,True,1
2592,50,True,True,1
2593,45,True,True,1
2594,49,True,True,1
2595,70,True,True,1
2596,57,True,True,1
2597,55,True,True,1
2598,46,True,True,1
2599,64,True,True,1
2600,56,True,True,1
2601,39,True,True,1
2602,28,True,True,1
2603,53,True,True,1
2604,35,True,True,1
2605,49,True,True,1
2606,64,True,True,1
2607,53,True,True,1
2608,62,True,True,1
2609,35,True,True,1
2610,49,True,True,1
2611,54,True,True,1
2612,45,True,True,1
2613,63,True,True,1
2614,54,True,True,1
2615,47,True,True,1
2616,48,True,True,1
2617,59,True,True,1
2618,61,True,True,1
2619,59,True,True,1
2620,50,True,True,1
2621,41,True,True,1
2622,54,True,True,1
2623,58,True,True,1
2624,51,True,True,1
2625,38,True,True,1
2626,57,True,True,1
2627,60,True,True,1
2628,62,True,True,1
2629,53,True,True,1
2630,54,True,True,1
2631,62,True,True,1
2632,48,True,True,1
2633,45,True,True,1
2634,48,True,True,1
2635,62,True,True,1
2636,70,True,True,1
2637,58,True,True,1
2638,66,True,True,1
2639,56,True,True,1
2640,47,True,True,1
2641,75,True,True,1
2642,51,True,True,1
2643,44,True,True,1
2644,64,True,True,1
2645,62,True,True,1
2646,59,True,True,1
2647,35,True,True,1
2648,59,True,True,1
2649,59,True,True,1
2650,41,True,True,1
2651,50,True,True,1
2652,58,True,True,1
2653,57,True,True,1
2654,41,True,True,1
2655,71,True,True,1
2656,41,True,True,1
2657,45,True,True,1
2658,54,True,True,1
2659,64,True,True,1
2660,56,True,True,1
2661,67,True,True,1
2662,55,True,True,1
2663,71,True,True,1
2664,44,True,True,1
2665,40,True,True,1
2666,53,True,True,1
2667,65,True,True,1
2668,57,True,True,1
2669,57,True,True,1
2670,58,True,True,1
2671,53,True,True,1
2672,61,True,True,1
2673,39,True,True,1
2674,74,True,True,1
2675,65,True,True,1
2676,49,True,True,1
2677,54,True,True,1
2678,72,True,True,1
2679,68,True,True,1
2680,56,True,True,1
2681,43,True,True,1
2682,50,True,True,1
2683,73,True,True,1
2684,59,True,True,1
2685,57,True,True,1
2686,56,True,True,1
2687,57,True,True,1
2688,43,True,True,1
2689,48,True,True,1
2690,67,True,True,1
2691,49,True,True,1
2692,63,True,True,1
2693,83,True,True,1
2694,49,True,True,1
2695,36,True,True,1
2696,67,True,True,1
2697,56,True,True,1
2698,61,True,True,1
2699,49,True,True,1
2700,49,True,True,1
2701,44,True,True,1
2702,68,True,True,1
2703,56,True,True,1
2704,43,True,True,1
2705,63,True,True,1
2706,38,True,True,1
2707,36,True,True,1
2708,43,True,True,1
2709,41,True,True,1
2710,30,True,True,1
2711,60,True,True,1
2712,40,True,True,1
2713,42,True,True,1
2714,51,True,True,1
2715,41,True,True,1
2716,33,True,True,1
2717,62,True,True,1
2718,56,True,True,1
2719,49,True,True,1
2720,41,True,True,1
2721,54,True,True,1
2722,70,True,True,1
2723,46,True,True,1
2724,60,True,True,1
2725,42,True,True,1
2726,53,True,True,1
2727,42,True,True,1
2728,59,True,True,1
2729,35,True,True,1
2730,45,True,True,1
2731,64,True,True,1
2732,41,True,True,1
2733,38,True,True,1
2734,54,True,True,1
2735,52,True,True,1
2736,45,True,True,1
2737,59,True,True,1
2738,64,True,True,1
2739,41,True,True,1
2740,64,True,True,1
2741,46,True,True,1
2742,68,True,True,1
2743,60,True,True,1
2744,54,True,True,1
2745,48,True,True,1
2746,42,True,True,1
2747,41,True,True,1
2748,38,True,True,1
2749,33,True,True,1
2750,42,True,True,1
2751,47,True,True,1
2752,56,True,True,1
2753,59,True,True,1
2754,65,True,True,1
2755,55,True,True,1
2756,40,True,True,1
2757,31,True,True,1
2758,54,True,True,1
2759,38,True,True,1
2760,37,True,True,1
2761,64,True,True,1
2762,45,True,True,1
2763,54,True,True,1
2764,63,True,True,1
2765,64,True,True,1
2766,51,True,True,1
2767,44,True,True,1
2768,63,True,True,1
2769,62,True,True,1
2770,44,True,True,1
2771,59,True,True,1
2772,48,True,True,1
2773,57,True,True,1
2774,50,True,True,1
2775,76,True,True,1
2776,50,True,True,1
2777,52,True,True,1
2778,59,True,True,1
2779,57,True,True,1
2780,57,True,True,1
2781,57,True,True,1
2782,56,True,True,1
2783,56,True,True,1
2784,46,True,True,1
2785,47,True,True,1
2786,57,True,True,1
2787,52,True,True,1
2788,73,True,True,1
2789,59,True,True,1
2790,31,True,True,1
2791,44,True,True,1
2792,41,True,True,1
2793,36,True,True,1
2794,58,True,True,1
2795,59,True,True,1
2796,53,True,True,1
2797,47,True,True,1
2798,48,True,True,1
2799,54,True,True,1
2800,47,True,True,1
2801,56,True,True,1
2802,54,True,True,1
2803,58,True,True,1
2804,59,True,True,1
2805,55,True,True,1
2806,37,True,True,1
2807,31,True,True,1
2808,55,True,True,1
2809,73,True,True,1
2810,65,True,True,1
2811,53,True,True,1
2812,57,True,True,1
2813,65,True,True,1
2814,28,True,True,1
2815,55,True,True,1
2816,49,True,True,1
2817,47,True,True,1
2818,47,True,True,1
2819,60,True,True,1
2820,42,True,True,1
2821,54,True,True,1
2822,64,True,True,1
2823,42,True,True,1
2824,63,True,True,1
2825,52,True,True,1
2826,40,True,True,1
2827,54,True,True,1
2828,57,True,True,1
2829,38,True,True,1
2830,45,True,True,1
2831,54,True,True,1
2832,55,True,True,1
2833,58,True,True,1
2834,48,True,True,1
2835,31,True,True,1
2836,41,True,True,1
2837,62,True,True,1
2838,66,True,True,1
2839,48,True,True,1
2840,71,True,True,1
2841,55,True,True,1
2842,52,True,True,1
2843,58,True,True,1
2844,48,True,True,1
2845,47,True,True,1
2846,55,True,True,1
2847,49,True,True,1
2848,55,True,True,1
2849,40,True,True,1
2850,60,True,True,1
2851,53,True,True,1
2852,67,True,True,1
2853,50,True,True,1
2854,36,True,True,1
2855,59,True,True,1
2856,50,True,True,1
2857,62,True,True,1
2858,47,True,True,1
2859,48,True,True,1
2860,53,True,True,1
2861,64,True,True,1
2862,50,True,True,1
2863,49,True,True,1
2864,34,True,True,1
2865,71,True,True,1
2866,43,True,True,1
2867,49,True,True,1
2868,59,True,True,1
2869,56,True,True,1
2870,48,True,True,1
2871,56,True,True,1
2872,64,True,True,1
2873,51,True,True,1
2874,57,True,True,1
2875,63,True,True,1
2876,55,True,True,1
2877,44,True,True,1
2878,46,True,True,1
2879,41,True,True,1
2880,65,True,True,1
2881,50,True,True,1
2882,56,True,True,1
2883,56,True,True,1
2884,54,True,True,1
2885,54,True,True,1
2886,47,True,True,1
2887,36,True,True,1
2888,48,True,True,1
2889,60,True,True,1
2890,41,True,True,1
2891,74,True,True,1
2892,51,True,True,1
2893,47,True,True,1
2894,58,True,True,1
2895,35,True,True,1
2896,41,True,True,1
2897,36,True,True,1
2898,48,True,True,1
2899,63,True,True,1
2900,55,True,True,1
2901,59,True,True,1
2902,55,True,True,1
2903,64,True,True,1
2904,25,True,True,1
2905,54,True,True,1
2906,53,True,True,1
2907,50,True,True,1
2908,65,True,True,1
2909,44,True,True,1
2910,36,True,True,1
2911,50,True,True,1
2912,41,True,True,1
2913,52,True,True,1
2914,46,True,True,1
2915,56,True,True,1
2916,67,True,True,1
2917,42,True,True,1
2918,59,True,True,1
2919,66,True,True,1
2920,68,True,True,1
2921,64,True,True,1
2922,62,True,True,1
2923,35,True,True,1
2924,59,True,True,1
2925,61,True,True,1
2926,50,True,True,1
2927,49,True,True,1
2928,56,True,True,1
2929,60,True,True,1
2930,26,True,True,1
2931,48,True,True,1
2932,44,True,True,1
2933,45,True,True,1
2934,52,True,True,1
2935,42,True,True,1
2936,66,True,True,1
2937,73,True,True,1
2938,49,True,True,1
2939,54,True,True,1
2940,47,True,True,1
2941,57,True,True,1
2942,42,True,True,1
2943,51,True,True,1
2944,61,True,True,1
2945,59,True,True,1
2946,59,True,True,1
2947,36,True,True,1
2948,46,True,True,1
2949,59,True,True,1
2950,56,True,True,1
2951,32,True,True,1
2952,49,True,True,1
2953,46,True,True,1
2954,53,True,True,1
2955,62,True,True,1
2956,66,True,True,1
2957,52,True,True,1
2958,52,True,True,1
2959,62,True,True,1
2960,43,True,True,1
2961,70,True,True,1
2962,55,True,True,1
2963,53,True,True,1
2964,47,True,True,1
2965,52,True,True,1
2966,45,True,True,1
2967,54,True,True,1
2968,70,True,True,1
2969,61,True,True,1
2970,52,True,True,1
2971,60,True,True,1
2972,52,True,True,1
2973,55,True,True,1
2974,35,True,True,1
2975,52,True,True,1
2976,51,True,True,1
2977,52,True,True,1
2978,43,True,True,1
2979,41,True,True,1
2980,43,True,True,1
2981,55,True,True,1
2982,75,True,True,1
2983,57,True,True,1
2984,47,True,True,1
2985,42,True,True,1
2986,59,True,True,1
2987,56,True,True,1
2988,48,True,True,1
2989,47,True,True,1
2990,41,True,True,1
2991,45,True,True,1
2992,31,True,True,1
2993,46,True,True,1
2994,35,True,True,1
2995,57,True,True,1
2996,59,True,True,1
2997,63,True,True,1
2998,59,True,True,1
2999,40,True,True,1
3000,46,True,True,1
3001,58,True,True,1
3002,61,True,True,1
3003,53,True,True,1
3004,59,True,True,1
3005,62,True,True,1
3006,52,True,True,1
3007,41,True,True,1
3008,55,True,True,1
3009,52,True,True,1
3010,52,True,True,1
3011,61,True,True,1
3012,59,True,True,1
3013,61,True,True,1
3014,40,True,True,1
3015,58,True,True,1
3016,56,True,True,1
3017,45,True,True,1
3018,51,True,True,1
3019,51,True,True,1
3020,54,True,True,1
3021,69,True,True,1
3022,27,True,True,1
3023,57,True,True,1
3024,65,True,True,1
3025,38,True,True,1
3026,45,True,True,1
3027,57,True,True,1
3028,70,True,True,1
3029,51,True,True,1
3030,65,True,True,1
3031,53,True,True,1
3032,39,True,True,1
3033,53,True,True,1
3034,48,True,True,1
3035,55,True,True,1
3036,40,True,True,1
3037,65,True,True,1
3038,45,True,True,1
3039,50,True,True,1
3040,64,True,True,1
3041,64,True,True,1
3042,40,True,True,1
3043,44,True,True,1
3044,56,True,True,1
3045,48,True,True,1
3046,59,True,True,1
3047,49,True,True,1
3048,64,True,True,1
3049,65,True,True,1
3050,68,True,True,1
3051,50,True,True,1
3052,52,True,True,1
3053,44,True,True,1
3054,50,True,True,1
3055,54,True,True,1
3056,43,True,True,1
3057,74,True,True,1
3058,55,True,True,1
3059,48,True,True,1
3060,54,True,True,1
3061,49,True,True,1
3062,52,True,True,1
3063,40,True,True,1
3064,49,True,True,1
3065,58,True,True,1
3066,63,True,True,1
3067,57,True,True,1
3068,49,True,True,1
3069,47,True,True,1
3070,65,True,True,1
3071,54,True,True,1
3072,58,True,True,1
3073,68,True,True,1
3074,55,True,True,1
3075,44,True,True,1
3076,56,True,True,1
3077,62,True,True,1
3078,55,True,True,1
3079,54,True,True,1
3080,44,True,True,1
3081,56,True,True,1
3082,62,True,True,1
3083,32,True,True,1
3084,45,True,True,1
3085,40,True,True,1
3086,56,True,True,1
3087,46,True,True,1
3088,47,True,True,1
3089,57,True,True,1
3090,59,True,True,1
3091,43,True,True,1
3092,56,True,True,1
3093,55,True,True,1
3094,55,True,True,1
3095,65,True,True,1
3096,69,True,True,1
3097,49,True,True,1
3098,55,True,True,1
3099,50,True,True,1
3100,35,True,True,1
3101,50,True,True,1
3102,66,True,True,1
3103,41,True,True,1
3104,59,True,True,1
3105,50,True,True,1
3106,61,True,True,1
3107,59,True,True,1
3108,58,True,True,1
3109,61,True,True,1
3110,44,True,True,1
3111,41,True,True,1
3112,39,True,True,1
3113,67,True,True,1
3114,38,True,True,1
3115,52,True,True,1
3116,62,True,True,1
3117,29,True,True,1
3118,63,True,True,1
3119,53,True,True,1
3120,45,True,True,1
3121,61,True,True,1
3122,36,True,True,1
3123,42,True,True,1
3124,52,True,True,1
3125,46,True,True,1
3126,57,True,True,1
3127,46,True,True,1
3128,58,True,True,1
3129,53,True,True,1
3130,64,True,True,1
3131,62,True,True,1
3132,42,True,True,1
3133,51,True,True,1
3134,44,True,True,1
3135,46,True,True,1
3136,63,True,True,1
3137,45,True,True,1
3138,48,True,True,1
3139,55,True,True,1
3140,53,True,True,1
3141,45,True,True,1
3142,68,True,True,1
3143,44,True,True,1
3144,67,True,True,1
3145,48,True,True,1
3146,77,True,True,1
3147,58,True,True,1
3148,60,True,True,1
3149,50,True,True,1
3150,56,True,True,1
3151,36,True,True,1
3152,47,True,True,1
3153,51,True,True,1
3154,56,True,True,1
3155,52,True,True,1
3156,51,True,True,1
3157,47,True,True,1
3158,46,True,True,1
3159,34,True,True,1
3160,53,True,True,1
3161,33,True,True,1
3162,67,True,True,1
3163,68,True,True,1
3164,65,True,True,1
3165,44,True,True,1
3166,62,True,True,1
3167,54,True,True,1
3168,55,True,True,1
3169,49,True,True,1
3170,73,True,True,1
3171,56,True,True,1
3172,44,True,True,1
3173,63,True,True,1
3174,59,True,True,1
3175,61,True,True,1
3176,48,True,True,1
3177,38,True,True,1
3178,49,True,True,1
3179,51,True,True,1
3180,58,True,True,1
3181,56,True,True,1
3182,59,True,True,1
3183,46,True,True,1
3184,64,True,True,1
3185,36,True,True,1
3186,62,True,True,1
3187,52,True,True,1
3188,51,True,True,1
3189,44,True,True,1
3190,47,True,True,1
3191,59,True,True,1
3192,44,True,True,1
3193,67,True,True,1
3194,36,True,True,1
3195,52,True,True,1
3196,53,True,True,1
3197,53,True,True,1
3198,58,True,True,1
3199,33,True,True,1
3200,58,True,True,1
3201,64,True,True,1
3202,53,True,True,1
3203,42,True,True,1
3204,42,True,True,1
3205,53,True,True,1
3206,53,True,True,1
3207,66,True,True,1
3208,58,True,True,1
3209,50,True,True,1
3210,59,True,True,1
3211,64,True,True,1
3212,55,True,True,1
3213,70,True,True,1
3214,66,True,True,1
3215,68,True,True,1
3216,57,True,True,1
3217,30,True,True,1
3218,43,True,True,1
3219,60,True,True,1
3220,54,True,True,1
3221,52,True,True,1
3222,48,True,True,1
3223,65,True,True,1
3224,49,True,True,1
3225,44,True,True,1
3226,37,True,True,1
3227,46,True,True,1
3228,64,True,True,1
3229,35,True,True,1
3230,48,True,True,1
3231,44,True,True,1
3232,66,True,True,1
3233,55,True,True,1
3234,60,True,True,1
3235,44,True,True,1
3236,37,True,True,1
3237,74,True,True,1
3238,39,True,True,1
3239,44,True,True,1
3240,57,True,True,1
3241,55,True,True,1
3242,66,True,True,1
3243,66,True,True,1
3244,44,True,True,1
3245,33,True,True,1
3246,44,True,True,1
3247,59,True,True,1
3248,52,True,True,1
3249,57,True,True,1
3250,65,True,True,1
3251,49,True,True,1
3252,36,True,True,1
3253,65,True,True,1
3254,47,True,True,1
3255,53,True,True,1
3256,46,True,True,1
3257,53,True,True,1
3258,41,True,True,1
3259,61,True,True,1
3260,29,True,True,1
3261,50,True,True,1
3262,48,True,True,1
3263,39,True,True,1
3264,49,True,True,1
3265,57,True,True,1
3266,49,True,True,1
3267,50,True,True,1
3268,44,True,True,1
3269,44,True,True,1
3270,59,True,True,1
3271,43,True,True,1
3272,63,True,True,1
3273,56,True,True,1
3274,45,True,True,1
3275,53,True,True,1
3276,55,True,True,1
3277,56,True,True,1
3278,54,True,True,1
3279,42,True,True,1
3280,43,True,True,1
3281,53,True,True,1
3282,54,True,True,1
3283,58,True,True,1
3284,48,True,True,1
3285,58,True,True,1
3286,49,True,True,1
3287,72,True,True,1
3288,66,True,True,1
3289,52,True,True,1
3290,53,True,True,1
3291,49,True,True,1
3292,57,True,True,1
3293,35,True,True,1
3294,68,True,True,1
3295,57,True,True,1
3296,42,True,True,1
3297,66,True,True,1
3298,59,True,True,1
3299,56,True,True,1
3300,68,True,True,1
3301,51,True,True,1
3302,45,True,True,1
3303,51,True,True,1
3304,44,True,True,1
3305,58,True,True,1
3306,61,True,True,1
3307,47,True,True,1
3308,34,True,True,1
3309,64,True,True,1
3310,61,True,True,1
3311,40,True,True,1
3312,48,True,True,1
3313,40,True,True,1
3314,49,True,True,1
3315,71,True,True,1
3316,65,True,True,1
3317,59,True,True,1
3318,59,True,True,1
3319,33,True,True,1
3320,42,True,True,1
3321,40,True,True,1
3322,57,True,True,1
3323,56,True,True,1
3324,44,True,True,1
3325,40,True,True,1
3326,37,True,True,1
3327,50,True,True,1
3328,44,True,True,1
3329,38,True,True,1
3330,77,True,True,1
3331,42,True,True,1
3332,59,True,True,1
3333,70,True,True,1
3334,65,True,True,1
3335,54,True,True,1
3336,55,True,True,1
3337,51,True,True,1
3338,48,True,True,1
3339,65,True,True,1
3340,32,True,True,1
3341,45,True,True,1
3342,55,True,True,1
3343,57,True,True,1
3344,60,True,True,1
3345,41,True,True,1
3346,35,True,True,1
3347,66,True,True,1
3348,58,True,True,1
3349,54,True,True,1
3350,66,True,True,1
3351,63,True,True,1
3352,40,True,True,1
3353,49,True,True,1
3354,58,True,True,1
3355,53,True,True,1
3356,46,True,True,1
3357,44,True,True,1
3358,62,True,True,1
3359,45,True,True,1
3360,59,True,True,1
3361,50,True,True,1
3362,43,True,True,1
3363,36,True,True,1
3364,65,True,True,1
3365,60,True,True,1
3366,61,True,True,1
3367,48,True,True,1
3368,51,True,True,1
3369,66,True,True,1
3370,30,True,True,1
3371,45,True,True,1
3372,51,True,True,1
3373,61,True,True,1
3374,71,True,True,1
3375,64,True,True,1
3376,69,True,True,1
3377,59,True,True,1
3378,60,True,True,1
3379,54,True,True,1
3380,65,True,True,1
3381,51,True,True,1
3382,56,True,True,1
3383,63,True,True,1
3384,71,True,True,1
3385,62,True,True,1
3386,61,True,True,1
3387,39,True,True,1
3388,42,True,True,1
3389,51,True,True,1
3390,80,True,True,1
3391,60,True,True,1
3392,57,True,True,1
3393,68,True,True,1
3394,50,True,True,1
3395,46,True,True,1
3396,66,True,True,1
3397,61,True,True,1
3398,63,True,True,1
3399,61,True,True,1
3400,69,True,True,1
3401,38,True,True,1
3402,58,True,True,1
3403,43,True,True,1
3404,64,True,True,1
3405,45,True,True,1
3406,49,True,True,1
3407,44,True,True,1
3408,61,True,True,1
3409,56,True,True,1
3410,62,True,True,1
3411,65,True,True,1
3412,55,True,True,1
3413,44,True,True,1
3414,32,True,True,1
3415,55,True,True,1
3416,48,True,True,1
3417,60,True,True,1
3418,43,True,True,1
3419,56,True,True,1
3420,70,True,True,1
3421,42,True,True,1
3422,42,True,True,1
3423,59,True,True,1
3424,71,True,True,1
3425,56,True,True,1
3426,49,True,True,1
3427,37,True,True,1
3428,51,True,True,1
3429,50,True,True,1
3430,35,True,True,1
3431,37,True,True,1
3432,63,True,True,1
3433,69,True,True,1
3434,54,True,True,1
3435,56,True,True,1
3436,61,True,True,1
3437,46,True,True,1
3438,49,True,True,1
3439,61,True,True,1
3440,49,True,True,1
3441,54,True,True,1
3442,49,True,True,1
3443,44,True,True,1
3444,53,True,True,1
3445,63,True,True,1
3446,72,True,True,1
3447,56,True,True,1
3448,58,True,True,1
3449,47,True,True,1
3450,43,True,True,1
3451,68,True,True,1
3452,71,True,True,1
3453,61,True,True,1
3454,56,True,True,1
3455,61,True,True,1
3456,42,True,True,1
3457,57,True,True,1
3458,62,True,True,1
3459,56,True,True,1
3460,65,True,True,1
3461,60,True,True,1
3462,54,True,True,1
3463,67,True,True,1
3464,45,True,True,1
3465,39,True,True,1
3466,36,True,True,1
3467,64,True,True,1
3468,42,True,True,1
3469,37,True,True,1
3470,53,True,True,1
3471,60,True,True,1
3472,67,True,True,1
3473,64,True,True,1
3474,48,True,True,1
3475,47,True,True,1
3476,42,True,True,1
3477,44,True,True,1
3478,52,True,True,1
3479,66,True,True,1
3480,51,True,True,1
3481,59,True,True,1
3482,78,True,True,1
3483,51,True,True,1
3484,53,True,True,1
3485,52,True,True,1
3486,49,True,True,1
3487,37,True,True,1
3488,61,True,True,1
3489,58,True,True,1
3490,49,True,True,1
3491,67,True,True,1
3492,50,True,True,1
3493,74,True,True,1
3494,59,True,True,1
3495,64,True,True,1
3496,52,True,True,1
3497,52,True,True,1
3498,52,True,True,1
3499,57,True,True,1
3500,70,True,True,1
3501,65,True,True,1
3502,60,True,True,1
3503,53,True,True,1
3504,52,True,True,1
3505,52,True,True,1
3506,41,True,True,1
3507,57,True,True,1
3508,52,True,True,1
3509,47,True,True,1
3510,57,True,True,1
3511,50,True,True,1
3512,39,True,True,1
3513,42,True,True,1
3514,49,True,True,1
3515,65,True,True,1
3516,52,True,True,1
3517,58,True,True,1
3518,52,True,True,1
3519,53,True,True,1
3520,45,True,True,1
3521,49,True,True,1
3522,42,True,True,1
3523,59,True,True,1
3524,66,True,True,1
3525,57,True,True,1
3526,57,True,True,1
3527,46,True,True,1
3528,49,True,True,1
3529,38,True,True,1
3530,76,True,True,1
3531,55,True,True,1
3532,57,True,True,1
3533,39,True,True,1
3534,60,True,True,1
3535,44,True,True,1
3536,42,True,True,1
3537,47,True,True,1
3538,43,True,True,1
3539,50,True,True,1
3540,44,True,True,1
3541,36,True,True,1
3542,63,True,True,1
3543,45,True,True,1
3544,60,True,True,1
3545,35,True,True,1
3546,46,True,True,1
3547,56,True,True,1
3548,43,True,True,1
3549,52,True,True,1
3550,32,True,True,1
3551,70,True,True,1
3552,70,True,True,1
3553,69,True,True,1
3554,56,True,True,1
3555,68,True,True,1
3556,53,True,True,1
3557,37,True,True,1
3558,47,True,True,1
3559,52,True,True,1
3560,53,True,True,1
3561,68,True,True,1
3562,46,True,True,1
3563,52,True,True,1
3564,51,True,True,1
3565,36,True,True,1
3566,44,True,True,1
3567,62,True,True,1
3568,70,True,True,1
3569,67,True,True,1
3570,54,True,True,1
3571,54,True,True,1
3572,50,True,True,1
3573,74,True,True,1
3574,44,True,True,1
3575,59,True,True,1
3576,40,True,True,1
3577,46,True,True,1
3578,58,True,True,1
3579,50,True,True,1
3580,42,True,True,1
3581,55,True,True,1
3582,70,True,True,1
3583,42,True,True,1
3584,71,True,True,1
3585,49,True,True,1
3586,58,True,True,1
3587,65,True,True,1
3588,26,True,True,1
3589,50,True,True,1
3590,61,True,True,1
3591,52,True,True,1
3592,36,True,True,1
3593,54,True,True,1
3594,59,True,True,1
3595,49,True,True,1
3596,56,True,True,1
3597,62,True,True,1
3598,59,True,True,1
3599,44,True,True,1
3600,57,True,True,1
3601,46,True,True,1
3602,56,True,True,1
3603,72,True,True,1
3604,58,True,True,1
3605,53,True,True,1
3606,68,True,True,1
3607,54,True,True,1
3608,52,True,True,1
3609,42,True,True,1
3610,51,True,True,1
3611,57,True,True,1
3612,69,True,True,1
3613,42,True,True,1
3614,52,True,True,1
3615,49,True,True,1
3616,65,True,True,1
3617,64,True,True,1
3618,52,True,True,1
3619,42,True,True,1
3620,54,True,True,1
3621,54,True,True,1
3622,66,True,True,1
3623,58,True,True,1
3624,50,True,True,1
3625,55,True,True,1
3626,36,True,True,1
3627,57,True,True,1
3628,53,True,True,1
3629,73,True,True,1
3630,39,True,True,1
3631,56,True,True,1
3632,58,True,True,1
3633,56,True,True,1
3634,52,True,True,1
3635,52,True,True,1
3636,47,True,True,1
3637,52,True,True,1
3638,60,True,True,1
3639,55,True,True,1
3640,75,True,True,1
3641,53,True,True,1
3642,55,True,True,1
3643,61,True,True,1
3644,45,True,True,1
3645,64,True,True,1
3646,58,True,True,1
3647,54,True,True,1
3648,56,True,True,1
3649,80,True,True,1
3650,55,True,True,1
3651,63,True,True,1
3652,56,True,True,1
3653,57,True,True,1
3654,56,True,True,1
3655,72,True,True,1
3656,61,True,True,1
3657,29,True,True,1
3658,59,True,True,1
3659,45,True,True,1
3660,60,True,True,1
3661,52,True,True,1
3662,65,True,True,1
3663,43,True,True,1
3664,54,True,True,1
3665,64,True,True,1
3666,47,True,True,1
3667,38,True,True,1
3668,50,True,True,1
3669,50,True,True,1
3670,48,True,True,1
3671,31,True,True,1
3672,61,True,True,1
3673,55,True,True,1
3674,50,True,True,1
3675,62,True,True,1
3676,43,True,True,1
3677,67,True,True,1
3678,54,True,True,1
3679,58,True,True,1
3680,58,True,True,1
3681,46,True,True,1
3682,37,True,True,1
3683,53,True,True,1
3684,40,True,True,1
3685,52,True,True,1
3686,47,True,True,1
3687,51,True,True,1
3688,59,True,True,1
3689,64,True,True,1
3690,49,True,True,1
3691,49,True,True,1
3692,54,True,True,1
3693,57,True,True,1
3694,49,True,True,1
3695,37,True,True,1
3696,81,True,True,1
3697,54,True,True,1
3698,44,True,True,1
3699,49,True,True,1
3700,44,True,True,1
3701,53,True,True,1
3702,56,True,True,1
3703,44,True,True,1
3704,57,True,True,1
3705,45,True,True,1
3706,56,True,True,1
3707,58,True,True,1
3708,48,True,True,1
3709,39,True,True,1
3710,56,True,True,1
3711,71,True,True,1
3712,52,True,True,1
3713,51,True,True,1
3714,42,True,True,1
3715,53,True,True,1
3716,48,True,True,1
3717,63,True,True,1
3718,59,True,True,1
3719,45,True,True,1
3720,55,True,True,1
3721,60,True,True,1
3722,45,True,True,1
3723,40,True,True,1
3724,47,True,True,1
3725,44,True,True,1
3726,47,True,True,1
3727,36,True,True,1
3728,34,True,True,1
3729,57,True,True,1
3730,54,True,True,1
3731,54,True,True,1
3732,49,True,True,1
3733,43,True,True,1
3734,64,True,True,1
3735,57,True,True,1
3736,51,True,True,1
3737,45,True,True,1
3738,40,True,True,1
3739,46,True,True,1
3740,49,True,True,1
3741,45,True,True,1
3742,46,True,True,1
3743,56,True,True,1
3744,41,True,True,1
3745,45,True,True,1
3746,54,True,True,1
3747,52,True,True,1
3748,60,True,True,1
3749,27,True,True,1
3750,49,True,True,1
3751,50,True,True,1
3752,46,True,True,1
3753,60,True,True,1
3754,70,True,True,1
3755,72,True,True,1
3756,51,True,True,1
3757,47,True,True,1
3758,46,True,True,1
3759,54,True,True,1
3760,55,True,True,1
3761,47,True,True,1
3762,79,True,True,1
3763,48,True,True,1
3764,53,True,True,1
3765,59,True,True,1
3766,63,True,True,1
3767,49,True,True,1
3768,41,True,True,1
3769,50,True,True,1
3770,43,True,True,1
3771,44,True,True,1
3772,46,True,True,1
3773,68,True,True,1
3774,54,True,True,1
3775,62,True,True,1
3776,56,True,True,1
3777,41,True,True,1
3778,66,True,True,1
3779,57,True,True,1
3780,49,True,True,1
3781,61,True,True,1
3782,42,True,True,1
3783,54,True,True,1
3784,49,True,True,1
3785,49,True,True,1
3786,51,True,True,1
3787,64,True,True,1
3788,66,True,True,1
3789,45,True,True,1
3790,56,True,True,1
3791,53,True,True,1
3792,76,True,True,1
3793,43,True,True,1
3794,55,True,True,1
3795,59,True,True,1
3796,59,True,True,1
3797,59,True,True,1
3798,54,True,True,1
3799,56,True,True,1
3800,54,True,True,1
3801,50,True,True,1
3802,60,True,True,1
3803,35,True,True,1
3804,41,True,True,1
3805,53,True,True,1
3806,46,True,True,1
3807,44,True,True,1
3808,52,True,True,1
3809,57,True,True,1
3810,60,True,True,1
3811,36,True,True,1
3812,47,True,True,1
3813,36,True,True,1
3814,56,True,True,1
3815,40,True,True,1
3816,64,True,True,1
3817,54,True,True,1
3818,43,True,True,1
3819,57,True,True,1
3820,38,True,True,1
3821,39,True,True,1
3822,57,True,True,1
3823,64,True,True,1
3824,70,True,True,1
3825,55,True,True,1
3826,58,True,True,1
3827,47,True,True,1
3828,42,True,True,1
3829,39,True,True,1
3830,75,True,True,1
3831,51,True,True,1
3832,43,True,True,1
3833,61,True,True,1
3834,39,True,True,1
3835,56,True,True,1
3836,53,True,True,1
3837,80,True,True,1
3838,71,True,True,1
3839,56,True,True,1
3840,57,True,True,1
3841,57,True,True,1
3842,70,True,True,1
3843,68,True,True,1
3844,61,True,True,1
3845,55,True,True,1
3846,56,True,True,1
3847,53,True,True,1
3848,39,True,True,1
3849,55,True,True,1
3850,52,True,True,1
3851,55,True,True,1
3852,43,True,True,1
3853,55,True,True,1
3854,37,True,True,1
3855,56,True,True,1
3856,59,True,True,1
3857,48,True,True,1
3858,58,True,True,1
3859,52,True,True,1
3860,49,True,True,1
3861,58,True,True,1
3862,58,True,True,1
3863,39,True,True,1
3864,55,True,True,1
3865,70,True,True,1
3866,45,True,True,1
3867,58,True,True,1
3868,46,True,True,1
3869,69,True,True,1
3870,26,True,True,1
3871,69,True,True,1
3872,53,True,True,1
3873,60,True,True,1
3874,63,True,True,1
3875,42,True,True,1
3876,36,True,True,1
3877,64,True,True,1
3878,63,True,True,1
3879,42,True,True,1
3880,57,True,True,1
3881,61,True,True,1
3882,44,True,True,1
3883,32,True,True,1
3884,55,True,True,1
3885,41,True,True,1
3886,52,True,True,1
3887,44,True,True,1
3888,66,True,True,1
3889,51,True,True,1
3890,58,True,True,1
3891,52,True,True,1
3892,41,True,True,1
3893,64,True,True,1
3894,60,True,True,1
3895,48,True,True,1
3896,71,True,True,1
3897,52,True,True,1
3898,43,True,True,1
3899,65,True,True,1
3900,48,True,True,1
3901,47,True,True,1
3902,39,True,True,1
3903,45,True,True,1
3904,55,True,True,1
3905,47,True,True,1
3906,75,True,True,1
3907,57,True,True,1
3908,50,True,True,1
3909,70,True,True,1
3910,73,True,True,1
3911,58,True,True,1
3912,57,True,True,1
3913,77,True,True,1
3914,52,True,True,1
3915,59,True,True,1
3916,59,True,True,1
3917,38,True,True,1
3918,43,True,True,1
3919,52,True,True,1
3920,39,True,True,1
3921,54,True,True,1
3922,45,True,True,1
3923,33,True,True,1
3924,65,True,True,1
3925,52,True,True,1
3926,76,True,True,1
3927,54,True,True,1
3928,41,True,True,1
3929,50,True,True,1
3930,76,True,True,1
3931,28,True,True,1
3932,52,True,True,1
3933,61,True,True,1
3934,45,True,True,1
3935,55,True,True,1
3936,53,True,True,1
3937,60,True,True,1
3938,38,True,True,1
3939,56,True,True,1
3940,63,True,True,1
3941,63,True,True,1
3942,33,True,True,1
3943,45,True,True,1
3944,44,True,True,1
3945,52,True,True,1
3946,38,True,True,1
3947,63,True,True,1
3948,37,True,True,1
3949,42,True,True,1
3950,52,True,True,1
3951,44,True,True,1
3952,55,True,True,1
3953,53,True,True,1
3954,45,True,True,1
3955,49,True,True,1
3956,51,True,True,1
3957,64,True,True,1
3958,65,True,True,1
3959,37,True,True,1
3960,42,True,True,1
3961,48,True,True,1
3962,37,True,True,1
3963,54,True,True,1
3964,58,True,True,1
3965,47,True,True,1
3966,63,True,True,1
3967,26,True,True,1
3968,65,True,True,1
3969,47,True,True,1
3970,49,True,True,1
3971,66,True,True,1
3972,53,True,True,1
3973,53,True,True,1
3974,43,True,True,1
3975,54,True,True,1
3976,44,True,True,1
3977,51,True,True,1
3978,57,True,True,1
3979,59,True,True,1
3980,50,True,True,1
3981,42,True,True,1
3982,57,True,True,1
3983,49,True,True,1
3984,40,True,True,1
3985,56,True,True,1
3986,50,True,True,1
3987,47,True,True,1
3988,63,True,True,1
3989,46,True,True,1
3990,44,True,True,1
3991,44,True,True,1
3992,56,True,True,1
3993,59,True,True,1
3994,51,True,True,1
3995,51,True,True,1
3996,58,True,True,1
3997,46,True,True,1
3998,57,True,True,1
3999,41,True,True,1
4000,38,True,True,1
4001,74,True,True,1
4002,36,True,True,1
4003,64,True,True,1
4004,52,True,True,1
4005,70,True,True,1
4006,52,True,True,1
4007,42,True,True,1
4008,54,True,True,1
4009,53,True,True,1
4010,62,True,True,1
4011,59,True,True,1
4012,52,True,True,1
4013,57,True,True,1
4014,49,True,True,1
4015,48,True,True,1
4016,46,True,True,1
4017,45,True,True,1
4018,51,True,True,1
4019,55,True,True,1
4020,56,True,True,1
4021,66,True,True,1
4022,53,True,True,1
4023,56,True,True,1
4024,62,True,True,1
4025,47,True,True,1
4026,30,True,True,1
4027,41,True,True,1
4028,57,True,True,1
4029,54,True,True,1
4030,49,True,True,1
4031,67,True,True,1
4032,50,True,True,1
4033,68,True,True,1
4034,45,True,True,1
4035,26,True,True,1
4036,71,True,True,1
4037,47,True,True,1
4038,44,True,True,1
4039,55,True,True,1
4040,53,True,True,1
4041,56,True,True,1
4042,42,True,True,1
4043,45,True,True,1
4044,46,True,True,1
4045,58,True,True,1
4046,49,True,True,1
4047,38,True,True,1
4048,65,True,True,1
4049,38,True,True,1
4050,46,True,True,1
4051,37,True,True,1
4052,41,True,True,1
4053,56,True,True,1
4054,54,True,True,1
4055,48,True,True,1
4056,46,True,True,1
4057,51,True,True,1
4058,50,True,True,1
4059,55,True,True,1
4060,45,True,True,1
4061,37,True,True,1
4062,63,True,True,1
4063,45,True,True,1
4064,72,True,True,1
4065,60,True,True,1
4066,49,True,True,1
4067,64,True,True,1
4068,51,True,True,1
4069,64,True,True,1
4070,70,True,True,1
4071,44,True,True,1
4072,52,True,True,1
4073,59,True,True,1
4074,58,True,True,1
4075,59,True,True,1
4076,48,True,True,1
4077,53,True,True,1
4078,67,True,True,1
4079,61,True,True,1
4080,69,True,True,1
4081,52,True,True,1
4082,55,True,True,1
4083,53,True,True,1
4084,48,True,True,1
4085,40,True,True,1
4086,56,True,True,1
4087,58,True,True,1
4088,46,True,True,1
4089,43,True,True,1
4090,47,True,True,1
4091,62,True,True,1
4092,51,True,True,1
4093,59,True,True,1
4094,57,True,True,1
4095,51,True,True,1
4096,67,True,True,1
4097,60,True,True,1
4098,64,True,True,1
4099,48,True,True,1
4100,45,True,True,1
4101,35,True,True,1
4102,41,True,True,1
4103,51,True,True,1
4104,60,True,True,1
4105,42,True,True,1
4106,44,True,True,1
4107,50,True,True,1
4108,49,True,True,1
4109,36,True,True,1
4110,52,True,True,1
4111,38,True,True,1
4112,53,True,True,1
4113,52,True,True,1
4114,39,True,True,1
4115,51,True,True,1
4116,56,True,True,1
4117,56,True,True,1
4118,55,True,True,1
4119,44,True,True,1
4120,55,True,True,1
4121,38,True,True,1
4122,50,True,True,1
4123,37,True,True,1
4124,46,True,True,1
4125,55,True,True,1
4126,56,True,True,1
4127,55,True,True,1
4128,48,True,True,1
4129,33,True,True,1
4130,60,True,True,1
4131,40,True,True,1
4132,66,True,True,1
4133,45,True,True,1
4134,53,True,True,1
4135,47,True,True,1
4136,45,True,True,1
4137,54,True,True,1
4138,63,True,True,1
4139,54,True,True,1
4140,62,True,True,1
4141,52,True,True,1
4142,31,True,True,1
4143,60,True,True,1
4144,50,True,True,1
4145,57,True,True,1
4146,37,True,True,1
4147,39,True,True,1
4148,73,True,True,1
4149,21,True,True,1
4150,51,True,True,1
4151,38,True,True,1
4152,53,True,True,1
4153,46,True,True,1
4154,51,True,True,1
4155,45,True,True,1
4156,67,True,True,1
4157,61,True,True,1
4158,36,True,True,1
4159,55,True,True,1
4160,61,True,True,1
4161,33,True,True,1
4162,32,True,True,1
4163,51,True,True,1
4164,48,True,True,1
4165,55,True,True,1
4166,49,True,True,1
4167,50,True,True,1
4168,53,True,True,1
4169,58,True,True,1
4170,60,True,True,1
4171,46,True,True,1
4172,40,True,True,1
4173,54,True,True,1
4174,50,True,True,1
4175,39,True,True,1
4176,43,True,True,1
4177,54,True,True,1
4178,56,True,True,1
4179,44,True,True,1
4180,57,True,True,1
4181,62,True,True,1
4182,56,True,True,1
4183,56,True,True,1
4184,55,True,True,1
4185,38,True,True,1
4186,40,True,True,1
4187,50,True,True,1
4188,72,True,True,1
4189,46,True,True,1
4190,56,True,True,1
4191,47,True,True,1
4192,36,True,True,1
4193,46,True,True,1
4194,31,True,True,1
4195,59,True,True,1
4196,55,True,True,1
4197,67,True,True,1
4198,40,True,True,1
4199,24,True,True,1
4200,51,True,True,1
4201,58,True,True,1
4202,50,True,True,1
4203,60,True,True,1
4204,45,True,True,1
4205,40,True,True,1
4206,55,True,True,1
4207,37,True,True,1
4208,80,True,True,1
4209,62,True,True,1
4210,54,True,True,1
4211,42,True,True,1
4212,27,True,True,1
4213,61,True,True,1
4214,53,True,True,1
4215,61,True,True,1
4216,37,True,True,1
4217,58,True,True,1
4218,71,True,True,1
4219,46,True,True,1
4220,60,True,True,1
4221,42,True,True,1
4222,54,True,True,1
4223,59,True,True,1
4224,64,True,True,1
4225,63,True,True,1
4226,52,True,True,1
4227,51,True,True,1
4228,41,True,True,1
4229,59,True,True,1
4230,35,True,True,1
4231,52,True,True,1
4232,52,True,True,1
4233,55,True,True,1
4234,45,True,True,1
4235,49,True,True,1
4236,66,True,True,1
4237,63,True,True,1
4238,55,True,True,1
4239,60,True,True,1
4240,56,True,True,1
4241,51,True,True,1
4242,47,True,True,1
4243,50,True,True,1
4244,58,True,True,1
4245,51,True,True,1
4246,61,True,True,1
4247,44,True,True,1
4248,57,True,True,1
4249,64,True,True,1
4250,42,True,True,1
4251,46,True,True,1
4252,71,True,True,1
4253,48,True,True,1
4254,47,True,True,1
4255,49,True,True,1
4256,60,True,True,1
4257,42,True,True,1
4258,58,True,True,1
4259,33,True,True,1
4260,62,True,True,1
4261,51,True,True,1
4262,48,True,True,1
4263,37,True,True,1
4264,53,True,True,1
4265,58,True,True,1
4266,49,True,True,1
4267,49,True,True,1
4268,55,True,True,1
4269,48,True,True,1
4270,54,True,True,1
4271,49,True,True,1
4272,55,True,True,1
4273,46,True,True,1
4274,70,True,True,1
4275,50,True,True,1
4276,35,True,True,1
4277,40,True,True,1
4278,33,True,True,1
4279,39,True,True,1
4280,61,True,True,1
4281,46,True,True,1
4282,44,True,True,1
4283,40,True,True,1
4284,42,True,True,1
4285,59,True,True,1
4286,43,True,True,1
4287,47,True,True,1
4288,63,True,True,1
4289,46,True,True,1
4290,49,True,True,1
4291,57,True,True,1
4292,54,True,True,1
4293,41,True,True,1
4294,58,True,True,1
4295,55,True,True,1
4296,48,True,True,1
4297,73,True,True,1
4298,55,True,True,1
4299,47,True,True,1
4300,50,True,True,1
4301,51,True,True,1
4302,54,True,True,1
4303,57,True,True,1
4304,59,True,True,1
4305,54,True,True,1
4306,56,True,True,1
4307,56,True,True,1
4308,54,True,True,1
4309,53,True,True,1
4310,54,True,True,1
4311,48,True,True,1
4312,55,True,True,1
4313,83,True,True,1
4314,46,True,True,1
4315,48,True,True,1
4316,47,True,True,1
4317,47,True,True,1
4318,40,True,True,1
4319,65,True,True,1
4320,45,True,True,1
4321,37,True,True,1
4322,41,True,True,1
4323,44,True,True,1
4324,43,True,True,1
4325,42,True,True,1
4326,68,True,True,1
4327,58,True,True,1
4328,57,True,True,1
4329,57,True,True,1
4330,25,True,True,1
4331,62,True,True,1
4332,54,True,True,1
4333,35,True,True,1
4334,59,True,True,1
4335,63,True,True,1
4336,68,True,True,1
4337,74,True,True,1
4338,54,True,True,1
4339,41,True,True,1
4340,71,True,True,1
4341,38,True,True,1
4342,60,True,True,1
4343,61,True,True,1
4344,55,True,True,1
4345,40,True,True,1
4346,54,True,True,1
4347,50,True,True,1
4348,71,True,True,1
4349,45,True,True,1
4350,49,True,True,1
4351,73,True,True,1
4352,50,True,True,1
4353,67,True,True,1
4354,55,True,True,1
4355,57,True,True,1
4356,28,True,True,1
4357,49,True,True,1
4358,43,True,True,1
4359,53,True,True,1
4360,60,True,True,1
4361,60,True,True,1
4362,46,True,True,1
4363,41,True,True,1
4364,65,True,True,1
4365,64,True,True,1
4366,56,True,True,1
4367,43,True,True,1
4368,56,True,True,1
4369,43,True,True,1
4370,55,True,True,1
4371,46,True,True,1
4372,54,True,True,1
4373,54,True,True,1
4374,60,True,True,1
4375,50,True,True,1
4376,65,True,True,1
4377,41,True,True,1
4378,41,True,True,1
4379,33,True,True,1
4380,58,True,True,1
4381,45,True,True,1
4382,61,True,True,1
4383,43,True,True,1
4384,39,True,True,1
4385,59,True,True,1
4386,59,True,True,1
4387,53,True,True,1
4388,57,True,True,1
4389,63,True,True,1
4390,38,True,True,1
4391,63,True,True,1
4392,57,True,True,1
4393,37,True,True,1
4394,47,True,True,1
4395,64,True,True,1
4396,43,True,True,1
4397,62,True,True,1
4398,58,True,True,1
4399,54,True,True,1
4400,45,True,True,1
4401,49,True,True,1
4402,60,True,True,1
4403,33,True,True,1
4404,54,True,True,1
4405,49,True,True,1
4406,55,True,True,1
4407,42,True,True,1
4408,70,True,True,1
4409,80,True,True,1
4410,46,True,True,1
4411,68,True,True,1
4412,45,True,True,1
4413,55,True,True,1
4414,51,True,True,1
4415,61,True,True,1
4416,54,True,True,1
4417,48,True,True,1
4418,56,True,True,1
4419,38,True,True,1
4420,59,True,True,1
4421,59,True,True,1
4422,50,True,True,1
4423,49,True,True,1
4424,51,True,True,1
4425,75,True,True,1
4426,46,True,True,1
4427,65,True,True,1
4428,59,True,True,1
4429,45,True,True,1
4430,64,True,True,1
4431,48,True,True,1
4432,61,True,True,1
4433,48,True,True,1
4434,57,True,True,1
4435,68,True,True,1
4436,46,True,True,1
4437,46,True,True,1
4438,49,True,True,1
4439,57,True,True,1
4440,51,True,True,1
4441,42,True,True,1
4442,58,True,True,1
4443,45,True,True,1
4444,61,True,True,1
4445,27,True,True,1
4446,43,True,True,1
4447,47,True,True,1
4448,56,True,True,1
4449,59,True,True,1
4450,60,True,True,1
4451,59,True,True,1
4452,43,True,True,1
4453,62,True,True,1
4454,50,True,True,1
4455,60,True,True,1
4456,54,True,True,1
4457,57,True,True,1
4458,70,True,True,1
4459,62,True,True,1
4460,60,True,True,1
4461,54,True,True,1
4462,69,True,True,1
4463,28,True,True,1
4464,69,True,True,1
4465,51,True,True,1
4466,53,True,True,1
4467,49,True,True,1
4468,72,True,True,1
4469,57,True,True,1
4470,47,True,True,1
4471,50,True,True,1
4472,64,True,True,1
4473,48,True,True,1
4474,62,True,True,1
4475,54,True,True,1
4476,62,True,True,1
4477,59,True,True,1
4478,47,True,True,1
4479,56,True,True,1
4480,52,True,True,1
4481,57,True,True,1
4482,40,True,True,1
4483,42,True,True,1
4484,61,True,True,1
4485,50,True,True,1
4486,63,True,True,1
4487,53,True,True,1
4488,54,True,True,1
4489,48,True,True,1
4490,62,True,True,1
4491,65,True,True,1
4492,49,True,True,1
4493,45,True,True,1
4494,47,True,True,1
4495,64,True,True,1
4496,53,True,True,1
4497,48,True,True,1
4498,56,True,True,1
4499,43,True,True,1
4500,64,True,True,1
4501,50,True,True,1
4502,41,True,True,1
4503,75,True,True,1
4504,56,True,True,1
4505,55,True,True,1
4506,57,True,True,1
4507,46,True,True,1
4508,49,True,True,1
4509,48,True,True,1
4510,45,True,True,1
4511,51,True,True,1
4512,49,True,True,1
4513,55,True,True,1
4514,59,True,True,1
4515,42,True,True,1
4516,48,True,True,1
4517,49,True,True,1
4518,45,True,True,1
4519,45,True,True,1
4520,39,True,True,1
4521,56,True,True,1
4522,67,True,True,1
4523,56,True,True,1
4524,53,True,True,1
4525,62,True,True,1
4526,49,True,True,1
4527,34,True,True,1
4528,38,True,True,1
4529,65,True,True,1
4530,52,True,True,1
4531,62,True,True,1
4532,63,True,True,1
4533,78,True,True,1
4534,57,True,True,1
4535,50,True,True,1
4536,63,True,True,1
4537,60,True,True,1
4538,68,True,True,1
4539,52,True,True,1
4540,37,True,True,1
4541,58,True,True,1
4542,26,True,True,1
4543,50,True,True,1
4544,57,True,True,1
4545,55,True,True,1
4546,53,True,True,1
4547,44,True,True,1
4548,67,True,True,1
4549,34,True,True,1
4550,58,True,True,1
4551,39,True,True,1
4552,54,True,True,1
4553,51,True,True,1
4554,55,True,True,1
4555,64,True,True,1
4556,42,True,True,1
4557,42,True,True,1
4558,49,True,True,1
4559,48,True,True,1
4560,62,True,True,1
4561,46,True,True,1
4562,61,True,True,1
4563,68,True,True,1
4564,58,True,True,1
4565,36,True,True,1
4566,52,True,True,1
4567,43,True,True,1
4568,42,True,True,1
4569,46,True,True,1
4570,49,True,True,1
4571,73,True,True,1
4572,59,True,True,1
4573,50,True,True,1
4574,51,True,True,1
4575,51,True,True,1
4576,50,True,True,1
4577,68,True,True,1
4578,52,True,True,1
4579,66,True,True,1
4580,42,True,True,1
4581,42,True,True,1
4582,54,True,True,1
4583,71,True,True,1
4584,56,True,True,1
4585,47,True,True,1
4586,39,True,True,1
4587,71,True,True,1
4588,40,True,True,1
4589,53,True,True,1
4590,55,True,True,1
4591,60,True,True,1
4592,50,True,True,1
4593,50,True,True,1
4594,44,True,True,1
4595,50,True,True,1
4596,25,True,True,1
4597,52,True,True,1
4598,41,True,True,1
4599,61,True,True,1
4600,44,True,True,1
4601,63,True,True,1
4602,54,True,True,1
4603,44,True,True,1
4604,65,True,True,1
4605,58,True,True,1
4606,44,True,True,1
4607,37,True,True,1
4608,64,True,True,1
4609,54,True,True,1
4610,50,True,True,1
4611,53,True,True,1
4612,38,True,True,1
4613,50,True,True,1
4614,46,True,True,1
4615,62,True,True,1
4616,49,True,True,1
4617,38,True,True,1
4618,55,True,True,1
4619,60,True,True,1
4620,46,True,True,1
4621,71,True,True,1
4622,63,True,True,1
4623,71,True,True,1
4624,63,True,True,1
4625,51,True,True,1
4626,58,True,True,1
4627,61,True,True,1
4628,55,True,True,1
4629,39,True,True,1
4630,57,True,True,1
4631,59,True,True,1
4632,50,True,True,1
4633,66,True,True,1
4634,61,True,True,1
4635,45,True,True,1
4636,54,True,True,1
4637,57,True,True,1
4638,49,True,True,1
4639,44,True,True,1
4640,62,True,True,1
4641,57,True,True,1
4642,54,True,True,1
4643,64,True,True,1
4644,64,True,True,1
4645,58,True,True,1
4646,53,True,True,1
4647,57,True,True,1
4648,64,True,True,1
4649,43,True,True,1
4650,46,True,True,1
4651,48,True,True,1
4652,47,True,True,1
4653,67,True,True,1
4654,71,True,True,1
4655,48,True,True,1
4656,59,True,True,1
4657,55,True,True,1
4658,51,True,True,1
4659,65,True,True,1
4660,65,True,True,1
4661,46,True,True,1
4662,46,True,True,1
4663,41,True,True,1
4664,41,True,True,1
4665,54,True,True,1
4666,70,True,True,1
4667,68,True,True,1
4668,55,True,True,1
4669,55,True,True,1
4670,34,True,True,1
4671,33,True,True,1
4672,62,True,True,1
4673,49,True,True,1
4674,46,True,True,1
4675,49,True,True,1
4676,46,True,True,1
4677,41,True,True,1
4678,64,True,True,1
4679,38,True,True,1
4680,74,True,True,1
4681,59,True,True,1
4682,44,True,True,1
4683,60,True,True,1
4684,55,True,True,1
4685,48,True,True,1
4686,62,True,True,1
4687,50,True,True,1
4688,42,True,True,1
4689,70,True,True,1
4690,29,True,True,1
4691,58,True,True,1
4692,60,True,True,1
4693,51,True,True,1
4694,66,True,True,1
4695,50,True,True,1
4696,57,True,True,1
4697,36,True,True,1
4698,59,True,True,1
4699,28,True,True,1
4700,38,True,True,1
4701,69,True,True,1
4702,66,True,True,1
4703,62,True,True,1
4704,44,True,True,1
4705,61,True,True,1
4706,66,True,True,1
4707,65,True,True,1
4708,49,True,True,1
4709,40,True,True,1
4710,70,True,True,1
4711,49,True,True,1
4712,42,True,True,1
4713,47,True,True,1
4714,49,True,True,1
4715,41,True,True,1
4716,38,True,True,1
4717,55,True,True,1
4718,47,True,True,1
4719,52,True,True,1
4720,49,True,True,1
4721,41,True,True,1
4722,59,True,True,1
4723,52,True,True,1
4724,58,True,True,1
4725,62,True,True,1
4726,42,True,True,1
4727,64,True,True,1
4728,45,True,True,1
4729,59,True,True,1
4730,70,True,True,1
4731,49,True,True,1
4732,38,True,True,1
4733,59,True,True,1
4734,71,True,True,1
4735,67,True,True,1
4736,56,True,True,1
4737,49,True,True,1
4738,47,True,True,1
4739,43,True,True,1
4740,58,True,True,1
4741,63,True,True,1
4742,49,True,True,1
4743,66,True,True,1
4744,37,True,True,1
4745,57,True,True,1
4746,63,True,True,1
4747,78,True,True,1
4748,47,True,True,1
4749,68,True,True,1
4750,53,True,True,1
4751,44,True,True,1
4752,50,True,True,1
4753,27,True,True,1
4754,48,True,True,1
4755,39,True,True,1
4756,51,True,True,1
4757,35,True,True,1
4758,51,True,True,1
4759,45,True,True,1
4760,68,True,True,1
4761,46,True,True,1
4762,58,True,True,1
4763,37,True,True,1
4764,59,True,True,1
4765,73,True,True,1
4766,44,True,True,1
4767,49,True,True,1
4768,63,True,True,1
4769,54,True,True,1
4770,45,True,True,1
4771,56,True,True,1
4772,25,True,True,1
4773,38,True,True,1
4774,44,True,True,1
4775,37,True,True,1
4776,57,True,True,1
4777,80,True,True,1
4778,60,True,True,1
4779,58,True,True,1
4780,46,True,True,1
4781,47,True,True,1
4782,58,True,True,1
4783,53,True,True,1
4784,52,True,True,1
4785,48,True,True,1
4786,45,True,True,1
4787,51,True,True,1
4788,40,True,True,1
4789,41,True,True,1
4790,57,True,True,1
4791,45,True,True,1
4792,63,True,True,1
4793,51,True,True,1
4794,49,True,True,1
4795,51,True,True,1
4796,62,True,True,1
4797,56,True,True,1
4798,55,True,True,1
4799,55,True,True,1
4800,40,True,True,1
4801,47,True,True,1
4802,62,True,True,1
4803,68,True,True,1
4804,67,True,True,1
4805,64,True,True,1
4806,54,True,True,1
4807,47,True,True,1
4808,60,True,True,1
4809,46,True,True,1
4810,46,True,True,1
4811,62,True,True,1
4812,40,True,True,1
4813,39,True,True,1
4814,50,True,True,1
4815,46,True,True,1
4816,54,True,True,1
4817,61,True,True,1
4818,67,True,True,1
4819,66,True,True,1
4820,52,True,True,1
4821,57,True,True,1
4822,64,True,True,1
4823,35,True,True,1
4824,64,True,True,1
4825,52,True,True,1
4826,52,True,True,1
4827,57,True,True,1
4828,53,True,True,1
4829,47,True,True,1
4830,47,True,True,1
4831,37,True,True,1
4832,58,True,True,1
4833,59,True,True,1
4834,47,True,True,1
4835,45,True,True,1
4836,75,True,True,1
4837,48,True,True,1
4838,39,True,True,1
4839,51,True,True,1
4840,65,True,True,1
4841,46,True,True,1
4842,46,True,True,1
4843,52,True,True,1
4844,38,True,True,1
4845,46,True,True,1
4846,58,True,True,1
4847,52,True,True,1
4848,49,True,True,1
4849,45,True,True,1
4850,48,True,True,1
4851,47,True,True,1
4852,51,True,True,1
4853,60,True,True,1
4854,58,True,True,1
4855,47,True,True,1
4856,57,True,True,1
4857,53,True,True,1
4858,61,True,True,1
4859,53,True,True,1
4860,53,True,True,1
4861,52,True,True,1
4862,52,True,True,1
4863,52,True,True,1
4864,49,True,True,1
4865,55,True,True,1
4866,34,True,True,1
4867,45,True,True,1
4868,34,True,True,1
4869,71,True,True,1
4870,61,True,True,1
4871,60,True,True,1
4872,55,True,True,1
4873,49,True,True,1
4874,62,True,True,1
4875,42,True,True,1
4876,56,True,True,1
4877,51,True,True,1
4878,54,True,True,1
4879,48,True,True,1
4880,61,True,True,1
4881,61,True,True,1
4882,61,True,True,1
4883,64,True,True,1
4884,34,True,True,1
4885,54,True,True,1
4886,78,True,True,1
4887,63,True,True,1
4888,44,True,True,1
4889,38,True,True,1
4890,49,True,True,1
4891,62,True,True,1
4892,58,True,True,1
4893,49,True,True,1
4894,62,True,True,1
4895,56,True,True,1
4896,35,True,True,1
4897,47,True,True,1
4898,49,True,True,1
4899,38,True,True,1
4900,36,True,True,1
4901,63,True,True,1
4902,41,True,True,1
4903,54,True,True,1
4904,49,True,True,1
4905,53,True,True,1
4906,64,True,True,1
4907,51,True,True,1
4908,34,True,True,1
4909,47,True,True,1
4910,52,True,True,1
4911,46,True,True,1
4912,52,True,True,1
4913,44,True,True,1
4914,56,True,True,1
4915,44,True,True,1
4916,75,True,True,1
4917,67,True,True,1
4918,53,True,True,1
4919,49,True,True,1
4920,64,True,True,1
4921,64,True,True,1
4922,25,True,True,1
4923,50,True,True,1
4924,52,True,True,1
4925,54,True,True,1
4926,54,True,True,1
4927,44,True,True,1
4928,45,True,True,1
4929,54,True,True,1
4930,40,True,True,1
4931,39,True,True,1
4932,56,True,True,1
4933,46,True,True,1
4934,64,True,True,1
4935,56,True,True,1
4936,53,True,True,1
4937,56,True,True,1
4938,46,True,True,1
4939,65,True,True,1
4940,56,True,True,1
4941,46,True,True,1
4942,42,True,True,1
4943,57,True,True,1
4944,42,True,True,1
4945,62,True,True,1
4946,49,True,True,1
4947,55,True,True,1
4948,50,True,True,1
4949,80,True,True,1
4950,41,True,True,1
4951,34,True,True,1
4952,55,True,True,1
4953,49,True,True,1
4954,50,True,True,1
4955,57,True,True,1
4956,54,True,True,1
4957,41,True,True,1
4958,53,True,True,1
4959,31,True,True,1
4960,47,True,True,1
4961,59,True,True,1
4962,68,True,True,1
4963,63,True,True,1
4964,56,True,True,1
4965,45,True,True,1
4966,30,True,True,1
4967,59,True,True,1
4968,53,True,True,1
4969,35,True,True,1
4970,48,True,True,1
4971,54,True,True,1
4972,22,True,True,1
4973,50,True,True,1
4974,64,True,True,1
4975,53,True,True,1
4976,60,True,True,1
4977,37,True,True,1
4978,61,True,True,1
4979,60,True,True,1
4980,49,True,True,1
4981,56,True,True,1
4982,42,True,True,1
4983,55,True,True,1
4984,58,True,True,1
4985,44,True,True,1
4986,48,True,True,1
4987,68,True,True,1
4988,50,True,True,1
4989,52,True,True,1
4990,47,True,True,1
4991,63,True,True,1
4992,58,True,True,1
4993,49,True,True,1
4994,35,True,True,1
4995,32,True,True,1
4996,51,True,True,1
4997,40,True,True,1
4998,26,True,True,1
4999,34,True,True,1
5000,62,True,True,1
