experiment, n, M, L, N, A, tMIP, tMIP_CPP, tDD_VS, int_VS
---
Set parameter TokenServer to value "license8.clemson.edu"
✅ MIP in 135.07 sec
✅ CPP MIP in 39.05 sec
✅ Full DDs VS in 21.37 sec
1, 10, 7, 0.35, 140, 298.0, 135.07, 39.05, 21.37, 3952
---
✅ MIP in 167.47 sec
✅ CPP MIP in 68.25 sec
✅ Full DDs VS in 22.45 sec
2, 10, 7, 0.35, 140, 298.0, 167.47, 68.25, 22.45, 5087
---
✅ MIP in 257.69 sec
✅ CPP MIP in 58.05 sec
✅ Full DDs VS in 2999.76 sec
3, 10, 7, 0.35, 140, 298.0, 257.69, 58.05, 2999.76, 37957
---
✅ MIP in 205.72 sec
✅ CPP MIP in 127.38 sec
✅ Full DDs VS in 326.30 sec
4, 10, 7, 0.35, 140, 298.0, 205.72, 127.38, 326.30, 4294
---
✅ MIP in 65.57 sec
✅ CPP MIP in 37.31 sec
✅ Full DDs VS in 22.71 sec
5, 10, 7, 0.35, 140, 298.0, 65.57, 37.31, 22.71, 5733
---
✅ MIP in 96.07 sec
✅ CPP MIP in 97.55 sec
✅ Full DDs VS in 390.10 sec
6, 10, 7, 0.35, 140, 298.0, 96.07, 97.55, 390.10, 1224150
---
✅ MIP in 350.24 sec
✅ CPP MIP in 83.02 sec
✅ Full DDs VS in 21.57 sec
7, 10, 7, 0.35, 140, 298.0, 350.24, 83.02, 21.57, 3805
---
✅ MIP in 207.47 sec
✅ CPP MIP in 128.38 sec
✅ Full DDs VS in 19.73 sec
8, 10, 7, 0.35, 140, 298.0, 207.47, 128.38, 19.73, 3421
---
✅ MIP in 198.40 sec
✅ CPP MIP in 53.99 sec
✅ Full DDs VS in 2159.26 sec
9, 10, 7, 0.35, 140, 298.0, 198.40, 53.99, 2159.26, 1106051
---
✅ MIP in 187.18 sec
✅ CPP MIP in 115.02 sec
✅ Full DDs VS in 20.06 sec
10, 10, 7, 0.35, 140, 298.0, 187.18, 115.02, 20.06, 5231
---
✅ MIP in 61.03 sec
✅ CPP MIP in 36.54 sec
✅ Full DDs VS in 19.53 sec
11, 10, 7, 0.35, 140, 298.0, 61.03, 36.54, 19.53, 3427
---
✅ MIP in 67.07 sec
✅ CPP MIP in 36.56 sec
✅ Full DDs VS in 295.82 sec
12, 10, 7, 0.35, 140, 298.0, 67.07, 36.56, 295.82, 5843
---
✅ MIP in 46.61 sec
✅ CPP MIP in 43.04 sec
✅ Full DDs VS in 22.17 sec
13, 10, 7, 0.35, 140, 298.0, 46.61, 43.04, 22.17, 5799
---
✅ MIP in 164.95 sec
✅ CPP MIP in 388.64 sec
