experiment, n, M, L, N, A, inst_type, linking, tMIP, tMIP_CPP, tDD_VS, tDD_toA, int_VS, int_VS_toA
---
Set parameter TokenServer to value "license8.clemson.edu"
✅ MIP in 7.72 sec
>✅ CPP MIP in 12.96 sec
✅ Full DDs VS in 6.98 sec
✅ Full DDs toA in 9.12 sec
1, 2, 10, 0.35, 40, 122.0, cavemen, cluster-reverse, 7.72, 12.96, 6.98, 9.12, 3207, 23087
---
✅ MIP in 42.17 sec
>✅ CPP MIP in 77.49 sec
✅ Full DDs VS in 30.46 sec
✅ Full DDs toA in 30.81 sec
2, 2, 12, 0.35, 48, 174.0, cavemen, cluster-reverse, 42.17, 77.49, 30.46, 30.81, 9335, 28191
---
✅ MIP in 393.64 sec
>✅ CPP MIP in 1577.92 sec
✅ Full DDs VS in 333.67 sec
✅ Full DDs toA in 336.02 sec
3, 2, 15, 0.35, 60, 278.0, cavemen, cluster-reverse, 393.64, 1577.92, 333.67, 336.02, 84231, 111727
---
✅ MIP in 4.70 sec
>✅ CPP MIP in 9.80 sec
✅ Full DDs VS in 6.47 sec
✅ Full DDs toA in 6.04 sec
4, 2, 10, 0.35, 40, 122.0, cavemen, cluster-reverse, 4.70, 9.80, 6.47, 6.04, 2967, 3207
---
✅ MIP in 26.56 sec
>✅ CPP MIP in 47.41 sec
✅ Full DDs VS in 29.44 sec
✅ Full DDs toA in 31.49 sec
5, 2, 12, 0.35, 48, 174.0, cavemen, cluster-reverse, 26.56, 47.41, 29.44, 31.49, 11419, 27707
---
✅ MIP in 596.50 sec
>✅ CPP MIP in 2138.01 sec
✅ Full DDs VS in 322.17 sec
✅ Full DDs toA in 328.93 sec
6, 2, 15, 0.35, 60, 278.0, cavemen, cluster-reverse, 596.50, 2138.01, 322.17, 328.93, 70911, 100151
---
✅ MIP in 12.99 sec
>✅ CPP MIP in 10.73 sec
✅ Full DDs VS in 6.96 sec
✅ Full DDs toA in 7.19 sec
7, 2, 10, 0.35, 40, 122.0, cavemen, cluster-reverse, 12.99, 10.73, 6.96, 7.19, 3407, 6143
---
✅ MIP in 32.49 sec
>✅ CPP MIP in 100.27 sec
✅ Full DDs VS in 29.85 sec
✅ Full DDs toA in 30.10 sec
8, 2, 12, 0.35, 48, 174.0, cavemen, cluster-reverse, 32.49, 100.27, 29.85, 30.10, 11343, 15871
---
✅ MIP in 1124.07 sec
>✅ CPP MIP in 7852.99 sec
✅ Full DDs VS in 316.45 sec
✅ Full DDs toA in 310.77 sec
9, 2, 15, 0.35, 60, 278.0, cavemen, cluster-reverse, 1124.07, 7852.99, 316.45, 310.77, 75023, 91055
---
✅ MIP in 2.50 sec
>✅ CPP MIP in 6.76 sec
✅ Full DDs VS in 7.51 sec
✅ Full DDs toA in 7.38 sec
10, 2, 10, 0.35, 40, 122.0, cavemen, cluster-reverse, 2.50, 6.76, 7.51, 7.38, 3319, 4767
---
✅ MIP in 24.20 sec
>✅ CPP MIP in 65.98 sec
✅ Full DDs VS in 33.67 sec
✅ Full DDs toA in 33.59 sec
11, 2, 12, 0.35, 48, 174.0, cavemen, cluster-reverse, 24.20, 65.98, 33.67, 33.59, 12711, 16951
---
✅ MIP in 879.19 sec
>✅ CPP MIP in 2830.21 sec
✅ Full DDs VS in 332.92 sec
✅ Full DDs toA in 414.29 sec
12, 2, 15, 0.35, 60, 278.0, cavemen, cluster-reverse, 879.19, 2830.21, 332.92, 414.29, 114879, 770117
---
✅ MIP in 10.65 sec
>✅ CPP MIP in 14.75 sec
✅ Full DDs VS in 7.03 sec
✅ Full DDs toA in 8.82 sec
13, 2, 10, 0.35, 40, 122.0, cavemen, cluster-reverse, 10.65, 14.75, 7.03, 8.82, 3447, 20511
---
✅ MIP in 28.27 sec
>✅ CPP MIP in 108.18 sec
✅ Full DDs VS in 2764.70 sec
✅ Full DDs toA in 4184.61 sec
14, 2, 12, 0.35, 48, 174.0, cavemen, cluster-reverse, 28.27, 108.18, 2764.70, 4184.61, 183113, 14718
---
✅ MIP in 642.83 sec
>✅ CPP MIP in 2110.46 sec
✅ Full DDs VS in 312.96 sec
✅ Full DDs toA in 370.61 sec
15, 2, 15, 0.35, 60, 278.0, cavemen, cluster-reverse, 642.83, 2110.46, 312.96, 370.61, 90319, 507975
---
✅ MIP in 2.66 sec
>✅ CPP MIP in 6.91 sec
✅ Full DDs VS in 6.82 sec
✅ Full DDs toA in 7.33 sec
16, 2, 10, 0.35, 40, 122.0, cavemen, cluster-reverse, 2.66, 6.91, 6.82, 7.33, 3315, 10291
---
✅ MIP in 48.35 sec
>✅ CPP MIP in 128.33 sec
✅ Full DDs VS in 35.53 sec
✅ Full DDs toA in 36.09 sec
17, 2, 12, 0.35, 48, 174.0, cavemen, cluster-reverse, 48.35, 128.33, 35.53, 36.09, 14471, 16383
