instance,num_type,step,LB,UB,comment
100,steplog,10,997,1288,--none--
100,steplog,20,1121,1201,--none--
100,steplog,30,1164,1185,--none--
100,steplog,40,1177,1185,--none--
100,steplog,45,1185,1185,status:optimal
100,timelog,45,0.1156771183013916,0,--none--
101,steplog,10,1138,1293,--none--
101,steplog,20,1273,1279,--none--
101,steplog,23,1279,1279,status:optimal
101,timelog,23,0.05277752876281738,0,--none--
102,steplog,10,835,879,--none--
102,steplog,20,872,879,--none--
102,steplog,25,877,877,status:optimal
102,timelog,25,0.05546307563781738,0,--none--
103,steplog,10,1219,1608,--none--
103,steplog,20,1272,1554,--none--
103,steplog,30,1381,1516,--none--
103,steplog,40,1444,1497,--none--
103,steplog,50,1464,1473,--none--
103,steplog,54,1473,1473,status:optimal
103,timelog,54,0.13335299491882324,0,--none--
104,steplog,10,1060,1171,--none--
104,steplog,20,1082,1118,--none--
104,steplog,30,1094,1107,--none--
104,steplog,40,1101,1103,--none--
104,steplog,44,1103,1103,status:optimal
104,timelog,44,0.09776163101196289,0,--none--
105,steplog,10,1400,1590,--none--
105,steplog,20,1510,1568,--none--
105,steplog,30,1550,1568,--none--
105,steplog,35,1566,1566,status:optimal
105,timelog,35,0.07882022857666016,0,--none--
106,steplog,10,1525,1641,--none--
106,steplog,20,1617,1637,--none--
106,steplog,27,1637,1637,status:optimal
106,timelog,27,0.06496191024780273,0,--none--
107,steplog,10,1081,1250,--none--
107,steplog,20,1179,1239,--none--
107,steplog,30,1220,1221,--none--
107,steplog,32,1221,1221,status:optimal
107,timelog,32,0.07029485702514648,0,--none--
108,steplog,10,413,502,--none--
108,steplog,20,436,451,--none--
108,steplog,24,442,442,status:optimal
108,timelog,24,0.060666561126708984,0,--none--
109,steplog,10,1760,1804,--none--
109,steplog,20,1797,1798,--none--
109,steplog,20,1798,1798,status:optimal
109,timelog,20,0.045090436935424805,0,--none--
10,steplog,10,1478,1577,--none--
10,steplog,20,1540,1569,--none--
10,steplog,30,1553,1568,--none--
10,steplog,40,1565,1568,--none--
10,steplog,48,1568,1568,status:optimal
10,timelog,48,0.09757566452026367,0,--none--
110,steplog,10,345,373,--none--
110,steplog,20,359,361,--none--
110,steplog,22,360,360,status:optimal
110,timelog,22,0.05291247367858887,0,--none--
111,steplog,10,1197,1255,--none--
111,steplog,20,1241,1253,--none--
111,steplog,30,1252,1253,--none--
111,steplog,30,1253,1253,status:optimal
111,timelog,30,0.06502509117126465,0,--none--
112,steplog,10,2007,2271,--none--
112,steplog,20,2173,2218,--none--
112,steplog,30,2194,2205,--none--
112,steplog,34,2201,2201,status:optimal
112,timelog,34,0.07686686515808105,0,--none--
113,steplog,10,950,1137,--none--
113,steplog,20,1011,1046,--none--
113,steplog,30,1028,1046,--none--
113,steplog,40,1037,1043,--none--
113,steplog,50,1041,1043,--none--
113,steplog,56,1043,1043,status:optimal
113,timelog,56,0.1275162696838379,0,--none--
114,steplog,10,1910,2176,--none--
114,steplog,20,2068,2160,--none--
114,steplog,30,2108,2144,--none--
114,steplog,40,2117,2144,--none--
114,steplog,50,2124,2144,--none--
114,steplog,60,2128,2144,--none--
114,steplog,70,2136,2144,--none--
114,steplog,80,2141,2144,--none--
114,steplog,90,2142,2144,--none--
114,steplog,97,2144,2144,status:optimal
114,timelog,97,0.20517277717590332,0,--none--
115,steplog,10,405,559,--none--
115,steplog,20,422,476,--none--
115,steplog,30,437,476,--none--
115,steplog,40,450,464,--none--
115,steplog,50,457,463,--none--
115,steplog,58,463,463,status:optimal
115,timelog,58,0.14303827285766602,0,--none--
116,steplog,10,1194,1263,--none--
116,steplog,20,1251,1263,--none--
116,steplog,26,1263,1263,status:optimal
116,timelog,26,0.05935025215148926,0,--none--
117,steplog,10,547,751,--none--
117,steplog,20,620,668,--none--
117,steplog,30,635,642,--none--
117,steplog,37,641,641,status:optimal
117,timelog,37,0.09157514572143555,0,--none--
118,steplog,10,1502,1635,--none--
118,steplog,20,1541,1635,--none--
118,steplog,30,1588,1634,--none--
118,steplog,40,1624,1634,--none--
118,steplog,42,1634,1634,status:optimal
118,timelog,42,0.10162711143493652,0,--none--
119,steplog,10,1266,1338,--none--
119,steplog,20,1310,1313,--none--
119,steplog,24,1313,1313,status:optimal
119,timelog,24,0.05416274070739746,0,--none--
11,steplog,10,535,624,--none--
11,steplog,20,576,606,--none--
11,steplog,30,594,601,--none--
11,steplog,39,599,599,status:optimal
11,timelog,39,0.09160137176513672,0,--none--
120,steplog,10,1112,1343,--none--
120,steplog,20,1202,1268,--none--
120,steplog,30,1236,1250,--none--
120,steplog,38,1249,1249,status:optimal
120,timelog,38,0.09047222137451172,0,--none--
121,steplog,10,1166,1480,--none--
121,steplog,20,1348,1459,--none--
121,steplog,30,1431,1459,--none--
121,steplog,40,1453,1459,--none--
121,steplog,46,1459,1459,status:optimal
121,timelog,46,0.09949064254760742,0,--none--
122,steplog,10,1716,1854,--none--
122,steplog,20,1772,1812,--none--
122,steplog,30,1784,1804,--none--
122,steplog,40,1792,1804,--none--
122,steplog,50,1802,1804,--none--
122,steplog,51,1804,1804,status:optimal
122,timelog,51,0.13422203063964844,0,--none--
123,steplog,10,970,1244,--none--
123,steplog,20,1098,1195,--none--
123,steplog,30,1155,1195,--none--
123,steplog,40,1167,1190,--none--
123,steplog,50,1183,1190,--none--
123,steplog,60,1189,1190,--none--
123,steplog,64,1190,1190,status:optimal
123,timelog,64,0.14033102989196777,0,--none--
124,steplog,10,1787,1927,--none--
124,steplog,20,1840,1898,--none--
124,steplog,30,1859,1890,--none--
124,steplog,40,1879,1890,--none--
124,steplog,50,1889,1890,--none--
124,steplog,50,1890,1890,status:optimal
124,timelog,50,0.10131001472473145,0,--none--
125,steplog,10,957,1266,--none--
125,steplog,20,1029,1190,--none--
125,steplog,30,1116,1190,--none--
125,steplog,40,1175,1186,--none--
125,steplog,50,1183,1186,--none--
125,steplog,54,1186,1186,status:optimal
125,timelog,54,0.12493491172790527,0,--none--
126,steplog,10,911,1144,--none--
126,steplog,20,991,1088,--none--
126,steplog,30,1041,1072,--none--
126,steplog,40,1053,1068,--none--
126,steplog,50,1063,1068,--none--
126,steplog,60,1067,1068,--none--
126,steplog,62,1068,1068,status:optimal
126,timelog,62,0.13164734840393066,0,--none--
127,steplog,10,2040,2334,--none--
127,steplog,20,2184,2302,--none--
127,steplog,30,2249,2302,--none--
127,steplog,40,2268,2302,--none--
127,steplog,50,2286,2302,--none--
127,steplog,60,2298,2302,--none--
127,steplog,61,2302,2302,status:optimal
127,timelog,61,0.13907432556152344,0,--none--
128,steplog,10,649,753,--none--
128,steplog,20,676,709,--none--
128,steplog,30,692,709,--none--
128,steplog,40,701,705,--none--
128,steplog,43,705,705,status:optimal
128,timelog,43,0.09731221199035645,0,--none--
129,steplog,10,1558,2097,--none--
129,steplog,20,1738,1826,--none--
129,steplog,30,1809,1826,--none--
129,steplog,32,1826,1826,status:optimal
129,timelog,32,0.08212780952453613,0,--none--
12,steplog,10,253,315,--none--
12,steplog,20,296,313,--none--
12,steplog,29,307,307,status:optimal
12,timelog,29,0.06322193145751953,0,--none--
130,steplog,10,557,610,--none--
130,steplog,20,594,603,--none--
130,steplog,30,600,603,--none--
130,steplog,39,602,602,status:optimal
130,timelog,39,0.08758115768432617,0,--none--
131,steplog,10,1445,1841,--none--
131,steplog,20,1709,1765,--none--
131,steplog,30,1742,1749,--none--
131,steplog,33,1749,1749,status:optimal
131,timelog,33,0.08115696907043457,0,--none--
132,steplog,10,609,886,--none--
132,steplog,20,742,868,--none--
132,steplog,30,785,842,--none--
132,steplog,40,818,830,--none--
132,steplog,50,828,829,--none--
132,steplog,52,829,829,status:optimal
132,timelog,52,0.12604975700378418,0,--none--
133,steplog,10,2060,2832,--none--
133,steplog,20,2721,2817,--none--
133,steplog,30,2808,2817,--none--
133,steplog,32,2817,2817,status:optimal
133,timelog,32,0.08087849617004395,0,--none--
134,steplog,10,907,1153,--none--
134,steplog,20,1017,1137,--none--
134,steplog,30,1090,1137,--none--
134,steplog,40,1134,1134,--none--
134,steplog,40,1134,1134,status:optimal
134,timelog,40,0.09947443008422852,0,--none--
135,steplog,10,2260,2725,--none--
135,steplog,20,2652,2678,--none--
135,steplog,26,2676,2676,status:optimal
135,timelog,26,0.0671696662902832,0,--none--
136,steplog,10,747,860,--none--
136,steplog,20,806,849,--none--
136,steplog,30,830,845,--none--
136,steplog,40,841,845,--none--
136,steplog,44,844,844,status:optimal
136,timelog,44,0.10418248176574707,0,--none--
137,steplog,10,1520,1605,--none--
137,steplog,20,1590,1600,--none--
137,steplog,30,1598,1600,--none--
137,steplog,33,1600,1600,status:optimal
137,timelog,33,0.07581758499145508,0,--none--
138,steplog,10,1453,1838,--none--
138,steplog,20,1710,1780,--none--
138,steplog,30,1756,1777,--none--
138,steplog,38,1771,1771,status:optimal
138,timelog,38,0.09304618835449219,0,--none--
139,steplog,10,2370,2551,--none--
139,steplog,20,2497,2513,--none--
139,steplog,23,2512,2512,status:optimal
139,timelog,23,0.056627750396728516,0,--none--
13,steplog,10,2228,2485,--none--
13,steplog,20,2363,2441,--none--
13,steplog,30,2392,2439,--none--
13,steplog,40,2405,2433,--none--
13,steplog,50,2419,2433,--none--
13,steplog,60,2427,2431,--none--
13,steplog,67,2431,2431,status:optimal
13,timelog,67,0.1600196361541748,0,--none--
140,steplog,10,1215,1666,--none--
140,steplog,20,1538,1625,--none--
140,steplog,30,1603,1625,--none--
140,steplog,40,1611,1625,--none--
140,steplog,49,1617,1617,status:optimal
140,timelog,49,0.13564348220825195,0,--none--
141,steplog,10,1212,1459,--none--
141,steplog,20,1349,1371,--none--
141,steplog,30,1364,1371,--none--
141,steplog,37,1371,1371,status:optimal
141,timelog,37,0.09117960929870605,0,--none--
142,steplog,10,695,726,--none--
142,steplog,20,711,718,--none--
142,steplog,22,718,718,status:optimal
142,timelog,22,0.10893058776855469,0,--none--
143,steplog,10,1701,1968,--none--
143,steplog,20,1880,1942,--none--
143,steplog,30,1931,1942,--none--
143,steplog,34,1940,1940,status:optimal
143,timelog,34,0.09743738174438477,0,--none--
144,steplog,10,813,1120,--none--
144,steplog,20,971,994,--none--
144,steplog,30,986,989,--none--
144,steplog,33,988,988,status:optimal
144,timelog,33,0.0908660888671875,0,--none--
145,steplog,10,1194,1230,--none--
145,steplog,20,1228,1230,--none--
145,steplog,20,1230,1230,status:optimal
145,timelog,20,0.049056053161621094,0,--none--
146,steplog,10,770,974,--none--
146,steplog,20,806,875,--none--
146,steplog,30,840,875,--none--
146,steplog,40,865,873,--none--
146,steplog,48,873,873,status:optimal
146,timelog,48,0.1298961639404297,0,--none--
147,steplog,10,780,898,--none--
147,steplog,20,823,853,--none--
147,steplog,30,837,840,--none--
147,steplog,33,839,839,status:optimal
147,timelog,33,0.1972179412841797,0,--none--
148,steplog,10,1154,1416,--none--
148,steplog,20,1318,1374,--none--
148,steplog,30,1346,1349,--none--
148,steplog,31,1349,1349,status:optimal
148,timelog,31,0.16916179656982422,0,--none--
149,steplog,10,702,774,--none--
149,steplog,20,752,764,--none--
149,steplog,30,759,761,--none--
149,steplog,32,761,761,status:optimal
149,timelog,32,0.08536648750305176,0,--none--
14,steplog,10,2776,2984,--none--
14,steplog,20,2931,2968,--none--
14,steplog,30,2957,2959,--none--
14,steplog,31,2959,2959,status:optimal
14,timelog,31,0.08584356307983398,0,--none--
150,steplog,10,488,608,--none--
150,steplog,20,523,559,--none--
150,steplog,30,534,549,--none--
150,steplog,40,540,549,--none--
150,steplog,50,545,549,--none--
150,steplog,57,549,549,status:optimal
150,timelog,57,0.13526558876037598,0,--none--
151,steplog,10,3002,3137,--none--
151,steplog,20,3096,3136,--none--
151,steplog,29,3119,3119,status:optimal
151,timelog,29,0.07341480255126953,0,--none--
152,steplog,10,1280,1401,--none--
152,steplog,20,1313,1315,--none--
152,steplog,24,1315,1315,status:optimal
152,timelog,24,0.06544375419616699,0,--none--
153,steplog,10,435,602,--none--
153,steplog,20,548,552,--none--
153,steplog,24,551,551,status:optimal
153,timelog,24,0.06296849250793457,0,--none--
154,steplog,10,2324,2558,--none--
154,steplog,20,2543,2558,--none--
154,steplog,24,2558,2558,status:optimal
154,timelog,24,0.056668996810913086,0,--none--
155,steplog,10,384,461,--none--
155,steplog,20,420,429,--none--
155,steplog,30,424,425,--none--
155,steplog,32,425,425,status:optimal
155,timelog,32,0.08441305160522461,0,--none--
156,steplog,10,380,982,--none--
156,steplog,20,412,541,--none--
156,steplog,30,430,541,--none--
156,steplog,40,497,532,--none--
156,steplog,50,518,532,--none--
156,steplog,60,524,532,--none--
156,steplog,70,529,531,--none--
156,steplog,74,531,531,status:optimal
156,timelog,74,0.186476469039917,0,--none--
157,steplog,10,599,809,--none--
157,steplog,20,624,746,--none--
157,steplog,30,658,699,--none--
157,steplog,40,677,692,--none--
157,steplog,50,688,692,--none--
157,steplog,60,691,692,--none--
157,steplog,61,691,691,status:optimal
157,timelog,61,0.1369624137878418,0,--none--
158,steplog,10,1247,1393,--none--
158,steplog,20,1292,1393,--none--
158,steplog,30,1312,1364,--none--
158,steplog,40,1332,1358,--none--
158,steplog,50,1348,1358,--none--
158,steplog,60,1356,1358,--none--
158,steplog,60,1358,1358,status:optimal
158,timelog,60,0.13818359375,0,--none--
159,steplog,10,256,310,--none--
159,steplog,20,277,296,--none--
159,steplog,30,282,294,--none--
159,steplog,40,286,288,--none--
159,steplog,47,288,288,status:optimal
159,timelog,47,0.10531902313232422,0,--none--
15,steplog,10,1983,2145,--none--
15,steplog,20,2123,2134,--none--
15,steplog,22,2134,2134,status:optimal
15,timelog,22,0.05919289588928223,0,--none--
160,steplog,10,1655,1939,--none--
160,steplog,20,1749,1819,--none--
160,steplog,30,1804,1819,--none--
160,steplog,40,1812,1819,--none--
160,steplog,50,1816,1817,--none--
160,steplog,55,1817,1817,status:optimal
160,timelog,55,0.13029909133911133,0,--none--
161,steplog,10,1419,1681,--none--
161,steplog,20,1525,1585,--none--
161,steplog,30,1538,1572,--none--
161,steplog,40,1542,1572,--none--
161,steplog,50,1552,1572,--none--
161,steplog,60,1564,1571,--none--
161,steplog,70,1568,1571,--none--
161,steplog,80,1569,1571,--none--
161,steplog,83,1571,1571,status:optimal
161,timelog,83,0.18999624252319336,0,--none--
162,steplog,10,946,1232,--none--
162,steplog,20,972,1147,--none--
162,steplog,30,994,1147,--none--
162,steplog,40,1065,1138,--none--
162,steplog,50,1092,1138,--none--
162,steplog,60,1107,1134,--none--
162,steplog,70,1113,1132,--none--
162,steplog,80,1119,1132,--none--
162,steplog,90,1123,1132,--none--
162,steplog,100,1126,1132,--none--
162,steplog,110,1131,1132,--none--
162,steplog,112,1132,1132,status:optimal
162,timelog,112,0.2581603527069092,0,--none--
163,steplog,10,417,550,--none--
163,steplog,20,523,550,--none--
163,steplog,28,537,537,status:optimal
163,timelog,28,0.0673973560333252,0,--none--
164,steplog,10,781,862,--none--
164,steplog,20,818,837,--none--
164,steplog,30,830,833,--none--
164,steplog,35,833,833,status:optimal
164,timelog,35,0.08225250244140625,0,--none--
165,steplog,10,1718,1878,--none--
165,steplog,19,1821,1821,status:optimal
165,timelog,19,0.0518946647644043,0,--none--
166,steplog,10,917,1015,--none--
166,steplog,20,947,966,--none--
166,steplog,30,960,966,--none--
166,steplog,38,966,966,status:optimal
166,timelog,38,0.09306073188781738,0,--none--
167,steplog,10,1909,2163,--none--
167,steplog,20,2093,2130,--none--
167,steplog,30,2125,2127,--none--
167,steplog,31,2127,2127,status:optimal
167,timelog,31,0.07234525680541992,0,--none--
168,steplog,10,932,1046,--none--
168,steplog,20,1007,1028,--none--
168,steplog,27,1028,1028,status:optimal
168,timelog,27,0.06832718849182129,0,--none--
169,steplog,10,1322,1530,--none--
169,steplog,20,1397,1491,--none--
169,steplog,30,1432,1439,--none--
169,steplog,36,1439,1439,status:optimal
169,timelog,36,0.08174324035644531,0,--none--
16,steplog,10,536,731,--none--
16,steplog,20,568,637,--none--
16,steplog,30,591,633,--none--
16,steplog,40,623,633,--none--
16,steplog,50,632,633,--none--
16,steplog,53,633,633,status:optimal
16,timelog,53,0.11604475975036621,0,--none--
170,steplog,10,5049,5275,--none--
170,steplog,20,5217,5275,--none--
170,steplog,30,5267,5275,--none--
170,steplog,32,5275,5275,status:optimal
170,timelog,32,0.08587050437927246,0,--none--
171,steplog,10,774,977,--none--
171,steplog,20,853,930,--none--
171,steplog,30,887,916,--none--
171,steplog,40,900,916,--none--
171,steplog,50,906,914,--none--
171,steplog,60,912,914,--none--
171,steplog,64,914,914,status:optimal
171,timelog,64,0.13698983192443848,0,--none--
172,steplog,10,1615,2057,--none--
172,steplog,20,1785,1905,--none--
172,steplog,30,1855,1887,--none--
172,steplog,40,1875,1879,--none--
172,steplog,41,1879,1879,status:optimal
172,timelog,41,0.10868525505065918,0,--none--
173,steplog,10,1233,1413,--none--
173,steplog,20,1362,1384,--none--
173,steplog,29,1380,1380,status:optimal
173,timelog,29,0.0667109489440918,0,--none--
174,steplog,10,608,815,--none--
174,steplog,20,646,737,--none--
174,steplog,30,665,737,--none--
174,steplog,40,681,737,--none--
174,steplog,50,694,725,--none--
174,steplog,60,710,725,--none--
174,steplog,70,720,725,--none--
174,steplog,77,722,722,status:optimal
174,timelog,77,0.18394088745117188,0,--none--
175,steplog,10,978,1164,--none--
175,steplog,20,1086,1137,--none--
175,steplog,30,1101,1108,--none--
175,steplog,38,1107,1107,status:optimal
175,timelog,38,0.0897059440612793,0,--none--
176,steplog,10,660,761,--none--
176,steplog,20,716,728,--none--
176,steplog,30,724,726,--none--
176,steplog,31,726,726,status:optimal
176,timelog,31,0.07916712760925293,0,--none--
177,steplog,10,1162,1244,--none--
177,steplog,20,1242,1244,--none--
177,steplog,21,1244,1244,status:optimal
177,timelog,21,0.048201560974121094,0,--none--
178,steplog,10,2474,2509,--none--
178,steplog,20,2504,2505,--none--
178,steplog,22,2505,2505,status:optimal
178,timelog,22,0.05435800552368164,0,--none--
179,steplog,10,849,973,--none--
179,steplog,20,875,932,--none--
179,steplog,30,900,922,--none--
179,steplog,40,913,922,--none--
179,steplog,50,921,922,--none--
179,steplog,52,922,922,status:optimal
179,timelog,52,0.12450265884399414,0,--none--
17,steplog,10,1608,2399,--none--
17,steplog,20,2158,2375,--none--
17,steplog,30,2231,2363,--none--
17,steplog,40,2304,2359,--none--
17,steplog,48,2333,2333,status:optimal
17,timelog,48,0.1279747486114502,0,--none--
180,steplog,10,812,911,--none--
180,steplog,20,846,878,--none--
180,steplog,30,867,878,--none--
180,steplog,37,874,874,status:optimal
180,timelog,37,0.09284305572509766,0,--none--
181,steplog,10,1342,1914,--none--
181,steplog,20,1524,1649,--none--
181,steplog,30,1600,1612,--none--
181,steplog,40,1606,1611,--none--
181,steplog,50,1609,1611,--none--
181,steplog,51,1611,1611,status:optimal
181,timelog,51,0.12088131904602051,0,--none--
182,steplog,10,516,631,--none--
182,steplog,20,569,590,--none--
182,steplog,28,590,590,status:optimal
182,timelog,28,0.07314109802246094,0,--none--
183,steplog,10,1511,1579,--none--
183,steplog,17,1544,1544,status:optimal
183,timelog,17,0.04419875144958496,0,--none--
184,steplog,10,2104,2255,--none--
184,steplog,20,2231,2243,--none--
184,steplog,22,2235,2235,status:optimal
184,timelog,22,0.0532221794128418,0,--none--
185,steplog,10,1314,1384,--none--
185,steplog,20,1362,1382,--none--
185,steplog,30,1374,1375,--none--
185,steplog,31,1375,1375,status:optimal
185,timelog,31,0.07101917266845703,0,--none--
186,steplog,10,3103,3688,--none--
186,steplog,20,3595,3688,--none--
186,steplog,29,3688,3688,status:optimal
186,timelog,29,0.06570720672607422,0,--none--
187,steplog,10,721,838,--none--
187,steplog,20,770,786,--none--
187,steplog,30,779,786,--none--
187,steplog,38,786,786,status:optimal
187,timelog,38,0.09162020683288574,0,--none--
188,steplog,10,881,1303,--none--
188,steplog,20,1154,1248,--none--
188,steplog,30,1181,1244,--none--
188,steplog,40,1209,1227,--none--
188,steplog,50,1216,1227,--none--
188,steplog,60,1223,1227,--none--
188,steplog,66,1227,1227,status:optimal
188,timelog,66,0.17168402671813965,0,--none--
189,steplog,10,1121,1184,--none--
189,steplog,20,1162,1171,--none--
189,steplog,22,1164,1164,status:optimal
189,timelog,22,0.055966854095458984,0,--none--
18,steplog,10,555,670,--none--
18,steplog,20,658,669,--none--
18,steplog,24,659,659,status:optimal
18,timelog,24,0.060929298400878906,0,--none--
190,steplog,10,238,242,--none--
190,steplog,20,240,240,--none--
190,steplog,20,240,240,status:optimal
190,timelog,20,0.046408891677856445,0,--none--
191,steplog,10,1387,1503,--none--
191,steplog,20,1422,1468,--none--
191,steplog,30,1435,1454,--none--
191,steplog,40,1446,1448,--none--
191,steplog,43,1448,1448,status:optimal
191,timelog,43,0.09817337989807129,0,--none--
192,steplog,10,371,417,--none--
192,steplog,20,380,413,--none--
192,steplog,30,396,411,--none--
192,steplog,40,408,410,--none--
192,steplog,42,410,410,status:optimal
192,timelog,42,0.10828495025634766,0,--none--
193,steplog,10,910,1178,--none--
193,steplog,20,1064,1109,--none--
193,steplog,30,1087,1102,--none--
193,steplog,40,1097,1099,--none--
193,steplog,46,1099,1099,status:optimal
193,timelog,46,0.10329461097717285,0,--none--
194,steplog,10,901,1461,--none--
194,steplog,20,1118,1447,--none--
194,steplog,30,1185,1360,--none--
194,steplog,40,1239,1360,--none--
194,steplog,50,1291,1345,--none--
194,steplog,60,1321,1345,--none--
194,steplog,70,1337,1345,--none--
194,steplog,78,1345,1345,status:optimal
194,timelog,78,0.23034906387329102,0,--none--
195,steplog,10,486,732,--none--
195,steplog,20,611,674,--none--
195,steplog,30,639,674,--none--
195,steplog,40,667,674,--none--
195,steplog,46,673,673,status:optimal
195,timelog,46,0.12136411666870117,0,--none--
196,steplog,10,491,570,--none--
196,steplog,20,522,566,--none--
196,steplog,30,549,555,--none--
196,steplog,38,555,555,status:optimal
196,timelog,38,0.09663534164428711,0,--none--
197,steplog,10,594,909,--none--
197,steplog,20,694,909,--none--
197,steplog,30,878,898,--none--
197,steplog,36,895,895,status:optimal
197,timelog,36,0.15644478797912598,0,--none--
198,steplog,10,671,817,--none--
198,steplog,20,714,763,--none--
198,steplog,30,742,748,--none--
198,steplog,40,747,747,--none--
198,steplog,40,747,747,status:optimal
198,timelog,40,0.11036801338195801,0,--none--
199,steplog,10,459,739,--none--
199,steplog,20,670,697,--none--
199,steplog,30,690,696,--none--
199,steplog,31,693,693,status:optimal
199,timelog,31,0.11896705627441406,0,--none--
19,steplog,10,1328,1481,--none--
19,steplog,20,1449,1468,--none--
19,steplog,25,1468,1468,status:optimal
19,timelog,25,0.0771021842956543,0,--none--
1,steplog,10,2207,2611,--none--
1,steplog,20,2392,2508,--none--
1,steplog,30,2468,2503,--none--
1,steplog,40,2490,2495,--none--
1,steplog,45,2495,2495,status:optimal
1,timelog,45,0.10982871055603027,0,--none--
200,steplog,10,1433,1484,--none--
200,steplog,20,1478,1484,--none--
200,steplog,21,1479,1479,status:optimal
200,timelog,21,0.07770323753356934,0,--none--
201,steplog,10,1107,1340,--none--
201,steplog,20,1212,1279,--none--
201,steplog,30,1257,1279,--none--
201,steplog,40,1278,1279,--none--
201,steplog,40,1279,1279,status:optimal
201,timelog,40,0.09659361839294434,0,--none--
202,steplog,10,893,1104,--none--
202,steplog,20,1021,1054,--none--
202,steplog,30,1046,1053,--none--
202,steplog,40,1052,1053,--none--
202,steplog,41,1053,1053,status:optimal
202,timelog,41,0.11062860488891602,0,--none--
203,steplog,10,2697,2890,--none--
203,steplog,20,2835,2859,--none--
203,steplog,27,2859,2859,status:optimal
203,timelog,27,0.06477999687194824,0,--none--
204,steplog,10,564,632,--none--
204,steplog,20,598,631,--none--
204,steplog,30,614,623,--none--
204,steplog,37,622,622,status:optimal
204,timelog,37,0.0914907455444336,0,--none--
205,steplog,10,692,796,--none--
205,steplog,20,721,725,--none--
205,steplog,27,725,725,status:optimal
205,timelog,27,0.06361865997314453,0,--none--
206,steplog,10,1930,1953,--none--
206,steplog,20,1949,1951,--none--
206,steplog,24,1951,1951,status:optimal
206,timelog,24,0.06086564064025879,0,--none--
207,steplog,10,1715,2252,--none--
207,steplog,20,2037,2219,--none--
207,steplog,30,2133,2202,--none--
207,steplog,40,2167,2190,--none--
207,steplog,50,2187,2190,--none--
207,steplog,52,2190,2190,status:optimal
207,timelog,52,0.13592123985290527,0,--none--
208,steplog,10,532,569,--none--
208,steplog,20,551,552,--none--
208,steplog,20,552,552,status:optimal
208,timelog,20,0.050797462463378906,0,--none--
209,steplog,10,1190,1517,--none--
209,steplog,20,1350,1451,--none--
209,steplog,30,1386,1451,--none--
209,steplog,40,1422,1451,--none--
209,steplog,50,1439,1451,--none--
209,steplog,56,1451,1451,status:optimal
209,timelog,56,0.1216127872467041,0,--none--
20,steplog,10,821,922,--none--
20,steplog,20,863,886,--none--
20,steplog,30,882,886,--none--
20,steplog,33,885,885,status:optimal
20,timelog,33,0.08038592338562012,0,--none--
210,steplog,10,1187,1327,--none--
210,steplog,20,1262,1293,--none--
210,steplog,27,1283,1283,status:optimal
210,timelog,27,0.07235860824584961,0,--none--
211,steplog,10,495,786,--none--
211,steplog,20,586,696,--none--
211,steplog,30,602,662,--none--
211,steplog,40,611,662,--none--
211,steplog,50,621,662,--none--
211,steplog,60,627,662,--none--
211,steplog,70,633,654,--none--
211,steplog,80,638,654,--none--
211,steplog,90,643,654,--none--
211,steplog,100,647,654,--none--
211,steplog,110,652,653,--none--
211,steplog,112,653,653,status:optimal
211,timelog,112,0.2973337173461914,0,--none--
212,steplog,10,1847,2275,--none--
212,steplog,20,2155,2184,--none--
212,steplog,26,2183,2183,status:optimal
212,timelog,26,0.06238389015197754,0,--none--
213,steplog,10,816,889,--none--
213,steplog,20,848,861,--none--
213,steplog,30,858,859,--none--
213,steplog,32,859,859,status:optimal
213,timelog,32,0.07626843452453613,0,--none--
214,steplog,10,341,460,--none--
214,steplog,20,417,445,--none--
214,steplog,30,430,442,--none--
214,steplog,40,436,440,--none--
214,steplog,50,437,439,--none--
214,steplog,54,439,439,status:optimal
214,timelog,54,0.12296605110168457,0,--none--
215,steplog,10,1003,1174,--none--
215,steplog,20,1122,1149,--none--
215,steplog,30,1139,1144,--none--
215,steplog,40,1142,1143,--none--
215,steplog,40,1143,1143,status:optimal
215,timelog,40,0.10396146774291992,0,--none--
216,steplog,10,685,937,--none--
216,steplog,20,742,843,--none--
216,steplog,30,778,827,--none--
216,steplog,40,810,827,--none--
216,steplog,50,814,824,--none--
216,steplog,54,818,818,status:optimal
216,timelog,54,0.13971376419067383,0,--none--
217,steplog,10,636,825,--none--
217,steplog,20,719,799,--none--
217,steplog,30,752,798,--none--
217,steplog,40,771,790,--none--
217,steplog,50,781,788,--none--
217,steplog,60,783,788,--none--
217,steplog,70,787,788,--none--
217,steplog,75,788,788,status:optimal
217,timelog,75,0.17609238624572754,0,--none--
218,steplog,10,979,1098,--none--
218,steplog,20,1007,1075,--none--
218,steplog,30,1023,1053,--none--
218,steplog,40,1031,1053,--none--
218,steplog,50,1036,1043,--none--
218,steplog,60,1039,1043,--none--
218,steplog,70,1042,1043,--none--
218,steplog,71,1043,1043,status:optimal
218,timelog,71,0.16243290901184082,0,--none--
219,steplog,10,877,945,--none--
219,steplog,20,918,929,--none--
219,steplog,26,927,927,status:optimal
219,timelog,26,0.06434512138366699,0,--none--
21,steplog,10,1382,1698,--none--
21,steplog,20,1457,1577,--none--
21,steplog,30,1511,1577,--none--
21,steplog,40,1528,1577,--none--
21,steplog,50,1545,1576,--none--
21,steplog,60,1553,1570,--none--
21,steplog,70,1558,1568,--none--
21,steplog,80,1560,1567,--none--
21,steplog,90,1563,1567,--none--
21,steplog,100,1564,1567,--none--
21,steplog,110,1566,1567,--none--
21,steplog,112,1567,1567,status:optimal
21,timelog,112,0.25253891944885254,0,--none--
220,steplog,10,1883,1996,--none--
220,steplog,19,1996,1996,status:optimal
220,timelog,19,0.05158114433288574,0,--none--
221,steplog,10,852,1028,--none--
221,steplog,20,992,1018,--none--
221,steplog,26,1018,1018,status:optimal
221,timelog,26,0.06342196464538574,0,--none--
222,steplog,10,522,617,--none--
222,steplog,20,606,612,--none--
222,steplog,25,611,611,status:optimal
222,timelog,25,0.05795764923095703,0,--none--
223,steplog,10,2483,2665,--none--
223,steplog,20,2610,2655,--none--
223,steplog,30,2635,2655,--none--
223,steplog,40,2647,2655,--none--
223,steplog,50,2650,2651,--none--
223,steplog,50,2651,2651,status:optimal
223,timelog,50,0.11039519309997559,0,--none--
224,steplog,10,1336,1384,--none--
224,steplog,16,1369,1369,status:optimal
224,timelog,16,0.04635930061340332,0,--none--
225,steplog,10,881,1054,--none--
225,steplog,20,982,992,--none--
225,steplog,24,989,989,status:optimal
225,timelog,24,0.05898332595825195,0,--none--
226,steplog,10,1056,1448,--none--
226,steplog,20,1326,1408,--none--
226,steplog,30,1388,1404,--none--
226,steplog,36,1404,1404,status:optimal
226,timelog,36,0.08573532104492188,0,--none--
227,steplog,10,945,1046,--none--
227,steplog,20,1000,1041,--none--
227,steplog,30,1012,1028,--none--
227,steplog,36,1027,1027,status:optimal
227,timelog,36,0.09025955200195312,0,--none--
228,steplog,10,2256,2454,--none--
228,steplog,20,2435,2443,--none--
228,steplog,27,2443,2443,status:optimal
228,timelog,27,0.062268733978271484,0,--none--
229,steplog,10,3714,3748,--none--
229,steplog,20,3747,3748,--none--
229,steplog,20,3748,3748,status:optimal
229,timelog,20,0.05307626724243164,0,--none--
22,steplog,10,750,816,--none--
22,steplog,20,778,799,--none--
22,steplog,30,797,797,--none--
22,steplog,30,797,797,status:optimal
22,timelog,30,0.06975841522216797,0,--none--
230,steplog,10,659,795,--none--
230,steplog,20,725,791,--none--
230,steplog,30,764,785,--none--
230,steplog,40,770,773,--none--
230,steplog,50,772,773,--none--
230,steplog,51,772,772,status:optimal
230,timelog,51,0.1159820556640625,0,--none--
231,steplog,10,689,728,--none--
231,steplog,17,708,708,status:optimal
231,timelog,17,0.04225635528564453,0,--none--
232,steplog,10,1366,1419,--none--
232,steplog,17,1404,1404,status:optimal
232,timelog,17,0.0445864200592041,0,--none--
233,steplog,10,655,670,--none--
233,steplog,17,667,667,status:optimal
233,timelog,17,0.045891761779785156,0,--none--
234,steplog,10,468,633,--none--
234,steplog,20,556,608,--none--
234,steplog,30,581,606,--none--
234,steplog,40,594,595,--none--
234,steplog,40,595,595,status:optimal
234,timelog,40,0.10789704322814941,0,--none--
235,steplog,10,1829,1886,--none--
235,steplog,17,1866,1866,status:optimal
235,timelog,17,0.043106794357299805,0,--none--
236,steplog,10,1863,2032,--none--
236,steplog,20,1923,1980,--none--
236,steplog,30,1962,1980,--none--
236,steplog,40,1979,1980,--none--
236,steplog,40,1980,1980,status:optimal
236,timelog,40,0.11798977851867676,0,--none--
237,steplog,10,1170,1194,--none--
237,steplog,20,1190,1193,--none--
237,steplog,23,1193,1193,status:optimal
237,timelog,23,0.05845189094543457,0,--none--
238,steplog,10,1135,1393,--none--
238,steplog,20,1248,1320,--none--
238,steplog,30,1288,1308,--none--
238,steplog,40,1303,1308,--none--
238,steplog,47,1308,1308,status:optimal
238,timelog,47,0.11103320121765137,0,--none--
239,steplog,10,1416,1882,--none--
239,steplog,20,1648,1773,--none--
239,steplog,30,1696,1773,--none--
239,steplog,40,1739,1773,--none--
239,steplog,50,1768,1769,--none--
239,steplog,52,1769,1769,status:optimal
239,timelog,52,0.13202190399169922,0,--none--
23,steplog,10,3152,3537,--none--
23,steplog,20,3373,3501,--none--
23,steplog,30,3449,3473,--none--
23,steplog,40,3471,3473,--none--
23,steplog,40,3473,3473,status:optimal
23,timelog,40,0.09889078140258789,0,--none--
240,steplog,10,574,721,--none--
240,steplog,20,675,713,--none--
240,steplog,30,693,708,--none--
240,steplog,40,703,708,--none--
240,steplog,47,707,707,status:optimal
240,timelog,47,0.12127923965454102,0,--none--
241,steplog,10,770,887,--none--
241,steplog,20,852,886,--none--
241,steplog,30,871,879,--none--
241,steplog,31,875,875,status:optimal
241,timelog,31,0.0810394287109375,0,--none--
242,steplog,10,2870,3334,--none--
242,steplog,20,3245,3299,--none--
242,steplog,26,3299,3299,status:optimal
242,timelog,26,0.07474374771118164,0,--none--
243,steplog,10,1176,1546,--none--
243,steplog,20,1391,1470,--none--
243,steplog,30,1438,1470,--none--
243,steplog,40,1462,1470,--none--
243,steplog,45,1470,1470,status:optimal
243,timelog,45,0.10791230201721191,0,--none--
244,steplog,10,668,1046,--none--
244,steplog,20,972,1046,--none--
244,steplog,30,1012,1044,--none--
244,steplog,40,1028,1044,--none--
244,steplog,50,1035,1036,--none--
244,steplog,50,1036,1036,status:optimal
244,timelog,50,0.11605191230773926,0,--none--
245,steplog,10,1389,1634,--none--
245,steplog,20,1594,1616,--none--
245,steplog,26,1616,1616,status:optimal
245,timelog,26,0.07304096221923828,0,--none--
246,steplog,10,1082,1271,--none--
246,steplog,20,1135,1144,--none--
246,steplog,25,1143,1143,status:optimal
246,timelog,25,0.07329320907592773,0,--none--
247,steplog,10,460,476,--none--
247,steplog,19,473,473,status:optimal
247,timelog,19,0.06972146034240723,0,--none--
248,steplog,10,855,1085,--none--
248,steplog,20,1006,1049,--none--
248,steplog,28,1040,1040,status:optimal
248,timelog,28,0.08459138870239258,0,--none--
249,steplog,10,2018,2129,--none--
249,steplog,20,2090,2104,--none--
249,steplog,29,2103,2103,status:optimal
249,timelog,29,0.09479236602783203,0,--none--
24,steplog,10,1323,1408,--none--
24,steplog,20,1379,1384,--none--
24,steplog,29,1383,1383,status:optimal
24,timelog,29,0.14084625244140625,0,--none--
250,steplog,10,2044,2132,--none--
250,steplog,20,2118,2132,--none--
250,steplog,27,2132,2132,status:optimal
250,timelog,27,0.09584712982177734,0,--none--
25,steplog,10,1946,2056,--none--
25,steplog,20,2008,2050,--none--
25,steplog,30,2033,2038,--none--
25,steplog,34,2037,2037,status:optimal
25,timelog,34,0.13879704475402832,0,--none--
26,steplog,10,541,565,--none--
26,steplog,16,564,564,status:optimal
26,timelog,16,0.056030988693237305,0,--none--
27,steplog,10,2806,3017,--none--
27,steplog,20,2908,2993,--none--
27,steplog,30,2947,2993,--none--
27,steplog,40,2974,2992,--none--
27,steplog,50,2988,2992,--none--
27,steplog,53,2989,2989,status:optimal
27,timelog,53,0.12285804748535156,0,--none--
28,steplog,10,241,286,--none--
28,steplog,20,263,268,--none--
28,steplog,27,267,267,status:optimal
28,timelog,27,0.06049537658691406,0,--none--
29,steplog,10,348,417,--none--
29,steplog,20,396,409,--none--
29,steplog,29,401,401,status:optimal
29,timelog,29,0.07297635078430176,0,--none--
2,steplog,10,962,1532,--none--
2,steplog,20,1192,1511,--none--
2,steplog,30,1321,1456,--none--
2,steplog,40,1417,1431,--none--
2,steplog,50,1428,1431,--none--
2,steplog,51,1431,1431,status:optimal
2,timelog,51,0.12849116325378418,0,--none--
30,steplog,10,1280,1382,--none--
30,steplog,20,1359,1382,--none--
30,steplog,23,1382,1382,status:optimal
30,timelog,23,0.062029123306274414,0,--none--
31,steplog,10,685,807,--none--
31,steplog,20,741,772,--none--
31,steplog,30,755,772,--none--
31,steplog,40,765,772,--none--
31,steplog,45,772,772,status:optimal
31,timelog,45,0.10466790199279785,0,--none--
32,steplog,10,1121,1201,--none--
32,steplog,19,1191,1191,status:optimal
32,timelog,19,0.042760372161865234,0,--none--
33,steplog,10,524,670,--none--
33,steplog,20,604,670,--none--
33,steplog,30,618,651,--none--
33,steplog,40,639,649,--none--
33,steplog,50,646,649,--none--
33,steplog,51,649,649,status:optimal
33,timelog,51,0.10975885391235352,0,--none--
34,steplog,10,1217,1532,--none--
34,steplog,20,1361,1446,--none--
34,steplog,30,1421,1446,--none--
34,steplog,38,1446,1446,status:optimal
34,timelog,38,0.10553789138793945,0,--none--
35,steplog,10,2509,2598,--none--
35,steplog,20,2586,2593,--none--
35,steplog,25,2593,2593,status:optimal
35,timelog,25,0.05661129951477051,0,--none--
36,steplog,10,545,600,--none--
36,steplog,20,580,581,--none--
36,steplog,20,581,581,status:optimal
36,timelog,20,0.05105018615722656,0,--none--
37,steplog,10,723,1088,--none--
37,steplog,20,798,1012,--none--
37,steplog,30,892,932,--none--
37,steplog,40,915,932,--none--
37,steplog,50,927,932,--none--
37,steplog,54,932,932,status:optimal
37,timelog,54,0.14388155937194824,0,--none--
38,steplog,10,931,1079,--none--
38,steplog,20,953,1007,--none--
38,steplog,30,965,1007,--none--
38,steplog,40,977,1007,--none--
38,steplog,50,985,1007,--none--
38,steplog,60,1001,1007,--none--
38,steplog,70,1005,1007,--none--
38,steplog,70,1007,1007,status:optimal
38,timelog,70,0.17343950271606445,0,--none--
39,steplog,10,1172,1367,--none--
39,steplog,20,1318,1360,--none--
39,steplog,30,1346,1358,--none--
39,steplog,40,1355,1357,--none--
39,steplog,42,1357,1357,status:optimal
39,timelog,42,0.09375667572021484,0,--none--
3,steplog,10,4118,4258,--none--
3,steplog,20,4190,4249,--none--
3,steplog,30,4235,4249,--none--
3,steplog,37,4249,4249,status:optimal
3,timelog,37,0.08966970443725586,0,--none--
40,steplog,10,332,394,--none--
40,steplog,20,357,382,--none--
40,steplog,30,363,370,--none--
40,steplog,40,366,370,--none--
40,steplog,50,367,370,--none--
40,steplog,60,369,370,--none--
40,steplog,62,370,370,status:optimal
40,timelog,62,0.1351633071899414,0,--none--
41,steplog,10,958,1057,--none--
41,steplog,20,1022,1040,--none--
41,steplog,30,1038,1040,--none--
41,steplog,33,1040,1040,status:optimal
41,timelog,33,0.07063055038452148,0,--none--
42,steplog,10,595,645,--none--
42,steplog,20,621,637,--none--
42,steplog,30,628,632,--none--
42,steplog,40,629,632,--none--
42,steplog,45,631,631,status:optimal
42,timelog,45,0.10129332542419434,0,--none--
43,steplog,10,708,901,--none--
43,steplog,20,844,897,--none--
43,steplog,30,869,878,--none--
43,steplog,40,874,877,--none--
43,steplog,50,876,877,--none--
43,steplog,52,877,877,status:optimal
43,timelog,52,0.12780046463012695,0,--none--
44,steplog,10,950,1162,--none--
44,steplog,20,1060,1154,--none--
44,steplog,30,1121,1134,--none--
44,steplog,36,1134,1134,status:optimal
44,timelog,36,0.08502435684204102,0,--none--
45,steplog,10,1055,1144,--none--
45,steplog,20,1094,1097,--none--
45,steplog,24,1097,1097,status:optimal
45,timelog,24,0.059651851654052734,0,--none--
46,steplog,10,1165,1581,--none--
46,steplog,20,1381,1542,--none--
46,steplog,30,1473,1535,--none--
46,steplog,40,1500,1526,--none--
46,steplog,50,1514,1526,--none--
46,steplog,60,1522,1526,--none--
46,steplog,67,1526,1526,status:optimal
46,timelog,67,0.1506192684173584,0,--none--
47,steplog,10,981,1201,--none--
47,steplog,20,1176,1180,--none--
47,steplog,25,1180,1180,status:optimal
47,timelog,25,0.06286144256591797,0,--none--
48,steplog,10,891,1045,--none--
48,steplog,20,998,1045,--none--
48,steplog,30,1031,1044,--none--
48,steplog,38,1041,1041,status:optimal
48,timelog,38,0.08676481246948242,0,--none--
49,steplog,10,613,771,--none--
49,steplog,20,701,734,--none--
49,steplog,30,726,732,--none--
49,steplog,36,732,732,status:optimal
49,timelog,36,0.08684039115905762,0,--none--
4,steplog,10,3313,3649,--none--
4,steplog,20,3517,3622,--none--
4,steplog,30,3592,3604,--none--
4,steplog,39,3601,3601,status:optimal
4,timelog,39,0.09457254409790039,0,--none--
50,steplog,10,249,275,--none--
50,steplog,20,257,262,--none--
50,steplog,30,260,262,--none--
50,steplog,33,260,260,status:optimal
50,timelog,33,0.06935572624206543,0,--none--
51,steplog,10,487,604,--none--
51,steplog,20,524,582,--none--
51,steplog,30,543,570,--none--
51,steplog,40,555,570,--none--
51,steplog,50,563,570,--none--
51,steplog,60,568,569,--none--
51,steplog,62,569,569,status:optimal
51,timelog,62,0.1569511890411377,0,--none--
52,steplog,10,1284,1540,--none--
52,steplog,20,1463,1518,--none--
52,steplog,28,1514,1514,status:optimal
52,timelog,28,0.06313443183898926,0,--none--
53,steplog,10,485,963,--none--
53,steplog,20,746,836,--none--
53,steplog,30,810,833,--none--
53,steplog,40,821,833,--none--
53,steplog,50,828,833,--none--
53,steplog,55,833,833,status:optimal
53,timelog,55,0.13072991371154785,0,--none--
54,steplog,10,560,725,--none--
54,steplog,20,623,664,--none--
54,steplog,30,659,662,--none--
54,steplog,35,662,662,status:optimal
54,timelog,35,0.08598780632019043,0,--none--
55,steplog,10,908,1043,--none--
55,steplog,20,995,1011,--none--
55,steplog,30,1007,1009,--none--
55,steplog,34,1009,1009,status:optimal
55,timelog,34,0.07924437522888184,0,--none--
56,steplog,10,1886,2129,--none--
56,steplog,20,1951,2129,--none--
56,steplog,30,1981,2129,--none--
56,steplog,40,2041,2102,--none--
56,steplog,50,2089,2102,--none--
56,steplog,54,2095,2095,status:optimal
56,timelog,54,0.13678812980651855,0,--none--
57,steplog,10,2111,2140,--none--
57,steplog,15,2140,2140,status:optimal
57,timelog,15,0.03641629219055176,0,--none--
58,steplog,10,536,633,--none--
58,steplog,20,615,632,--none--
58,steplog,30,629,630,--none--
58,steplog,33,630,630,status:optimal
58,timelog,33,0.08040714263916016,0,--none--
59,steplog,10,2285,2417,--none--
59,steplog,20,2407,2416,--none--
59,steplog,26,2413,2413,status:optimal
59,timelog,26,0.06565546989440918,0,--none--
5,steplog,10,657,974,--none--
5,steplog,20,784,840,--none--
5,steplog,30,814,840,--none--
5,steplog,40,823,835,--none--
5,steplog,47,835,835,status:optimal
5,timelog,47,0.12247371673583984,0,--none--
60,steplog,10,860,972,--none--
60,steplog,20,906,914,--none--
60,steplog,27,911,911,status:optimal
60,timelog,27,0.07126736640930176,0,--none--
61,steplog,10,1805,1953,--none--
61,steplog,20,1890,1953,--none--
61,steplog,30,1913,1925,--none--
61,steplog,33,1919,1919,status:optimal
61,timelog,33,0.08756828308105469,0,--none--
62,steplog,10,787,945,--none--
62,steplog,20,812,931,--none--
62,steplog,30,820,912,--none--
62,steplog,40,824,912,--none--
62,steplog,50,829,912,--none--
62,steplog,60,838,912,--none--
62,steplog,70,855,887,--none--
62,steplog,80,863,887,--none--
62,steplog,90,875,887,--none--
62,steplog,100,884,887,--none--
62,steplog,101,885,885,status:optimal
62,timelog,101,0.272308349609375,0,--none--
63,steplog,10,1046,1713,--none--
63,steplog,20,1276,1345,--none--
63,steplog,30,1333,1335,--none--
63,steplog,31,1335,1335,status:optimal
63,timelog,31,0.0899038314819336,0,--none--
64,steplog,10,1033,1219,--none--
64,steplog,20,1081,1160,--none--
64,steplog,30,1120,1148,--none--
64,steplog,40,1131,1148,--none--
64,steplog,50,1146,1148,--none--
64,steplog,58,1147,1147,status:optimal
64,timelog,58,0.13982200622558594,0,--none--
65,steplog,10,1253,1371,--none--
65,steplog,20,1307,1363,--none--
65,steplog,30,1331,1362,--none--
65,steplog,40,1345,1358,--none--
65,steplog,50,1352,1358,--none--
65,steplog,60,1356,1357,--none--
65,steplog,63,1357,1357,status:optimal
65,timelog,63,0.13189005851745605,0,--none--
66,steplog,10,1867,2039,--none--
66,steplog,20,2002,2003,--none--
66,steplog,21,2003,2003,status:optimal
66,timelog,21,0.05443859100341797,0,--none--
67,steplog,10,629,839,--none--
67,steplog,20,702,779,--none--
67,steplog,30,736,770,--none--
67,steplog,40,757,770,--none--
67,steplog,50,768,770,--none--
67,steplog,51,770,770,status:optimal
67,timelog,51,0.1271839141845703,0,--none--
68,steplog,10,906,1190,--none--
68,steplog,20,1058,1076,--none--
68,steplog,30,1073,1075,--none--
68,steplog,31,1075,1075,status:optimal
68,timelog,31,0.07927155494689941,0,--none--
69,steplog,10,942,1149,--none--
69,steplog,20,1014,1065,--none--
69,steplog,30,1043,1060,--none--
69,steplog,40,1055,1060,--none--
69,steplog,44,1059,1059,status:optimal
69,timelog,44,0.10549497604370117,0,--none--
6,steplog,10,1602,1910,--none--
6,steplog,20,1884,1910,--none--
6,steplog,21,1910,1910,status:optimal
6,timelog,21,0.05529165267944336,0,--none--
70,steplog,10,681,964,--none--
70,steplog,20,870,955,--none--
70,steplog,30,930,943,--none--
70,steplog,36,940,940,status:optimal
70,timelog,36,0.10631012916564941,0,--none--
71,steplog,10,1082,1454,--none--
71,steplog,20,1397,1418,--none--
71,steplog,29,1418,1418,status:optimal
71,timelog,29,0.11294698715209961,0,--none--
72,steplog,10,1945,2131,--none--
72,steplog,20,2007,2011,--none--
72,steplog,23,2011,2011,status:optimal
72,timelog,23,0.06663155555725098,0,--none--
73,steplog,10,1435,1473,--none--
73,steplog,20,1469,1471,--none--
73,steplog,21,1471,1471,status:optimal
73,timelog,21,0.06911015510559082,0,--none--
74,steplog,10,376,574,--none--
74,steplog,20,429,528,--none--
74,steplog,30,462,486,--none--
74,steplog,40,478,486,--none--
74,steplog,50,484,486,--none--
74,steplog,53,486,486,status:optimal
74,timelog,53,0.27223944664001465,0,--none--
75,steplog,10,978,1022,--none--
75,steplog,20,999,1022,--none--
75,steplog,27,1014,1014,status:optimal
75,timelog,27,0.05911540985107422,0,--none--
76,steplog,10,663,831,--none--
76,steplog,20,697,765,--none--
76,steplog,30,714,765,--none--
76,steplog,40,726,764,--none--
76,steplog,50,737,758,--none--
76,steplog,60,749,758,--none--
76,steplog,70,753,758,--none--
76,steplog,75,757,757,status:optimal
76,timelog,75,0.22335553169250488,0,--none--
77,steplog,10,458,466,--none--
77,steplog,14,465,465,status:optimal
77,timelog,14,0.050571441650390625,0,--none--
78,steplog,10,994,1053,--none--
78,steplog,15,1031,1031,status:optimal
78,timelog,15,0.03839731216430664,0,--none--
79,steplog,10,2643,2870,--none--
79,steplog,20,2804,2870,--none--
79,steplog,30,2861,2863,--none--
79,steplog,31,2863,2863,status:optimal
79,timelog,31,0.08310341835021973,0,--none--
7,steplog,10,1944,2130,--none--
7,steplog,20,2029,2096,--none--
7,steplog,30,2072,2096,--none--
7,steplog,40,2089,2096,--none--
7,steplog,46,2096,2096,status:optimal
7,timelog,46,0.15388154983520508,0,--none--
80,steplog,10,776,878,--none--
80,steplog,20,809,857,--none--
80,steplog,30,835,855,--none--
80,steplog,40,843,850,--none--
80,steplog,50,848,850,--none--
80,steplog,58,849,849,status:optimal
80,timelog,58,0.1912856101989746,0,--none--
81,steplog,10,1047,1110,--none--
81,steplog,20,1055,1089,--none--
81,steplog,30,1068,1089,--none--
81,steplog,40,1075,1089,--none--
81,steplog,42,1077,1077,status:optimal
81,timelog,42,0.08802270889282227,0,--none--
82,steplog,10,1043,1136,--none--
82,steplog,20,1126,1130,--none--
82,steplog,25,1130,1130,status:optimal
82,timelog,25,0.0654449462890625,0,--none--
83,steplog,10,571,640,--none--
83,steplog,20,616,636,--none--
83,steplog,30,624,626,--none--
83,steplog,35,625,625,status:optimal
83,timelog,35,0.06297683715820312,0,--none--
84,steplog,10,2093,2187,--none--
84,steplog,20,2152,2187,--none--
84,steplog,30,2171,2187,--none--
84,steplog,37,2187,2187,status:optimal
84,timelog,37,0.04752397537231445,0,--none--
85,steplog,10,926,1042,--none--
85,steplog,20,1018,1029,--none--
85,steplog,30,1025,1029,--none--
85,steplog,39,1029,1029,status:optimal
85,timelog,39,0.04903745651245117,0,--none--
86,steplog,10,976,1421,--none--
86,steplog,20,1210,1321,--none--
86,steplog,30,1298,1321,--none--
86,steplog,40,1316,1321,--none--
86,steplog,40,1321,1321,status:optimal
86,timelog,40,0.05395007133483887,0,--none--
87,steplog,10,844,970,--none--
87,steplog,20,877,909,--none--
87,steplog,30,897,901,--none--
87,steplog,34,900,900,status:optimal
87,timelog,34,0.044141530990600586,0,--none--
88,steplog,10,551,641,--none--
88,steplog,20,592,617,--none--
88,steplog,30,604,617,--none--
88,steplog,40,614,617,--none--
88,steplog,45,616,616,status:optimal
88,timelog,45,0.05629611015319824,0,--none--
89,steplog,10,279,378,--none--
89,steplog,20,323,365,--none--
89,steplog,30,343,361,--none--
89,steplog,40,353,356,--none--
89,steplog,50,354,355,--none--
89,steplog,50,355,355,status:optimal
89,timelog,50,0.06970357894897461,0,--none--
8,steplog,10,1042,1233,--none--
8,steplog,20,1168,1199,--none--
8,steplog,30,1185,1195,--none--
8,steplog,40,1191,1195,--none--
8,steplog,45,1194,1194,status:optimal
8,timelog,45,0.06203603744506836,0,--none--
90,steplog,10,1428,1879,--none--
90,steplog,20,1501,1808,--none--
90,steplog,30,1548,1808,--none--
90,steplog,40,1714,1772,--none--
90,steplog,50,1749,1761,--none--
90,steplog,54,1759,1759,status:optimal
90,timelog,54,0.07286906242370605,0,--none--
91,steplog,10,1106,1454,--none--
91,steplog,20,1263,1419,--none--
91,steplog,30,1378,1406,--none--
91,steplog,38,1406,1406,status:optimal
91,timelog,38,0.05117011070251465,0,--none--
92,steplog,10,1686,1828,--none--
92,steplog,20,1735,1812,--none--
92,steplog,30,1763,1794,--none--
92,steplog,40,1774,1787,--none--
92,steplog,50,1785,1787,--none--
92,steplog,52,1787,1787,status:optimal
92,timelog,52,0.06093120574951172,0,--none--
93,steplog,10,536,573,--none--
93,steplog,20,555,568,--none--
93,steplog,30,567,568,--none--
93,steplog,30,568,568,status:optimal
93,timelog,30,0.03108668327331543,0,--none--
94,steplog,10,780,1154,--none--
94,steplog,20,964,1143,--none--
94,steplog,30,1049,1143,--none--
94,steplog,40,1093,1143,--none--
94,steplog,50,1135,1143,--none--
94,steplog,55,1143,1143,status:optimal
94,timelog,55,0.06229901313781738,0,--none--
95,steplog,10,988,1131,--none--
95,steplog,20,1075,1115,--none--
95,steplog,30,1094,1106,--none--
95,steplog,40,1105,1106,--none--
95,steplog,47,1106,1106,status:optimal
95,timelog,47,0.053040504455566406,0,--none--
96,steplog,10,682,724,--none--
96,steplog,20,707,712,--none--
96,steplog,22,711,711,status:optimal
96,timelog,22,0.028003931045532227,0,--none--
97,steplog,10,731,944,--none--
97,steplog,20,816,918,--none--
97,steplog,30,863,901,--none--
97,steplog,40,892,895,--none--
97,steplog,42,895,895,status:optimal
97,timelog,42,0.05167365074157715,0,--none--
98,steplog,10,1139,1199,--none--
98,steplog,20,1157,1164,--none--
98,steplog,25,1163,1163,status:optimal
98,timelog,25,0.02983713150024414,0,--none--
99,steplog,10,452,576,--none--
99,steplog,20,481,531,--none--
99,steplog,30,499,506,--none--
99,steplog,40,503,506,--none--
99,steplog,44,505,505,status:optimal
99,timelog,44,0.05167222023010254,0,--none--
9,steplog,10,1227,1320,--none--
9,steplog,20,1268,1284,--none--
9,steplog,27,1284,1284,status:optimal
9,timelog,27,0.02941608428955078,0,--none--
