instance,num_type,step,LB,UB,comment
100,steplog,10,266,302,--none--
100,steplog,20,286,286,--none--
100,steplog,20,286,286,status:optimal
100,timelog,20,0.17360877990722656,0,--none--
10,steplog,10,193,205,--none--
10,steplog,18,201,201,status:optimal
10,timelog,18,0.10014557838439941,0,--none--
11,steplog,10,102,112,--none--
11,steplog,20,109,111,--none--
11,steplog,25,111,111,status:optimal
11,timelog,25,0.10298013687133789,0,--none--
12,steplog,10,176,259,--none--
12,steplog,20,208,259,--none--
12,steplog,30,228,259,--none--
12,steplog,40,255,256,--none--
12,steplog,45,256,256,status:optimal
12,timelog,45,0.17125511169433594,0,--none--
13,steplog,10,126,192,--none--
13,steplog,20,152,192,--none--
13,steplog,30,158,182,--none--
13,steplog,38,174,174,status:optimal
13,timelog,38,0.28234171867370605,0,--none--
14,steplog,10,177,380,--none--
14,steplog,20,251,314,--none--
14,steplog,30,251,308,--none--
14,steplog,40,279,308,--none--
14,steplog,50,291,308,--none--
14,steplog,59,308,308,status:optimal
14,timelog,59,0.34406161308288574,0,--none--
15,steplog,10,244,346,--none--
15,steplog,20,244,346,--none--
15,steplog,30,317,323,--none--
15,steplog,40,323,323,--none--
15,steplog,40,323,323,status:optimal
15,timelog,40,0.2282571792602539,0,--none--
16,steplog,10,137,256,--none--
16,steplog,20,137,213,--none--
16,steplog,30,137,211,--none--
16,steplog,40,137,203,--none--
16,steplog,50,149,203,--none--
16,steplog,60,165,201,--none--
16,steplog,70,189,193,--none--
16,steplog,77,193,193,status:optimal
16,timelog,77,0.5383102893829346,0,--none--
17,steplog,10,225,426,--none--
17,steplog,20,300,386,--none--
17,steplog,30,300,386,--none--
17,steplog,40,373,379,--none--
17,steplog,47,379,379,status:optimal
17,timelog,47,0.23647642135620117,0,--none--
18,steplog,10,193,235,--none--
18,steplog,20,217,225,--none--
18,steplog,30,224,224,--none--
18,steplog,31,224,224,status:optimal
18,timelog,31,0.20655488967895508,0,--none--
19,steplog,10,135,196,--none--
19,steplog,20,141,190,--none--
19,steplog,30,179,185,--none--
19,steplog,34,185,185,status:optimal
19,timelog,34,0.23769831657409668,0,--none--
1,steplog,10,126,175,--none--
1,steplog,20,153,169,--none--
1,steplog,30,162,164,--none--
1,steplog,35,164,164,status:optimal
1,timelog,35,0.16361689567565918,0,--none--
20,steplog,10,64,148,--none--
20,steplog,20,64,148,--none--
20,steplog,30,137,148,--none--
20,steplog,38,148,148,status:optimal
20,timelog,38,0.1771714687347412,0,--none--
21,steplog,10,150,153,--none--
21,steplog,16,153,153,status:optimal
21,timelog,16,0.10732603073120117,0,--none--
22,steplog,10,183,390,--none--
22,steplog,20,183,383,--none--
22,steplog,30,266,350,--none--
22,steplog,40,266,338,--none--
22,steplog,50,275,318,--none--
22,steplog,60,299,306,--none--
22,steplog,70,306,306,--none--
22,steplog,70,306,306,status:optimal
22,timelog,70,0.3686256408691406,0,--none--
23,steplog,10,259,323,--none--
23,steplog,20,304,323,--none--
23,steplog,30,319,319,--none--
23,steplog,30,319,319,status:optimal
23,timelog,30,0.17222142219543457,0,--none--
24,steplog,10,123,222,--none--
24,steplog,20,123,203,--none--
24,steplog,30,123,195,--none--
24,steplog,40,165,190,--none--
24,steplog,50,182,182,--none--
24,steplog,50,182,182,status:optimal
24,timelog,50,0.2812798023223877,0,--none--
25,steplog,10,79,92,--none--
25,steplog,20,88,92,--none--
25,steplog,25,92,92,status:optimal
25,timelog,25,0.1789872646331787,0,--none--
26,steplog,10,86,154,--none--
26,steplog,20,134,134,--none--
26,steplog,21,134,134,status:optimal
26,timelog,21,0.13669085502624512,0,--none--
27,steplog,10,95,319,--none--
27,steplog,20,126,223,--none--
27,steplog,30,144,161,--none--
27,steplog,40,150,155,--none--
27,steplog,47,155,155,status:optimal
27,timelog,47,0.27454662322998047,0,--none--
28,steplog,10,143,257,--none--
28,steplog,20,143,256,--none--
28,steplog,30,143,253,--none--
28,steplog,40,170,252,--none--
28,steplog,50,170,252,--none--
28,steplog,60,203,226,--none--
28,steplog,70,203,225,--none--
28,steplog,80,215,222,--none--
28,steplog,88,221,221,status:optimal
28,timelog,88,0.4964120388031006,0,--none--
29,steplog,10,138,237,--none--
29,steplog,20,138,221,--none--
29,steplog,30,169,204,--none--
29,steplog,40,179,186,--none--
29,steplog,49,186,186,status:optimal
29,timelog,49,0.3466677665710449,0,--none--
2,steplog,10,107,148,--none--
2,steplog,20,131,139,--none--
2,steplog,29,139,139,status:optimal
2,timelog,29,0.15280556678771973,0,--none--
30,steplog,10,79,183,--none--
30,steplog,20,99,162,--none--
30,steplog,30,99,159,--none--
30,steplog,40,99,145,--none--
30,steplog,50,113,145,--none--
30,steplog,60,113,140,--none--
30,steplog,70,134,140,--none--
30,steplog,75,140,140,status:optimal
30,timelog,75,0.4278559684753418,0,--none--
31,steplog,8,169,169,status:optimal
31,timelog,8,0.05108165740966797,0,--none--
32,steplog,10,158,201,--none--
32,steplog,20,163,186,--none--
32,steplog,30,183,183,--none--
32,steplog,32,183,183,status:optimal
32,timelog,32,0.19707989692687988,0,--none--
33,steplog,10,141,195,--none--
33,steplog,20,169,181,--none--
33,steplog,30,175,180,--none--
33,steplog,36,178,178,status:optimal
33,timelog,36,0.20003390312194824,0,--none--
34,steplog,10,249,257,--none--
34,steplog,20,249,257,--none--
34,steplog,30,249,256,--none--
34,steplog,37,255,255,status:optimal
34,timelog,37,0.17083334922790527,0,--none--
35,steplog,10,170,196,--none--
35,steplog,20,190,190,--none--
35,steplog,24,190,190,status:optimal
35,timelog,24,0.09630656242370605,0,--none--
36,steplog,10,226,294,--none--
36,steplog,20,246,287,--none--
36,steplog,30,246,287,--none--
36,steplog,40,276,286,--none--
36,steplog,47,286,286,status:optimal
36,timelog,47,0.2420506477355957,0,--none--
37,steplog,10,141,199,--none--
37,steplog,20,141,196,--none--
37,steplog,30,141,192,--none--
37,steplog,40,141,190,--none--
37,steplog,50,171,190,--none--
37,steplog,60,185,190,--none--
37,steplog,66,190,190,status:optimal
37,timelog,66,0.3818471431732178,0,--none--
38,steplog,10,157,225,--none--
38,steplog,20,157,224,--none--
38,steplog,30,200,224,--none--
38,steplog,40,224,224,--none--
38,steplog,42,224,224,status:optimal
38,timelog,42,0.21532440185546875,0,--none--
39,steplog,10,234,255,--none--
39,steplog,20,244,244,--none--
39,steplog,22,244,244,status:optimal
39,timelog,22,0.13007235527038574,0,--none--
3,steplog,10,123,305,--none--
3,steplog,20,123,305,--none--
3,steplog,30,154,230,--none--
3,steplog,40,154,230,--none--
3,steplog,50,177,229,--none--
3,steplog,60,197,223,--none--
3,steplog,70,210,217,--none--
3,steplog,78,217,217,status:optimal
3,timelog,78,0.40838003158569336,0,--none--
40,steplog,10,90,204,--none--
40,steplog,20,90,204,--none--
40,steplog,30,90,203,--none--
40,steplog,40,123,203,--none--
40,steplog,50,141,180,--none--
40,steplog,60,141,177,--none--
40,steplog,70,153,166,--none--
40,steplog,80,164,165,--none--
40,steplog,84,165,165,status:optimal
40,timelog,84,0.4199683666229248,0,--none--
41,steplog,10,339,429,--none--
41,steplog,20,398,413,--none--
41,steplog,30,398,405,--none--
41,steplog,33,405,405,status:optimal
41,timelog,33,0.18551301956176758,0,--none--
42,steplog,10,326,430,--none--
42,steplog,20,326,414,--none--
42,steplog,30,352,413,--none--
42,steplog,40,387,406,--none--
42,steplog,50,398,399,--none--
42,steplog,53,399,399,status:optimal
42,timelog,53,0.2702045440673828,0,--none--
43,steplog,10,192,301,--none--
43,steplog,20,278,285,--none--
43,steplog,27,285,285,status:optimal
43,timelog,27,0.14150261878967285,0,--none--
44,steplog,10,273,312,--none--
44,steplog,20,309,312,--none--
44,steplog,28,312,312,status:optimal
44,timelog,28,0.17709779739379883,0,--none--
45,steplog,10,168,238,--none--
45,steplog,20,177,238,--none--
45,steplog,30,222,228,--none--
45,steplog,36,228,228,status:optimal
45,timelog,36,0.18698763847351074,0,--none--
46,steplog,10,253,388,--none--
46,steplog,20,283,353,--none--
46,steplog,30,347,347,--none--
46,steplog,31,347,347,status:optimal
46,timelog,31,0.15458297729492188,0,--none--
47,steplog,10,167,293,--none--
47,steplog,20,167,279,--none--
47,steplog,30,201,261,--none--
47,steplog,40,201,259,--none--
47,steplog,50,219,259,--none--
47,steplog,60,247,251,--none--
47,steplog,63,251,251,status:optimal
47,timelog,63,0.31389832496643066,0,--none--
48,steplog,10,247,363,--none--
48,steplog,20,300,361,--none--
48,steplog,30,300,359,--none--
48,steplog,40,336,347,--none--
48,steplog,45,347,347,status:optimal
48,timelog,45,0.21491646766662598,0,--none--
49,steplog,10,211,292,--none--
49,steplog,20,235,265,--none--
49,steplog,30,262,265,--none--
49,steplog,33,265,265,status:optimal
49,timelog,33,0.14899921417236328,0,--none--
4,steplog,10,136,167,--none--
4,steplog,20,136,165,--none--
4,steplog,30,148,165,--none--
4,steplog,39,165,165,status:optimal
4,timelog,39,0.22134041786193848,0,--none--
50,steplog,10,315,416,--none--
50,steplog,20,315,404,--none--
50,steplog,30,377,404,--none--
50,steplog,37,404,404,status:optimal
50,timelog,37,0.2255239486694336,0,--none--
51,steplog,10,130,254,--none--
51,steplog,20,130,241,--none--
51,steplog,30,130,238,--none--
51,steplog,40,130,238,--none--
51,steplog,50,178,211,--none--
51,steplog,60,178,208,--none--
51,steplog,70,193,208,--none--
51,steplog,75,208,208,status:optimal
51,timelog,75,0.35041379928588867,0,--none--
52,steplog,10,231,295,--none--
52,steplog,20,231,292,--none--
52,steplog,30,255,275,--none--
52,steplog,35,274,274,status:optimal
52,timelog,35,0.22316193580627441,0,--none--
53,steplog,10,282,330,--none--
53,steplog,20,306,330,--none--
53,steplog,30,321,322,--none--
53,steplog,32,322,322,status:optimal
53,timelog,32,0.16757965087890625,0,--none--
54,steplog,10,191,455,--none--
54,steplog,20,191,455,--none--
54,steplog,30,287,355,--none--
54,steplog,40,309,330,--none--
54,steplog,50,309,330,--none--
54,steplog,59,330,330,status:optimal
54,timelog,59,0.32163143157958984,0,--none--
55,steplog,10,329,330,--none--
55,steplog,19,330,330,status:optimal
55,timelog,19,0.10585165023803711,0,--none--
56,steplog,10,231,383,--none--
56,steplog,20,231,371,--none--
56,steplog,30,278,330,--none--
56,steplog,40,297,325,--none--
56,steplog,50,321,321,--none--
56,steplog,51,321,321,status:optimal
56,timelog,51,0.3682694435119629,0,--none--
57,steplog,10,102,121,--none--
57,steplog,20,115,121,--none--
57,steplog,28,119,119,status:optimal
57,timelog,28,0.16360998153686523,0,--none--
58,steplog,10,177,185,--none--
58,steplog,17,184,184,status:optimal
58,timelog,17,0.08906960487365723,0,--none--
59,steplog,10,79,127,--none--
59,steplog,20,79,125,--none--
59,steplog,30,95,111,--none--
59,steplog,40,95,108,--none--
59,steplog,50,101,107,--none--
59,steplog,60,107,107,--none--
59,steplog,60,107,107,status:optimal
59,timelog,60,0.4195990562438965,0,--none--
5,steplog,10,158,285,--none--
5,steplog,20,158,277,--none--
5,steplog,30,158,277,--none--
5,steplog,40,203,259,--none--
5,steplog,50,223,259,--none--
5,steplog,60,237,253,--none--
5,steplog,68,253,253,status:optimal
5,timelog,68,0.3693881034851074,0,--none--
60,steplog,10,296,404,--none--
60,steplog,20,296,392,--none--
60,steplog,30,332,392,--none--
60,steplog,40,332,388,--none--
60,steplog,50,350,388,--none--
60,steplog,60,384,384,--none--
60,steplog,62,384,384,status:optimal
60,timelog,62,0.2883892059326172,0,--none--
61,steplog,10,161,204,--none--
61,steplog,20,195,204,--none--
61,steplog,28,203,203,status:optimal
61,timelog,28,0.1432027816772461,0,--none--
62,steplog,10,201,353,--none--
62,steplog,20,240,289,--none--
62,steplog,30,240,279,--none--
62,steplog,40,240,279,--none--
62,steplog,50,250,279,--none--
62,steplog,60,271,275,--none--
62,steplog,66,275,275,status:optimal
62,timelog,66,0.31952857971191406,0,--none--
63,steplog,10,273,374,--none--
63,steplog,20,273,367,--none--
63,steplog,30,273,365,--none--
63,steplog,40,273,365,--none--
63,steplog,50,316,354,--none--
63,steplog,60,316,354,--none--
63,steplog,70,328,347,--none--
63,steplog,80,342,345,--none--
63,steplog,87,345,345,status:optimal
63,timelog,87,0.4369816780090332,0,--none--
64,steplog,10,118,190,--none--
64,steplog,20,118,190,--none--
64,steplog,30,118,188,--none--
64,steplog,40,133,188,--none--
64,steplog,50,151,184,--none--
64,steplog,60,172,182,--none--
64,steplog,70,182,182,--none--
64,steplog,72,182,182,status:optimal
64,timelog,72,0.3193819522857666,0,--none--
65,steplog,10,178,242,--none--
65,steplog,20,233,234,--none--
65,steplog,26,234,234,status:optimal
65,timelog,26,0.13345074653625488,0,--none--
66,steplog,10,253,281,--none--
66,steplog,16,281,281,status:optimal
66,timelog,16,0.07508373260498047,0,--none--
67,steplog,10,360,416,--none--
67,steplog,20,360,416,--none--
67,steplog,30,360,416,--none--
67,steplog,40,401,404,--none--
67,steplog,44,404,404,status:optimal
67,timelog,44,0.17220473289489746,0,--none--
68,steplog,10,116,172,--none--
68,steplog,20,116,166,--none--
68,steplog,30,116,164,--none--
68,steplog,40,125,163,--none--
68,steplog,50,135,154,--none--
68,steplog,60,138,152,--none--
68,steplog,69,150,150,status:optimal
68,timelog,69,0.3299586772918701,0,--none--
69,steplog,10,157,269,--none--
69,steplog,20,190,218,--none--
69,steplog,30,199,217,--none--
69,steplog,40,211,211,--none--
69,steplog,40,211,211,status:optimal
69,timelog,40,0.23806524276733398,0,--none--
6,steplog,10,305,319,--none--
6,steplog,15,319,319,status:optimal
6,timelog,15,0.09565401077270508,0,--none--
70,steplog,10,53,77,--none--
70,steplog,20,56,77,--none--
70,steplog,30,59,77,--none--
70,steplog,40,77,77,--none--
70,steplog,41,77,77,status:optimal
70,timelog,41,0.19205141067504883,0,--none--
71,steplog,10,108,257,--none--
71,steplog,20,155,229,--none--
71,steplog,30,184,206,--none--
71,steplog,40,204,204,--none--
71,steplog,41,204,204,status:optimal
71,timelog,41,0.30160069465637207,0,--none--
72,steplog,10,105,292,--none--
72,steplog,20,105,290,--none--
72,steplog,30,155,236,--none--
72,steplog,40,209,224,--none--
72,steplog,50,222,222,--none--
72,steplog,51,222,222,status:optimal
72,timelog,51,0.2594609260559082,0,--none--
73,steplog,10,116,389,--none--
73,steplog,20,116,386,--none--
73,steplog,30,211,286,--none--
73,steplog,40,253,286,--none--
73,steplog,50,267,283,--none--
73,steplog,60,278,280,--none--
73,steplog,65,279,279,status:optimal
73,timelog,65,0.3921012878417969,0,--none--
74,steplog,10,125,172,--none--
74,steplog,20,141,143,--none--
74,steplog,24,143,143,status:optimal
74,timelog,24,0.10666751861572266,0,--none--
75,steplog,10,69,156,--none--
75,steplog,20,87,156,--none--
75,steplog,30,117,133,--none--
75,steplog,40,129,131,--none--
75,steplog,44,131,131,status:optimal
75,timelog,44,0.21373867988586426,0,--none--
76,steplog,10,252,256,--none--
76,steplog,15,255,255,status:optimal
76,timelog,15,0.08691668510437012,0,--none--
77,steplog,10,234,360,--none--
77,steplog,20,310,328,--none--
77,steplog,29,328,328,status:optimal
77,timelog,29,0.16262125968933105,0,--none--
78,steplog,10,142,238,--none--
78,steplog,20,142,234,--none--
78,steplog,30,179,231,--none--
78,steplog,40,191,212,--none--
78,steplog,50,208,208,--none--
78,steplog,54,208,208,status:optimal
78,timelog,54,0.2962925434112549,0,--none--
79,steplog,10,85,109,--none--
79,steplog,20,85,108,--none--
79,steplog,30,93,107,--none--
79,steplog,40,105,106,--none--
79,steplog,45,106,106,status:optimal
79,timelog,45,0.2524850368499756,0,--none--
7,steplog,10,169,362,--none--
7,steplog,20,211,269,--none--
7,steplog,30,211,269,--none--
7,steplog,40,239,261,--none--
7,steplog,50,261,261,--none--
7,steplog,54,261,261,status:optimal
7,timelog,54,0.24634599685668945,0,--none--
80,steplog,10,82,122,--none--
80,steplog,20,82,121,--none--
80,steplog,30,82,120,--none--
80,steplog,40,88,119,--none--
80,steplog,50,98,117,--none--
80,steplog,60,105,117,--none--
80,steplog,70,108,116,--none--
80,steplog,80,113,114,--none--
80,steplog,83,114,114,status:optimal
80,timelog,83,0.4990198612213135,0,--none--
81,steplog,10,85,103,--none--
81,steplog,20,97,102,--none--
81,steplog,25,98,98,status:optimal
81,timelog,25,0.11752080917358398,0,--none--
82,steplog,10,272,439,--none--
82,steplog,20,303,373,--none--
82,steplog,30,349,367,--none--
82,steplog,40,367,367,--none--
82,steplog,42,367,367,status:optimal
82,timelog,42,0.2216808795928955,0,--none--
83,steplog,10,161,224,--none--
83,steplog,20,161,219,--none--
83,steplog,30,161,207,--none--
83,steplog,40,179,207,--none--
83,steplog,50,179,207,--none--
83,steplog,60,195,207,--none--
83,steplog,67,207,207,status:optimal
83,timelog,67,0.4079093933105469,0,--none--
84,steplog,10,147,252,--none--
84,steplog,20,210,252,--none--
84,steplog,30,250,250,--none--
84,steplog,32,250,250,status:optimal
84,timelog,32,0.1691758632659912,0,--none--
85,steplog,10,111,197,--none--
85,steplog,20,131,197,--none--
85,steplog,30,131,191,--none--
85,steplog,40,147,179,--none--
85,steplog,50,172,172,--none--
85,steplog,54,172,172,status:optimal
85,timelog,54,0.248274564743042,0,--none--
86,steplog,10,160,167,--none--
86,steplog,19,166,166,status:optimal
86,timelog,19,0.0859823226928711,0,--none--
87,steplog,10,171,286,--none--
87,steplog,20,171,264,--none--
87,steplog,30,199,247,--none--
87,steplog,40,199,247,--none--
87,steplog,50,233,239,--none--
87,steplog,54,239,239,status:optimal
87,timelog,54,0.22192597389221191,0,--none--
88,steplog,10,56,95,--none--
88,steplog,20,65,88,--none--
88,steplog,30,79,79,--none--
88,steplog,31,79,79,status:optimal
88,timelog,31,0.10288882255554199,0,--none--
89,steplog,10,178,284,--none--
89,steplog,20,204,260,--none--
89,steplog,30,242,244,--none--
89,steplog,33,244,244,status:optimal
89,timelog,33,0.09941577911376953,0,--none--
8,steplog,10,255,301,--none--
8,steplog,20,255,301,--none--
8,steplog,30,301,301,--none--
8,steplog,31,301,301,status:optimal
8,timelog,31,0.10825467109680176,0,--none--
90,steplog,10,203,252,--none--
90,steplog,20,250,250,--none--
90,steplog,21,250,250,status:optimal
90,timelog,21,0.1168212890625,0,--none--
91,steplog,10,208,301,--none--
91,steplog,20,208,287,--none--
91,steplog,30,237,281,--none--
91,steplog,38,267,267,status:optimal
91,timelog,38,0.15169692039489746,0,--none--
92,steplog,10,251,465,--none--
92,steplog,20,391,412,--none--
92,steplog,29,412,412,status:optimal
92,timelog,29,0.13169407844543457,0,--none--
93,steplog,10,147,271,--none--
93,steplog,20,185,233,--none--
93,steplog,30,202,230,--none--
93,steplog,40,223,230,--none--
93,steplog,46,230,230,status:optimal
93,timelog,46,0.15168094635009766,0,--none--
94,steplog,10,169,265,--none--
94,steplog,20,226,260,--none--
94,steplog,30,259,259,--none--
94,steplog,34,259,259,status:optimal
94,timelog,34,0.07752752304077148,0,--none--
95,steplog,10,129,230,--none--
95,steplog,20,188,206,--none--
95,steplog,28,206,206,status:optimal
95,timelog,28,0.09550046920776367,0,--none--
96,steplog,10,97,217,--none--
96,steplog,20,97,216,--none--
96,steplog,30,97,216,--none--
96,steplog,40,141,182,--none--
96,steplog,50,141,182,--none--
96,steplog,60,167,180,--none--
96,steplog,70,173,179,--none--
96,steplog,77,179,179,status:optimal
96,timelog,77,0.2511899471282959,0,--none--
97,steplog,10,165,247,--none--
97,steplog,20,165,225,--none--
97,steplog,30,165,223,--none--
97,steplog,40,212,223,--none--
97,steplog,50,219,223,--none--
97,steplog,56,223,223,status:optimal
97,timelog,56,0.2223985195159912,0,--none--
98,steplog,10,141,215,--none--
98,steplog,20,141,186,--none--
98,steplog,30,141,180,--none--
98,steplog,40,161,178,--none--
98,steplog,50,167,172,--none--
98,steplog,57,171,171,status:optimal
98,timelog,57,0.31273388862609863,0,--none--
99,steplog,10,45,73,--none--
99,steplog,20,45,73,--none--
99,steplog,30,45,73,--none--
99,steplog,40,45,73,--none--
99,steplog,50,45,73,--none--
99,steplog,60,45,73,--none--
99,steplog,70,45,73,--none--
99,steplog,80,45,73,--none--
99,steplog,90,62,70,--none--
99,steplog,100,62,70,--none--
99,steplog,110,68,70,--none--
99,steplog,114,70,70,status:optimal
99,timelog,114,0.3992443084716797,0,--none--
9,steplog,10,299,334,--none--
9,steplog,20,334,334,--none--
9,steplog,22,334,334,status:optimal
9,timelog,22,0.05831718444824219,0,--none--
