instance,num_type,value,comment
100,simpl_opt_status,0,optimal
100,simpl_bb_time,0.37131357192993164,--none--
100,simpl_obj,234,--none--
100,simpl_qheu_time,0.0005733966827392578,--none--
100,simpl_toAB_obj,486,--none--
100,simpl_toR_obj,563,--none--
100,simpl_heu_gswaps_time,0.07577848434448242,--none--
100,simpl_heu_gswaps_obj,234,--none--
100,simpl_heu_gsifts_time,0.09712839126586914,--none--
100,simpl_heu_gsifts_obj,234,--none--
100,simpl_heu_g2sifts_time,1.3803625106811523,--none--
100,simpl_heu_g2sifts_obj,234,--none--
100,orig_from_simpl_checking_time,0.13474655151367188,--none--
100,orig_from_simpl_order_obj,168,--none--
100,orig_toA_obj,156,--none--
100,orig_toB_obj,247,--none--
100,orig_toRandom_obj,242,--none--
100,orig_minAB_obj,156,--none--
100,orig_gswaps_obj,167,--none--
100,orig_gsifts_obj,167,--none--
100,orig_g2sifts_obj,167,--none--
100,orig_exact_gsifts_obj,122,--none--
100,orig_exact_gsifts_time,0.16059207916259766,--none--
100,simpl_red_opt_status,0,optimal
100,simpl_red_bb_time,0.20027375221252441,--none--
100,simpl_red_obj,194,--none--
100,orig_from_simpl_red_checking_time,0.003660440444946289,--none--
100,orig_from_simpl_red_order_obj,132,--none--
10,simpl_opt_status,0,optimal
10,simpl_bb_time,0.1408703327178955,--none--
10,simpl_obj,239,--none--
10,simpl_qheu_time,0.00041937828063964844,--none--
10,simpl_toAB_obj,331,--none--
10,simpl_toR_obj,1474,--none--
10,simpl_heu_gswaps_time,0.05678105354309082,--none--
10,simpl_heu_gswaps_obj,239,--none--
10,simpl_heu_gsifts_time,0.12628698348999023,--none--
10,simpl_heu_gsifts_obj,239,--none--
10,simpl_heu_g2sifts_time,0.6410322189331055,--none--
10,simpl_heu_g2sifts_obj,239,--none--
10,orig_from_simpl_checking_time,0.15655279159545898,--none--
10,orig_from_simpl_order_obj,180,--none--
10,orig_toA_obj,232,--none--
10,orig_toB_obj,149,--none--
10,orig_toRandom_obj,220,--none--
10,orig_minAB_obj,232,--none--
10,orig_gswaps_obj,180,--none--
10,orig_gsifts_obj,180,--none--
10,orig_g2sifts_obj,180,--none--
10,orig_exact_gsifts_obj,110,--none--
10,orig_exact_gsifts_time,0.13253307342529297,--none--
10,simpl_red_opt_status,0,optimal
10,simpl_red_bb_time,0.15900731086730957,--none--
10,simpl_red_obj,219,--none--
10,orig_from_simpl_red_checking_time,0.0040132999420166016,--none--
10,orig_from_simpl_red_order_obj,154,--none--
11,simpl_opt_status,0,optimal
11,simpl_bb_time,0.33513927459716797,--none--
11,simpl_obj,144,--none--
11,simpl_qheu_time,0.00041794776916503906,--none--
11,simpl_toAB_obj,567,--none--
11,simpl_toR_obj,1280,--none--
11,simpl_heu_gswaps_time,0.10271906852722168,--none--
11,simpl_heu_gswaps_obj,154,--none--
11,simpl_heu_gsifts_time,0.21512866020202637,--none--
11,simpl_heu_gsifts_obj,144,--none--
11,simpl_heu_g2sifts_time,1.7040910720825195,--none--
11,simpl_heu_g2sifts_obj,144,--none--
11,orig_from_simpl_checking_time,0.09583330154418945,--none--
11,orig_from_simpl_order_obj,120,--none--
11,orig_toA_obj,121,--none--
11,orig_toB_obj,89,--none--
11,orig_toRandom_obj,127,--none--
11,orig_minAB_obj,89,--none--
11,orig_gswaps_obj,116,--none--
11,orig_gsifts_obj,120,--none--
11,orig_g2sifts_obj,120,--none--
11,orig_exact_gsifts_obj,65,--none--
11,orig_exact_gsifts_time,0.06963038444519043,--none--
11,simpl_red_opt_status,0,optimal
11,simpl_red_bb_time,0.47464561462402344,--none--
11,simpl_red_obj,126,--none--
11,orig_from_simpl_red_checking_time,0.002844095230102539,--none--
11,orig_from_simpl_red_order_obj,90,--none--
12,simpl_opt_status,0,optimal
12,simpl_bb_time,0.10791516304016113,--none--
12,simpl_obj,123,--none--
12,simpl_qheu_time,0.0004131793975830078,--none--
12,simpl_toAB_obj,213,--none--
12,simpl_toR_obj,1598,--none--
12,simpl_heu_gswaps_time,0.08266758918762207,--none--
12,simpl_heu_gswaps_obj,123,--none--
12,simpl_heu_gsifts_time,0.1062767505645752,--none--
12,simpl_heu_gsifts_obj,123,--none--
12,simpl_heu_g2sifts_time,1.3784258365631104,--none--
12,simpl_heu_g2sifts_obj,123,--none--
12,orig_from_simpl_checking_time,0.10624909400939941,--none--
12,orig_from_simpl_order_obj,111,--none--
12,orig_toA_obj,193,--none--
12,orig_toB_obj,113,--none--
12,orig_toRandom_obj,162,--none--
12,orig_minAB_obj,113,--none--
12,orig_gswaps_obj,111,--none--
12,orig_gsifts_obj,111,--none--
12,orig_g2sifts_obj,111,--none--
12,orig_exact_gsifts_obj,76,--none--
12,orig_exact_gsifts_time,0.1199185848236084,--none--
12,simpl_red_opt_status,0,optimal
12,simpl_red_bb_time,0.13094091415405273,--none--
12,simpl_red_obj,104,--none--
12,orig_from_simpl_red_checking_time,0.014396429061889648,--none--
12,orig_from_simpl_red_order_obj,86,--none--
13,simpl_opt_status,0,optimal
13,simpl_bb_time,0.29099011421203613,--none--
13,simpl_obj,140,--none--
13,simpl_qheu_time,0.0004181861877441406,--none--
13,simpl_toAB_obj,373,--none--
13,simpl_toR_obj,774,--none--
13,simpl_heu_gswaps_time,0.0761563777923584,--none--
13,simpl_heu_gswaps_obj,141,--none--
13,simpl_heu_gsifts_time,0.28426098823547363,--none--
13,simpl_heu_gsifts_obj,140,--none--
13,simpl_heu_g2sifts_time,1.3997104167938232,--none--
13,simpl_heu_g2sifts_obj,140,--none--
13,orig_from_simpl_checking_time,0.08541512489318848,--none--
13,orig_from_simpl_order_obj,92,--none--
13,orig_toA_obj,83,--none--
13,orig_toB_obj,107,--none--
13,orig_toRandom_obj,118,--none--
13,orig_minAB_obj,83,--none--
13,orig_gswaps_obj,91,--none--
13,orig_gsifts_obj,92,--none--
13,orig_g2sifts_obj,92,--none--
13,orig_exact_gsifts_obj,65,--none--
13,orig_exact_gsifts_time,0.08649730682373047,--none--
13,simpl_red_opt_status,0,optimal
13,simpl_red_bb_time,0.475238561630249,--none--
13,simpl_red_obj,128,--none--
13,orig_from_simpl_red_checking_time,0.014592647552490234,--none--
13,orig_from_simpl_red_order_obj,79,--none--
14,simpl_opt_status,0,optimal
14,simpl_bb_time,0.27782297134399414,--none--
14,simpl_obj,183,--none--
14,simpl_qheu_time,0.00044155120849609375,--none--
14,simpl_toAB_obj,305,--none--
14,simpl_toR_obj,487,--none--
14,simpl_heu_gswaps_time,0.08038210868835449,--none--
14,simpl_heu_gswaps_obj,183,--none--
14,simpl_heu_gsifts_time,0.1370854377746582,--none--
14,simpl_heu_gsifts_obj,183,--none--
14,simpl_heu_g2sifts_time,1.6398742198944092,--none--
14,simpl_heu_g2sifts_obj,183,--none--
14,orig_from_simpl_checking_time,0.10193896293640137,--none--
14,orig_from_simpl_order_obj,140,--none--
14,orig_toA_obj,125,--none--
14,orig_toB_obj,161,--none--
14,orig_toRandom_obj,126,--none--
14,orig_minAB_obj,125,--none--
14,orig_gswaps_obj,140,--none--
14,orig_gsifts_obj,140,--none--
14,orig_g2sifts_obj,140,--none--
14,orig_exact_gsifts_obj,89,--none--
14,orig_exact_gsifts_time,0.1112520694732666,--none--
14,simpl_red_opt_status,0,optimal
14,simpl_red_bb_time,0.32198476791381836,--none--
14,simpl_red_obj,164,--none--
14,orig_from_simpl_red_checking_time,0.01937127113342285,--none--
14,orig_from_simpl_red_order_obj,116,--none--
15,simpl_opt_status,0,optimal
15,simpl_bb_time,0.09157252311706543,--none--
15,simpl_obj,380,--none--
15,simpl_qheu_time,0.0004150867462158203,--none--
15,simpl_toAB_obj,632,--none--
15,simpl_toR_obj,1199,--none--
15,simpl_heu_gswaps_time,0.0267333984375,--none--
15,simpl_heu_gswaps_obj,632,--none--
15,simpl_heu_gsifts_time,0.10308647155761719,--none--
15,simpl_heu_gsifts_obj,380,--none--
15,simpl_heu_g2sifts_time,0.640233039855957,--none--
15,simpl_heu_g2sifts_obj,380,--none--
15,orig_from_simpl_checking_time,0.1294877529144287,--none--
15,orig_from_simpl_order_obj,141,--none--
15,orig_toA_obj,89,--none--
15,orig_toB_obj,132,--none--
15,orig_toRandom_obj,112,--none--
15,orig_minAB_obj,132,--none--
15,orig_gswaps_obj,132,--none--
15,orig_gsifts_obj,141,--none--
15,orig_g2sifts_obj,141,--none--
15,orig_exact_gsifts_obj,70,--none--
15,orig_exact_gsifts_time,0.11237692832946777,--none--
15,simpl_red_opt_status,0,optimal
15,simpl_red_bb_time,0.19043493270874023,--none--
15,simpl_red_obj,229,--none--
15,orig_from_simpl_red_checking_time,0.003289937973022461,--none--
15,orig_from_simpl_red_order_obj,94,--none--
16,simpl_opt_status,0,optimal
16,simpl_bb_time,0.17949962615966797,--none--
16,simpl_obj,74,--none--
16,simpl_qheu_time,0.0004203319549560547,--none--
16,simpl_toAB_obj,159,--none--
16,simpl_toR_obj,441,--none--
16,simpl_heu_gswaps_time,0.07711148262023926,--none--
16,simpl_heu_gswaps_obj,74,--none--
16,simpl_heu_gsifts_time,0.13852810859680176,--none--
16,simpl_heu_gsifts_obj,74,--none--
16,simpl_heu_g2sifts_time,1.299544095993042,--none--
16,simpl_heu_g2sifts_obj,74,--none--
16,orig_from_simpl_checking_time,0.03526926040649414,--none--
16,orig_from_simpl_order_obj,58,--none--
16,orig_toA_obj,57,--none--
16,orig_toB_obj,53,--none--
16,orig_toRandom_obj,56,--none--
16,orig_minAB_obj,57,--none--
16,orig_gswaps_obj,58,--none--
16,orig_gsifts_obj,58,--none--
16,orig_g2sifts_obj,58,--none--
16,orig_exact_gsifts_obj,41,--none--
16,orig_exact_gsifts_time,0.019268512725830078,--none--
16,simpl_red_opt_status,0,optimal
16,simpl_red_bb_time,0.13227510452270508,--none--
16,simpl_red_obj,63,--none--
16,orig_from_simpl_red_checking_time,0.0019598007202148438,--none--
16,orig_from_simpl_red_order_obj,53,--none--
17,simpl_opt_status,0,optimal
17,simpl_bb_time,0.16632843017578125,--none--
17,simpl_obj,74,--none--
17,simpl_qheu_time,0.0004210472106933594,--none--
17,simpl_toAB_obj,104,--none--
17,simpl_toR_obj,530,--none--
17,simpl_heu_gswaps_time,0.03852033615112305,--none--
17,simpl_heu_gswaps_obj,81,--none--
17,simpl_heu_gsifts_time,0.15732383728027344,--none--
17,simpl_heu_gsifts_obj,74,--none--
17,simpl_heu_g2sifts_time,0.8525094985961914,--none--
17,simpl_heu_g2sifts_obj,74,--none--
17,orig_from_simpl_checking_time,0.04085969924926758,--none--
17,orig_from_simpl_order_obj,62,--none--
17,orig_toA_obj,77,--none--
17,orig_toB_obj,63,--none--
17,orig_toRandom_obj,87,--none--
17,orig_minAB_obj,77,--none--
17,orig_gswaps_obj,63,--none--
17,orig_gsifts_obj,66,--none--
17,orig_g2sifts_obj,66,--none--
17,orig_exact_gsifts_obj,48,--none--
17,orig_exact_gsifts_time,0.03474593162536621,--none--
17,simpl_red_opt_status,0,optimal
17,simpl_red_bb_time,0.1413266658782959,--none--
17,simpl_red_obj,67,--none--
17,orig_from_simpl_red_checking_time,0.0020275115966796875,--none--
17,orig_from_simpl_red_order_obj,50,--none--
18,simpl_opt_status,0,optimal
18,simpl_bb_time,0.2923276424407959,--none--
18,simpl_obj,193,--none--
18,simpl_qheu_time,0.0004210472106933594,--none--
18,simpl_toAB_obj,328,--none--
18,simpl_toR_obj,536,--none--
18,simpl_heu_gswaps_time,0.04665184020996094,--none--
18,simpl_heu_gswaps_obj,217,--none--
18,simpl_heu_gsifts_time,0.13193869590759277,--none--
18,simpl_heu_gsifts_obj,193,--none--
18,simpl_heu_g2sifts_time,0.9983420372009277,--none--
18,simpl_heu_g2sifts_obj,193,--none--
18,orig_from_simpl_checking_time,0.11246395111083984,--none--
18,orig_from_simpl_order_obj,123,--none--
18,orig_toA_obj,165,--none--
18,orig_toB_obj,119,--none--
18,orig_toRandom_obj,167,--none--
18,orig_minAB_obj,165,--none--
18,orig_gswaps_obj,129,--none--
18,orig_gsifts_obj,123,--none--
18,orig_g2sifts_obj,123,--none--
18,orig_exact_gsifts_obj,90,--none--
18,orig_exact_gsifts_time,0.10303878784179688,--none--
18,simpl_red_opt_status,0,optimal
18,simpl_red_bb_time,0.20935511589050293,--none--
18,simpl_red_obj,143,--none--
18,orig_from_simpl_red_checking_time,0.01936483383178711,--none--
18,orig_from_simpl_red_order_obj,107,--none--
19,simpl_opt_status,0,optimal
19,simpl_bb_time,0.1179354190826416,--none--
19,simpl_obj,139,--none--
19,simpl_qheu_time,0.0004055500030517578,--none--
19,simpl_toAB_obj,196,--none--
19,simpl_toR_obj,1190,--none--
19,simpl_heu_gswaps_time,0.06074380874633789,--none--
19,simpl_heu_gswaps_obj,139,--none--
19,simpl_heu_gsifts_time,0.14028525352478027,--none--
19,simpl_heu_gsifts_obj,139,--none--
19,simpl_heu_g2sifts_time,0.9395437240600586,--none--
19,simpl_heu_g2sifts_obj,139,--none--
19,orig_from_simpl_checking_time,0.08596658706665039,--none--
19,orig_from_simpl_order_obj,123,--none--
19,orig_toA_obj,100,--none--
19,orig_toB_obj,161,--none--
19,orig_toRandom_obj,152,--none--
19,orig_minAB_obj,161,--none--
19,orig_gswaps_obj,123,--none--
19,orig_gsifts_obj,123,--none--
19,orig_g2sifts_obj,123,--none--
19,orig_exact_gsifts_obj,71,--none--
19,orig_exact_gsifts_time,0.09177541732788086,--none--
19,simpl_red_opt_status,0,optimal
19,simpl_red_bb_time,0.0874471664428711,--none--
19,simpl_red_obj,110,--none--
19,orig_from_simpl_red_checking_time,0.011110067367553711,--none--
19,orig_from_simpl_red_order_obj,94,--none--
1,simpl_opt_status,0,optimal
1,simpl_bb_time,0.22728562355041504,--none--
1,simpl_obj,169,--none--
1,simpl_qheu_time,0.00040459632873535156,--none--
1,simpl_toAB_obj,254,--none--
1,simpl_toR_obj,2046,--none--
1,simpl_heu_gswaps_time,0.08310294151306152,--none--
1,simpl_heu_gswaps_obj,169,--none--
1,simpl_heu_gsifts_time,0.13844513893127441,--none--
1,simpl_heu_gsifts_obj,169,--none--
1,simpl_heu_g2sifts_time,1.037015676498413,--none--
1,simpl_heu_g2sifts_obj,169,--none--
1,orig_from_simpl_checking_time,0.10911035537719727,--none--
1,orig_from_simpl_order_obj,125,--none--
1,orig_toA_obj,108,--none--
1,orig_toB_obj,189,--none--
1,orig_toRandom_obj,164,--none--
1,orig_minAB_obj,189,--none--
1,orig_gswaps_obj,125,--none--
1,orig_gsifts_obj,125,--none--
1,orig_g2sifts_obj,125,--none--
1,orig_exact_gsifts_obj,85,--none--
1,orig_exact_gsifts_time,0.1484966278076172,--none--
1,simpl_red_opt_status,0,optimal
1,simpl_red_bb_time,0.20222878456115723,--none--
1,simpl_red_obj,165,--none--
1,orig_from_simpl_red_checking_time,0.0032651424407958984,--none--
1,orig_from_simpl_red_order_obj,114,--none--
20,simpl_opt_status,0,optimal
20,simpl_bb_time,0.18677711486816406,--none--
20,simpl_obj,153,--none--
20,simpl_qheu_time,0.0004355907440185547,--none--
20,simpl_toAB_obj,289,--none--
20,simpl_toR_obj,913,--none--
20,simpl_heu_gswaps_time,0.023910045623779297,--none--
20,simpl_heu_gswaps_obj,204,--none--
20,simpl_heu_gsifts_time,0.18966007232666016,--none--
20,simpl_heu_gsifts_obj,153,--none--
20,simpl_heu_g2sifts_time,1.2630963325500488,--none--
20,simpl_heu_g2sifts_obj,153,--none--
20,orig_from_simpl_checking_time,0.1292872428894043,--none--
20,orig_from_simpl_order_obj,130,--none--
20,orig_toA_obj,116,--none--
20,orig_toB_obj,111,--none--
20,orig_toRandom_obj,171,--none--
20,orig_minAB_obj,111,--none--
20,orig_gswaps_obj,117,--none--
20,orig_gsifts_obj,130,--none--
20,orig_g2sifts_obj,130,--none--
20,orig_exact_gsifts_obj,69,--none--
20,orig_exact_gsifts_time,0.12578058242797852,--none--
20,simpl_red_opt_status,0,optimal
20,simpl_red_bb_time,0.23260855674743652,--none--
20,simpl_red_obj,127,--none--
20,orig_from_simpl_red_checking_time,0.017153263092041016,--none--
20,orig_from_simpl_red_order_obj,103,--none--
21,simpl_opt_status,0,optimal
21,simpl_bb_time,0.32967257499694824,--none--
21,simpl_obj,275,--none--
21,simpl_qheu_time,0.00042510032653808594,--none--
21,simpl_toAB_obj,576,--none--
21,simpl_toR_obj,1166,--none--
21,simpl_heu_gswaps_time,0.04384255409240723,--none--
21,simpl_heu_gswaps_obj,565,--none--
21,simpl_heu_gsifts_time,0.33281469345092773,--none--
21,simpl_heu_gsifts_obj,275,--none--
21,simpl_heu_g2sifts_time,1.8595669269561768,--none--
21,simpl_heu_g2sifts_obj,275,--none--
21,orig_from_simpl_checking_time,0.12187957763671875,--none--
21,orig_from_simpl_order_obj,126,--none--
21,orig_toA_obj,140,--none--
21,orig_toB_obj,127,--none--
21,orig_toRandom_obj,150,--none--
21,orig_minAB_obj,127,--none--
21,orig_gswaps_obj,117,--none--
21,orig_gsifts_obj,126,--none--
21,orig_g2sifts_obj,126,--none--
21,orig_exact_gsifts_obj,107,--none--
21,orig_exact_gsifts_time,0.1275196075439453,--none--
21,simpl_red_opt_status,0,optimal
21,simpl_red_bb_time,0.271334171295166,--none--
21,simpl_red_obj,237,--none--
21,orig_from_simpl_red_checking_time,0.003880739212036133,--none--
21,orig_from_simpl_red_order_obj,126,--none--
