instance,num_type,value,comment
265,simpl_opt_status,0,optimal
265,simpl_BB_time,1.3367435932159424,--none--
265,simpl_BB_obj,910,--none--
265,simpl_minAB_time,0.00016880035400390625,--none--
265,simpl_minAB_obj,3016,--none--
265,simpl_gswaps_time,0.0718991756439209,--none--
265,simpl_gswaps_obj,1333,--none--
265,simpl_gsifts_1p_time,0.15635943412780762,--none--
265,simpl_gsifts_1p_obj,1727,--none--
265,simpl_gsifts_2p_time,0.3396427631378174,--none--
265,simpl_gsifts_2p_obj,1333,--none--
265,orig_simpl_time,1.380784273147583,--none--
265,orig_simpl_obj,281,--none--
265,orig_gsifts1p_time,1.1026251316070557,--none--
265,orig_gsifts1p_obj,1731,--none--
265,orig_bestAB_time,0.0869302749633789,--none--
265,orig_bestAB_obj,1225,--none--
265,orig_5random_time,0.7124674320220947,--none--
265,orig_5random_obj,2398,--none--
266,simpl_opt_status,0,optimal
266,simpl_BB_time,0.9496617317199707,--none--
266,simpl_BB_obj,2082,--none--
266,simpl_minAB_time,0.00016641616821289062,--none--
266,simpl_minAB_obj,4665,--none--
266,simpl_gswaps_time,0.11482810974121094,--none--
266,simpl_gswaps_obj,2337,--none--
266,simpl_gsifts_1p_time,0.15198564529418945,--none--
266,simpl_gsifts_1p_obj,3145,--none--
266,simpl_gsifts_2p_time,0.32172250747680664,--none--
266,simpl_gsifts_2p_obj,2306,--none--
266,orig_simpl_time,1.0201380252838135,--none--
266,orig_simpl_obj,497,--none--
266,orig_gsifts1p_time,1.124466896057129,--none--
266,orig_gsifts1p_obj,1280,--none--
266,orig_bestAB_time,0.08446049690246582,--none--
266,orig_bestAB_obj,2117,--none--
266,orig_5random_time,0.8036704063415527,--none--
266,orig_5random_obj,3696,--none--
267,simpl_opt_status,0,optimal
267,simpl_BB_time,2.2770726680755615,--none--
267,simpl_BB_obj,1313,--none--
267,simpl_minAB_time,0.00018310546875,--none--
267,simpl_minAB_obj,6549,--none--
267,simpl_gswaps_time,0.11541128158569336,--none--
267,simpl_gswaps_obj,6354,--none--
267,simpl_gsifts_1p_time,0.12272477149963379,--none--
267,simpl_gsifts_1p_obj,2810,--none--
267,simpl_gsifts_2p_time,0.18706727027893066,--none--
267,simpl_gsifts_2p_obj,1852,--none--
267,orig_simpl_time,2.3024282455444336,--none--
267,orig_simpl_obj,237,--none--
267,orig_gsifts1p_time,0.4117588996887207,--none--
267,orig_gsifts1p_obj,644,--none--
267,orig_bestAB_time,0.12314796447753906,--none--
267,orig_bestAB_obj,779,--none--
267,orig_5random_time,0.37709736824035645,--none--
267,orig_5random_obj,912,--none--
268,simpl_opt_status,0,optimal
268,simpl_BB_time,1.9873521327972412,--none--
268,simpl_BB_obj,441,--none--
268,simpl_minAB_time,0.0002117156982421875,--none--
268,simpl_minAB_obj,1077,--none--
268,simpl_gswaps_time,0.18724918365478516,--none--
268,simpl_gswaps_obj,441,--none--
268,simpl_gsifts_1p_time,0.23408961296081543,--none--
268,simpl_gsifts_1p_obj,721,--none--
268,simpl_gsifts_2p_time,0.37845373153686523,--none--
268,simpl_gsifts_2p_obj,565,--none--
268,orig_simpl_time,2.0234529972076416,--none--
268,orig_simpl_obj,200,--none--
268,orig_gsifts1p_time,0.25232958793640137,--none--
268,orig_gsifts1p_obj,286,--none--
268,orig_bestAB_time,0.023606538772583008,--none--
268,orig_bestAB_obj,296,--none--
268,orig_5random_time,0.31123876571655273,--none--
268,orig_5random_obj,712,--none--
269,simpl_opt_status,0,optimal
269,simpl_BB_time,0.8065950870513916,--none--
269,simpl_BB_obj,1637,--none--
269,simpl_minAB_time,0.0001804828643798828,--none--
269,simpl_minAB_obj,5930,--none--
269,simpl_gswaps_time,0.10719084739685059,--none--
269,simpl_gswaps_obj,2045,--none--
269,simpl_gsifts_1p_time,0.1911451816558838,--none--
269,simpl_gsifts_1p_obj,3408,--none--
269,simpl_gsifts_2p_time,0.33005523681640625,--none--
269,simpl_gsifts_2p_obj,2068,--none--
269,orig_simpl_time,0.8603050708770752,--none--
269,orig_simpl_obj,311,--none--
269,orig_gsifts1p_time,0.63330078125,--none--
269,orig_gsifts1p_obj,916,--none--
269,orig_bestAB_time,0.32550692558288574,--none--
269,orig_bestAB_obj,998,--none--
269,orig_5random_time,0.9841883182525635,--none--
269,orig_5random_obj,1922,--none--
26,simpl_opt_status,0,optimal
26,simpl_BB_time,3.6605112552642822,--none--
26,simpl_BB_obj,1625,--none--
26,simpl_minAB_time,0.0001785755157470703,--none--
26,simpl_minAB_obj,9848,--none--
26,simpl_gswaps_time,0.3041725158691406,--none--
26,simpl_gswaps_obj,2653,--none--
26,simpl_gsifts_1p_time,0.14686155319213867,--none--
26,simpl_gsifts_1p_obj,4866,--none--
26,simpl_gsifts_2p_time,0.31696629524230957,--none--
26,simpl_gsifts_2p_obj,3343,--none--
26,orig_simpl_time,3.6853413581848145,--none--
26,orig_simpl_obj,243,--none--
26,orig_gsifts1p_time,0.8178937435150146,--none--
26,orig_gsifts1p_obj,736,--none--
26,orig_bestAB_time,0.14859247207641602,--none--
26,orig_bestAB_obj,1353,--none--
26,orig_5random_time,0.6963398456573486,--none--
26,orig_5random_obj,1874,--none--
270,simpl_opt_status,0,optimal
270,simpl_BB_time,1.2895114421844482,--none--
270,simpl_BB_obj,679,--none--
270,simpl_minAB_time,0.00016117095947265625,--none--
270,simpl_minAB_obj,2511,--none--
270,simpl_gswaps_time,0.3170957565307617,--none--
270,simpl_gswaps_obj,919,--none--
270,simpl_gsifts_1p_time,0.07346963882446289,--none--
270,simpl_gsifts_1p_obj,1880,--none--
270,simpl_gsifts_2p_time,0.1483147144317627,--none--
270,simpl_gsifts_2p_obj,1488,--none--
270,orig_simpl_time,1.3004522323608398,--none--
270,orig_simpl_obj,118,--none--
270,orig_gsifts1p_time,0.04730677604675293,--none--
270,orig_gsifts1p_obj,200,--none--
270,orig_bestAB_time,0.023278236389160156,--none--
270,orig_bestAB_obj,222,--none--
270,orig_5random_time,0.08713436126708984,--none--
270,orig_5random_obj,616,--none--
271,simpl_opt_status,0,optimal
271,simpl_BB_time,1.9688665866851807,--none--
271,simpl_BB_obj,2061,--none--
271,simpl_minAB_time,0.0001583099365234375,--none--
271,simpl_minAB_obj,4888,--none--
271,simpl_gswaps_time,0.16884326934814453,--none--
271,simpl_gswaps_obj,2566,--none--
271,simpl_gsifts_1p_time,0.16895365715026855,--none--
271,simpl_gsifts_1p_obj,2976,--none--
271,simpl_gsifts_2p_time,0.4080629348754883,--none--
271,simpl_gsifts_2p_obj,2472,--none--
271,orig_simpl_time,2.0572257041931152,--none--
271,orig_simpl_obj,319,--none--
271,orig_gsifts1p_time,1.2935848236083984,--none--
271,orig_gsifts1p_obj,1813,--none--
271,orig_bestAB_time,0.30331945419311523,--none--
271,orig_bestAB_obj,1104,--none--
271,orig_5random_time,0.8312349319458008,--none--
271,orig_5random_obj,2142,--none--
272,simpl_opt_status,0,optimal
272,simpl_BB_time,0.9871373176574707,--none--
272,simpl_BB_obj,1031,--none--
272,simpl_minAB_time,0.0001857280731201172,--none--
272,simpl_minAB_obj,3821,--none--
272,simpl_gswaps_time,0.16927671432495117,--none--
272,simpl_gswaps_obj,1144,--none--
272,simpl_gsifts_1p_time,0.11732339859008789,--none--
272,simpl_gsifts_1p_obj,2399,--none--
272,simpl_gsifts_2p_time,0.34842896461486816,--none--
272,simpl_gsifts_2p_obj,1776,--none--
272,orig_simpl_time,1.0147206783294678,--none--
272,orig_simpl_obj,332,--none--
272,orig_gsifts1p_time,0.9010789394378662,--none--
272,orig_gsifts1p_obj,1385,--none--
272,orig_bestAB_time,0.07123804092407227,--none--
272,orig_bestAB_obj,1556,--none--
272,orig_5random_time,1.0889437198638916,--none--
272,orig_5random_obj,2147,--none--
273,simpl_opt_status,0,optimal
273,simpl_BB_time,1.1877925395965576,--none--
273,simpl_BB_obj,2044,--none--
273,simpl_minAB_time,0.00016069412231445312,--none--
273,simpl_minAB_obj,13547,--none--
273,simpl_gswaps_time,0.11419391632080078,--none--
273,simpl_gswaps_obj,2907,--none--
273,simpl_gsifts_1p_time,0.07729172706604004,--none--
273,simpl_gsifts_1p_obj,7800,--none--
273,simpl_gsifts_2p_time,0.15003752708435059,--none--
273,simpl_gsifts_2p_obj,4680,--none--
273,orig_simpl_time,1.2178750038146973,--none--
273,orig_simpl_obj,356,--none--
273,orig_gsifts1p_time,0.8679013252258301,--none--
273,orig_gsifts1p_obj,692,--none--
273,orig_bestAB_time,0.07480359077453613,--none--
273,orig_bestAB_obj,744,--none--
273,orig_5random_time,0.8565459251403809,--none--
273,orig_5random_obj,2243,--none--
274,simpl_opt_status,0,optimal
274,simpl_BB_time,1.9917261600494385,--none--
274,simpl_BB_obj,521,--none--
274,simpl_minAB_time,0.0001823902130126953,--none--
274,simpl_minAB_obj,3908,--none--
274,simpl_gswaps_time,0.06927609443664551,--none--
274,simpl_gswaps_obj,1008,--none--
274,simpl_gsifts_1p_time,0.24713778495788574,--none--
274,simpl_gsifts_1p_obj,2227,--none--
274,simpl_gsifts_2p_time,0.4774000644683838,--none--
274,simpl_gsifts_2p_obj,1376,--none--
274,orig_simpl_time,2.025114059448242,--none--
274,orig_simpl_obj,122,--none--
274,orig_gsifts1p_time,0.18459224700927734,--none--
274,orig_gsifts1p_obj,336,--none--
274,orig_bestAB_time,0.04283738136291504,--none--
274,orig_bestAB_obj,427,--none--
274,orig_5random_time,0.16088080406188965,--none--
274,orig_5random_obj,695,--none--
275,simpl_opt_status,0,optimal
275,simpl_BB_time,2.8117265701293945,--none--
275,simpl_BB_obj,386,--none--
275,simpl_minAB_time,0.00017023086547851562,--none--
275,simpl_minAB_obj,1081,--none--
275,simpl_gswaps_time,0.1473085880279541,--none--
275,simpl_gswaps_obj,541,--none--
275,simpl_gsifts_1p_time,0.1853492259979248,--none--
275,simpl_gsifts_1p_obj,726,--none--
275,simpl_gsifts_2p_time,0.41846203804016113,--none--
275,simpl_gsifts_2p_obj,593,--none--
275,orig_simpl_time,2.837293863296509,--none--
275,orig_simpl_obj,117,--none--
275,orig_gsifts1p_time,0.16722512245178223,--none--
275,orig_gsifts1p_obj,169,--none--
275,orig_bestAB_time,0.03733634948730469,--none--
275,orig_bestAB_obj,213,--none--
275,orig_5random_time,0.20031356811523438,--none--
275,orig_5random_obj,464,--none--
276,simpl_opt_status,0,optimal
276,simpl_BB_time,2.9691219329833984,--none--
276,simpl_BB_obj,1239,--none--
276,simpl_minAB_time,0.0001552104949951172,--none--
276,simpl_minAB_obj,6054,--none--
276,simpl_gswaps_time,0.20371007919311523,--none--
276,simpl_gswaps_obj,4341,--none--
276,simpl_gsifts_1p_time,0.1909770965576172,--none--
276,simpl_gsifts_1p_obj,3693,--none--
276,simpl_gsifts_2p_time,0.4442780017852783,--none--
276,simpl_gsifts_2p_obj,2134,--none--
276,orig_simpl_time,3.0199670791625977,--none--
276,orig_simpl_obj,254,--none--
276,orig_gsifts1p_time,0.6005856990814209,--none--
276,orig_gsifts1p_obj,857,--none--
276,orig_bestAB_time,0.10826635360717773,--none--
276,orig_bestAB_obj,882,--none--
276,orig_5random_time,0.41185808181762695,--none--
276,orig_5random_obj,990,--none--
277,simpl_opt_status,0,optimal
277,simpl_BB_time,0.7454555034637451,--none--
277,simpl_BB_obj,3217,--none--
277,simpl_minAB_time,0.00015592575073242188,--none--
277,simpl_minAB_obj,16712,--none--
277,simpl_gswaps_time,0.06536746025085449,--none--
277,simpl_gswaps_obj,16616,--none--
277,simpl_gsifts_1p_time,0.23214125633239746,--none--
277,simpl_gsifts_1p_obj,4831,--none--
277,simpl_gsifts_2p_time,0.4116852283477783,--none--
277,simpl_gsifts_2p_obj,3615,--none--
277,orig_simpl_time,0.8286848068237305,--none--
277,orig_simpl_obj,359,--none--
277,orig_gsifts1p_time,1.0330278873443604,--none--
277,orig_gsifts1p_obj,1965,--none--
277,orig_bestAB_time,0.22965669631958008,--none--
277,orig_bestAB_obj,2133,--none--
277,orig_5random_time,0.9452903270721436,--none--
277,orig_5random_obj,4020,--none--
278,simpl_opt_status,0,optimal
278,simpl_BB_time,0.889357328414917,--none--
278,simpl_BB_obj,1214,--none--
278,simpl_minAB_time,0.00016880035400390625,--none--
278,simpl_minAB_obj,3373,--none--
278,simpl_gswaps_time,0.3147315979003906,--none--
278,simpl_gswaps_obj,1214,--none--
278,simpl_gsifts_1p_time,0.31714320182800293,--none--
278,simpl_gsifts_1p_obj,2001,--none--
278,simpl_gsifts_2p_time,0.5693151950836182,--none--
278,simpl_gsifts_2p_obj,1419,--none--
278,orig_simpl_time,0.9425389766693115,--none--
278,orig_simpl_obj,261,--none--
278,orig_gsifts1p_time,0.8838655948638916,--none--
278,orig_gsifts1p_obj,741,--none--
278,orig_bestAB_time,0.17115044593811035,--none--
278,orig_bestAB_obj,748,--none--
278,orig_5random_time,0.3685286045074463,--none--
278,orig_5random_obj,1980,--none--
279,simpl_opt_status,0,optimal
279,simpl_BB_time,1.0432085990905762,--none--
279,simpl_BB_obj,1034,--none--
279,simpl_minAB_time,0.001859426498413086,--none--
279,simpl_minAB_obj,3217,--none--
279,simpl_gswaps_time,0.04969048500061035,--none--
279,simpl_gswaps_obj,2325,--none--
279,simpl_gsifts_1p_time,0.0947723388671875,--none--
279,simpl_gsifts_1p_obj,1811,--none--
279,simpl_gsifts_2p_time,0.32181429862976074,--none--
279,simpl_gsifts_2p_obj,1380,--none--
279,orig_simpl_time,1.0731127262115479,--none--
279,orig_simpl_obj,229,--none--
279,orig_gsifts1p_time,0.7724223136901855,--none--
279,orig_gsifts1p_obj,1057,--none--
279,orig_bestAB_time,0.15194082260131836,--none--
279,orig_bestAB_obj,1048,--none--
279,orig_5random_time,0.7318894863128662,--none--
279,orig_5random_obj,1889,--none--
27,simpl_opt_status,0,optimal
27,simpl_BB_time,0.9326391220092773,--none--
27,simpl_BB_obj,605,--none--
27,simpl_minAB_time,0.00017952919006347656,--none--
27,simpl_minAB_obj,2698,--none--
27,simpl_gswaps_time,0.12908339500427246,--none--
27,simpl_gswaps_obj,2205,--none--
27,simpl_gsifts_1p_time,0.14607524871826172,--none--
27,simpl_gsifts_1p_obj,1534,--none--
27,simpl_gsifts_2p_time,0.30054497718811035,--none--
27,simpl_gsifts_2p_obj,1020,--none--
27,orig_simpl_time,0.9546465873718262,--none--
27,orig_simpl_obj,115,--none--
27,orig_gsifts1p_time,0.2177741527557373,--none--
27,orig_gsifts1p_obj,506,--none--
27,orig_bestAB_time,0.1406865119934082,--none--
27,orig_bestAB_obj,470,--none--
27,orig_5random_time,0.1874237060546875,--none--
27,orig_5random_obj,564,--none--
280,simpl_opt_status,0,optimal
280,simpl_BB_time,1.542358160018921,--none--
280,simpl_BB_obj,1045,--none--
280,simpl_minAB_time,0.0001690387725830078,--none--
280,simpl_minAB_obj,5396,--none--
280,simpl_gswaps_time,0.5238630771636963,--none--
280,simpl_gswaps_obj,1045,--none--
280,simpl_gsifts_1p_time,0.2584259510040283,--none--
280,simpl_gsifts_1p_obj,3153,--none--
280,simpl_gsifts_2p_time,0.37662768363952637,--none--
280,simpl_gsifts_2p_obj,2033,--none--
280,orig_simpl_time,1.582360029220581,--none--
280,orig_simpl_obj,191,--none--
280,orig_gsifts1p_time,0.6026852130889893,--none--
280,orig_gsifts1p_obj,485,--none--
280,orig_bestAB_time,0.0971226692199707,--none--
280,orig_bestAB_obj,532,--none--
280,orig_5random_time,0.3790473937988281,--none--
280,orig_5random_obj,1424,--none--
281,simpl_opt_status,0,optimal
281,simpl_BB_time,0.46404147148132324,--none--
281,simpl_BB_obj,983,--none--
281,simpl_minAB_time,0.00016427040100097656,--none--
281,simpl_minAB_obj,5294,--none--
281,simpl_gswaps_time,0.10028195381164551,--none--
281,simpl_gswaps_obj,1629,--none--
281,simpl_gsifts_1p_time,0.11137032508850098,--none--
281,simpl_gsifts_1p_obj,3403,--none--
281,simpl_gsifts_2p_time,0.3500189781188965,--none--
281,simpl_gsifts_2p_obj,2256,--none--
281,orig_simpl_time,0.5246379375457764,--none--
281,orig_simpl_obj,270,--none--
281,orig_gsifts1p_time,0.5895934104919434,--none--
281,orig_gsifts1p_obj,821,--none--
281,orig_bestAB_time,0.13175296783447266,--none--
281,orig_bestAB_obj,1490,--none--
281,orig_5random_time,1.0302364826202393,--none--
281,orig_5random_obj,2681,--none--
282,simpl_opt_status,0,optimal
282,simpl_BB_time,1.126873254776001,--none--
282,simpl_BB_obj,1110,--none--
282,simpl_minAB_time,0.00017070770263671875,--none--
282,simpl_minAB_obj,4556,--none--
282,simpl_gswaps_time,0.154435396194458,--none--
282,simpl_gswaps_obj,1114,--none--
282,simpl_gsifts_1p_time,0.16320085525512695,--none--
282,simpl_gsifts_1p_obj,2930,--none--
282,simpl_gsifts_2p_time,0.33440113067626953,--none--
282,simpl_gsifts_2p_obj,2016,--none--
282,orig_simpl_time,1.170623779296875,--none--
282,orig_simpl_obj,322,--none--
282,orig_gsifts1p_time,0.7000133991241455,--none--
282,orig_gsifts1p_obj,1153,--none--
282,orig_bestAB_time,0.0996408462524414,--none--
282,orig_bestAB_obj,1388,--none--
282,orig_5random_time,0.6803586483001709,--none--
282,orig_5random_obj,2297,--none--
283,simpl_opt_status,0,optimal
283,simpl_BB_time,0.6638152599334717,--none--
283,simpl_BB_obj,1223,--none--
283,simpl_minAB_time,0.0001838207244873047,--none--
283,simpl_minAB_obj,3076,--none--
283,simpl_gswaps_time,0.19101238250732422,--none--
283,simpl_gswaps_obj,1223,--none--
283,simpl_gsifts_1p_time,0.312197208404541,--none--
283,simpl_gsifts_1p_obj,1886,--none--
283,simpl_gsifts_2p_time,0.5221223831176758,--none--
283,simpl_gsifts_2p_obj,1396,--none--
283,orig_simpl_time,0.7414743900299072,--none--
283,orig_simpl_obj,276,--none--
283,orig_gsifts1p_time,1.4143002033233643,--none--
283,orig_gsifts1p_obj,2404,--none--
283,orig_bestAB_time,0.1528642177581787,--none--
283,orig_bestAB_obj,1044,--none--
283,orig_5random_time,0.777083158493042,--none--
283,orig_5random_obj,2792,--none--
284,simpl_opt_status,0,optimal
284,simpl_BB_time,0.375014066696167,--none--
284,simpl_BB_obj,1130,--none--
284,simpl_minAB_time,0.0001838207244873047,--none--
284,simpl_minAB_obj,4851,--none--
284,simpl_gswaps_time,0.21634483337402344,--none--
284,simpl_gswaps_obj,1174,--none--
284,simpl_gsifts_1p_time,0.19273757934570312,--none--
284,simpl_gsifts_1p_obj,2781,--none--
284,simpl_gsifts_2p_time,0.3427746295928955,--none--
284,simpl_gsifts_2p_obj,1844,--none--
284,orig_simpl_time,0.4366312026977539,--none--
284,orig_simpl_obj,305,--none--
284,orig_gsifts1p_time,1.2958259582519531,--none--
284,orig_gsifts1p_obj,2177,--none--
284,orig_bestAB_time,0.07176494598388672,--none--
284,orig_bestAB_obj,1600,--none--
284,orig_5random_time,0.9654028415679932,--none--
284,orig_5random_obj,3453,--none--
285,simpl_opt_status,0,optimal
285,simpl_BB_time,0.8974490165710449,--none--
285,simpl_BB_obj,777,--none--
285,simpl_minAB_time,0.00015091896057128906,--none--
285,simpl_minAB_obj,16543,--none--
285,simpl_gswaps_time,0.07411503791809082,--none--
285,simpl_gswaps_obj,16423,--none--
285,simpl_gsifts_1p_time,0.1583406925201416,--none--
285,simpl_gsifts_1p_obj,4545,--none--
285,simpl_gsifts_2p_time,0.32851672172546387,--none--
285,simpl_gsifts_2p_obj,2754,--none--
285,orig_simpl_time,0.9313652515411377,--none--
285,orig_simpl_obj,127,--none--
285,orig_gsifts1p_time,0.38139915466308594,--none--
285,orig_gsifts1p_obj,507,--none--
285,orig_bestAB_time,0.056748390197753906,--none--
285,orig_bestAB_obj,184,--none--
285,orig_5random_time,0.2712819576263428,--none--
285,orig_5random_obj,488,--none--
286,simpl_opt_status,0,optimal
286,simpl_BB_time,1.509641170501709,--none--
286,simpl_BB_obj,1207,--none--
286,simpl_minAB_time,0.0001766681671142578,--none--
286,simpl_minAB_obj,3335,--none--
286,simpl_gswaps_time,0.2892303466796875,--none--
286,simpl_gswaps_obj,1505,--none--
286,simpl_gsifts_1p_time,0.28208112716674805,--none--
286,simpl_gsifts_1p_obj,2209,--none--
286,simpl_gsifts_2p_time,0.5492827892303467,--none--
286,simpl_gsifts_2p_obj,1651,--none--
286,orig_simpl_time,1.534003734588623,--none--
286,orig_simpl_obj,242,--none--
286,orig_gsifts1p_time,0.48685359954833984,--none--
286,orig_gsifts1p_obj,480,--none--
286,orig_bestAB_time,0.08206796646118164,--none--
286,orig_bestAB_obj,646,--none--
286,orig_5random_time,0.8433401584625244,--none--
286,orig_5random_obj,1297,--none--
287,simpl_opt_status,0,optimal
287,simpl_BB_time,0.531663179397583,--none--
287,simpl_BB_obj,593,--none--
287,simpl_minAB_time,0.00017380714416503906,--none--
287,simpl_minAB_obj,2294,--none--
287,simpl_gswaps_time,0.16115045547485352,--none--
287,simpl_gswaps_obj,1732,--none--
287,simpl_gsifts_1p_time,0.1779317855834961,--none--
287,simpl_gsifts_1p_obj,1539,--none--
287,simpl_gsifts_2p_time,0.40807485580444336,--none--
287,simpl_gsifts_2p_obj,988,--none--
287,orig_simpl_time,0.5815260410308838,--none--
287,orig_simpl_obj,157,--none--
287,orig_gsifts1p_time,0.2856013774871826,--none--
287,orig_gsifts1p_obj,395,--none--
287,orig_bestAB_time,0.05097317695617676,--none--
287,orig_bestAB_obj,501,--none--
287,orig_5random_time,0.26262712478637695,--none--
287,orig_5random_obj,661,--none--
288,simpl_opt_status,0,optimal
288,simpl_BB_time,0.549278974533081,--none--
288,simpl_BB_obj,775,--none--
288,simpl_minAB_time,0.00017595291137695312,--none--
288,simpl_minAB_obj,4447,--none--
288,simpl_gswaps_time,0.1363694667816162,--none--
288,simpl_gswaps_obj,776,--none--
288,simpl_gsifts_1p_time,0.15702152252197266,--none--
288,simpl_gsifts_1p_obj,1301,--none--
288,simpl_gsifts_2p_time,0.3482940196990967,--none--
288,simpl_gsifts_2p_obj,1029,--none--
288,orig_simpl_time,0.5764822959899902,--none--
288,orig_simpl_obj,250,--none--
288,orig_gsifts1p_time,0.24274849891662598,--none--
288,orig_gsifts1p_obj,452,--none--
288,orig_bestAB_time,0.0736844539642334,--none--
288,orig_bestAB_obj,625,--none--
288,orig_5random_time,0.31104469299316406,--none--
288,orig_5random_obj,913,--none--
289,simpl_opt_status,0,optimal
289,simpl_BB_time,0.7823481559753418,--none--
289,simpl_BB_obj,1479,--none--
289,simpl_minAB_time,0.00021529197692871094,--none--
289,simpl_minAB_obj,4336,--none--
289,simpl_gswaps_time,0.16333937644958496,--none--
289,simpl_gswaps_obj,1499,--none--
289,simpl_gsifts_1p_time,0.16806721687316895,--none--
289,simpl_gsifts_1p_obj,2880,--none--
289,simpl_gsifts_2p_time,0.4738962650299072,--none--
289,simpl_gsifts_2p_obj,2112,--none--
289,orig_simpl_time,0.8535981178283691,--none--
289,orig_simpl_obj,291,--none--
289,orig_gsifts1p_time,1.448240041732788,--none--
289,orig_gsifts1p_obj,1760,--none--
289,orig_bestAB_time,0.14916777610778809,--none--
289,orig_bestAB_obj,2109,--none--
289,orig_5random_time,0.9001052379608154,--none--
289,orig_5random_obj,2494,--none--
28,simpl_opt_status,0,optimal
28,simpl_BB_time,0.7573654651641846,--none--
28,simpl_BB_obj,867,--none--
28,simpl_minAB_time,0.00019884109497070312,--none--
28,simpl_minAB_obj,3010,--none--
28,simpl_gswaps_time,0.21000170707702637,--none--
28,simpl_gswaps_obj,966,--none--
28,simpl_gsifts_1p_time,0.2094721794128418,--none--
28,simpl_gsifts_1p_obj,1677,--none--
28,simpl_gsifts_2p_time,0.4182775020599365,--none--
28,simpl_gsifts_2p_obj,1233,--none--
28,orig_simpl_time,0.7951722145080566,--none--
28,orig_simpl_obj,308,--none--
28,orig_gsifts1p_time,0.43102502822875977,--none--
28,orig_gsifts1p_obj,476,--none--
28,orig_bestAB_time,0.05653953552246094,--none--
28,orig_bestAB_obj,542,--none--
28,orig_5random_time,0.688650369644165,--none--
28,orig_5random_obj,1304,--none--
290,simpl_opt_status,0,optimal
290,simpl_BB_time,0.5854730606079102,--none--
290,simpl_BB_obj,1454,--none--
290,simpl_minAB_time,0.00016951560974121094,--none--
290,simpl_minAB_obj,2864,--none--
290,simpl_gswaps_time,0.16100001335144043,--none--
290,simpl_gswaps_obj,1630,--none--
290,simpl_gsifts_1p_time,0.20975160598754883,--none--
290,simpl_gsifts_1p_obj,2095,--none--
290,simpl_gsifts_2p_time,0.30843043327331543,--none--
290,simpl_gsifts_2p_obj,1749,--none--
290,orig_simpl_time,0.6523430347442627,--none--
290,orig_simpl_obj,428,--none--
290,orig_gsifts1p_time,1.488591194152832,--none--
290,orig_gsifts1p_obj,2380,--none--
290,orig_bestAB_time,0.2768416404724121,--none--
290,orig_bestAB_obj,1137,--none--
290,orig_5random_time,1.650475263595581,--none--
290,orig_5random_obj,2547,--none--
291,simpl_opt_status,0,optimal
291,simpl_BB_time,1.772569179534912,--none--
291,simpl_BB_obj,430,--none--
291,simpl_minAB_time,0.00019049644470214844,--none--
291,simpl_minAB_obj,896,--none--
291,simpl_gswaps_time,0.2062516212463379,--none--
291,simpl_gswaps_obj,510,--none--
291,simpl_gsifts_1p_time,0.17653942108154297,--none--
291,simpl_gsifts_1p_obj,693,--none--
291,simpl_gsifts_2p_time,0.38733434677124023,--none--
291,simpl_gsifts_2p_obj,538,--none--
291,orig_simpl_time,1.8216736316680908,--none--
291,orig_simpl_obj,162,--none--
291,orig_gsifts1p_time,0.23169660568237305,--none--
291,orig_gsifts1p_obj,252,--none--
291,orig_bestAB_time,0.03902578353881836,--none--
291,orig_bestAB_obj,279,--none--
291,orig_5random_time,0.4127931594848633,--none--
291,orig_5random_obj,884,--none--
292,simpl_opt_status,0,optimal
292,simpl_BB_time,2.655654191970825,--none--
292,simpl_BB_obj,1069,--none--
292,simpl_minAB_time,0.00017690658569335938,--none--
292,simpl_minAB_obj,5527,--none--
292,simpl_gswaps_time,0.26923513412475586,--none--
292,simpl_gswaps_obj,1070,--none--
292,simpl_gsifts_1p_time,0.1822965145111084,--none--
292,simpl_gsifts_1p_obj,3242,--none--
292,simpl_gsifts_2p_time,0.32849884033203125,--none--
292,simpl_gsifts_2p_obj,2227,--none--
292,orig_simpl_time,2.696601629257202,--none--
292,orig_simpl_obj,226,--none--
292,orig_gsifts1p_time,0.5881564617156982,--none--
292,orig_gsifts1p_obj,632,--none--
292,orig_bestAB_time,0.15274310111999512,--none--
292,orig_bestAB_obj,1284,--none--
292,orig_5random_time,0.6082744598388672,--none--
292,orig_5random_obj,1443,--none--
293,simpl_opt_status,0,optimal
293,simpl_BB_time,0.8058333396911621,--none--
293,simpl_BB_obj,1298,--none--
293,simpl_minAB_time,0.0001690387725830078,--none--
293,simpl_minAB_obj,12589,--none--
293,simpl_gswaps_time,0.24390006065368652,--none--
293,simpl_gswaps_obj,1359,--none--
293,simpl_gsifts_1p_time,0.2511560916900635,--none--
293,simpl_gsifts_1p_obj,4083,--none--
293,simpl_gsifts_2p_time,0.2894299030303955,--none--
293,simpl_gsifts_2p_obj,2459,--none--
293,orig_simpl_time,0.8620624542236328,--none--
293,orig_simpl_obj,274,--none--
293,orig_gsifts1p_time,0.571465253829956,--none--
293,orig_gsifts1p_obj,791,--none--
293,orig_bestAB_time,0.1358644962310791,--none--
293,orig_bestAB_obj,1009,--none--
293,orig_5random_time,0.7720646858215332,--none--
293,orig_5random_obj,2760,--none--
294,simpl_opt_status,0,optimal
294,simpl_BB_time,0.3698768615722656,--none--
294,simpl_BB_obj,1679,--none--
294,simpl_minAB_time,0.0001583099365234375,--none--
294,simpl_minAB_obj,5976,--none--
294,simpl_gswaps_time,0.08438682556152344,--none--
294,simpl_gswaps_obj,3024,--none--
294,simpl_gsifts_1p_time,0.14621686935424805,--none--
294,simpl_gsifts_1p_obj,3918,--none--
294,simpl_gsifts_2p_time,0.3791790008544922,--none--
294,simpl_gsifts_2p_obj,2792,--none--
294,orig_simpl_time,0.41881227493286133,--none--
294,orig_simpl_obj,233,--none--
294,orig_gsifts1p_time,0.3794107437133789,--none--
294,orig_gsifts1p_obj,455,--none--
294,orig_bestAB_time,0.12303686141967773,--none--
294,orig_bestAB_obj,535,--none--
294,orig_5random_time,0.5872724056243896,--none--
294,orig_5random_obj,1955,--none--
295,simpl_opt_status,0,optimal
295,simpl_BB_time,1.2415316104888916,--none--
295,simpl_BB_obj,1378,--none--
295,simpl_minAB_time,0.00019121170043945312,--none--
295,simpl_minAB_obj,5120,--none--
295,simpl_gswaps_time,0.25559377670288086,--none--
295,simpl_gswaps_obj,1378,--none--
295,simpl_gsifts_1p_time,0.1898500919342041,--none--
295,simpl_gsifts_1p_obj,1861,--none--
295,simpl_gsifts_2p_time,0.3090085983276367,--none--
295,simpl_gsifts_2p_obj,1650,--none--
295,orig_simpl_time,1.2868783473968506,--none--
295,orig_simpl_obj,287,--none--
295,orig_gsifts1p_time,1.2848730087280273,--none--
295,orig_gsifts1p_obj,1704,--none--
295,orig_bestAB_time,0.26247096061706543,--none--
295,orig_bestAB_obj,1623,--none--
295,orig_5random_time,1.1942386627197266,--none--
295,orig_5random_obj,1456,--none--
296,simpl_opt_status,0,optimal
296,simpl_BB_time,0.4273524284362793,--none--
296,simpl_BB_obj,622,--none--
296,simpl_minAB_time,0.014761924743652344,--none--
296,simpl_minAB_obj,883,--none--
296,simpl_gswaps_time,0.19687771797180176,--none--
296,simpl_gswaps_obj,654,--none--
296,simpl_gsifts_1p_time,0.2642061710357666,--none--
296,simpl_gsifts_1p_obj,761,--none--
296,simpl_gsifts_2p_time,0.23297333717346191,--none--
296,simpl_gsifts_2p_obj,688,--none--
296,orig_simpl_time,0.48093271255493164,--none--
296,orig_simpl_obj,205,--none--
296,orig_gsifts1p_time,0.18764257431030273,--none--
296,orig_gsifts1p_obj,324,--none--
296,orig_bestAB_time,0.029863834381103516,--none--
296,orig_bestAB_obj,329,--none--
296,orig_5random_time,0.35675692558288574,--none--
296,orig_5random_obj,952,--none--
297,simpl_opt_status,0,optimal
297,simpl_BB_time,4.612887859344482,--none--
297,simpl_BB_obj,688,--none--
297,simpl_minAB_time,0.0001666545867919922,--none--
297,simpl_minAB_obj,8467,--none--
297,simpl_gswaps_time,0.25247859954833984,--none--
297,simpl_gswaps_obj,704,--none--
297,simpl_gsifts_1p_time,0.15884160995483398,--none--
297,simpl_gsifts_1p_obj,2402,--none--
297,simpl_gsifts_2p_time,0.32609033584594727,--none--
297,simpl_gsifts_2p_obj,1034,--none--
297,orig_simpl_time,4.641629695892334,--none--
297,orig_simpl_obj,192,--none--
297,orig_gsifts1p_time,0.1629621982574463,--none--
297,orig_gsifts1p_obj,266,--none--
297,orig_bestAB_time,0.06989765167236328,--none--
297,orig_bestAB_obj,342,--none--
297,orig_5random_time,0.43849849700927734,--none--
297,orig_5random_obj,889,--none--
298,simpl_opt_status,0,optimal
298,simpl_BB_time,0.9892876148223877,--none--
298,simpl_BB_obj,1504,--none--
298,simpl_minAB_time,0.0001678466796875,--none--
298,simpl_minAB_obj,2630,--none--
298,simpl_gswaps_time,0.22218561172485352,--none--
298,simpl_gswaps_obj,1504,--none--
298,simpl_gsifts_1p_time,0.2772488594055176,--none--
298,simpl_gsifts_1p_obj,2114,--none--
298,simpl_gsifts_2p_time,0.5633337497711182,--none--
298,simpl_gsifts_2p_obj,1815,--none--
298,orig_simpl_time,1.0914244651794434,--none--
298,orig_simpl_obj,332,--none--
298,orig_gsifts1p_time,0.9613301753997803,--none--
298,orig_gsifts1p_obj,957,--none--
298,orig_bestAB_time,0.22522187232971191,--none--
298,orig_bestAB_obj,1208,--none--
298,orig_5random_time,1.019228458404541,--none--
298,orig_5random_obj,2666,--none--
299,simpl_opt_status,0,optimal
299,simpl_BB_time,1.030303955078125,--none--
299,simpl_BB_obj,1157,--none--
299,simpl_minAB_time,0.00017833709716796875,--none--
299,simpl_minAB_obj,1862,--none--
299,simpl_gswaps_time,0.0578312873840332,--none--
299,simpl_gswaps_obj,1426,--none--
299,simpl_gsifts_1p_time,0.24985957145690918,--none--
299,simpl_gsifts_1p_obj,1552,--none--
299,simpl_gsifts_2p_time,0.4114084243774414,--none--
299,simpl_gsifts_2p_obj,1361,--none--
299,orig_simpl_time,1.0952284336090088,--none--
299,orig_simpl_obj,310,--none--
299,orig_gsifts1p_time,1.0268816947937012,--none--
299,orig_gsifts1p_obj,1942,--none--
299,orig_bestAB_time,0.0649576187133789,--none--
299,orig_bestAB_obj,1067,--none--
299,orig_5random_time,0.5693562030792236,--none--
299,orig_5random_obj,2838,--none--
29,simpl_opt_status,0,optimal
29,simpl_BB_time,0.8290755748748779,--none--
29,simpl_BB_obj,1291,--none--
29,simpl_minAB_time,0.00015544891357421875,--none--
29,simpl_minAB_obj,2329,--none--
29,simpl_gswaps_time,0.08263826370239258,--none--
29,simpl_gswaps_obj,1708,--none--
29,simpl_gsifts_1p_time,0.1875767707824707,--none--
29,simpl_gsifts_1p_obj,1850,--none--
29,simpl_gsifts_2p_time,0.30644679069519043,--none--
29,simpl_gsifts_2p_obj,1578,--none--
29,orig_simpl_time,0.8813636302947998,--none--
29,orig_simpl_obj,286,--none--
29,orig_gsifts1p_time,0.22581982612609863,--none--
29,orig_gsifts1p_obj,615,--none--
29,orig_bestAB_time,0.03626608848571777,--none--
29,orig_bestAB_obj,965,--none--
29,orig_5random_time,0.2767632007598877,--none--
29,orig_5random_obj,1388,--none--
2,simpl_opt_status,0,optimal
2,simpl_BB_time,0.6279704570770264,--none--
2,simpl_BB_obj,2814,--none--
2,simpl_minAB_time,0.00015997886657714844,--none--
2,simpl_minAB_obj,10786,--none--
2,simpl_gswaps_time,0.24371790885925293,--none--
2,simpl_gswaps_obj,4126,--none--
2,simpl_gsifts_1p_time,0.2687077522277832,--none--
2,simpl_gsifts_1p_obj,6078,--none--
2,simpl_gsifts_2p_time,0.5428271293640137,--none--
2,simpl_gsifts_2p_obj,4085,--none--
2,orig_simpl_time,0.7433383464813232,--none--
2,orig_simpl_obj,451,--none--
2,orig_gsifts1p_time,1.5093815326690674,--none--
2,orig_gsifts1p_obj,2745,--none--
2,orig_bestAB_time,0.2862517833709717,--none--
2,orig_bestAB_obj,1526,--none--
2,orig_5random_time,0.9602639675140381,--none--
2,orig_5random_obj,3819,--none--
300,simpl_opt_status,0,optimal
300,simpl_BB_time,1.3375976085662842,--none--
300,simpl_BB_obj,872,--none--
300,simpl_minAB_time,0.0001537799835205078,--none--
300,simpl_minAB_obj,7769,--none--
300,simpl_gswaps_time,0.22786283493041992,--none--
300,simpl_gswaps_obj,4296,--none--
300,simpl_gsifts_1p_time,0.16041088104248047,--none--
300,simpl_gsifts_1p_obj,4182,--none--
300,simpl_gsifts_2p_time,0.3230721950531006,--none--
300,simpl_gsifts_2p_obj,2766,--none--
300,orig_simpl_time,1.3731653690338135,--none--
300,orig_simpl_obj,151,--none--
300,orig_gsifts1p_time,0.3715665340423584,--none--
300,orig_gsifts1p_obj,418,--none--
300,orig_bestAB_time,0.07551813125610352,--none--
300,orig_bestAB_obj,472,--none--
300,orig_5random_time,0.2816736698150635,--none--
300,orig_5random_obj,1251,--none--
301,simpl_opt_status,0,optimal
301,simpl_BB_time,1.3798742294311523,--none--
301,simpl_BB_obj,951,--none--
301,simpl_minAB_time,0.0001723766326904297,--none--
301,simpl_minAB_obj,3223,--none--
301,simpl_gswaps_time,0.3212740421295166,--none--
301,simpl_gswaps_obj,1369,--none--
301,simpl_gsifts_1p_time,0.32050442695617676,--none--
301,simpl_gsifts_1p_obj,1837,--none--
301,simpl_gsifts_2p_time,0.5296378135681152,--none--
301,simpl_gsifts_2p_obj,1220,--none--
301,orig_simpl_time,1.4411823749542236,--none--
301,orig_simpl_obj,164,--none--
301,orig_gsifts1p_time,0.35051679611206055,--none--
301,orig_gsifts1p_obj,474,--none--
301,orig_bestAB_time,0.060044050216674805,--none--
301,orig_bestAB_obj,844,--none--
301,orig_5random_time,0.15359902381896973,--none--
301,orig_5random_obj,591,--none--
302,simpl_opt_status,0,optimal
302,simpl_BB_time,0.7393398284912109,--none--
302,simpl_BB_obj,3017,--none--
302,simpl_minAB_time,0.00017189979553222656,--none--
302,simpl_minAB_obj,8885,--none--
302,simpl_gswaps_time,0.2731361389160156,--none--
302,simpl_gswaps_obj,5934,--none--
302,simpl_gsifts_1p_time,0.13503694534301758,--none--
302,simpl_gsifts_1p_obj,5172,--none--
302,simpl_gsifts_2p_time,0.3435378074645996,--none--
302,simpl_gsifts_2p_obj,3827,--none--
302,orig_simpl_time,0.8087170124053955,--none--
302,orig_simpl_obj,312,--none--
302,orig_gsifts1p_time,0.47662973403930664,--none--
302,orig_gsifts1p_obj,532,--none--
302,orig_bestAB_time,0.16765165328979492,--none--
302,orig_bestAB_obj,543,--none--
302,orig_5random_time,0.7379207611083984,--none--
302,orig_5random_obj,2781,--none--
303,simpl_opt_status,0,optimal
303,simpl_BB_time,0.5317485332489014,--none--
303,simpl_BB_obj,1393,--none--
303,simpl_minAB_time,0.00016760826110839844,--none--
303,simpl_minAB_obj,3437,--none--
303,simpl_gswaps_time,0.07179975509643555,--none--
303,simpl_gswaps_obj,1491,--none--
303,simpl_gsifts_1p_time,0.21357202529907227,--none--
303,simpl_gsifts_1p_obj,2078,--none--
303,simpl_gsifts_2p_time,0.3896770477294922,--none--
303,simpl_gsifts_2p_obj,1588,--none--
303,orig_simpl_time,0.5965242385864258,--none--
303,orig_simpl_obj,247,--none--
303,orig_gsifts1p_time,0.7941045761108398,--none--
303,orig_gsifts1p_obj,793,--none--
303,orig_bestAB_time,0.12697720527648926,--none--
303,orig_bestAB_obj,1078,--none--
303,orig_5random_time,0.6124122142791748,--none--
303,orig_5random_obj,2382,--none--
304,simpl_opt_status,0,optimal
304,simpl_BB_time,1.632061243057251,--none--
304,simpl_BB_obj,1356,--none--
304,simpl_minAB_time,0.00017452239990234375,--none--
304,simpl_minAB_obj,3688,--none--
304,simpl_gswaps_time,0.3440098762512207,--none--
304,simpl_gswaps_obj,1357,--none--
304,simpl_gsifts_1p_time,0.2789649963378906,--none--
304,simpl_gsifts_1p_obj,2611,--none--
304,simpl_gsifts_2p_time,0.48424386978149414,--none--
304,simpl_gsifts_2p_obj,2035,--none--
304,orig_simpl_time,1.7291178703308105,--none--
304,orig_simpl_obj,386,--none--
304,orig_gsifts1p_time,0.9633290767669678,--none--
304,orig_gsifts1p_obj,1068,--none--
304,orig_bestAB_time,0.11271095275878906,--none--
304,orig_bestAB_obj,1225,--none--
304,orig_5random_time,0.8476552963256836,--none--
304,orig_5random_obj,2559,--none--
305,simpl_opt_status,0,optimal
305,simpl_BB_time,0.8933484554290771,--none--
305,simpl_BB_obj,2150,--none--
305,simpl_minAB_time,0.004896640777587891,--none--
305,simpl_minAB_obj,3624,--none--
305,simpl_gswaps_time,0.16071486473083496,--none--
305,simpl_gswaps_obj,2152,--none--
305,simpl_gsifts_1p_time,0.16911649703979492,--none--
305,simpl_gsifts_1p_obj,2550,--none--
305,simpl_gsifts_2p_time,0.2238621711730957,--none--
305,simpl_gsifts_2p_obj,2342,--none--
305,orig_simpl_time,0.9939947128295898,--none--
305,orig_simpl_obj,449,--none--
305,orig_gsifts1p_time,1.6328246593475342,--none--
305,orig_gsifts1p_obj,2830,--none--
305,orig_bestAB_time,0.23186326026916504,--none--
305,orig_bestAB_obj,2011,--none--
305,orig_5random_time,0.9200258255004883,--none--
305,orig_5random_obj,2750,--none--
306,simpl_opt_status,0,optimal
306,simpl_BB_time,0.7409629821777344,--none--
306,simpl_BB_obj,1635,--none--
306,simpl_minAB_time,0.00017762184143066406,--none--
306,simpl_minAB_obj,12394,--none--
306,simpl_gswaps_time,0.21752142906188965,--none--
306,simpl_gswaps_obj,8520,--none--
306,simpl_gsifts_1p_time,0.15528035163879395,--none--
306,simpl_gsifts_1p_obj,7000,--none--
306,simpl_gsifts_2p_time,0.3263237476348877,--none--
306,simpl_gsifts_2p_obj,4091,--none--
306,orig_simpl_time,0.7868261337280273,--none--
306,orig_simpl_obj,238,--none--
306,orig_gsifts1p_time,1.0550012588500977,--none--
306,orig_gsifts1p_obj,1360,--none--
306,orig_bestAB_time,0.2373826503753662,--none--
306,orig_bestAB_obj,639,--none--
306,orig_5random_time,0.9048149585723877,--none--
306,orig_5random_obj,1656,--none--
307,simpl_opt_status,0,optimal
307,simpl_BB_time,1.6036100387573242,--none--
307,simpl_BB_obj,2230,--none--
307,simpl_minAB_time,0.0001678466796875,--none--
307,simpl_minAB_obj,9095,--none--
307,simpl_gswaps_time,0.1323561668395996,--none--
307,simpl_gswaps_obj,8429,--none--
307,simpl_gsifts_1p_time,0.17388129234313965,--none--
307,simpl_gsifts_1p_obj,5421,--none--
307,simpl_gsifts_2p_time,0.34290385246276855,--none--
307,simpl_gsifts_2p_obj,3550,--none--
307,orig_simpl_time,1.664818525314331,--none--
307,orig_simpl_obj,297,--none--
307,orig_gsifts1p_time,0.9578495025634766,--none--
307,orig_gsifts1p_obj,1312,--none--
307,orig_bestAB_time,0.19350314140319824,--none--
307,orig_bestAB_obj,1737,--none--
307,orig_5random_time,0.8002967834472656,--none--
307,orig_5random_obj,3651,--none--
308,simpl_opt_status,0,optimal
308,simpl_BB_time,1.8164927959442139,--none--
308,simpl_BB_obj,829,--none--
308,simpl_minAB_time,0.00016427040100097656,--none--
308,simpl_minAB_obj,12884,--none--
308,simpl_gswaps_time,0.1539011001586914,--none--
308,simpl_gswaps_obj,6312,--none--
308,simpl_gsifts_1p_time,0.15158939361572266,--none--
308,simpl_gsifts_1p_obj,6434,--none--
308,simpl_gsifts_2p_time,0.32784104347229004,--none--
308,simpl_gsifts_2p_obj,1411,--none--
308,orig_simpl_time,1.8338634967803955,--none--
308,orig_simpl_obj,163,--none--
308,orig_gsifts1p_time,0.2757985591888428,--none--
308,orig_gsifts1p_obj,474,--none--
308,orig_bestAB_time,0.07200837135314941,--none--
308,orig_bestAB_obj,654,--none--
308,orig_5random_time,0.4156785011291504,--none--
308,orig_5random_obj,814,--none--
309,simpl_opt_status,0,optimal
309,simpl_BB_time,3.118662118911743,--none--
309,simpl_BB_obj,1827,--none--
309,simpl_minAB_time,0.0001766681671142578,--none--
309,simpl_minAB_obj,5444,--none--
309,simpl_gswaps_time,0.28554368019104004,--none--
309,simpl_gswaps_obj,2164,--none--
309,simpl_gsifts_1p_time,0.1731724739074707,--none--
309,simpl_gsifts_1p_obj,3847,--none--
309,simpl_gsifts_2p_time,0.3642008304595947,--none--
309,simpl_gsifts_2p_obj,2983,--none--
309,orig_simpl_time,3.196136951446533,--none--
309,orig_simpl_obj,319,--none--
309,orig_gsifts1p_time,0.5970058441162109,--none--
309,orig_gsifts1p_obj,1174,--none--
309,orig_bestAB_time,0.17696857452392578,--none--
309,orig_bestAB_obj,1276,--none--
309,orig_5random_time,0.7119457721710205,--none--
309,orig_5random_obj,1624,--none--
30,simpl_opt_status,0,optimal
30,simpl_BB_time,1.1775035858154297,--none--
30,simpl_BB_obj,2639,--none--
30,simpl_minAB_time,0.00017333030700683594,--none--
30,simpl_minAB_obj,8665,--none--
30,simpl_gswaps_time,0.22409558296203613,--none--
30,simpl_gswaps_obj,2773,--none--
30,simpl_gsifts_1p_time,0.17101192474365234,--none--
30,simpl_gsifts_1p_obj,4873,--none--
30,simpl_gsifts_2p_time,0.3273007869720459,--none--
30,simpl_gsifts_2p_obj,3383,--none--
30,orig_simpl_time,1.2334954738616943,--none--
30,orig_simpl_obj,221,--none--
30,orig_gsifts1p_time,1.005601406097412,--none--
30,orig_gsifts1p_obj,805,--none--
30,orig_bestAB_time,0.2704284191131592,--none--
30,orig_bestAB_obj,1167,--none--
30,orig_5random_time,0.938345193862915,--none--
30,orig_5random_obj,2266,--none--
310,simpl_opt_status,0,optimal
310,simpl_BB_time,1.0296778678894043,--none--
310,simpl_BB_obj,2284,--none--
310,simpl_minAB_time,0.00018310546875,--none--
310,simpl_minAB_obj,5655,--none--
310,simpl_gswaps_time,0.0051386356353759766,--none--
310,simpl_gswaps_obj,5655,--none--
310,simpl_gsifts_1p_time,0.18779444694519043,--none--
310,simpl_gsifts_1p_obj,3716,--none--
310,simpl_gsifts_2p_time,0.2941758632659912,--none--
310,simpl_gsifts_2p_obj,3045,--none--
310,orig_simpl_time,1.1656370162963867,--none--
310,orig_simpl_obj,361,--none--
310,orig_gsifts1p_time,0.8632562160491943,--none--
310,orig_gsifts1p_obj,1494,--none--
310,orig_bestAB_time,0.19143986701965332,--none--
310,orig_bestAB_obj,1582,--none--
310,orig_5random_time,0.8589084148406982,--none--
310,orig_5random_obj,2357,--none--
311,simpl_opt_status,0,optimal
311,simpl_BB_time,1.5128538608551025,--none--
311,simpl_BB_obj,450,--none--
311,simpl_minAB_time,0.000194549560546875,--none--
311,simpl_minAB_obj,855,--none--
311,simpl_gswaps_time,0.18070435523986816,--none--
311,simpl_gswaps_obj,492,--none--
311,simpl_gsifts_1p_time,0.18619203567504883,--none--
311,simpl_gsifts_1p_obj,715,--none--
311,simpl_gsifts_2p_time,0.47916197776794434,--none--
311,simpl_gsifts_2p_obj,611,--none--
311,orig_simpl_time,1.5546009540557861,--none--
311,orig_simpl_obj,212,--none--
311,orig_gsifts1p_time,0.2165837287902832,--none--
311,orig_gsifts1p_obj,286,--none--
311,orig_bestAB_time,0.032738685607910156,--none--
311,orig_bestAB_obj,322,--none--
311,orig_5random_time,0.43355560302734375,--none--
311,orig_5random_obj,1141,--none--
312,simpl_opt_status,0,optimal
312,simpl_BB_time,1.3102483749389648,--none--
312,simpl_BB_obj,1015,--none--
312,simpl_minAB_time,0.00017786026000976562,--none--
312,simpl_minAB_obj,3061,--none--
312,simpl_gswaps_time,0.07814860343933105,--none--
312,simpl_gswaps_obj,2834,--none--
312,simpl_gsifts_1p_time,0.1752622127532959,--none--
312,simpl_gsifts_1p_obj,1540,--none--
312,simpl_gsifts_2p_time,0.4382452964782715,--none--
312,simpl_gsifts_2p_obj,1298,--none--
312,orig_simpl_time,1.374638319015503,--none--
312,orig_simpl_obj,252,--none--
312,orig_gsifts1p_time,0.93115234375,--none--
312,orig_gsifts1p_obj,1243,--none--
312,orig_bestAB_time,0.1014699935913086,--none--
312,orig_bestAB_obj,959,--none--
312,orig_5random_time,0.8186578750610352,--none--
312,orig_5random_obj,2170,--none--
313,simpl_opt_status,0,optimal
313,simpl_BB_time,0.5423183441162109,--none--
313,simpl_BB_obj,1090,--none--
313,simpl_minAB_time,0.00018668174743652344,--none--
313,simpl_minAB_obj,1672,--none--
313,simpl_gswaps_time,0.10904288291931152,--none--
313,simpl_gswaps_obj,1090,--none--
313,simpl_gsifts_1p_time,0.1565690040588379,--none--
313,simpl_gsifts_1p_obj,1362,--none--
313,simpl_gsifts_2p_time,0.25940942764282227,--none--
313,simpl_gsifts_2p_obj,1188,--none--
313,orig_simpl_time,0.6165087223052979,--none--
313,orig_simpl_obj,332,--none--
313,orig_gsifts1p_time,1.3012323379516602,--none--
313,orig_gsifts1p_obj,2549,--none--
313,orig_bestAB_time,0.12717175483703613,--none--
313,orig_bestAB_obj,605,--none--
313,orig_5random_time,0.744614839553833,--none--
313,orig_5random_obj,2731,--none--
314,simpl_opt_status,0,optimal
314,simpl_BB_time,2.049070119857788,--none--
314,simpl_BB_obj,1189,--none--
314,simpl_minAB_time,0.0001690387725830078,--none--
314,simpl_minAB_obj,2333,--none--
314,simpl_gswaps_time,0.22879624366760254,--none--
314,simpl_gswaps_obj,1209,--none--
314,simpl_gsifts_1p_time,0.16306209564208984,--none--
314,simpl_gsifts_1p_obj,1651,--none--
314,simpl_gsifts_2p_time,0.35060763359069824,--none--
314,simpl_gsifts_2p_obj,1408,--none--
314,orig_simpl_time,2.09387469291687,--none--
314,orig_simpl_obj,283,--none--
314,orig_gsifts1p_time,0.5829875469207764,--none--
314,orig_gsifts1p_obj,545,--none--
314,orig_bestAB_time,0.05642247200012207,--none--
314,orig_bestAB_obj,778,--none--
314,orig_5random_time,0.5304856300354004,--none--
314,orig_5random_obj,2036,--none--
315,simpl_opt_status,0,optimal
315,simpl_BB_time,1.1500704288482666,--none--
315,simpl_BB_obj,632,--none--
315,simpl_minAB_time,0.0002040863037109375,--none--
315,simpl_minAB_obj,2448,--none--
315,simpl_gswaps_time,0.1987450122833252,--none--
315,simpl_gswaps_obj,719,--none--
315,simpl_gsifts_1p_time,0.30112361907958984,--none--
315,simpl_gsifts_1p_obj,1133,--none--
315,simpl_gsifts_2p_time,0.5787925720214844,--none--
315,simpl_gsifts_2p_obj,867,--none--
315,orig_simpl_time,1.1952922344207764,--none--
315,orig_simpl_obj,176,--none--
315,orig_gsifts1p_time,0.3832855224609375,--none--
315,orig_gsifts1p_obj,478,--none--
315,orig_bestAB_time,0.11415648460388184,--none--
315,orig_bestAB_obj,629,--none--
315,orig_5random_time,0.5182127952575684,--none--
315,orig_5random_obj,1209,--none--
316,simpl_opt_status,0,optimal
316,simpl_BB_time,0.6328961849212646,--none--
316,simpl_BB_obj,1270,--none--
316,simpl_minAB_time,0.00018262863159179688,--none--
316,simpl_minAB_obj,1979,--none--
316,simpl_gswaps_time,0.10064911842346191,--none--
316,simpl_gswaps_obj,1459,--none--
316,simpl_gsifts_1p_time,0.15617060661315918,--none--
316,simpl_gsifts_1p_obj,1562,--none--
316,simpl_gsifts_2p_time,0.408581018447876,--none--
316,simpl_gsifts_2p_obj,1390,--none--
316,orig_simpl_time,0.6908080577850342,--none--
316,orig_simpl_obj,389,--none--
316,orig_gsifts1p_time,1.4889678955078125,--none--
316,orig_gsifts1p_obj,3643,--none--
316,orig_bestAB_time,0.2631351947784424,--none--
316,orig_bestAB_obj,1393,--none--
316,orig_5random_time,1.4273748397827148,--none--
316,orig_5random_obj,4781,--none--
317,simpl_opt_status,0,optimal
317,simpl_BB_time,0.8739297389984131,--none--
317,simpl_BB_obj,1059,--none--
317,simpl_minAB_time,0.00018072128295898438,--none--
317,simpl_minAB_obj,2838,--none--
317,simpl_gswaps_time,0.09194278717041016,--none--
317,simpl_gswaps_obj,1064,--none--
317,simpl_gsifts_1p_time,0.07794451713562012,--none--
317,simpl_gsifts_1p_obj,1738,--none--
317,simpl_gsifts_2p_time,0.1560513973236084,--none--
317,simpl_gsifts_2p_obj,1381,--none--
317,orig_simpl_time,0.8913559913635254,--none--
317,orig_simpl_obj,237,--none--
317,orig_gsifts1p_time,0.1889791488647461,--none--
317,orig_gsifts1p_obj,442,--none--
317,orig_bestAB_time,0.03362560272216797,--none--
317,orig_bestAB_obj,333,--none--
317,orig_5random_time,0.23324012756347656,--none--
317,orig_5random_obj,1143,--none--
318,simpl_opt_status,0,optimal
318,simpl_BB_time,0.6475934982299805,--none--
318,simpl_BB_obj,1989,--none--
318,simpl_minAB_time,0.00014352798461914062,--none--
318,simpl_minAB_obj,5424,--none--
318,simpl_gswaps_time,0.005547761917114258,--none--
318,simpl_gswaps_obj,5424,--none--
318,simpl_gsifts_1p_time,0.08038520812988281,--none--
318,simpl_gsifts_1p_obj,3812,--none--
318,simpl_gsifts_2p_time,0.14869141578674316,--none--
318,simpl_gsifts_2p_obj,2884,--none--
318,orig_simpl_time,0.6875026226043701,--none--
318,orig_simpl_obj,387,--none--
318,orig_gsifts1p_time,0.5449132919311523,--none--
318,orig_gsifts1p_obj,1828,--none--
318,orig_bestAB_time,0.1240396499633789,--none--
318,orig_bestAB_obj,2050,--none--
318,orig_5random_time,0.48737239837646484,--none--
318,orig_5random_obj,4830,--none--
319,simpl_opt_status,0,optimal
319,simpl_BB_time,0.32645702362060547,--none--
319,simpl_BB_obj,1933,--none--
319,simpl_minAB_time,0.000133514404296875,--none--
319,simpl_minAB_obj,6789,--none--
319,simpl_gswaps_time,0.008274316787719727,--none--
319,simpl_gswaps_obj,5771,--none--
319,simpl_gsifts_1p_time,0.05141425132751465,--none--
319,simpl_gsifts_1p_obj,4396,--none--
319,simpl_gsifts_2p_time,0.08068275451660156,--none--
319,simpl_gsifts_2p_obj,2955,--none--
319,orig_simpl_time,0.3385889530181885,--none--
319,orig_simpl_obj,227,--none--
319,orig_gsifts1p_time,0.15276861190795898,--none--
319,orig_gsifts1p_obj,1061,--none--
319,orig_bestAB_time,0.033289194107055664,--none--
319,orig_bestAB_obj,802,--none--
319,orig_5random_time,0.13437438011169434,--none--
319,orig_5random_obj,1440,--none--
