instance,num_type,value,comment
20,simpl_opt_status,0,optimal
20,simpl_BB_time,1.9302527904510498,--none--
20,simpl_BB_obj,1826,--none--
20,simpl_minAB_time,0.00016307830810546875,--none--
20,simpl_minAB_obj,17275,--none--
20,simpl_gswaps_time,0.03303194046020508,--none--
20,simpl_gswaps_obj,9498,--none--
20,simpl_gsifts_1p_time,0.21752238273620605,--none--
20,simpl_gsifts_1p_obj,8974,--none--
20,simpl_gsifts_2p_time,0.295788049697876,--none--
20,simpl_gsifts_2p_obj,4905,--none--
20,orig_simpl_time,2.0047903060913086,--none--
20,orig_simpl_obj,271,--none--
20,orig_gsifts1p_time,0.7574222087860107,--none--
20,orig_gsifts1p_obj,1143,--none--
20,orig_bestAB_time,0.3517730236053467,--none--
20,orig_bestAB_obj,1433,--none--
20,orig_5random_time,0.7326486110687256,--none--
20,orig_5random_obj,3042,--none--
210,simpl_opt_status,0,optimal
210,simpl_BB_time,0.5262434482574463,--none--
210,simpl_BB_obj,1238,--none--
210,simpl_minAB_time,0.0001647472381591797,--none--
210,simpl_minAB_obj,2656,--none--
210,simpl_gswaps_time,0.17469143867492676,--none--
210,simpl_gswaps_obj,1317,--none--
210,simpl_gsifts_1p_time,0.1473081111907959,--none--
210,simpl_gsifts_1p_obj,1960,--none--
210,simpl_gsifts_2p_time,0.3244054317474365,--none--
210,simpl_gsifts_2p_obj,1646,--none--
210,orig_simpl_time,0.5565202236175537,--none--
210,orig_simpl_obj,228,--none--
210,orig_gsifts1p_time,1.3044912815093994,--none--
210,orig_gsifts1p_obj,1477,--none--
210,orig_bestAB_time,0.19390487670898438,--none--
210,orig_bestAB_obj,553,--none--
210,orig_5random_time,0.9164552688598633,--none--
210,orig_5random_obj,1567,--none--
211,simpl_opt_status,0,optimal
211,simpl_BB_time,5.21705436706543,--none--
211,simpl_BB_obj,571,--none--
211,simpl_minAB_time,0.0001697540283203125,--none--
211,simpl_minAB_obj,8378,--none--
211,simpl_gswaps_time,0.1921074390411377,--none--
211,simpl_gswaps_obj,571,--none--
211,simpl_gsifts_1p_time,0.1657695770263672,--none--
211,simpl_gsifts_1p_obj,2371,--none--
211,simpl_gsifts_2p_time,0.24649858474731445,--none--
211,simpl_gsifts_2p_obj,1407,--none--
211,orig_simpl_time,5.247954845428467,--none--
211,orig_simpl_obj,165,--none--
211,orig_gsifts1p_time,0.10338473320007324,--none--
211,orig_gsifts1p_obj,209,--none--
211,orig_bestAB_time,0.03282523155212402,--none--
211,orig_bestAB_obj,215,--none--
211,orig_5random_time,0.2085249423980713,--none--
211,orig_5random_obj,409,--none--
212,simpl_opt_status,0,optimal
212,simpl_BB_time,0.46248364448547363,--none--
212,simpl_BB_obj,2802,--none--
212,simpl_minAB_time,0.0001537799835205078,--none--
212,simpl_minAB_obj,12672,--none--
212,simpl_gswaps_time,0.195084810256958,--none--
212,simpl_gswaps_obj,2808,--none--
212,simpl_gsifts_1p_time,0.1268906593322754,--none--
212,simpl_gsifts_1p_obj,6841,--none--
212,simpl_gsifts_2p_time,0.33931827545166016,--none--
212,simpl_gsifts_2p_obj,4416,--none--
212,orig_simpl_time,0.5545988082885742,--none--
212,orig_simpl_obj,566,--none--
212,orig_gsifts1p_time,1.8624966144561768,--none--
212,orig_gsifts1p_obj,2457,--none--
212,orig_bestAB_time,0.45249342918395996,--none--
212,orig_bestAB_obj,2655,--none--
212,orig_5random_time,2.0497848987579346,--none--
212,orig_5random_obj,5269,--none--
213,simpl_opt_status,0,optimal
213,simpl_BB_time,3.0427701473236084,--none--
213,simpl_BB_obj,1393,--none--
213,simpl_minAB_time,0.00018358230590820312,--none--
213,simpl_minAB_obj,5722,--none--
213,simpl_gswaps_time,0.5107212066650391,--none--
213,simpl_gswaps_obj,1449,--none--
213,simpl_gsifts_1p_time,0.2111499309539795,--none--
213,simpl_gsifts_1p_obj,3499,--none--
213,simpl_gsifts_2p_time,0.3722712993621826,--none--
213,simpl_gsifts_2p_obj,2297,--none--
213,orig_simpl_time,3.082442283630371,--none--
213,orig_simpl_obj,189,--none--
213,orig_gsifts1p_time,0.697739839553833,--none--
213,orig_gsifts1p_obj,1339,--none--
213,orig_bestAB_time,0.11601138114929199,--none--
213,orig_bestAB_obj,401,--none--
213,orig_5random_time,0.367828369140625,--none--
213,orig_5random_obj,1197,--none--
214,simpl_opt_status,0,optimal
214,simpl_BB_time,2.399181842803955,--none--
214,simpl_BB_obj,1526,--none--
214,simpl_minAB_time,0.00015306472778320312,--none--
214,simpl_minAB_obj,32895,--none--
214,simpl_gswaps_time,0.019614219665527344,--none--
214,simpl_gswaps_obj,32895,--none--
214,simpl_gsifts_1p_time,0.2523314952850342,--none--
214,simpl_gsifts_1p_obj,17061,--none--
214,simpl_gsifts_2p_time,0.5262210369110107,--none--
214,simpl_gsifts_2p_obj,9019,--none--
214,orig_simpl_time,2.457996368408203,--none--
214,orig_simpl_obj,306,--none--
214,orig_gsifts1p_time,1.2695600986480713,--none--
214,orig_gsifts1p_obj,1947,--none--
214,orig_bestAB_time,0.1620643138885498,--none--
214,orig_bestAB_obj,1964,--none--
214,orig_5random_time,0.980987548828125,--none--
214,orig_5random_obj,3597,--none--
215,simpl_opt_status,0,optimal
215,simpl_BB_time,0.5008950233459473,--none--
215,simpl_BB_obj,4105,--none--
215,simpl_minAB_time,0.00017142295837402344,--none--
215,simpl_minAB_obj,16903,--none--
215,simpl_gswaps_time,0.13080120086669922,--none--
215,simpl_gswaps_obj,12058,--none--
215,simpl_gsifts_1p_time,0.21346449851989746,--none--
215,simpl_gsifts_1p_obj,9721,--none--
215,simpl_gsifts_2p_time,0.34189486503601074,--none--
215,simpl_gsifts_2p_obj,5924,--none--
215,orig_simpl_time,0.591212272644043,--none--
215,orig_simpl_obj,509,--none--
215,orig_gsifts1p_time,2.0681304931640625,--none--
215,orig_gsifts1p_obj,3416,--none--
215,orig_bestAB_time,0.41393089294433594,--none--
215,orig_bestAB_obj,3713,--none--
215,orig_5random_time,2.077348470687866,--none--
215,orig_5random_obj,2862,--none--
216,simpl_opt_status,0,optimal
216,simpl_BB_time,1.7046985626220703,--none--
216,simpl_BB_obj,1130,--none--
216,simpl_minAB_time,0.0001704692840576172,--none--
216,simpl_minAB_obj,5439,--none--
216,simpl_gswaps_time,0.13405823707580566,--none--
216,simpl_gswaps_obj,1534,--none--
216,simpl_gsifts_1p_time,0.2005016803741455,--none--
216,simpl_gsifts_1p_obj,2790,--none--
216,simpl_gsifts_2p_time,0.2125380039215088,--none--
216,simpl_gsifts_2p_obj,1936,--none--
216,orig_simpl_time,1.7508633136749268,--none--
216,orig_simpl_obj,353,--none--
216,orig_gsifts1p_time,0.727900505065918,--none--
216,orig_gsifts1p_obj,1073,--none--
216,orig_bestAB_time,0.12521052360534668,--none--
216,orig_bestAB_obj,1413,--none--
216,orig_5random_time,0.6844460964202881,--none--
216,orig_5random_obj,3216,--none--
217,simpl_opt_status,0,optimal
217,simpl_BB_time,0.4645862579345703,--none--
217,simpl_BB_obj,1796,--none--
217,simpl_minAB_time,0.00016260147094726562,--none--
217,simpl_minAB_obj,7044,--none--
217,simpl_gswaps_time,0.06948685646057129,--none--
217,simpl_gswaps_obj,3837,--none--
217,simpl_gsifts_1p_time,0.07702898979187012,--none--
217,simpl_gsifts_1p_obj,4113,--none--
217,simpl_gsifts_2p_time,0.1758866310119629,--none--
217,simpl_gsifts_2p_obj,2313,--none--
217,orig_simpl_time,0.521010160446167,--none--
217,orig_simpl_obj,310,--none--
217,orig_gsifts1p_time,0.49193811416625977,--none--
217,orig_gsifts1p_obj,550,--none--
217,orig_bestAB_time,0.15030145645141602,--none--
217,orig_bestAB_obj,567,--none--
217,orig_5random_time,0.7332892417907715,--none--
217,orig_5random_obj,2112,--none--
218,simpl_opt_status,0,optimal
218,simpl_BB_time,1.3835389614105225,--none--
218,simpl_BB_obj,746,--none--
218,simpl_minAB_time,0.00019025802612304688,--none--
218,simpl_minAB_obj,6672,--none--
218,simpl_gswaps_time,0.08904027938842773,--none--
218,simpl_gswaps_obj,6302,--none--
218,simpl_gsifts_1p_time,0.14590668678283691,--none--
218,simpl_gsifts_1p_obj,1577,--none--
218,simpl_gsifts_2p_time,0.3745133876800537,--none--
218,simpl_gsifts_2p_obj,1040,--none--
218,orig_simpl_time,1.4017436504364014,--none--
218,orig_simpl_obj,200,--none--
218,orig_gsifts1p_time,0.31070566177368164,--none--
218,orig_gsifts1p_obj,708,--none--
218,orig_bestAB_time,0.06390500068664551,--none--
218,orig_bestAB_obj,839,--none--
218,orig_5random_time,0.4363737106323242,--none--
218,orig_5random_obj,888,--none--
219,simpl_opt_status,0,optimal
219,simpl_BB_time,0.8590712547302246,--none--
219,simpl_BB_obj,1224,--none--
219,simpl_minAB_time,0.00022029876708984375,--none--
219,simpl_minAB_obj,2802,--none--
219,simpl_gswaps_time,0.049057960510253906,--none--
219,simpl_gswaps_obj,2796,--none--
219,simpl_gsifts_1p_time,0.17441463470458984,--none--
219,simpl_gsifts_1p_obj,1778,--none--
219,simpl_gsifts_2p_time,0.5156242847442627,--none--
219,simpl_gsifts_2p_obj,1479,--none--
219,orig_simpl_time,0.9316568374633789,--none--
219,orig_simpl_obj,232,--none--
219,orig_gsifts1p_time,0.6444604396820068,--none--
219,orig_gsifts1p_obj,985,--none--
219,orig_bestAB_time,0.07589483261108398,--none--
219,orig_bestAB_obj,1261,--none--
219,orig_5random_time,0.3166937828063965,--none--
219,orig_5random_obj,2222,--none--
21,simpl_opt_status,0,optimal
21,simpl_BB_time,1.3840866088867188,--none--
21,simpl_BB_obj,2640,--none--
21,simpl_minAB_time,0.00015854835510253906,--none--
21,simpl_minAB_obj,15512,--none--
21,simpl_gswaps_time,0.13511061668395996,--none--
21,simpl_gswaps_obj,9019,--none--
21,simpl_gsifts_1p_time,0.17423439025878906,--none--
21,simpl_gsifts_1p_obj,8560,--none--
21,simpl_gsifts_2p_time,0.3108367919921875,--none--
21,simpl_gsifts_2p_obj,4981,--none--
21,orig_simpl_time,1.412156581878662,--none--
21,orig_simpl_obj,241,--none--
21,orig_gsifts1p_time,0.3506946563720703,--none--
21,orig_gsifts1p_obj,648,--none--
21,orig_bestAB_time,0.18273282051086426,--none--
21,orig_bestAB_obj,1280,--none--
21,orig_5random_time,0.6260292530059814,--none--
21,orig_5random_obj,2407,--none--
220,simpl_opt_status,0,optimal
220,simpl_BB_time,1.0432252883911133,--none--
220,simpl_BB_obj,878,--none--
220,simpl_minAB_time,0.00019216537475585938,--none--
220,simpl_minAB_obj,3047,--none--
220,simpl_gswaps_time,0.12038469314575195,--none--
220,simpl_gswaps_obj,1424,--none--
220,simpl_gsifts_1p_time,0.12251162528991699,--none--
220,simpl_gsifts_1p_obj,1923,--none--
220,simpl_gsifts_2p_time,0.4168548583984375,--none--
220,simpl_gsifts_2p_obj,1444,--none--
220,orig_simpl_time,1.080137014389038,--none--
220,orig_simpl_obj,155,--none--
220,orig_gsifts1p_time,0.33365726470947266,--none--
220,orig_gsifts1p_obj,304,--none--
220,orig_bestAB_time,0.05893969535827637,--none--
220,orig_bestAB_obj,393,--none--
220,orig_5random_time,0.25478148460388184,--none--
220,orig_5random_obj,739,--none--
221,simpl_opt_status,0,optimal
221,simpl_BB_time,1.00160813331604,--none--
221,simpl_BB_obj,2649,--none--
221,simpl_minAB_time,0.00018787384033203125,--none--
221,simpl_minAB_obj,3720,--none--
221,simpl_gswaps_time,0.09476566314697266,--none--
221,simpl_gswaps_obj,2672,--none--
221,simpl_gsifts_1p_time,0.19540023803710938,--none--
221,simpl_gsifts_1p_obj,3053,--none--
221,simpl_gsifts_2p_time,0.5270726680755615,--none--
221,simpl_gsifts_2p_obj,2772,--none--
221,orig_simpl_time,1.1429142951965332,--none--
221,orig_simpl_obj,496,--none--
221,orig_gsifts1p_time,1.7728114128112793,--none--
221,orig_gsifts1p_obj,1372,--none--
221,orig_bestAB_time,0.3343687057495117,--none--
221,orig_bestAB_obj,2124,--none--
221,orig_5random_time,1.5104491710662842,--none--
221,orig_5random_obj,2346,--none--
222,simpl_opt_status,0,optimal
222,simpl_BB_time,1.9733972549438477,--none--
222,simpl_BB_obj,1151,--none--
222,simpl_minAB_time,0.00016117095947265625,--none--
222,simpl_minAB_obj,4904,--none--
222,simpl_gswaps_time,0.09888696670532227,--none--
222,simpl_gswaps_obj,1528,--none--
222,simpl_gsifts_1p_time,0.19961047172546387,--none--
222,simpl_gsifts_1p_obj,1846,--none--
222,simpl_gsifts_2p_time,0.35466885566711426,--none--
222,simpl_gsifts_2p_obj,1656,--none--
222,orig_simpl_time,2.011979579925537,--none--
222,orig_simpl_obj,259,--none--
222,orig_gsifts1p_time,0.5443577766418457,--none--
222,orig_gsifts1p_obj,917,--none--
222,orig_bestAB_time,0.24238276481628418,--none--
222,orig_bestAB_obj,1383,--none--
222,orig_5random_time,0.6204111576080322,--none--
222,orig_5random_obj,2121,--none--
223,simpl_opt_status,0,optimal
223,simpl_BB_time,0.6366634368896484,--none--
223,simpl_BB_obj,1039,--none--
223,simpl_minAB_time,0.00018167495727539062,--none--
223,simpl_minAB_obj,5114,--none--
223,simpl_gswaps_time,0.16463398933410645,--none--
223,simpl_gswaps_obj,1939,--none--
223,simpl_gsifts_1p_time,0.28439760208129883,--none--
223,simpl_gsifts_1p_obj,3114,--none--
223,simpl_gsifts_2p_time,0.5116055011749268,--none--
223,simpl_gsifts_2p_obj,1927,--none--
223,orig_simpl_time,0.7106857299804688,--none--
223,orig_simpl_obj,198,--none--
223,orig_gsifts1p_time,0.359316349029541,--none--
223,orig_gsifts1p_obj,367,--none--
223,orig_bestAB_time,0.10223793983459473,--none--
223,orig_bestAB_obj,452,--none--
223,orig_5random_time,0.44002199172973633,--none--
223,orig_5random_obj,976,--none--
224,simpl_opt_status,0,optimal
224,simpl_BB_time,0.515129566192627,--none--
224,simpl_BB_obj,2498,--none--
224,simpl_minAB_time,0.00017118453979492188,--none--
224,simpl_minAB_obj,5319,--none--
224,simpl_gswaps_time,0.03770852088928223,--none--
224,simpl_gswaps_obj,5296,--none--
224,simpl_gsifts_1p_time,0.1785111427307129,--none--
224,simpl_gsifts_1p_obj,4221,--none--
224,simpl_gsifts_2p_time,0.3534059524536133,--none--
224,simpl_gsifts_2p_obj,3571,--none--
224,orig_simpl_time,0.6229217052459717,--none--
224,orig_simpl_obj,407,--none--
224,orig_gsifts1p_time,1.0712897777557373,--none--
224,orig_gsifts1p_obj,937,--none--
224,orig_bestAB_time,0.4577751159667969,--none--
224,orig_bestAB_obj,1289,--none--
224,orig_5random_time,0.9679689407348633,--none--
224,orig_5random_obj,2904,--none--
225,simpl_opt_status,0,optimal
225,simpl_BB_time,0.72857666015625,--none--
225,simpl_BB_obj,1374,--none--
225,simpl_minAB_time,0.00018405914306640625,--none--
225,simpl_minAB_obj,5278,--none--
225,simpl_gswaps_time,0.24685883522033691,--none--
225,simpl_gswaps_obj,1374,--none--
225,simpl_gsifts_1p_time,0.227508544921875,--none--
225,simpl_gsifts_1p_obj,3300,--none--
225,simpl_gsifts_2p_time,0.33791112899780273,--none--
225,simpl_gsifts_2p_obj,2282,--none--
225,orig_simpl_time,0.7838592529296875,--none--
225,orig_simpl_obj,310,--none--
225,orig_gsifts1p_time,0.41913747787475586,--none--
225,orig_gsifts1p_obj,803,--none--
225,orig_bestAB_time,0.13289451599121094,--none--
225,orig_bestAB_obj,872,--none--
225,orig_5random_time,0.7816574573516846,--none--
225,orig_5random_obj,2447,--none--
226,simpl_opt_status,0,optimal
226,simpl_BB_time,0.263683557510376,--none--
226,simpl_BB_obj,2707,--none--
226,simpl_minAB_time,0.00016546249389648438,--none--
226,simpl_minAB_obj,16550,--none--
226,simpl_gswaps_time,0.021008729934692383,--none--
226,simpl_gswaps_obj,16550,--none--
226,simpl_gsifts_1p_time,0.1452469825744629,--none--
226,simpl_gsifts_1p_obj,8658,--none--
226,simpl_gsifts_2p_time,0.3697657585144043,--none--
226,simpl_gsifts_2p_obj,5096,--none--
226,orig_simpl_time,0.4259054660797119,--none--
226,orig_simpl_obj,258,--none--
226,orig_gsifts1p_time,0.31637144088745117,--none--
226,orig_gsifts1p_obj,521,--none--
226,orig_bestAB_time,0.48558521270751953,--none--
226,orig_bestAB_obj,565,--none--
226,orig_5random_time,1.044661045074463,--none--
226,orig_5random_obj,2987,--none--
227,simpl_opt_status,0,optimal
227,simpl_BB_time,2.215869188308716,--none--
227,simpl_BB_obj,1255,--none--
227,simpl_minAB_time,0.00016188621520996094,--none--
227,simpl_minAB_obj,6037,--none--
227,simpl_gswaps_time,0.14835023880004883,--none--
227,simpl_gswaps_obj,3379,--none--
227,simpl_gsifts_1p_time,0.20239949226379395,--none--
227,simpl_gsifts_1p_obj,3548,--none--
227,simpl_gsifts_2p_time,0.48477625846862793,--none--
227,simpl_gsifts_2p_obj,2380,--none--
227,orig_simpl_time,2.2490437030792236,--none--
227,orig_simpl_obj,158,--none--
227,orig_gsifts1p_time,0.3185117244720459,--none--
227,orig_gsifts1p_obj,484,--none--
227,orig_bestAB_time,0.1320939064025879,--none--
227,orig_bestAB_obj,681,--none--
227,orig_5random_time,0.3829629421234131,--none--
227,orig_5random_obj,947,--none--
228,simpl_opt_status,0,optimal
228,simpl_BB_time,1.105797529220581,--none--
228,simpl_BB_obj,316,--none--
228,simpl_minAB_time,0.00016880035400390625,--none--
228,simpl_minAB_obj,4406,--none--
228,simpl_gswaps_time,0.16103029251098633,--none--
228,simpl_gswaps_obj,641,--none--
228,simpl_gsifts_1p_time,0.1610875129699707,--none--
228,simpl_gsifts_1p_obj,1451,--none--
228,simpl_gsifts_2p_time,0.2543044090270996,--none--
228,simpl_gsifts_2p_obj,909,--none--
228,orig_simpl_time,1.1241819858551025,--none--
228,orig_simpl_obj,74,--none--
228,orig_gsifts1p_time,0.03765249252319336,--none--
228,orig_gsifts1p_obj,89,--none--
228,orig_bestAB_time,0.013271570205688477,--none--
228,orig_bestAB_obj,97,--none--
228,orig_5random_time,0.07222509384155273,--none--
228,orig_5random_obj,199,--none--
229,simpl_opt_status,0,optimal
229,simpl_BB_time,2.428987741470337,--none--
229,simpl_BB_obj,673,--none--
229,simpl_minAB_time,0.00017547607421875,--none--
229,simpl_minAB_obj,2831,--none--
229,simpl_gswaps_time,0.21431422233581543,--none--
229,simpl_gswaps_obj,2221,--none--
229,simpl_gsifts_1p_time,0.3028841018676758,--none--
229,simpl_gsifts_1p_obj,1607,--none--
229,simpl_gsifts_2p_time,0.569819450378418,--none--
229,simpl_gsifts_2p_obj,1211,--none--
229,orig_simpl_time,2.4619996547698975,--none--
229,orig_simpl_obj,137,--none--
229,orig_gsifts1p_time,0.3068983554840088,--none--
229,orig_gsifts1p_obj,318,--none--
229,orig_bestAB_time,0.06085801124572754,--none--
229,orig_bestAB_obj,408,--none--
229,orig_5random_time,0.3743143081665039,--none--
229,orig_5random_obj,886,--none--
22,simpl_opt_status,0,optimal
22,simpl_BB_time,3.436424732208252,--none--
22,simpl_BB_obj,839,--none--
22,simpl_minAB_time,0.0001690387725830078,--none--
22,simpl_minAB_obj,4766,--none--
22,simpl_gswaps_time,0.17122864723205566,--none--
22,simpl_gswaps_obj,945,--none--
22,simpl_gsifts_1p_time,0.18683123588562012,--none--
22,simpl_gsifts_1p_obj,2365,--none--
22,simpl_gsifts_2p_time,0.5254943370819092,--none--
22,simpl_gsifts_2p_obj,1173,--none--
22,orig_simpl_time,3.495863914489746,--none--
22,orig_simpl_obj,210,--none--
22,orig_gsifts1p_time,0.26568126678466797,--none--
22,orig_gsifts1p_obj,486,--none--
22,orig_bestAB_time,0.08879351615905762,--none--
22,orig_bestAB_obj,744,--none--
22,orig_5random_time,0.35143017768859863,--none--
22,orig_5random_obj,1149,--none--
230,simpl_opt_status,0,optimal
230,simpl_BB_time,0.9846446514129639,--none--
230,simpl_BB_obj,1211,--none--
230,simpl_minAB_time,0.00017452239990234375,--none--
230,simpl_minAB_obj,3026,--none--
230,simpl_gswaps_time,0.18348026275634766,--none--
230,simpl_gswaps_obj,1282,--none--
230,simpl_gsifts_1p_time,0.15413928031921387,--none--
230,simpl_gsifts_1p_obj,2102,--none--
230,simpl_gsifts_2p_time,0.42394518852233887,--none--
230,simpl_gsifts_2p_obj,1618,--none--
230,orig_simpl_time,1.0518443584442139,--none--
230,orig_simpl_obj,251,--none--
230,orig_gsifts1p_time,1.0367426872253418,--none--
230,orig_gsifts1p_obj,615,--none--
230,orig_bestAB_time,0.12627291679382324,--none--
230,orig_bestAB_obj,840,--none--
230,orig_5random_time,0.9694433212280273,--none--
230,orig_5random_obj,2258,--none--
231,simpl_opt_status,0,optimal
231,simpl_BB_time,1.0557324886322021,--none--
231,simpl_BB_obj,1545,--none--
231,simpl_minAB_time,0.0001704692840576172,--none--
231,simpl_minAB_obj,8779,--none--
231,simpl_gswaps_time,0.12543869018554688,--none--
231,simpl_gswaps_obj,1670,--none--
231,simpl_gsifts_1p_time,0.17798089981079102,--none--
231,simpl_gsifts_1p_obj,3329,--none--
231,simpl_gsifts_2p_time,0.28382396697998047,--none--
231,simpl_gsifts_2p_obj,1751,--none--
231,orig_simpl_time,1.1461896896362305,--none--
231,orig_simpl_obj,337,--none--
231,orig_gsifts1p_time,0.9775149822235107,--none--
231,orig_gsifts1p_obj,1774,--none--
231,orig_bestAB_time,0.1466970443725586,--none--
231,orig_bestAB_obj,1901,--none--
231,orig_5random_time,1.0115649700164795,--none--
231,orig_5random_obj,3227,--none--
232,simpl_opt_status,0,optimal
232,simpl_BB_time,2.5654447078704834,--none--
232,simpl_BB_obj,628,--none--
232,simpl_minAB_time,0.0001742839813232422,--none--
232,simpl_minAB_obj,6564,--none--
232,simpl_gswaps_time,0.13832950592041016,--none--
232,simpl_gswaps_obj,1660,--none--
232,simpl_gsifts_1p_time,0.27559423446655273,--none--
232,simpl_gsifts_1p_obj,3529,--none--
232,simpl_gsifts_2p_time,0.6211042404174805,--none--
232,simpl_gsifts_2p_obj,1980,--none--
232,orig_simpl_time,2.600520610809326,--none--
232,orig_simpl_obj,144,--none--
232,orig_gsifts1p_time,0.30153918266296387,--none--
232,orig_gsifts1p_obj,336,--none--
232,orig_bestAB_time,0.09528374671936035,--none--
232,orig_bestAB_obj,476,--none--
232,orig_5random_time,0.3663818836212158,--none--
232,orig_5random_obj,588,--none--
233,simpl_opt_status,0,optimal
233,simpl_BB_time,1.6687283515930176,--none--
233,simpl_BB_obj,1152,--none--
233,simpl_minAB_time,0.003534555435180664,--none--
233,simpl_minAB_obj,2585,--none--
233,simpl_gswaps_time,0.1303250789642334,--none--
233,simpl_gswaps_obj,1848,--none--
233,simpl_gsifts_1p_time,0.12913131713867188,--none--
233,simpl_gsifts_1p_obj,1747,--none--
233,simpl_gsifts_2p_time,0.3577747344970703,--none--
233,simpl_gsifts_2p_obj,1427,--none--
233,orig_simpl_time,1.70155930519104,--none--
233,orig_simpl_obj,182,--none--
233,orig_gsifts1p_time,0.7755560874938965,--none--
233,orig_gsifts1p_obj,1007,--none--
233,orig_bestAB_time,0.12061786651611328,--none--
233,orig_bestAB_obj,692,--none--
233,orig_5random_time,0.6197700500488281,--none--
233,orig_5random_obj,1656,--none--
234,simpl_opt_status,0,optimal
234,simpl_BB_time,0.9135401248931885,--none--
234,simpl_BB_obj,555,--none--
234,simpl_minAB_time,0.00019073486328125,--none--
234,simpl_minAB_obj,1800,--none--
234,simpl_gswaps_time,0.20702791213989258,--none--
234,simpl_gswaps_obj,673,--none--
234,simpl_gsifts_1p_time,0.10404396057128906,--none--
234,simpl_gsifts_1p_obj,1253,--none--
234,simpl_gsifts_2p_time,0.3137476444244385,--none--
234,simpl_gsifts_2p_obj,888,--none--
234,orig_simpl_time,0.9269449710845947,--none--
234,orig_simpl_obj,87,--none--
234,orig_gsifts1p_time,0.10199785232543945,--none--
234,orig_gsifts1p_obj,153,--none--
234,orig_bestAB_time,0.16514134407043457,--none--
234,orig_bestAB_obj,251,--none--
234,orig_5random_time,0.12178421020507812,--none--
234,orig_5random_obj,238,--none--
235,simpl_opt_status,0,optimal
235,simpl_BB_time,0.5502009391784668,--none--
235,simpl_BB_obj,897,--none--
235,simpl_minAB_time,0.00018548965454101562,--none--
235,simpl_minAB_obj,1461,--none--
235,simpl_gswaps_time,0.10683250427246094,--none--
235,simpl_gswaps_obj,900,--none--
235,simpl_gsifts_1p_time,0.16300010681152344,--none--
235,simpl_gsifts_1p_obj,1037,--none--
235,simpl_gsifts_2p_time,0.41466188430786133,--none--
235,simpl_gsifts_2p_obj,943,--none--
235,orig_simpl_time,0.6263782978057861,--none--
235,orig_simpl_obj,268,--none--
235,orig_gsifts1p_time,1.031897783279419,--none--
235,orig_gsifts1p_obj,1686,--none--
235,orig_bestAB_time,0.08855104446411133,--none--
235,orig_bestAB_obj,685,--none--
235,orig_5random_time,0.29699110984802246,--none--
235,orig_5random_obj,1642,--none--
236,simpl_opt_status,0,optimal
236,simpl_BB_time,1.1959445476531982,--none--
236,simpl_BB_obj,410,--none--
236,simpl_minAB_time,0.00017023086547851562,--none--
236,simpl_minAB_obj,1245,--none--
236,simpl_gswaps_time,0.12151265144348145,--none--
236,simpl_gswaps_obj,448,--none--
236,simpl_gsifts_1p_time,0.20624876022338867,--none--
236,simpl_gsifts_1p_obj,595,--none--
236,simpl_gsifts_2p_time,0.2751932144165039,--none--
236,simpl_gsifts_2p_obj,457,--none--
236,orig_simpl_time,1.2215898036956787,--none--
236,orig_simpl_obj,127,--none--
236,orig_gsifts1p_time,0.0919198989868164,--none--
236,orig_gsifts1p_obj,144,--none--
236,orig_bestAB_time,0.04512476921081543,--none--
236,orig_bestAB_obj,150,--none--
236,orig_5random_time,0.3029322624206543,--none--
236,orig_5random_obj,695,--none--
237,simpl_opt_status,0,optimal
237,simpl_BB_time,1.6504473686218262,--none--
237,simpl_BB_obj,1448,--none--
237,simpl_minAB_time,0.00015854835510253906,--none--
237,simpl_minAB_obj,7188,--none--
237,simpl_gswaps_time,0.21555519104003906,--none--
237,simpl_gswaps_obj,2826,--none--
237,simpl_gsifts_1p_time,0.17310810089111328,--none--
237,simpl_gsifts_1p_obj,3214,--none--
237,simpl_gsifts_2p_time,0.3838815689086914,--none--
237,simpl_gsifts_2p_obj,2104,--none--
237,orig_simpl_time,1.6984741687774658,--none--
237,orig_simpl_obj,269,--none--
237,orig_gsifts1p_time,0.8022506237030029,--none--
237,orig_gsifts1p_obj,1262,--none--
237,orig_bestAB_time,0.23288440704345703,--none--
237,orig_bestAB_obj,1026,--none--
237,orig_5random_time,0.4674384593963623,--none--
237,orig_5random_obj,1750,--none--
238,simpl_opt_status,0,optimal
238,simpl_BB_time,1.5647194385528564,--none--
238,simpl_BB_obj,1279,--none--
238,simpl_minAB_time,0.0001742839813232422,--none--
238,simpl_minAB_obj,9395,--none--
238,simpl_gswaps_time,0.3530871868133545,--none--
238,simpl_gswaps_obj,1280,--none--
238,simpl_gsifts_1p_time,0.2358083724975586,--none--
238,simpl_gsifts_1p_obj,4846,--none--
238,simpl_gsifts_2p_time,0.5653107166290283,--none--
238,simpl_gsifts_2p_obj,2873,--none--
238,orig_simpl_time,1.6143782138824463,--none--
238,orig_simpl_obj,192,--none--
238,orig_gsifts1p_time,0.5908136367797852,--none--
238,orig_gsifts1p_obj,719,--none--
238,orig_bestAB_time,0.17476320266723633,--none--
238,orig_bestAB_obj,357,--none--
238,orig_5random_time,0.9675064086914062,--none--
238,orig_5random_obj,1579,--none--
239,simpl_opt_status,0,optimal
239,simpl_BB_time,0.6453721523284912,--none--
239,simpl_BB_obj,721,--none--
239,simpl_minAB_time,0.0001735687255859375,--none--
239,simpl_minAB_obj,8424,--none--
239,simpl_gswaps_time,0.19613146781921387,--none--
239,simpl_gswaps_obj,731,--none--
239,simpl_gsifts_1p_time,0.09356260299682617,--none--
239,simpl_gsifts_1p_obj,785,--none--
239,simpl_gsifts_2p_time,0.41228628158569336,--none--
239,simpl_gsifts_2p_obj,731,--none--
239,orig_simpl_time,0.6841702461242676,--none--
239,orig_simpl_obj,151,--none--
239,orig_gsifts1p_time,0.2958183288574219,--none--
239,orig_gsifts1p_obj,392,--none--
239,orig_bestAB_time,0.04525446891784668,--none--
239,orig_bestAB_obj,572,--none--
239,orig_5random_time,0.3183748722076416,--none--
239,orig_5random_obj,1151,--none--
23,simpl_opt_status,0,optimal
23,simpl_BB_time,1.5373713970184326,--none--
23,simpl_BB_obj,539,--none--
23,simpl_minAB_time,0.00019359588623046875,--none--
23,simpl_minAB_obj,1106,--none--
23,simpl_gswaps_time,0.08430790901184082,--none--
23,simpl_gswaps_obj,642,--none--
23,simpl_gsifts_1p_time,0.23036623001098633,--none--
23,simpl_gsifts_1p_obj,882,--none--
23,simpl_gsifts_2p_time,0.44373059272766113,--none--
23,simpl_gsifts_2p_obj,750,--none--
23,orig_simpl_time,1.5594170093536377,--none--
23,orig_simpl_obj,151,--none--
23,orig_gsifts1p_time,0.19995570182800293,--none--
23,orig_gsifts1p_obj,372,--none--
23,orig_bestAB_time,0.032079458236694336,--none--
23,orig_bestAB_obj,462,--none--
23,orig_5random_time,0.31765055656433105,--none--
23,orig_5random_obj,852,--none--
240,simpl_opt_status,0,optimal
240,simpl_BB_time,1.5595741271972656,--none--
240,simpl_BB_obj,422,--none--
240,simpl_minAB_time,0.0001704692840576172,--none--
240,simpl_minAB_obj,2763,--none--
240,simpl_gswaps_time,0.20467329025268555,--none--
240,simpl_gswaps_obj,422,--none--
240,simpl_gsifts_1p_time,0.15761661529541016,--none--
240,simpl_gsifts_1p_obj,1280,--none--
240,simpl_gsifts_2p_time,0.37239861488342285,--none--
240,simpl_gsifts_2p_obj,436,--none--
240,orig_simpl_time,1.6064517498016357,--none--
240,orig_simpl_obj,142,--none--
240,orig_gsifts1p_time,0.5478358268737793,--none--
240,orig_gsifts1p_obj,337,--none--
240,orig_bestAB_time,0.07326126098632812,--none--
240,orig_bestAB_obj,222,--none--
240,orig_5random_time,0.4551243782043457,--none--
240,orig_5random_obj,552,--none--
241,simpl_opt_status,0,optimal
241,simpl_BB_time,1.7881972789764404,--none--
241,simpl_BB_obj,1039,--none--
241,simpl_minAB_time,0.00017905235290527344,--none--
241,simpl_minAB_obj,8928,--none--
241,simpl_gswaps_time,0.2786080837249756,--none--
241,simpl_gswaps_obj,1139,--none--
241,simpl_gsifts_1p_time,0.21187973022460938,--none--
241,simpl_gsifts_1p_obj,2148,--none--
241,simpl_gsifts_2p_time,0.3888840675354004,--none--
241,simpl_gsifts_2p_obj,1743,--none--
241,orig_simpl_time,1.8171746730804443,--none--
241,orig_simpl_obj,210,--none--
241,orig_gsifts1p_time,0.41436028480529785,--none--
241,orig_gsifts1p_obj,558,--none--
241,orig_bestAB_time,0.11243224143981934,--none--
241,orig_bestAB_obj,690,--none--
241,orig_5random_time,0.41864800453186035,--none--
241,orig_5random_obj,978,--none--
242,simpl_opt_status,0,optimal
242,simpl_BB_time,1.337433099746704,--none--
242,simpl_BB_obj,622,--none--
242,simpl_minAB_time,0.000156402587890625,--none--
242,simpl_minAB_obj,4642,--none--
242,simpl_gswaps_time,0.07231903076171875,--none--
242,simpl_gswaps_obj,1581,--none--
242,simpl_gsifts_1p_time,0.2049715518951416,--none--
242,simpl_gsifts_1p_obj,1960,--none--
242,simpl_gsifts_2p_time,0.21154403686523438,--none--
242,simpl_gsifts_2p_obj,1296,--none--
242,orig_simpl_time,1.3605997562408447,--none--
242,orig_simpl_obj,120,--none--
242,orig_gsifts1p_time,0.13685083389282227,--none--
242,orig_gsifts1p_obj,229,--none--
242,orig_bestAB_time,0.04754352569580078,--none--
242,orig_bestAB_obj,243,--none--
242,orig_5random_time,0.26163506507873535,--none--
242,orig_5random_obj,420,--none--
243,simpl_opt_status,0,optimal
243,simpl_BB_time,1.1479098796844482,--none--
243,simpl_BB_obj,3495,--none--
243,simpl_minAB_time,0.00017023086547851562,--none--
243,simpl_minAB_obj,7364,--none--
243,simpl_gswaps_time,0.08868885040283203,--none--
243,simpl_gswaps_obj,3615,--none--
243,simpl_gsifts_1p_time,0.16405558586120605,--none--
243,simpl_gsifts_1p_obj,5065,--none--
243,simpl_gsifts_2p_time,0.33818840980529785,--none--
243,simpl_gsifts_2p_obj,3815,--none--
243,orig_simpl_time,1.2543659210205078,--none--
243,orig_simpl_obj,349,--none--
243,orig_gsifts1p_time,1.4969499111175537,--none--
243,orig_gsifts1p_obj,1736,--none--
243,orig_bestAB_time,0.3521149158477783,--none--
243,orig_bestAB_obj,1979,--none--
243,orig_5random_time,1.0847411155700684,--none--
243,orig_5random_obj,2900,--none--
244,simpl_opt_status,0,optimal
244,simpl_BB_time,0.3663170337677002,--none--
244,simpl_BB_obj,2491,--none--
244,simpl_minAB_time,0.00016498565673828125,--none--
244,simpl_minAB_obj,17541,--none--
244,simpl_gswaps_time,0.15094923973083496,--none--
244,simpl_gswaps_obj,12514,--none--
244,simpl_gsifts_1p_time,0.23610568046569824,--none--
244,simpl_gsifts_1p_obj,10072,--none--
244,simpl_gsifts_2p_time,0.3936154842376709,--none--
244,simpl_gsifts_2p_obj,5896,--none--
244,orig_simpl_time,0.4594755172729492,--none--
244,orig_simpl_obj,240,--none--
244,orig_gsifts1p_time,0.6647272109985352,--none--
244,orig_gsifts1p_obj,611,--none--
244,orig_bestAB_time,0.17551016807556152,--none--
244,orig_bestAB_obj,715,--none--
244,orig_5random_time,0.7957961559295654,--none--
244,orig_5random_obj,1599,--none--
245,simpl_opt_status,0,optimal
245,simpl_BB_time,0.7931768894195557,--none--
245,simpl_BB_obj,1576,--none--
245,simpl_minAB_time,0.00020623207092285156,--none--
245,simpl_minAB_obj,7481,--none--
245,simpl_gswaps_time,0.12491536140441895,--none--
245,simpl_gswaps_obj,2482,--none--
245,simpl_gsifts_1p_time,0.18445825576782227,--none--
245,simpl_gsifts_1p_obj,4391,--none--
245,simpl_gsifts_2p_time,0.3343071937561035,--none--
245,simpl_gsifts_2p_obj,2874,--none--
245,orig_simpl_time,0.8392975330352783,--none--
245,orig_simpl_obj,325,--none--
245,orig_gsifts1p_time,0.8935275077819824,--none--
245,orig_gsifts1p_obj,1786,--none--
245,orig_bestAB_time,0.1472761631011963,--none--
245,orig_bestAB_obj,2153,--none--
245,orig_5random_time,1.8508567810058594,--none--
245,orig_5random_obj,3861,--none--
246,simpl_opt_status,0,optimal
246,simpl_BB_time,0.8279423713684082,--none--
246,simpl_BB_obj,1425,--none--
246,simpl_minAB_time,0.00015592575073242188,--none--
246,simpl_minAB_obj,3320,--none--
246,simpl_gswaps_time,0.18269991874694824,--none--
246,simpl_gswaps_obj,3013,--none--
246,simpl_gsifts_1p_time,0.16112065315246582,--none--
246,simpl_gsifts_1p_obj,2150,--none--
246,simpl_gsifts_2p_time,0.36789464950561523,--none--
246,simpl_gsifts_2p_obj,1673,--none--
246,orig_simpl_time,0.8752281665802002,--none--
246,orig_simpl_obj,241,--none--
246,orig_gsifts1p_time,1.1769959926605225,--none--
246,orig_gsifts1p_obj,1786,--none--
246,orig_bestAB_time,0.14522194862365723,--none--
246,orig_bestAB_obj,667,--none--
246,orig_5random_time,0.6919479370117188,--none--
246,orig_5random_obj,1929,--none--
247,simpl_opt_status,0,optimal
247,simpl_BB_time,0.7811229228973389,--none--
247,simpl_BB_obj,673,--none--
247,simpl_minAB_time,0.00017571449279785156,--none--
247,simpl_minAB_obj,1738,--none--
247,simpl_gswaps_time,0.05991220474243164,--none--
247,simpl_gswaps_obj,1268,--none--
247,simpl_gsifts_1p_time,0.15356135368347168,--none--
247,simpl_gsifts_1p_obj,1174,--none--
247,simpl_gsifts_2p_time,0.31310439109802246,--none--
247,simpl_gsifts_2p_obj,916,--none--
247,orig_simpl_time,0.8072967529296875,--none--
247,orig_simpl_obj,194,--none--
247,orig_gsifts1p_time,0.1946399211883545,--none--
247,orig_gsifts1p_obj,300,--none--
247,orig_bestAB_time,0.0277252197265625,--none--
247,orig_bestAB_obj,331,--none--
247,orig_5random_time,0.24809050559997559,--none--
247,orig_5random_obj,1015,--none--
248,simpl_opt_status,0,optimal
248,simpl_BB_time,0.6278140544891357,--none--
248,simpl_BB_obj,1525,--none--
248,simpl_minAB_time,0.000152587890625,--none--
248,simpl_minAB_obj,32889,--none--
248,simpl_gswaps_time,0.004617452621459961,--none--
248,simpl_gswaps_obj,32889,--none--
248,simpl_gsifts_1p_time,0.1486361026763916,--none--
248,simpl_gsifts_1p_obj,8000,--none--
248,simpl_gsifts_2p_time,0.3771343231201172,--none--
248,simpl_gsifts_2p_obj,4947,--none--
248,orig_simpl_time,0.7035877704620361,--none--
248,orig_simpl_obj,253,--none--
248,orig_gsifts1p_time,0.34203338623046875,--none--
248,orig_gsifts1p_obj,786,--none--
248,orig_bestAB_time,0.15630364418029785,--none--
248,orig_bestAB_obj,965,--none--
248,orig_5random_time,0.40705323219299316,--none--
248,orig_5random_obj,1293,--none--
249,simpl_opt_status,0,optimal
249,simpl_BB_time,1.2628724575042725,--none--
249,simpl_BB_obj,1012,--none--
249,simpl_minAB_time,0.00018405914306640625,--none--
249,simpl_minAB_obj,9404,--none--
249,simpl_gswaps_time,0.03834843635559082,--none--
249,simpl_gswaps_obj,2535,--none--
249,simpl_gsifts_1p_time,0.0767507553100586,--none--
249,simpl_gsifts_1p_obj,4621,--none--
249,simpl_gsifts_2p_time,0.15499520301818848,--none--
249,simpl_gsifts_2p_obj,2619,--none--
249,orig_simpl_time,1.27919340133667,--none--
249,orig_simpl_obj,154,--none--
249,orig_gsifts1p_time,0.22417068481445312,--none--
249,orig_gsifts1p_obj,417,--none--
249,orig_bestAB_time,0.12702631950378418,--none--
249,orig_bestAB_obj,506,--none--
249,orig_5random_time,0.534217119216919,--none--
249,orig_5random_obj,1219,--none--
24,simpl_opt_status,0,optimal
24,simpl_BB_time,0.9099047183990479,--none--
24,simpl_BB_obj,1455,--none--
24,simpl_minAB_time,0.00017452239990234375,--none--
24,simpl_minAB_obj,4689,--none--
24,simpl_gswaps_time,0.1714951992034912,--none--
24,simpl_gswaps_obj,1455,--none--
24,simpl_gsifts_1p_time,0.16045594215393066,--none--
24,simpl_gsifts_1p_obj,1969,--none--
24,simpl_gsifts_2p_time,0.339552640914917,--none--
24,simpl_gsifts_2p_obj,1487,--none--
24,orig_simpl_time,0.9911060333251953,--none--
24,orig_simpl_obj,433,--none--
24,orig_gsifts1p_time,0.8023786544799805,--none--
24,orig_gsifts1p_obj,887,--none--
24,orig_bestAB_time,0.28935980796813965,--none--
24,orig_bestAB_obj,980,--none--
24,orig_5random_time,1.0247759819030762,--none--
24,orig_5random_obj,4401,--none--
250,simpl_opt_status,0,optimal
250,simpl_BB_time,1.8309059143066406,--none--
250,simpl_BB_obj,617,--none--
250,simpl_minAB_time,0.00016808509826660156,--none--
250,simpl_minAB_obj,3415,--none--
250,simpl_gswaps_time,0.24420166015625,--none--
250,simpl_gswaps_obj,617,--none--
250,simpl_gsifts_1p_time,0.17065882682800293,--none--
250,simpl_gsifts_1p_obj,1979,--none--
250,simpl_gsifts_2p_time,0.34059906005859375,--none--
250,simpl_gsifts_2p_obj,1241,--none--
250,orig_simpl_time,1.856729507446289,--none--
250,orig_simpl_obj,179,--none--
250,orig_gsifts1p_time,0.3958446979522705,--none--
250,orig_gsifts1p_obj,771,--none--
250,orig_bestAB_time,0.06300687789916992,--none--
250,orig_bestAB_obj,672,--none--
250,orig_5random_time,0.34401917457580566,--none--
250,orig_5random_obj,1405,--none--
251,simpl_opt_status,0,optimal
251,simpl_BB_time,0.33491015434265137,--none--
251,simpl_BB_obj,2481,--none--
251,simpl_minAB_time,0.00016951560974121094,--none--
251,simpl_minAB_obj,16842,--none--
251,simpl_gswaps_time,0.07055401802062988,--none--
251,simpl_gswaps_obj,3046,--none--
251,simpl_gsifts_1p_time,0.2301313877105713,--none--
251,simpl_gsifts_1p_obj,3422,--none--
251,simpl_gsifts_2p_time,0.5772061347961426,--none--
251,simpl_gsifts_2p_obj,3046,--none--
251,orig_simpl_time,0.45801663398742676,--none--
251,orig_simpl_obj,308,--none--
251,orig_gsifts1p_time,1.3543057441711426,--none--
251,orig_gsifts1p_obj,1771,--none--
251,orig_bestAB_time,0.19195961952209473,--none--
251,orig_bestAB_obj,1860,--none--
251,orig_5random_time,1.1825292110443115,--none--
251,orig_5random_obj,3947,--none--
252,simpl_opt_status,0,optimal
252,simpl_BB_time,1.0048060417175293,--none--
252,simpl_BB_obj,1207,--none--
252,simpl_minAB_time,0.00016951560974121094,--none--
252,simpl_minAB_obj,6870,--none--
252,simpl_gswaps_time,0.30875706672668457,--none--
252,simpl_gswaps_obj,1215,--none--
252,simpl_gsifts_1p_time,0.17464327812194824,--none--
252,simpl_gsifts_1p_obj,3995,--none--
252,simpl_gsifts_2p_time,0.33819103240966797,--none--
252,simpl_gsifts_2p_obj,2504,--none--
252,orig_simpl_time,1.053459644317627,--none--
252,orig_simpl_obj,302,--none--
252,orig_gsifts1p_time,0.9440901279449463,--none--
252,orig_gsifts1p_obj,1054,--none--
252,orig_bestAB_time,0.19718074798583984,--none--
252,orig_bestAB_obj,1596,--none--
252,orig_5random_time,0.6740841865539551,--none--
252,orig_5random_obj,3478,--none--
253,simpl_opt_status,0,optimal
253,simpl_BB_time,1.2617793083190918,--none--
253,simpl_BB_obj,1485,--none--
253,simpl_minAB_time,0.00016951560974121094,--none--
253,simpl_minAB_obj,10347,--none--
253,simpl_gswaps_time,0.19991683959960938,--none--
253,simpl_gswaps_obj,8354,--none--
253,simpl_gsifts_1p_time,0.23995351791381836,--none--
253,simpl_gsifts_1p_obj,6115,--none--
253,simpl_gsifts_2p_time,0.1495516300201416,--none--
253,simpl_gsifts_2p_obj,3939,--none--
253,orig_simpl_time,1.2896184921264648,--none--
253,orig_simpl_obj,210,--none--
253,orig_gsifts1p_time,0.27628469467163086,--none--
253,orig_gsifts1p_obj,1104,--none--
253,orig_bestAB_time,0.06618118286132812,--none--
253,orig_bestAB_obj,620,--none--
253,orig_5random_time,0.25983405113220215,--none--
253,orig_5random_obj,1192,--none--
254,simpl_opt_status,0,optimal
254,simpl_BB_time,3.539565324783325,--none--
254,simpl_BB_obj,1263,--none--
254,simpl_minAB_time,0.00016808509826660156,--none--
254,simpl_minAB_obj,13437,--none--
254,simpl_gswaps_time,0.244096040725708,--none--
254,simpl_gswaps_obj,2412,--none--
254,simpl_gsifts_1p_time,0.16165709495544434,--none--
254,simpl_gsifts_1p_obj,7260,--none--
254,simpl_gsifts_2p_time,0.32821178436279297,--none--
254,simpl_gsifts_2p_obj,4188,--none--
254,orig_simpl_time,3.5559661388397217,--none--
254,orig_simpl_obj,153,--none--
254,orig_gsifts1p_time,0.10484790802001953,--none--
254,orig_gsifts1p_obj,182,--none--
254,orig_bestAB_time,0.09427976608276367,--none--
254,orig_bestAB_obj,198,--none--
254,orig_5random_time,0.2403724193572998,--none--
254,orig_5random_obj,667,--none--
255,simpl_opt_status,0,optimal
255,simpl_BB_time,1.299055576324463,--none--
255,simpl_BB_obj,1153,--none--
255,simpl_minAB_time,0.00014543533325195312,--none--
255,simpl_minAB_obj,16546,--none--
255,simpl_gswaps_time,0.0517885684967041,--none--
255,simpl_gswaps_obj,16522,--none--
255,simpl_gsifts_1p_time,0.14803695678710938,--none--
255,simpl_gsifts_1p_obj,3523,--none--
255,simpl_gsifts_2p_time,0.32024264335632324,--none--
255,simpl_gsifts_2p_obj,1305,--none--
255,orig_simpl_time,1.462897777557373,--none--
255,orig_simpl_obj,211,--none--
255,orig_gsifts1p_time,0.22479867935180664,--none--
255,orig_gsifts1p_obj,408,--none--
255,orig_bestAB_time,0.06869745254516602,--none--
255,orig_bestAB_obj,601,--none--
255,orig_5random_time,0.4137721061706543,--none--
255,orig_5random_obj,1512,--none--
256,simpl_opt_status,0,optimal
256,simpl_BB_time,1.0017364025115967,--none--
256,simpl_BB_obj,1009,--none--
256,simpl_minAB_time,0.00016617774963378906,--none--
256,simpl_minAB_obj,5824,--none--
256,simpl_gswaps_time,0.3838846683502197,--none--
256,simpl_gswaps_obj,1011,--none--
256,simpl_gsifts_1p_time,0.07911348342895508,--none--
256,simpl_gsifts_1p_obj,3633,--none--
256,simpl_gsifts_2p_time,0.16135287284851074,--none--
256,simpl_gsifts_2p_obj,2643,--none--
256,orig_simpl_time,1.0214180946350098,--none--
256,orig_simpl_obj,229,--none--
256,orig_gsifts1p_time,0.26616525650024414,--none--
256,orig_gsifts1p_obj,889,--none--
256,orig_bestAB_time,0.059233903884887695,--none--
256,orig_bestAB_obj,478,--none--
256,orig_5random_time,0.25376152992248535,--none--
256,orig_5random_obj,1418,--none--
257,simpl_opt_status,0,optimal
257,simpl_BB_time,0.5167856216430664,--none--
257,simpl_BB_obj,413,--none--
257,simpl_minAB_time,0.0001804828643798828,--none--
257,simpl_minAB_obj,500,--none--
257,simpl_gswaps_time,0.09870433807373047,--none--
257,simpl_gswaps_obj,413,--none--
257,simpl_gsifts_1p_time,0.20484209060668945,--none--
257,simpl_gsifts_1p_obj,454,--none--
257,simpl_gsifts_2p_time,0.3308143615722656,--none--
257,simpl_gsifts_2p_obj,413,--none--
257,orig_simpl_time,0.5417966842651367,--none--
257,orig_simpl_obj,256,--none--
257,orig_gsifts1p_time,0.25040721893310547,--none--
257,orig_gsifts1p_obj,366,--none--
257,orig_bestAB_time,0.045346736907958984,--none--
257,orig_bestAB_obj,375,--none--
257,orig_5random_time,0.6231410503387451,--none--
257,orig_5random_obj,1570,--none--
258,simpl_opt_status,0,optimal
258,simpl_BB_time,1.697556734085083,--none--
258,simpl_BB_obj,727,--none--
258,simpl_minAB_time,0.00021839141845703125,--none--
258,simpl_minAB_obj,3855,--none--
258,simpl_gswaps_time,0.1999804973602295,--none--
258,simpl_gswaps_obj,739,--none--
258,simpl_gsifts_1p_time,0.17363786697387695,--none--
258,simpl_gsifts_1p_obj,2246,--none--
258,simpl_gsifts_2p_time,0.43579554557800293,--none--
258,simpl_gsifts_2p_obj,1463,--none--
258,orig_simpl_time,1.7269799709320068,--none--
258,orig_simpl_obj,181,--none--
258,orig_gsifts1p_time,0.5959935188293457,--none--
258,orig_gsifts1p_obj,846,--none--
258,orig_bestAB_time,0.049950361251831055,--none--
258,orig_bestAB_obj,302,--none--
258,orig_5random_time,0.25644779205322266,--none--
258,orig_5random_obj,991,--none--
259,simpl_opt_status,0,optimal
259,simpl_BB_time,0.37512707710266113,--none--
259,simpl_BB_obj,946,--none--
259,simpl_minAB_time,0.0001838207244873047,--none--
259,simpl_minAB_obj,1408,--none--
259,simpl_gswaps_time,0.10896778106689453,--none--
259,simpl_gswaps_obj,946,--none--
259,simpl_gsifts_1p_time,0.15176177024841309,--none--
259,simpl_gsifts_1p_obj,1135,--none--
259,simpl_gsifts_2p_time,0.3276331424713135,--none--
259,simpl_gsifts_2p_obj,949,--none--
259,orig_simpl_time,0.40036439895629883,--none--
259,orig_simpl_obj,218,--none--
259,orig_gsifts1p_time,0.5413234233856201,--none--
259,orig_gsifts1p_obj,553,--none--
259,orig_bestAB_time,0.06127810478210449,--none--
259,orig_bestAB_obj,416,--none--
259,orig_5random_time,0.7373883724212646,--none--
259,orig_5random_obj,2502,--none--
25,simpl_opt_status,0,optimal
25,simpl_BB_time,2.5914652347564697,--none--
25,simpl_BB_obj,818,--none--
25,simpl_minAB_time,0.0001494884490966797,--none--
25,simpl_minAB_obj,10892,--none--
25,simpl_gswaps_time,0.04555058479309082,--none--
25,simpl_gswaps_obj,10375,--none--
25,simpl_gsifts_1p_time,0.19631171226501465,--none--
25,simpl_gsifts_1p_obj,2249,--none--
25,simpl_gsifts_2p_time,0.3354485034942627,--none--
25,simpl_gsifts_2p_obj,1751,--none--
25,orig_simpl_time,2.62975811958313,--none--
25,orig_simpl_obj,180,--none--
25,orig_gsifts1p_time,0.5011610984802246,--none--
25,orig_gsifts1p_obj,825,--none--
25,orig_bestAB_time,0.13619017601013184,--none--
25,orig_bestAB_obj,978,--none--
25,orig_5random_time,0.6352317333221436,--none--
25,orig_5random_obj,2503,--none--
260,simpl_opt_status,0,optimal
260,simpl_BB_time,1.218106746673584,--none--
260,simpl_BB_obj,664,--none--
260,simpl_minAB_time,0.00018858909606933594,--none--
260,simpl_minAB_obj,1024,--none--
260,simpl_gswaps_time,0.10884737968444824,--none--
260,simpl_gswaps_obj,716,--none--
260,simpl_gsifts_1p_time,0.1428532600402832,--none--
260,simpl_gsifts_1p_obj,835,--none--
260,simpl_gsifts_2p_time,0.300034761428833,--none--
260,simpl_gsifts_2p_obj,742,--none--
260,orig_simpl_time,1.235698938369751,--none--
260,orig_simpl_obj,200,--none--
260,orig_gsifts1p_time,0.3631255626678467,--none--
260,orig_gsifts1p_obj,632,--none--
260,orig_bestAB_time,0.08263325691223145,--none--
260,orig_bestAB_obj,436,--none--
260,orig_5random_time,0.6008152961730957,--none--
260,orig_5random_obj,1367,--none--
261,simpl_opt_status,0,optimal
261,simpl_BB_time,0.7345836162567139,--none--
261,simpl_BB_obj,488,--none--
261,simpl_minAB_time,0.00017571449279785156,--none--
261,simpl_minAB_obj,2396,--none--
261,simpl_gswaps_time,0.08342337608337402,--none--
261,simpl_gswaps_obj,574,--none--
261,simpl_gsifts_1p_time,0.13547635078430176,--none--
261,simpl_gsifts_1p_obj,697,--none--
261,simpl_gsifts_2p_time,0.30040478706359863,--none--
261,simpl_gsifts_2p_obj,562,--none--
261,orig_simpl_time,0.7502048015594482,--none--
261,orig_simpl_obj,164,--none--
261,orig_gsifts1p_time,0.11664772033691406,--none--
261,orig_gsifts1p_obj,194,--none--
261,orig_bestAB_time,0.033304452896118164,--none--
261,orig_bestAB_obj,207,--none--
261,orig_5random_time,0.36226868629455566,--none--
261,orig_5random_obj,682,--none--
262,simpl_opt_status,0,optimal
262,simpl_BB_time,1.0867366790771484,--none--
262,simpl_BB_obj,3547,--none--
262,simpl_minAB_time,0.00017690658569335938,--none--
262,simpl_minAB_obj,4377,--none--
262,simpl_gswaps_time,0.14516496658325195,--none--
262,simpl_gswaps_obj,3585,--none--
262,simpl_gsifts_1p_time,0.16813373565673828,--none--
262,simpl_gsifts_1p_obj,4025,--none--
262,simpl_gsifts_2p_time,0.38364267349243164,--none--
262,simpl_gsifts_2p_obj,3734,--none--
262,orig_simpl_time,1.168992042541504,--none--
262,orig_simpl_obj,568,--none--
262,orig_gsifts1p_time,0.5847749710083008,--none--
262,orig_gsifts1p_obj,1588,--none--
262,orig_bestAB_time,0.12181544303894043,--none--
262,orig_bestAB_obj,1792,--none--
262,orig_5random_time,0.7144529819488525,--none--
262,orig_5random_obj,4635,--none--
263,simpl_opt_status,0,optimal
263,simpl_BB_time,2.019963264465332,--none--
263,simpl_BB_obj,482,--none--
263,simpl_minAB_time,0.0001747608184814453,--none--
263,simpl_minAB_obj,1514,--none--
263,simpl_gswaps_time,0.20118355751037598,--none--
263,simpl_gswaps_obj,547,--none--
263,simpl_gsifts_1p_time,0.17795109748840332,--none--
263,simpl_gsifts_1p_obj,1059,--none--
263,simpl_gsifts_2p_time,0.33777403831481934,--none--
263,simpl_gsifts_2p_obj,831,--none--
263,orig_simpl_time,2.043329954147339,--none--
263,orig_simpl_obj,107,--none--
263,orig_gsifts1p_time,0.18636178970336914,--none--
263,orig_gsifts1p_obj,159,--none--
263,orig_bestAB_time,0.035811424255371094,--none--
263,orig_bestAB_obj,182,--none--
263,orig_5random_time,0.15059924125671387,--none--
263,orig_5random_obj,334,--none--
264,simpl_opt_status,0,optimal
264,simpl_BB_time,0.6441795825958252,--none--
264,simpl_BB_obj,654,--none--
264,simpl_minAB_time,0.00016307830810546875,--none--
264,simpl_minAB_obj,1425,--none--
264,simpl_gswaps_time,0.1542975902557373,--none--
264,simpl_gswaps_obj,740,--none--
264,simpl_gsifts_1p_time,0.19613885879516602,--none--
264,simpl_gsifts_1p_obj,1083,--none--
264,simpl_gsifts_2p_time,0.3953843116760254,--none--
264,simpl_gsifts_2p_obj,786,--none--
264,orig_simpl_time,0.6772186756134033,--none--
264,orig_simpl_obj,206,--none--
264,orig_gsifts1p_time,0.24171161651611328,--none--
264,orig_gsifts1p_obj,384,--none--
264,orig_bestAB_time,0.08754944801330566,--none--
264,orig_bestAB_obj,398,--none--
264,orig_5random_time,0.47943878173828125,--none--
264,orig_5random_obj,1265,--none--
