instance,num_type,value,comment
31,simpl_opt_status,0,optimal
31,simpl_BB_time,0.6031291484832764,--none--
31,simpl_BB_obj,3239,--none--
31,simpl_minAB_time,0.00015497207641601562,--none--
31,simpl_minAB_obj,9331,--none--
31,simpl_gswaps_time,0.16207027435302734,--none--
31,simpl_gswaps_obj,6476,--none--
31,simpl_5random_time,0.00612640380859375,--none--
31,simpl_5random_obj,13022,--none--
31,simpl_gsifts_1p_time,0.21720337867736816,--none--
31,simpl_gsifts_1p_obj,6511,--none--
31,simpl_gsifts_2p_time,0.4410581588745117,--none--
31,simpl_gsifts_2p_obj,4891,--none--
31,simpl_gsifts_3p_time,0.706517219543457,--none--
31,simpl_gsifts_3p_obj,3891,--none--
31,orig_simpl_time,0.6587386131286621,--none--
31,orig_simpl_obj,247,--none--
31,orig_gsifts1p_time,0.5119509696960449,--none--
31,orig_gsifts1p_obj,667,--none--
31,orig_bestAB_time,0.1409010887145996,--none--
31,orig_bestAB_obj,1041,--none--
31,orig_5random_time,0.48865818977355957,--none--
31,orig_5random_obj,1483,--none--
320,simpl_opt_status,0,optimal
320,simpl_BB_time,0.7293398380279541,--none--
320,simpl_BB_obj,2434,--none--
320,simpl_minAB_time,0.00016641616821289062,--none--
320,simpl_minAB_obj,15985,--none--
320,simpl_gswaps_time,0.02857065200805664,--none--
320,simpl_gswaps_obj,11696,--none--
320,simpl_5random_time,0.0015795230865478516,--none--
320,simpl_5random_obj,11646,--none--
320,simpl_gsifts_1p_time,0.22803163528442383,--none--
320,simpl_gsifts_1p_obj,8684,--none--
320,simpl_gsifts_2p_time,0.37725830078125,--none--
320,simpl_gsifts_2p_obj,5256,--none--
320,simpl_gsifts_3p_time,0.76389479637146,--none--
320,simpl_gsifts_3p_obj,3606,--none--
320,orig_simpl_time,0.8185000419616699,--none--
320,orig_simpl_obj,344,--none--
320,orig_gsifts1p_time,2.1630284786224365,--none--
320,orig_gsifts1p_obj,2398,--none--
320,orig_bestAB_time,0.2929658889770508,--none--
320,orig_bestAB_obj,2928,--none--
320,orig_5random_time,0.9540674686431885,--none--
320,orig_5random_obj,3659,--none--
321,simpl_opt_status,0,optimal
321,simpl_BB_time,0.27526211738586426,--none--
321,simpl_BB_obj,1149,--none--
321,simpl_minAB_time,0.00016999244689941406,--none--
321,simpl_minAB_obj,1312,--none--
321,simpl_gswaps_time,0.0045659542083740234,--none--
321,simpl_gswaps_obj,1312,--none--
321,simpl_5random_time,0.0015728473663330078,--none--
321,simpl_5random_obj,15030,--none--
321,simpl_gsifts_1p_time,0.1995234489440918,--none--
321,simpl_gsifts_1p_obj,1184,--none--
321,simpl_gsifts_2p_time,0.4651806354522705,--none--
321,simpl_gsifts_2p_obj,1149,--none--
321,simpl_gsifts_3p_time,0.7612869739532471,--none--
321,simpl_gsifts_3p_obj,1149,--none--
321,orig_simpl_time,0.3283078670501709,--none--
321,orig_simpl_obj,226,--none--
321,orig_gsifts1p_time,0.6423451900482178,--none--
321,orig_gsifts1p_obj,890,--none--
321,orig_bestAB_time,0.11821413040161133,--none--
321,orig_bestAB_obj,1024,--none--
321,orig_5random_time,0.4847428798675537,--none--
321,orig_5random_obj,1988,--none--
322,simpl_opt_status,0,optimal
322,simpl_BB_time,1.8319048881530762,--none--
322,simpl_BB_obj,410,--none--
322,simpl_minAB_time,0.00018072128295898438,--none--
322,simpl_minAB_obj,767,--none--
322,simpl_gswaps_time,0.12976765632629395,--none--
322,simpl_gswaps_obj,411,--none--
322,simpl_5random_time,0.0017125606536865234,--none--
322,simpl_5random_obj,11806,--none--
322,simpl_gsifts_1p_time,0.20022296905517578,--none--
322,simpl_gsifts_1p_obj,647,--none--
322,simpl_gsifts_2p_time,0.5309662818908691,--none--
322,simpl_gsifts_2p_obj,534,--none--
322,simpl_gsifts_3p_time,0.9165105819702148,--none--
322,simpl_gsifts_3p_obj,469,--none--
322,orig_simpl_time,1.8596932888031006,--none--
322,orig_simpl_obj,171,--none--
322,orig_gsifts1p_time,0.2791728973388672,--none--
322,orig_gsifts1p_obj,277,--none--
322,orig_bestAB_time,0.05090785026550293,--none--
322,orig_bestAB_obj,448,--none--
322,orig_5random_time,0.362637996673584,--none--
322,orig_5random_obj,925,--none--
323,simpl_opt_status,0,optimal
323,simpl_BB_time,1.3788959980010986,--none--
323,simpl_BB_obj,1411,--none--
323,simpl_minAB_time,0.00017213821411132812,--none--
323,simpl_minAB_obj,5053,--none--
323,simpl_gswaps_time,0.18100333213806152,--none--
323,simpl_gswaps_obj,1487,--none--
323,simpl_5random_time,0.0016875267028808594,--none--
323,simpl_5random_obj,7686,--none--
323,simpl_gsifts_1p_time,0.09110593795776367,--none--
323,simpl_gsifts_1p_obj,1768,--none--
323,simpl_gsifts_2p_time,0.3627636432647705,--none--
323,simpl_gsifts_2p_obj,1614,--none--
323,simpl_gsifts_3p_time,0.678011417388916,--none--
323,simpl_gsifts_3p_obj,1482,--none--
323,orig_simpl_time,1.4540023803710938,--none--
323,orig_simpl_obj,274,--none--
323,orig_gsifts1p_time,0.642338752746582,--none--
323,orig_gsifts1p_obj,938,--none--
323,orig_bestAB_time,0.05978560447692871,--none--
323,orig_bestAB_obj,711,--none--
323,orig_5random_time,0.5396127700805664,--none--
323,orig_5random_obj,1858,--none--
324,simpl_opt_status,0,optimal
324,simpl_BB_time,0.8744940757751465,--none--
324,simpl_BB_obj,1783,--none--
324,simpl_minAB_time,0.00016450881958007812,--none--
324,simpl_minAB_obj,5107,--none--
324,simpl_gswaps_time,0.09682941436767578,--none--
324,simpl_gswaps_obj,3367,--none--
324,simpl_5random_time,0.0017642974853515625,--none--
324,simpl_5random_obj,7838,--none--
324,simpl_gsifts_1p_time,0.10007691383361816,--none--
324,simpl_gsifts_1p_obj,3385,--none--
324,simpl_gsifts_2p_time,0.3377509117126465,--none--
324,simpl_gsifts_2p_obj,2316,--none--
324,simpl_gsifts_3p_time,0.4861907958984375,--none--
324,simpl_gsifts_3p_obj,1932,--none--
324,orig_simpl_time,0.916327714920044,--none--
324,orig_simpl_obj,308,--none--
324,orig_gsifts1p_time,0.6369216442108154,--none--
324,orig_gsifts1p_obj,732,--none--
324,orig_bestAB_time,0.21707653999328613,--none--
324,orig_bestAB_obj,857,--none--
324,orig_5random_time,0.9300148487091064,--none--
324,orig_5random_obj,1946,--none--
325,simpl_opt_status,0,optimal
325,simpl_BB_time,2.0722875595092773,--none--
325,simpl_BB_obj,500,--none--
325,simpl_minAB_time,0.00017380714416503906,--none--
325,simpl_minAB_obj,1020,--none--
325,simpl_gswaps_time,0.14151406288146973,--none--
325,simpl_gswaps_obj,624,--none--
325,simpl_5random_time,0.007730007171630859,--none--
325,simpl_5random_obj,6638,--none--
325,simpl_gsifts_1p_time,0.1695241928100586,--none--
325,simpl_gsifts_1p_obj,803,--none--
325,simpl_gsifts_2p_time,0.38336610794067383,--none--
325,simpl_gsifts_2p_obj,624,--none--
325,simpl_gsifts_3p_time,0.4832885265350342,--none--
325,simpl_gsifts_3p_obj,500,--none--
325,orig_simpl_time,2.110661029815674,--none--
325,orig_simpl_obj,260,--none--
325,orig_gsifts1p_time,0.3314480781555176,--none--
325,orig_gsifts1p_obj,413,--none--
325,orig_bestAB_time,0.03851938247680664,--none--
325,orig_bestAB_obj,515,--none--
325,orig_5random_time,0.7569713592529297,--none--
325,orig_5random_obj,2743,--none--
326,simpl_opt_status,0,optimal
326,simpl_BB_time,0.7976772785186768,--none--
326,simpl_BB_obj,823,--none--
326,simpl_minAB_time,0.00018715858459472656,--none--
326,simpl_minAB_obj,2047,--none--
326,simpl_gswaps_time,0.19034862518310547,--none--
326,simpl_gswaps_obj,823,--none--
326,simpl_5random_time,0.0016906261444091797,--none--
326,simpl_5random_obj,6044,--none--
326,simpl_gsifts_1p_time,0.19284915924072266,--none--
326,simpl_gsifts_1p_obj,1604,--none--
326,simpl_gsifts_2p_time,0.3603057861328125,--none--
326,simpl_gsifts_2p_obj,1221,--none--
326,simpl_gsifts_3p_time,0.513385534286499,--none--
326,simpl_gsifts_3p_obj,1045,--none--
326,orig_simpl_time,0.8297567367553711,--none--
326,orig_simpl_obj,264,--none--
326,orig_gsifts1p_time,0.40090370178222656,--none--
326,orig_gsifts1p_obj,658,--none--
326,orig_bestAB_time,0.06341814994812012,--none--
326,orig_bestAB_obj,837,--none--
326,orig_5random_time,0.45668768882751465,--none--
326,orig_5random_obj,1456,--none--
327,simpl_opt_status,0,optimal
327,simpl_BB_time,0.8505668640136719,--none--
327,simpl_BB_obj,412,--none--
327,simpl_minAB_time,0.00019478797912597656,--none--
327,simpl_minAB_obj,1271,--none--
327,simpl_gswaps_time,0.07916545867919922,--none--
327,simpl_gswaps_obj,512,--none--
327,simpl_5random_time,0.0016629695892333984,--none--
327,simpl_5random_obj,3502,--none--
327,simpl_gsifts_1p_time,0.19554805755615234,--none--
327,simpl_gsifts_1p_obj,601,--none--
327,simpl_gsifts_2p_time,0.4712958335876465,--none--
327,simpl_gsifts_2p_obj,530,--none--
327,simpl_gsifts_3p_time,0.7989883422851562,--none--
327,simpl_gsifts_3p_obj,471,--none--
327,orig_simpl_time,0.8925023078918457,--none--
327,orig_simpl_obj,136,--none--
327,orig_gsifts1p_time,0.21791553497314453,--none--
327,orig_gsifts1p_obj,195,--none--
327,orig_bestAB_time,0.043814659118652344,--none--
327,orig_bestAB_obj,316,--none--
327,orig_5random_time,0.385678768157959,--none--
327,orig_5random_obj,699,--none--
328,simpl_opt_status,0,optimal
328,simpl_BB_time,0.9451448917388916,--none--
328,simpl_BB_obj,946,--none--
328,simpl_minAB_time,0.0001785755157470703,--none--
328,simpl_minAB_obj,2886,--none--
328,simpl_gswaps_time,0.24240899085998535,--none--
328,simpl_gswaps_obj,946,--none--
328,simpl_5random_time,0.0016689300537109375,--none--
328,simpl_5random_obj,6475,--none--
328,simpl_gsifts_1p_time,0.18270397186279297,--none--
328,simpl_gsifts_1p_obj,1297,--none--
328,simpl_gsifts_2p_time,0.3894524574279785,--none--
328,simpl_gsifts_2p_obj,1151,--none--
328,simpl_gsifts_3p_time,0.549072265625,--none--
328,simpl_gsifts_3p_obj,1046,--none--
328,orig_simpl_time,0.9939913749694824,--none--
328,orig_simpl_obj,230,--none--
328,orig_gsifts1p_time,0.9558408260345459,--none--
328,orig_gsifts1p_obj,472,--none--
328,orig_bestAB_time,0.11970138549804688,--none--
328,orig_bestAB_obj,296,--none--
328,orig_5random_time,0.7225632667541504,--none--
328,orig_5random_obj,1090,--none--
329,simpl_opt_status,0,optimal
329,simpl_BB_time,1.5627977848052979,--none--
329,simpl_BB_obj,1651,--none--
329,simpl_minAB_time,0.00015735626220703125,--none--
329,simpl_minAB_obj,24714,--none--
329,simpl_gswaps_time,0.15607953071594238,--none--
329,simpl_gswaps_obj,16635,--none--
329,simpl_5random_time,0.0017094612121582031,--none--
329,simpl_5random_obj,17800,--none--
329,simpl_gsifts_1p_time,0.1666715145111084,--none--
329,simpl_gsifts_1p_obj,12725,--none--
329,simpl_gsifts_2p_time,0.35002875328063965,--none--
329,simpl_gsifts_2p_obj,6873,--none--
329,simpl_gsifts_3p_time,0.5018131732940674,--none--
329,simpl_gsifts_3p_obj,4057,--none--
329,orig_simpl_time,1.6350781917572021,--none--
329,orig_simpl_obj,278,--none--
329,orig_gsifts1p_time,0.9185299873352051,--none--
329,orig_gsifts1p_obj,1017,--none--
329,orig_bestAB_time,0.33181262016296387,--none--
329,orig_bestAB_obj,1220,--none--
329,orig_5random_time,0.8912131786346436,--none--
329,orig_5random_obj,2239,--none--
32,simpl_opt_status,0,optimal
32,simpl_BB_time,0.6898672580718994,--none--
32,simpl_BB_obj,833,--none--
32,simpl_minAB_time,0.00015997886657714844,--none--
32,simpl_minAB_obj,1612,--none--
32,simpl_gswaps_time,0.14661502838134766,--none--
32,simpl_gswaps_obj,1059,--none--
32,simpl_5random_time,0.0017654895782470703,--none--
32,simpl_5random_obj,12926,--none--
32,simpl_gsifts_1p_time,0.18429207801818848,--none--
32,simpl_gsifts_1p_obj,1314,--none--
32,simpl_gsifts_2p_time,0.4661746025085449,--none--
32,simpl_gsifts_2p_obj,1124,--none--
32,simpl_gsifts_3p_time,0.6217706203460693,--none--
32,simpl_gsifts_3p_obj,970,--none--
32,orig_simpl_time,0.738661527633667,--none--
32,orig_simpl_obj,297,--none--
32,orig_gsifts1p_time,0.322418212890625,--none--
32,orig_gsifts1p_obj,563,--none--
32,orig_bestAB_time,0.1195218563079834,--none--
32,orig_bestAB_obj,695,--none--
32,orig_5random_time,0.5690629482269287,--none--
32,orig_5random_obj,1924,--none--
330,simpl_opt_status,0,optimal
330,simpl_BB_time,0.8456299304962158,--none--
330,simpl_BB_obj,594,--none--
330,simpl_minAB_time,0.00015425682067871094,--none--
330,simpl_minAB_obj,10574,--none--
330,simpl_gswaps_time,0.15811586380004883,--none--
330,simpl_gswaps_obj,3384,--none--
330,simpl_5random_time,0.001703500747680664,--none--
330,simpl_5random_obj,4858,--none--
330,simpl_gsifts_1p_time,0.19928956031799316,--none--
330,simpl_gsifts_1p_obj,4534,--none--
330,simpl_gsifts_2p_time,0.34549474716186523,--none--
330,simpl_gsifts_2p_obj,2022,--none--
330,simpl_gsifts_3p_time,0.4746410846710205,--none--
330,simpl_gsifts_3p_obj,872,--none--
330,orig_simpl_time,0.8815903663635254,--none--
330,orig_simpl_obj,193,--none--
330,orig_gsifts1p_time,0.28365182876586914,--none--
330,orig_gsifts1p_obj,585,--none--
330,orig_bestAB_time,0.05034685134887695,--none--
330,orig_bestAB_obj,634,--none--
330,orig_5random_time,0.3753702640533447,--none--
330,orig_5random_obj,1606,--none--
331,simpl_opt_status,0,optimal
331,simpl_BB_time,0.3207371234893799,--none--
331,simpl_BB_obj,1600,--none--
331,simpl_minAB_time,0.00016999244689941406,--none--
331,simpl_minAB_obj,12394,--none--
331,simpl_gswaps_time,0.005274295806884766,--none--
331,simpl_gswaps_obj,12394,--none--
331,simpl_5random_time,0.0017170906066894531,--none--
331,simpl_5random_obj,17358,--none--
331,simpl_gsifts_1p_time,0.19997239112854004,--none--
331,simpl_gsifts_1p_obj,6471,--none--
331,simpl_gsifts_2p_time,0.5870740413665771,--none--
331,simpl_gsifts_2p_obj,3563,--none--
331,simpl_gsifts_3p_time,0.8052740097045898,--none--
331,simpl_gsifts_3p_obj,2612,--none--
331,orig_simpl_time,0.4278535842895508,--none--
331,orig_simpl_obj,185,--none--
331,orig_gsifts1p_time,0.6375889778137207,--none--
331,orig_gsifts1p_obj,748,--none--
331,orig_bestAB_time,0.261441707611084,--none--
331,orig_bestAB_obj,980,--none--
331,orig_5random_time,0.6424648761749268,--none--
331,orig_5random_obj,2075,--none--
332,simpl_opt_status,0,optimal
332,simpl_BB_time,1.658921480178833,--none--
332,simpl_BB_obj,478,--none--
332,simpl_minAB_time,0.0001823902130126953,--none--
332,simpl_minAB_obj,1298,--none--
332,simpl_gswaps_time,0.06441521644592285,--none--
332,simpl_gswaps_obj,480,--none--
332,simpl_5random_time,0.0016524791717529297,--none--
332,simpl_5random_obj,6646,--none--
332,simpl_gsifts_1p_time,0.17307257652282715,--none--
332,simpl_gsifts_1p_obj,540,--none--
332,simpl_gsifts_2p_time,0.3841233253479004,--none--
332,simpl_gsifts_2p_obj,496,--none--
332,simpl_gsifts_3p_time,0.4744584560394287,--none--
332,simpl_gsifts_3p_obj,482,--none--
332,orig_simpl_time,1.6958765983581543,--none--
332,orig_simpl_obj,189,--none--
332,orig_gsifts1p_time,0.3838338851928711,--none--
332,orig_gsifts1p_obj,578,--none--
332,orig_bestAB_time,0.030970335006713867,--none--
332,orig_bestAB_obj,614,--none--
332,orig_5random_time,0.6267437934875488,--none--
332,orig_5random_obj,1257,--none--
333,simpl_opt_status,0,optimal
333,simpl_BB_time,1.0497758388519287,--none--
333,simpl_BB_obj,618,--none--
333,simpl_minAB_time,0.0001552104949951172,--none--
333,simpl_minAB_obj,4638,--none--
333,simpl_gswaps_time,0.09386444091796875,--none--
333,simpl_gswaps_obj,4245,--none--
333,simpl_5random_time,0.0016832351684570312,--none--
333,simpl_5random_obj,6586,--none--
333,simpl_gsifts_1p_time,0.15890002250671387,--none--
333,simpl_gsifts_1p_obj,1314,--none--
333,simpl_gsifts_2p_time,0.3315150737762451,--none--
333,simpl_gsifts_2p_obj,992,--none--
333,simpl_gsifts_3p_time,0.4639010429382324,--none--
333,simpl_gsifts_3p_obj,722,--none--
333,orig_simpl_time,1.06103515625,--none--
333,orig_simpl_obj,134,--none--
333,orig_gsifts1p_time,0.3377532958984375,--none--
333,orig_gsifts1p_obj,250,--none--
333,orig_bestAB_time,0.07225584983825684,--none--
333,orig_bestAB_obj,217,--none--
333,orig_5random_time,0.27390599250793457,--none--
333,orig_5random_obj,830,--none--
334,simpl_opt_status,0,optimal
334,simpl_BB_time,1.9884669780731201,--none--
334,simpl_BB_obj,1481,--none--
334,simpl_minAB_time,0.0001595020294189453,--none--
334,simpl_minAB_obj,5245,--none--
334,simpl_gswaps_time,0.20446324348449707,--none--
334,simpl_gswaps_obj,1892,--none--
334,simpl_5random_time,0.0024385452270507812,--none--
334,simpl_5random_obj,16702,--none--
334,simpl_gsifts_1p_time,0.07802271842956543,--none--
334,simpl_gsifts_1p_obj,3693,--none--
334,simpl_gsifts_2p_time,0.26492834091186523,--none--
334,simpl_gsifts_2p_obj,1974,--none--
334,simpl_gsifts_3p_time,0.6618020534515381,--none--
334,simpl_gsifts_3p_obj,1570,--none--
334,orig_simpl_time,2.0462753772735596,--none--
334,orig_simpl_obj,286,--none--
334,orig_gsifts1p_time,0.7747077941894531,--none--
334,orig_gsifts1p_obj,1635,--none--
334,orig_bestAB_time,0.15372347831726074,--none--
334,orig_bestAB_obj,1719,--none--
334,orig_5random_time,0.659862756729126,--none--
334,orig_5random_obj,2688,--none--
335,simpl_opt_status,0,optimal
335,simpl_BB_time,0.576270580291748,--none--
335,simpl_BB_obj,1113,--none--
335,simpl_minAB_time,0.0001678466796875,--none--
335,simpl_minAB_obj,1960,--none--
335,simpl_gswaps_time,0.10219907760620117,--none--
335,simpl_gswaps_obj,1240,--none--
335,simpl_5random_time,0.0017440319061279297,--none--
335,simpl_5random_obj,4506,--none--
335,simpl_gsifts_1p_time,0.11786055564880371,--none--
335,simpl_gsifts_1p_obj,1605,--none--
335,simpl_gsifts_2p_time,0.3955979347229004,--none--
335,simpl_gsifts_2p_obj,1424,--none--
335,simpl_gsifts_3p_time,0.7072339057922363,--none--
335,simpl_gsifts_3p_obj,1278,--none--
335,orig_simpl_time,0.619004487991333,--none--
335,orig_simpl_obj,350,--none--
335,orig_gsifts1p_time,1.1133921146392822,--none--
335,orig_gsifts1p_obj,2106,--none--
335,orig_bestAB_time,0.08849239349365234,--none--
335,orig_bestAB_obj,1227,--none--
335,orig_5random_time,0.9664320945739746,--none--
335,orig_5random_obj,3306,--none--
336,simpl_opt_status,0,optimal
336,simpl_BB_time,1.9175772666931152,--none--
336,simpl_BB_obj,1053,--none--
336,simpl_minAB_time,0.00017070770263671875,--none--
336,simpl_minAB_obj,5301,--none--
336,simpl_gswaps_time,0.2534024715423584,--none--
336,simpl_gswaps_obj,2314,--none--
336,simpl_5random_time,0.0016493797302246094,--none--
336,simpl_5random_obj,7436,--none--
336,simpl_gsifts_1p_time,0.27630019187927246,--none--
336,simpl_gsifts_1p_obj,2335,--none--
336,simpl_gsifts_2p_time,0.23044514656066895,--none--
336,simpl_gsifts_2p_obj,1554,--none--
336,simpl_gsifts_3p_time,0.26387739181518555,--none--
336,simpl_gsifts_3p_obj,1240,--none--
336,orig_simpl_time,1.9357695579528809,--none--
336,orig_simpl_obj,209,--none--
336,orig_gsifts1p_time,0.4530761241912842,--none--
336,orig_gsifts1p_obj,794,--none--
336,orig_bestAB_time,0.09900307655334473,--none--
336,orig_bestAB_obj,363,--none--
336,orig_5random_time,0.3961672782897949,--none--
336,orig_5random_obj,1035,--none--
337,simpl_opt_status,0,optimal
337,simpl_BB_time,0.1350562572479248,--none--
337,simpl_BB_obj,4423,--none--
337,simpl_minAB_time,0.00017714500427246094,--none--
337,simpl_minAB_obj,10381,--none--
337,simpl_gswaps_time,0.15637660026550293,--none--
337,simpl_gswaps_obj,4423,--none--
337,simpl_5random_time,0.001657247543334961,--none--
337,simpl_5random_obj,16190,--none--
337,simpl_gsifts_1p_time,0.1876981258392334,--none--
337,simpl_gsifts_1p_obj,6782,--none--
337,simpl_gsifts_2p_time,0.3316483497619629,--none--
337,simpl_gsifts_2p_obj,5120,--none--
337,simpl_gsifts_3p_time,0.4683692455291748,--none--
337,simpl_gsifts_3p_obj,4640,--none--
337,orig_simpl_time,0.261704683303833,--none--
337,orig_simpl_obj,668,--none--
337,orig_gsifts1p_time,2.1337015628814697,--none--
337,orig_gsifts1p_obj,2905,--none--
337,orig_bestAB_time,0.2929055690765381,--none--
337,orig_bestAB_obj,3281,--none--
337,orig_5random_time,1.456693172454834,--none--
337,orig_5random_obj,3448,--none--
338,simpl_opt_status,0,optimal
338,simpl_BB_time,1.5684897899627686,--none--
338,simpl_BB_obj,1389,--none--
338,simpl_minAB_time,0.00013566017150878906,--none--
338,simpl_minAB_obj,9363,--none--
338,simpl_gswaps_time,0.08541584014892578,--none--
338,simpl_gswaps_obj,2427,--none--
338,simpl_5random_time,0.001470804214477539,--none--
338,simpl_5random_obj,8786,--none--
338,simpl_gsifts_1p_time,0.06801533699035645,--none--
338,simpl_gsifts_1p_obj,2595,--none--
338,simpl_gsifts_2p_time,0.14008140563964844,--none--
338,simpl_gsifts_2p_obj,1563,--none--
338,simpl_gsifts_3p_time,0.3629007339477539,--none--
338,simpl_gsifts_3p_obj,1451,--none--
338,orig_simpl_time,1.590773344039917,--none--
338,orig_simpl_obj,274,--none--
338,orig_gsifts1p_time,0.5681886672973633,--none--
338,orig_gsifts1p_obj,1091,--none--
338,orig_bestAB_time,0.16119718551635742,--none--
338,orig_bestAB_obj,848,--none--
338,orig_5random_time,0.5714864730834961,--none--
338,orig_5random_obj,1787,--none--
339,simpl_opt_status,0,optimal
339,simpl_BB_time,1.2789318561553955,--none--
339,simpl_BB_obj,2764,--none--
339,simpl_minAB_time,0.00017595291137695312,--none--
339,simpl_minAB_obj,11857,--none--
339,simpl_gswaps_time,0.04294013977050781,--none--
339,simpl_gswaps_obj,5129,--none--
339,simpl_5random_time,0.0015645027160644531,--none--
339,simpl_5random_obj,21478,--none--
339,simpl_gsifts_1p_time,0.20851731300354004,--none--
339,simpl_gsifts_1p_obj,6749,--none--
339,simpl_gsifts_2p_time,0.4716670513153076,--none--
339,simpl_gsifts_2p_obj,4565,--none--
339,simpl_gsifts_3p_time,0.570446252822876,--none--
339,simpl_gsifts_3p_obj,3381,--none--
339,orig_simpl_time,1.4359540939331055,--none--
339,orig_simpl_obj,414,--none--
339,orig_gsifts1p_time,1.027967929840088,--none--
339,orig_gsifts1p_obj,1671,--none--
339,orig_bestAB_time,0.3324291706085205,--none--
339,orig_bestAB_obj,2001,--none--
339,orig_5random_time,1.335355281829834,--none--
339,orig_5random_obj,3972,--none--
33,simpl_opt_status,0,optimal
33,simpl_BB_time,0.8801772594451904,--none--
33,simpl_BB_obj,1396,--none--
33,simpl_minAB_time,0.0001819133758544922,--none--
33,simpl_minAB_obj,2914,--none--
33,simpl_gswaps_time,0.21324658393859863,--none--
33,simpl_gswaps_obj,1982,--none--
33,simpl_5random_time,0.001443624496459961,--none--
33,simpl_5random_obj,13602,--none--
33,simpl_gsifts_1p_time,0.13951659202575684,--none--
33,simpl_gsifts_1p_obj,2330,--none--
33,simpl_gsifts_2p_time,0.26671814918518066,--none--
33,simpl_gsifts_2p_obj,1903,--none--
33,simpl_gsifts_3p_time,0.4566333293914795,--none--
33,simpl_gsifts_3p_obj,1611,--none--
33,orig_simpl_time,0.9773340225219727,--none--
33,orig_simpl_obj,504,--none--
33,orig_gsifts1p_time,1.190603256225586,--none--
33,orig_gsifts1p_obj,1153,--none--
33,orig_bestAB_time,0.05500364303588867,--none--
33,orig_bestAB_obj,1137,--none--
33,orig_5random_time,1.0838215351104736,--none--
33,orig_5random_obj,2743,--none--
340,simpl_opt_status,0,optimal
340,simpl_BB_time,0.7897059917449951,--none--
340,simpl_BB_obj,766,--none--
340,simpl_minAB_time,0.00017380714416503906,--none--
340,simpl_minAB_obj,2269,--none--
340,simpl_gswaps_time,0.14301657676696777,--none--
340,simpl_gswaps_obj,790,--none--
340,simpl_5random_time,0.0016393661499023438,--none--
340,simpl_5random_obj,7494,--none--
340,simpl_gsifts_1p_time,0.13684368133544922,--none--
340,simpl_gsifts_1p_obj,1226,--none--
340,simpl_gsifts_2p_time,0.33431220054626465,--none--
340,simpl_gsifts_2p_obj,815,--none--
340,simpl_gsifts_3p_time,0.5449769496917725,--none--
340,simpl_gsifts_3p_obj,804,--none--
340,orig_simpl_time,0.8268177509307861,--none--
340,orig_simpl_obj,216,--none--
340,orig_gsifts1p_time,0.3381316661834717,--none--
340,orig_gsifts1p_obj,513,--none--
340,orig_bestAB_time,0.055785179138183594,--none--
340,orig_bestAB_obj,762,--none--
340,orig_5random_time,0.4079854488372803,--none--
340,orig_5random_obj,809,--none--
341,simpl_opt_status,0,optimal
341,simpl_BB_time,1.3412199020385742,--none--
341,simpl_BB_obj,864,--none--
341,simpl_minAB_time,0.00016999244689941406,--none--
341,simpl_minAB_obj,1791,--none--
341,simpl_gswaps_time,0.1593480110168457,--none--
341,simpl_gswaps_obj,946,--none--
341,simpl_5random_time,0.0016853809356689453,--none--
341,simpl_5random_obj,9510,--none--
341,simpl_gsifts_1p_time,0.2587854862213135,--none--
341,simpl_gsifts_1p_obj,1293,--none--
341,simpl_gsifts_2p_time,0.5319619178771973,--none--
341,simpl_gsifts_2p_obj,1117,--none--
341,simpl_gsifts_3p_time,0.8734698295593262,--none--
341,simpl_gsifts_3p_obj,998,--none--
341,orig_simpl_time,1.4028632640838623,--none--
341,orig_simpl_obj,184,--none--
341,orig_gsifts1p_time,0.3292231559753418,--none--
341,orig_gsifts1p_obj,282,--none--
341,orig_bestAB_time,0.12027263641357422,--none--
341,orig_bestAB_obj,674,--none--
341,orig_5random_time,0.44664573669433594,--none--
341,orig_5random_obj,800,--none--
342,simpl_opt_status,0,optimal
342,simpl_BB_time,2.02308988571167,--none--
342,simpl_BB_obj,3039,--none--
342,simpl_minAB_time,0.00016188621520996094,--none--
342,simpl_minAB_obj,17693,--none--
342,simpl_gswaps_time,0.28545546531677246,--none--
342,simpl_gswaps_obj,3614,--none--
342,simpl_5random_time,0.0016651153564453125,--none--
342,simpl_5random_obj,8468,--none--
342,simpl_gsifts_1p_time,0.16600489616394043,--none--
342,simpl_gsifts_1p_obj,9609,--none--
342,simpl_gsifts_2p_time,0.3539299964904785,--none--
342,simpl_gsifts_2p_obj,5589,--none--
342,simpl_gsifts_3p_time,0.5454814434051514,--none--
342,simpl_gsifts_3p_obj,3463,--none--
342,orig_simpl_time,2.105078935623169,--none--
342,orig_simpl_obj,461,--none--
342,orig_gsifts1p_time,1.3186309337615967,--none--
342,orig_gsifts1p_obj,2960,--none--
342,orig_bestAB_time,0.2218329906463623,--none--
342,orig_bestAB_obj,1903,--none--
342,orig_5random_time,1.021451711654663,--none--
342,orig_5random_obj,4296,--none--
343,simpl_opt_status,0,optimal
343,simpl_BB_time,0.7918190956115723,--none--
343,simpl_BB_obj,2123,--none--
343,simpl_minAB_time,0.0001590251922607422,--none--
343,simpl_minAB_obj,5641,--none--
343,simpl_gswaps_time,0.36864542961120605,--none--
343,simpl_gswaps_obj,3195,--none--
343,simpl_5random_time,0.0017066001892089844,--none--
343,simpl_5random_obj,11874,--none--
343,simpl_gsifts_1p_time,0.27397632598876953,--none--
343,simpl_gsifts_1p_obj,3684,--none--
343,simpl_gsifts_2p_time,0.5720736980438232,--none--
343,simpl_gsifts_2p_obj,2660,--none--
343,simpl_gsifts_3p_time,0.40096378326416016,--none--
343,simpl_gsifts_3p_obj,2247,--none--
343,orig_simpl_time,0.8201665878295898,--none--
343,orig_simpl_obj,325,--none--
343,orig_gsifts1p_time,0.7019612789154053,--none--
343,orig_gsifts1p_obj,1414,--none--
343,orig_bestAB_time,0.17003583908081055,--none--
343,orig_bestAB_obj,865,--none--
343,orig_5random_time,1.1181187629699707,--none--
343,orig_5random_obj,2599,--none--
344,simpl_opt_status,0,optimal
344,simpl_BB_time,1.393472671508789,--none--
344,simpl_BB_obj,424,--none--
344,simpl_minAB_time,0.009766340255737305,--none--
344,simpl_minAB_obj,808,--none--
344,simpl_gswaps_time,0.17442822456359863,--none--
344,simpl_gswaps_obj,463,--none--
344,simpl_5random_time,0.009869813919067383,--none--
344,simpl_5random_obj,10616,--none--
344,simpl_gsifts_1p_time,0.1702098846435547,--none--
344,simpl_gsifts_1p_obj,600,--none--
344,simpl_gsifts_2p_time,0.3085503578186035,--none--
344,simpl_gsifts_2p_obj,480,--none--
344,simpl_gsifts_3p_time,0.4192545413970947,--none--
344,simpl_gsifts_3p_obj,442,--none--
344,orig_simpl_time,1.462975025177002,--none--
344,orig_simpl_obj,195,--none--
344,orig_gsifts1p_time,0.5419702529907227,--none--
344,orig_gsifts1p_obj,720,--none--
344,orig_bestAB_time,0.034989356994628906,--none--
344,orig_bestAB_obj,423,--none--
344,orig_5random_time,0.47937631607055664,--none--
344,orig_5random_obj,1802,--none--
345,simpl_opt_status,0,optimal
345,simpl_BB_time,0.9668314456939697,--none--
345,simpl_BB_obj,1595,--none--
345,simpl_minAB_time,0.00016736984252929688,--none--
345,simpl_minAB_obj,7982,--none--
345,simpl_gswaps_time,0.23965120315551758,--none--
345,simpl_gswaps_obj,3192,--none--
345,simpl_5random_time,0.0017039775848388672,--none--
345,simpl_5random_obj,11392,--none--
345,simpl_gsifts_1p_time,0.27750086784362793,--none--
345,simpl_gsifts_1p_obj,4447,--none--
345,simpl_gsifts_2p_time,0.373445987701416,--none--
345,simpl_gsifts_2p_obj,3141,--none--
345,simpl_gsifts_3p_time,0.22712397575378418,--none--
345,simpl_gsifts_3p_obj,2159,--none--
345,orig_simpl_time,0.9923639297485352,--none--
345,orig_simpl_obj,264,--none--
345,orig_gsifts1p_time,0.3163294792175293,--none--
345,orig_gsifts1p_obj,1125,--none--
345,orig_bestAB_time,0.07051658630371094,--none--
345,orig_bestAB_obj,1805,--none--
345,orig_5random_time,0.3184795379638672,--none--
345,orig_5random_obj,1950,--none--
346,simpl_opt_status,0,optimal
346,simpl_BB_time,0.8941621780395508,--none--
346,simpl_BB_obj,1217,--none--
346,simpl_minAB_time,0.00015664100646972656,--none--
346,simpl_minAB_obj,7964,--none--
346,simpl_gswaps_time,0.15111422538757324,--none--
346,simpl_gswaps_obj,6550,--none--
346,simpl_5random_time,0.0017430782318115234,--none--
346,simpl_5random_obj,4398,--none--
346,simpl_gsifts_1p_time,0.1490476131439209,--none--
346,simpl_gsifts_1p_obj,3092,--none--
346,simpl_gsifts_2p_time,0.4417455196380615,--none--
346,simpl_gsifts_2p_obj,2068,--none--
346,simpl_gsifts_3p_time,0.6531569957733154,--none--
346,simpl_gsifts_3p_obj,1567,--none--
346,orig_simpl_time,0.9389669895172119,--none--
346,orig_simpl_obj,266,--none--
346,orig_gsifts1p_time,0.34037041664123535,--none--
346,orig_gsifts1p_obj,712,--none--
346,orig_bestAB_time,0.05840611457824707,--none--
346,orig_bestAB_obj,1071,--none--
346,orig_5random_time,0.5633471012115479,--none--
346,orig_5random_obj,1340,--none--
347,simpl_opt_status,0,optimal
347,simpl_BB_time,2.049077272415161,--none--
347,simpl_BB_obj,1980,--none--
347,simpl_minAB_time,0.00017714500427246094,--none--
347,simpl_minAB_obj,9075,--none--
347,simpl_gswaps_time,0.012093067169189453,--none--
347,simpl_gswaps_obj,9075,--none--
347,simpl_5random_time,0.0016508102416992188,--none--
347,simpl_5random_obj,7498,--none--
347,simpl_gsifts_1p_time,0.1698007583618164,--none--
347,simpl_gsifts_1p_obj,5397,--none--
347,simpl_gsifts_2p_time,0.3419771194458008,--none--
347,simpl_gsifts_2p_obj,3633,--none--
347,simpl_gsifts_3p_time,0.5021450519561768,--none--
347,simpl_gsifts_3p_obj,2747,--none--
347,orig_simpl_time,2.1151254177093506,--none--
347,orig_simpl_obj,332,--none--
347,orig_gsifts1p_time,0.7604920864105225,--none--
347,orig_gsifts1p_obj,753,--none--
347,orig_bestAB_time,0.15912461280822754,--none--
347,orig_bestAB_obj,899,--none--
347,orig_5random_time,1.054975986480713,--none--
347,orig_5random_obj,2512,--none--
348,simpl_opt_status,0,optimal
348,simpl_BB_time,0.46088480949401855,--none--
348,simpl_BB_obj,1162,--none--
348,simpl_minAB_time,0.00017571449279785156,--none--
348,simpl_minAB_obj,4019,--none--
348,simpl_gswaps_time,0.3633153438568115,--none--
348,simpl_gswaps_obj,1162,--none--
348,simpl_5random_time,0.001659393310546875,--none--
348,simpl_5random_obj,3514,--none--
348,simpl_gsifts_1p_time,0.33461546897888184,--none--
348,simpl_gsifts_1p_obj,2427,--none--
348,simpl_gsifts_2p_time,0.5724735260009766,--none--
348,simpl_gsifts_2p_obj,1705,--none--
348,simpl_gsifts_3p_time,0.5541565418243408,--none--
348,simpl_gsifts_3p_obj,1328,--none--
348,orig_simpl_time,0.5319275856018066,--none--
348,orig_simpl_obj,285,--none--
348,orig_gsifts1p_time,0.6240897178649902,--none--
348,orig_gsifts1p_obj,929,--none--
348,orig_bestAB_time,0.11706423759460449,--none--
348,orig_bestAB_obj,1017,--none--
348,orig_5random_time,0.5233986377716064,--none--
348,orig_5random_obj,1582,--none--
349,simpl_opt_status,0,optimal
349,simpl_BB_time,1.0069012641906738,--none--
349,simpl_BB_obj,938,--none--
349,simpl_minAB_time,0.00020694732666015625,--none--
349,simpl_minAB_obj,8809,--none--
349,simpl_gswaps_time,0.08836197853088379,--none--
349,simpl_gswaps_obj,2595,--none--
349,simpl_5random_time,0.0017313957214355469,--none--
349,simpl_5random_obj,5152,--none--
349,simpl_gsifts_1p_time,0.20545244216918945,--none--
349,simpl_gsifts_1p_obj,3479,--none--
349,simpl_gsifts_2p_time,0.5253074169158936,--none--
349,simpl_gsifts_2p_obj,2383,--none--
349,simpl_gsifts_3p_time,0.42789721488952637,--none--
349,simpl_gsifts_3p_obj,1747,--none--
349,orig_simpl_time,1.0529048442840576,--none--
349,orig_simpl_obj,159,--none--
349,orig_gsifts1p_time,0.5822257995605469,--none--
349,orig_gsifts1p_obj,556,--none--
349,orig_bestAB_time,0.05578446388244629,--none--
349,orig_bestAB_obj,784,--none--
349,orig_5random_time,0.2911036014556885,--none--
349,orig_5random_obj,749,--none--
34,simpl_opt_status,0,optimal
34,simpl_BB_time,0.4453456401824951,--none--
34,simpl_BB_obj,999,--none--
34,simpl_minAB_time,0.00015735626220703125,--none--
34,simpl_minAB_obj,9438,--none--
34,simpl_gswaps_time,0.25479793548583984,--none--
34,simpl_gswaps_obj,1000,--none--
34,simpl_5random_time,0.0016186237335205078,--none--
34,simpl_5random_obj,11510,--none--
34,simpl_gsifts_1p_time,0.1741025447845459,--none--
34,simpl_gsifts_1p_obj,3560,--none--
34,simpl_gsifts_2p_time,0.33078622817993164,--none--
34,simpl_gsifts_2p_obj,2211,--none--
34,simpl_gsifts_3p_time,0.6892688274383545,--none--
34,simpl_gsifts_3p_obj,1529,--none--
34,orig_simpl_time,0.5217633247375488,--none--
34,orig_simpl_obj,268,--none--
34,orig_gsifts1p_time,1.2428739070892334,--none--
34,orig_gsifts1p_obj,1364,--none--
34,orig_bestAB_time,0.160905122756958,--none--
34,orig_bestAB_obj,1651,--none--
34,orig_5random_time,0.8104584217071533,--none--
34,orig_5random_obj,2487,--none--
350,simpl_opt_status,0,optimal
350,simpl_BB_time,0.9577999114990234,--none--
350,simpl_BB_obj,348,--none--
350,simpl_minAB_time,0.0001609325408935547,--none--
350,simpl_minAB_obj,1195,--none--
350,simpl_gswaps_time,0.025709152221679688,--none--
350,simpl_gswaps_obj,1176,--none--
350,simpl_5random_time,0.010071516036987305,--none--
350,simpl_5random_obj,9472,--none--
350,simpl_gsifts_1p_time,0.23401665687561035,--none--
350,simpl_gsifts_1p_obj,432,--none--
350,simpl_gsifts_2p_time,0.4014565944671631,--none--
350,simpl_gsifts_2p_obj,398,--none--
350,simpl_gsifts_3p_time,0.5475959777832031,--none--
350,simpl_gsifts_3p_obj,376,--none--
350,orig_simpl_time,0.9917664527893066,--none--
350,orig_simpl_obj,122,--none--
350,orig_gsifts1p_time,0.15818142890930176,--none--
350,orig_gsifts1p_obj,229,--none--
350,orig_bestAB_time,0.02477431297302246,--none--
350,orig_bestAB_obj,268,--none--
350,orig_5random_time,0.3124966621398926,--none--
350,orig_5random_obj,725,--none--
351,simpl_opt_status,0,optimal
351,simpl_BB_time,1.7137482166290283,--none--
351,simpl_BB_obj,624,--none--
351,simpl_minAB_time,0.0001671314239501953,--none--
351,simpl_minAB_obj,4636,--none--
351,simpl_gswaps_time,0.1500389575958252,--none--
351,simpl_gswaps_obj,4239,--none--
351,simpl_5random_time,0.0016438961029052734,--none--
351,simpl_5random_obj,5281,--none--
351,simpl_gsifts_1p_time,0.163665771484375,--none--
351,simpl_gsifts_1p_obj,1270,--none--
351,simpl_gsifts_2p_time,0.3231661319732666,--none--
351,simpl_gsifts_2p_obj,910,--none--
351,simpl_gsifts_3p_time,0.4941859245300293,--none--
351,simpl_gsifts_3p_obj,740,--none--
351,orig_simpl_time,1.7422752380371094,--none--
351,orig_simpl_obj,220,--none--
351,orig_gsifts1p_time,0.43116140365600586,--none--
351,orig_gsifts1p_obj,842,--none--
351,orig_bestAB_time,0.08099007606506348,--none--
351,orig_bestAB_obj,719,--none--
351,orig_5random_time,0.8936057090759277,--none--
351,orig_5random_obj,1154,--none--
352,simpl_opt_status,0,optimal
352,simpl_BB_time,0.8700144290924072,--none--
352,simpl_BB_obj,639,--none--
352,simpl_minAB_time,0.0001952648162841797,--none--
352,simpl_minAB_obj,998,--none--
352,simpl_gswaps_time,0.22384858131408691,--none--
352,simpl_gswaps_obj,670,--none--
352,simpl_5random_time,0.007451295852661133,--none--
352,simpl_5random_obj,4787,--none--
352,simpl_gsifts_1p_time,0.2397003173828125,--none--
352,simpl_gsifts_1p_obj,830,--none--
352,simpl_gsifts_2p_time,0.4055771827697754,--none--
352,simpl_gsifts_2p_obj,747,--none--
352,simpl_gsifts_3p_time,0.519158124923706,--none--
352,simpl_gsifts_3p_obj,700,--none--
352,orig_simpl_time,0.9219026565551758,--none--
352,orig_simpl_obj,264,--none--
352,orig_gsifts1p_time,0.45839905738830566,--none--
352,orig_gsifts1p_obj,477,--none--
352,orig_bestAB_time,0.03725481033325195,--none--
352,orig_bestAB_obj,557,--none--
352,orig_5random_time,0.33491039276123047,--none--
352,orig_5random_obj,1498,--none--
353,simpl_opt_status,0,optimal
353,simpl_BB_time,1.5112202167510986,--none--
353,simpl_BB_obj,999,--none--
353,simpl_minAB_time,0.00017881393432617188,--none--
353,simpl_minAB_obj,3451,--none--
353,simpl_gswaps_time,0.11098170280456543,--none--
353,simpl_gswaps_obj,1222,--none--
353,simpl_5random_time,0.009848356246948242,--none--
353,simpl_5random_obj,7078,--none--
353,simpl_gsifts_1p_time,0.13432765007019043,--none--
353,simpl_gsifts_1p_obj,1947,--none--
353,simpl_gsifts_2p_time,0.3267486095428467,--none--
353,simpl_gsifts_2p_obj,1623,--none--
353,simpl_gsifts_3p_time,0.4762117862701416,--none--
353,simpl_gsifts_3p_obj,1367,--none--
353,orig_simpl_time,1.548189401626587,--none--
353,orig_simpl_obj,277,--none--
353,orig_gsifts1p_time,0.44823169708251953,--none--
353,orig_gsifts1p_obj,432,--none--
353,orig_bestAB_time,0.06284570693969727,--none--
353,orig_bestAB_obj,523,--none--
353,orig_5random_time,0.6073324680328369,--none--
353,orig_5random_obj,1873,--none--
354,simpl_opt_status,0,optimal
354,simpl_BB_time,0.8008935451507568,--none--
354,simpl_BB_obj,1575,--none--
354,simpl_minAB_time,0.00016236305236816406,--none--
354,simpl_minAB_obj,16523,--none--
354,simpl_gswaps_time,0.05204272270202637,--none--
354,simpl_gswaps_obj,16515,--none--
354,simpl_5random_time,0.013800621032714844,--none--
354,simpl_5random_obj,9398,--none--
354,simpl_gsifts_1p_time,0.14435744285583496,--none--
354,simpl_gsifts_1p_obj,4199,--none--
354,simpl_gsifts_2p_time,0.32001304626464844,--none--
354,simpl_gsifts_2p_obj,2465,--none--
354,simpl_gsifts_3p_time,0.4878537654876709,--none--
354,simpl_gsifts_3p_obj,1655,--none--
354,orig_simpl_time,0.8548204898834229,--none--
354,orig_simpl_obj,239,--none--
354,orig_gsifts1p_time,0.6132602691650391,--none--
354,orig_gsifts1p_obj,1209,--none--
354,orig_bestAB_time,0.16958951950073242,--none--
354,orig_bestAB_obj,1297,--none--
354,orig_5random_time,0.5848605632781982,--none--
354,orig_5random_obj,1919,--none--
355,simpl_opt_status,0,optimal
355,simpl_BB_time,1.9490201473236084,--none--
355,simpl_BB_obj,649,--none--
355,simpl_minAB_time,0.0001621246337890625,--none--
355,simpl_minAB_obj,1837,--none--
355,simpl_gswaps_time,0.09105563163757324,--none--
355,simpl_gswaps_obj,1605,--none--
355,simpl_5random_time,0.0018041133880615234,--none--
355,simpl_5random_obj,13694,--none--
355,simpl_gsifts_1p_time,0.22811174392700195,--none--
355,simpl_gsifts_1p_obj,1264,--none--
355,simpl_gsifts_2p_time,0.4352691173553467,--none--
355,simpl_gsifts_2p_obj,1032,--none--
355,simpl_gsifts_3p_time,0.48396778106689453,--none--
355,simpl_gsifts_3p_obj,808,--none--
355,orig_simpl_time,1.983668565750122,--none--
355,orig_simpl_obj,158,--none--
355,orig_gsifts1p_time,0.2833075523376465,--none--
355,orig_gsifts1p_obj,408,--none--
355,orig_bestAB_time,0.04197192192077637,--none--
355,orig_bestAB_obj,565,--none--
355,orig_5random_time,0.20762419700622559,--none--
355,orig_5random_obj,552,--none--
356,simpl_opt_status,0,optimal
356,simpl_BB_time,2.050031900405884,--none--
356,simpl_BB_obj,586,--none--
356,simpl_minAB_time,0.0001742839813232422,--none--
356,simpl_minAB_obj,3099,--none--
356,simpl_gswaps_time,0.15326833724975586,--none--
356,simpl_gswaps_obj,1216,--none--
356,simpl_5random_time,0.0016715526580810547,--none--
356,simpl_5random_obj,4142,--none--
356,simpl_gsifts_1p_time,0.15807723999023438,--none--
356,simpl_gsifts_1p_obj,1428,--none--
356,simpl_gsifts_2p_time,0.29523205757141113,--none--
356,simpl_gsifts_2p_obj,834,--none--
356,simpl_gsifts_3p_time,0.4582247734069824,--none--
356,simpl_gsifts_3p_obj,644,--none--
356,orig_simpl_time,2.0632011890411377,--none--
356,orig_simpl_obj,161,--none--
356,orig_gsifts1p_time,0.19460630416870117,--none--
356,orig_gsifts1p_obj,419,--none--
356,orig_bestAB_time,0.04277801513671875,--none--
356,orig_bestAB_obj,452,--none--
356,orig_5random_time,0.1860520839691162,--none--
356,orig_5random_obj,667,--none--
357,simpl_opt_status,0,optimal
357,simpl_BB_time,0.4893670082092285,--none--
357,simpl_BB_obj,2043,--none--
357,simpl_minAB_time,0.0001697540283203125,--none--
357,simpl_minAB_obj,5828,--none--
357,simpl_gswaps_time,0.06971073150634766,--none--
357,simpl_gswaps_obj,2565,--none--
357,simpl_5random_time,0.0015375614166259766,--none--
357,simpl_5random_obj,5554,--none--
357,simpl_gsifts_1p_time,0.07724857330322266,--none--
357,simpl_gsifts_1p_obj,3017,--none--
357,simpl_gsifts_2p_time,0.15260744094848633,--none--
357,simpl_gsifts_2p_obj,2463,--none--
357,simpl_gsifts_3p_time,0.22989988327026367,--none--
357,simpl_gsifts_3p_obj,2243,--none--
357,orig_simpl_time,0.5174283981323242,--none--
357,orig_simpl_obj,308,--none--
357,orig_gsifts1p_time,0.9294576644897461,--none--
357,orig_gsifts1p_obj,1303,--none--
357,orig_bestAB_time,0.30533289909362793,--none--
357,orig_bestAB_obj,1486,--none--
357,orig_5random_time,1.111811876296997,--none--
357,orig_5random_obj,2506,--none--
358,simpl_opt_status,0,optimal
358,simpl_BB_time,1.2139217853546143,--none--
358,simpl_BB_obj,390,--none--
358,simpl_minAB_time,0.000171661376953125,--none--
358,simpl_minAB_obj,1353,--none--
358,simpl_gswaps_time,0.13486599922180176,--none--
358,simpl_gswaps_obj,415,--none--
358,simpl_5random_time,0.001630544662475586,--none--
358,simpl_5random_obj,20542,--none--
358,simpl_gsifts_1p_time,0.19968128204345703,--none--
358,simpl_gsifts_1p_obj,513,--none--
358,simpl_gsifts_2p_time,0.42475199699401855,--none--
358,simpl_gsifts_2p_obj,420,--none--
358,simpl_gsifts_3p_time,0.4720604419708252,--none--
358,simpl_gsifts_3p_obj,396,--none--
358,orig_simpl_time,1.2354354858398438,--none--
358,orig_simpl_obj,143,--none--
358,orig_gsifts1p_time,0.15117120742797852,--none--
358,orig_gsifts1p_obj,236,--none--
358,orig_bestAB_time,0.08268404006958008,--none--
358,orig_bestAB_obj,253,--none--
358,orig_5random_time,0.3955557346343994,--none--
358,orig_5random_obj,1387,--none--
359,simpl_opt_status,0,optimal
359,simpl_BB_time,1.1431729793548584,--none--
359,simpl_BB_obj,995,--none--
359,simpl_minAB_time,0.0001804828643798828,--none--
359,simpl_minAB_obj,4191,--none--
359,simpl_gswaps_time,0.2559623718261719,--none--
359,simpl_gswaps_obj,1132,--none--
359,simpl_5random_time,0.0020110607147216797,--none--
359,simpl_5random_obj,4153,--none--
359,simpl_gsifts_1p_time,0.2749154567718506,--none--
359,simpl_gsifts_1p_obj,2372,--none--
359,simpl_gsifts_2p_time,0.735252857208252,--none--
359,simpl_gsifts_2p_obj,1537,--none--
359,simpl_gsifts_3p_time,1.2434086799621582,--none--
359,simpl_gsifts_3p_obj,1013,--none--
359,orig_simpl_time,1.2146565914154053,--none--
359,orig_simpl_obj,189,--none--
359,orig_gsifts1p_time,0.6056582927703857,--none--
359,orig_gsifts1p_obj,620,--none--
359,orig_bestAB_time,0.1285240650177002,--none--
359,orig_bestAB_obj,728,--none--
359,orig_5random_time,0.7065708637237549,--none--
359,orig_5random_obj,1087,--none--
35,simpl_opt_status,0,optimal
35,simpl_BB_time,1.7053887844085693,--none--
35,simpl_BB_obj,700,--none--
35,simpl_minAB_time,0.0002791881561279297,--none--
35,simpl_minAB_obj,2474,--none--
35,simpl_gswaps_time,0.21001005172729492,--none--
35,simpl_gswaps_obj,742,--none--
35,simpl_5random_time,0.01145172119140625,--none--
35,simpl_5random_obj,7790,--none--
35,simpl_gsifts_1p_time,0.15905451774597168,--none--
35,simpl_gsifts_1p_obj,952,--none--
35,simpl_gsifts_2p_time,0.23287725448608398,--none--
35,simpl_gsifts_2p_obj,846,--none--
35,simpl_gsifts_3p_time,0.37694215774536133,--none--
35,simpl_gsifts_3p_obj,760,--none--
35,orig_simpl_time,1.7328383922576904,--none--
35,orig_simpl_obj,192,--none--
35,orig_gsifts1p_time,0.2582554817199707,--none--
35,orig_gsifts1p_obj,307,--none--
35,orig_bestAB_time,0.07903599739074707,--none--
35,orig_bestAB_obj,327,--none--
35,orig_5random_time,0.44051551818847656,--none--
35,orig_5random_obj,977,--none--
360,simpl_opt_status,0,optimal
360,simpl_BB_time,1.006056785583496,--none--
360,simpl_BB_obj,1157,--none--
360,simpl_minAB_time,0.0001761913299560547,--none--
360,simpl_minAB_obj,3106,--none--
360,simpl_gswaps_time,0.14199471473693848,--none--
360,simpl_gswaps_obj,1170,--none--
360,simpl_5random_time,0.0018334388732910156,--none--
360,simpl_5random_obj,13374,--none--
360,simpl_gsifts_1p_time,0.15648436546325684,--none--
360,simpl_gsifts_1p_obj,1791,--none--
360,simpl_gsifts_2p_time,0.3626086711883545,--none--
360,simpl_gsifts_2p_obj,1527,--none--
360,simpl_gsifts_3p_time,0.2987945079803467,--none--
360,simpl_gsifts_3p_obj,1170,--none--
360,orig_simpl_time,1.0595879554748535,--none--
360,orig_simpl_obj,286,--none--
360,orig_gsifts1p_time,1.354529619216919,--none--
360,orig_gsifts1p_obj,2544,--none--
360,orig_bestAB_time,0.12789058685302734,--none--
360,orig_bestAB_obj,1969,--none--
360,orig_5random_time,0.5807619094848633,--none--
360,orig_5random_obj,2572,--none--
361,simpl_opt_status,0,optimal
361,simpl_BB_time,1.1262123584747314,--none--
361,simpl_BB_obj,1016,--none--
361,simpl_minAB_time,0.0001590251922607422,--none--
361,simpl_minAB_obj,2265,--none--
361,simpl_gswaps_time,0.08170747756958008,--none--
361,simpl_gswaps_obj,2254,--none--
361,simpl_5random_time,0.0015952587127685547,--none--
361,simpl_5random_obj,2758,--none--
361,simpl_gsifts_1p_time,0.22652292251586914,--none--
361,simpl_gsifts_1p_obj,1408,--none--
361,simpl_gsifts_2p_time,0.18175172805786133,--none--
361,simpl_gsifts_2p_obj,1160,--none--
361,simpl_gsifts_3p_time,0.22396183013916016,--none--
361,simpl_gsifts_3p_obj,1027,--none--
361,orig_simpl_time,1.1428837776184082,--none--
361,orig_simpl_obj,231,--none--
361,orig_gsifts1p_time,0.12107968330383301,--none--
361,orig_gsifts1p_obj,291,--none--
361,orig_bestAB_time,0.04108715057373047,--none--
361,orig_bestAB_obj,291,--none--
361,orig_5random_time,0.8463518619537354,--none--
361,orig_5random_obj,2793,--none--
362,simpl_opt_status,0,optimal
362,simpl_BB_time,1.0198900699615479,--none--
362,simpl_BB_obj,635,--none--
362,simpl_minAB_time,0.00017333030700683594,--none--
362,simpl_minAB_obj,6778,--none--
362,simpl_gswaps_time,0.09534001350402832,--none--
362,simpl_gswaps_obj,1293,--none--
362,simpl_5random_time,0.006003618240356445,--none--
362,simpl_5random_obj,7582,--none--
362,simpl_gsifts_1p_time,0.19697809219360352,--none--
362,simpl_gsifts_1p_obj,3570,--none--
362,simpl_gsifts_2p_time,0.44847917556762695,--none--
362,simpl_gsifts_2p_obj,1949,--none--
362,simpl_gsifts_3p_time,0.4844017028808594,--none--
362,simpl_gsifts_3p_obj,1254,--none--
362,orig_simpl_time,1.0451688766479492,--none--
362,orig_simpl_obj,165,--none--
362,orig_gsifts1p_time,0.15864253044128418,--none--
362,orig_gsifts1p_obj,454,--none--
362,orig_bestAB_time,0.053434133529663086,--none--
362,orig_bestAB_obj,497,--none--
362,orig_5random_time,0.4747142791748047,--none--
362,orig_5random_obj,1037,--none--
363,simpl_opt_status,0,optimal
363,simpl_BB_time,0.7847561836242676,--none--
363,simpl_BB_obj,1652,--none--
363,simpl_minAB_time,0.00017452239990234375,--none--
363,simpl_minAB_obj,9489,--none--
363,simpl_gswaps_time,0.013535499572753906,--none--
363,simpl_gswaps_obj,9489,--none--
363,simpl_5random_time,0.002270936965942383,--none--
363,simpl_5random_obj,15646,--none--
363,simpl_gsifts_1p_time,0.1656336784362793,--none--
363,simpl_gsifts_1p_obj,5653,--none--
363,simpl_gsifts_2p_time,0.4663262367248535,--none--
363,simpl_gsifts_2p_obj,3883,--none--
363,simpl_gsifts_3p_time,0.542248010635376,--none--
363,simpl_gsifts_3p_obj,3031,--none--
363,orig_simpl_time,0.8470854759216309,--none--
363,orig_simpl_obj,286,--none--
363,orig_gsifts1p_time,1.1162962913513184,--none--
363,orig_gsifts1p_obj,2388,--none--
363,orig_bestAB_time,0.14582610130310059,--none--
363,orig_bestAB_obj,1972,--none--
363,orig_5random_time,1.036583662033081,--none--
363,orig_5random_obj,1551,--none--
364,simpl_opt_status,0,optimal
364,simpl_BB_time,1.4541802406311035,--none--
364,simpl_BB_obj,4037,--none--
364,simpl_minAB_time,0.0001518726348876953,--none--
364,simpl_minAB_obj,18373,--none--
364,simpl_gswaps_time,0.021625757217407227,--none--
364,simpl_gswaps_obj,8184,--none--
364,simpl_5random_time,0.0013806819915771484,--none--
364,simpl_5random_obj,13976,--none--
364,simpl_gsifts_1p_time,0.06500864028930664,--none--
364,simpl_gsifts_1p_obj,10025,--none--
364,simpl_gsifts_2p_time,0.26848554611206055,--none--
364,simpl_gsifts_2p_obj,6677,--none--
364,simpl_gsifts_3p_time,0.6020791530609131,--none--
364,simpl_gsifts_3p_obj,5141,--none--
364,orig_simpl_time,1.5814998149871826,--none--
364,orig_simpl_obj,417,--none--
364,orig_gsifts1p_time,1.5510203838348389,--none--
364,orig_gsifts1p_obj,2273,--none--
364,orig_bestAB_time,0.3085670471191406,--none--
364,orig_bestAB_obj,2477,--none--
364,orig_5random_time,1.0465967655181885,--none--
364,orig_5random_obj,3291,--none--
365,simpl_opt_status,0,optimal
365,simpl_BB_time,0.7000510692596436,--none--
365,simpl_BB_obj,552,--none--
365,simpl_minAB_time,0.0001888275146484375,--none--
365,simpl_minAB_obj,675,--none--
365,simpl_gswaps_time,0.12448596954345703,--none--
365,simpl_gswaps_obj,552,--none--
365,simpl_5random_time,0.0015964508056640625,--none--
365,simpl_5random_obj,4310,--none--
365,simpl_gsifts_1p_time,0.17046833038330078,--none--
365,simpl_gsifts_1p_obj,624,--none--
365,simpl_gsifts_2p_time,0.34557676315307617,--none--
365,simpl_gsifts_2p_obj,578,--none--
365,simpl_gsifts_3p_time,0.5213406085968018,--none--
365,simpl_gsifts_3p_obj,561,--none--
365,orig_simpl_time,0.7311661243438721,--none--
365,orig_simpl_obj,247,--none--
365,orig_gsifts1p_time,0.22365355491638184,--none--
365,orig_gsifts1p_obj,313,--none--
365,orig_bestAB_time,0.0467984676361084,--none--
365,orig_bestAB_obj,318,--none--
365,orig_5random_time,0.5536870956420898,--none--
365,orig_5random_obj,1059,--none--
366,simpl_opt_status,0,optimal
366,simpl_BB_time,2.6283018589019775,--none--
366,simpl_BB_obj,603,--none--
366,simpl_minAB_time,0.00017261505126953125,--none--
366,simpl_minAB_obj,1774,--none--
366,simpl_gswaps_time,0.3513453006744385,--none--
366,simpl_gswaps_obj,604,--none--
366,simpl_5random_time,0.0017392635345458984,--none--
366,simpl_5random_obj,9646,--none--
366,simpl_gsifts_1p_time,0.23591017723083496,--none--
366,simpl_gsifts_1p_obj,1045,--none--
366,simpl_gsifts_2p_time,0.36904144287109375,--none--
366,simpl_gsifts_2p_obj,693,--none--
366,simpl_gsifts_3p_time,0.5899190902709961,--none--
366,simpl_gsifts_3p_obj,640,--none--
366,orig_simpl_time,2.6631011962890625,--none--
366,orig_simpl_obj,194,--none--
366,orig_gsifts1p_time,0.7744030952453613,--none--
366,orig_gsifts1p_obj,671,--none--
366,orig_bestAB_time,0.1146843433380127,--none--
366,orig_bestAB_obj,239,--none--
366,orig_5random_time,0.3570420742034912,--none--
366,orig_5random_obj,1551,--none--
367,simpl_opt_status,0,optimal
367,simpl_BB_time,1.2800421714782715,--none--
367,simpl_BB_obj,667,--none--
367,simpl_minAB_time,0.0001742839813232422,--none--
367,simpl_minAB_obj,3273,--none--
367,simpl_gswaps_time,0.2390596866607666,--none--
367,simpl_gswaps_obj,749,--none--
367,simpl_5random_time,0.018641948699951172,--none--
367,simpl_5random_obj,2170,--none--
367,simpl_gsifts_1p_time,0.1970365047454834,--none--
367,simpl_gsifts_1p_obj,1755,--none--
367,simpl_gsifts_2p_time,0.3066248893737793,--none--
367,simpl_gsifts_2p_obj,1162,--none--
367,simpl_gsifts_3p_time,0.5249927043914795,--none--
367,simpl_gsifts_3p_obj,894,--none--
367,orig_simpl_time,1.3005974292755127,--none--
367,orig_simpl_obj,96,--none--
367,orig_gsifts1p_time,0.10361075401306152,--none--
367,orig_gsifts1p_obj,226,--none--
367,orig_bestAB_time,0.020926713943481445,--none--
367,orig_bestAB_obj,299,--none--
367,orig_5random_time,0.15587830543518066,--none--
367,orig_5random_obj,503,--none--
368,simpl_opt_status,0,optimal
368,simpl_BB_time,1.1104590892791748,--none--
368,simpl_BB_obj,816,--none--
368,simpl_minAB_time,0.00019240379333496094,--none--
368,simpl_minAB_obj,2498,--none--
368,simpl_gswaps_time,0.16077518463134766,--none--
368,simpl_gswaps_obj,2110,--none--
368,simpl_5random_time,0.018091917037963867,--none--
368,simpl_5random_obj,4042,--none--
368,simpl_gsifts_1p_time,0.2935161590576172,--none--
368,simpl_gsifts_1p_obj,1435,--none--
368,simpl_gsifts_2p_time,0.5481517314910889,--none--
368,simpl_gsifts_2p_obj,1129,--none--
368,simpl_gsifts_3p_time,0.6011133193969727,--none--
368,simpl_gsifts_3p_obj,942,--none--
368,orig_simpl_time,1.128779649734497,--none--
368,orig_simpl_obj,223,--none--
368,orig_gsifts1p_time,0.40782642364501953,--none--
368,orig_gsifts1p_obj,548,--none--
368,orig_bestAB_time,0.07762932777404785,--none--
368,orig_bestAB_obj,723,--none--
368,orig_5random_time,0.6981866359710693,--none--
368,orig_5random_obj,1805,--none--
369,simpl_opt_status,0,optimal
369,simpl_BB_time,1.1200902462005615,--none--
369,simpl_BB_obj,1415,--none--
369,simpl_minAB_time,0.00016832351684570312,--none--
369,simpl_minAB_obj,3879,--none--
369,simpl_gswaps_time,0.13769030570983887,--none--
369,simpl_gswaps_obj,3419,--none--
369,simpl_5random_time,0.0017726421356201172,--none--
369,simpl_5random_obj,5606,--none--
369,simpl_gsifts_1p_time,0.20489263534545898,--none--
369,simpl_gsifts_1p_obj,2577,--none--
369,simpl_gsifts_2p_time,0.35141706466674805,--none--
369,simpl_gsifts_2p_obj,1949,--none--
369,simpl_gsifts_3p_time,0.5196123123168945,--none--
369,simpl_gsifts_3p_obj,1655,--none--
369,orig_simpl_time,1.2031822204589844,--none--
369,orig_simpl_obj,271,--none--
369,orig_gsifts1p_time,0.5045962333679199,--none--
369,orig_gsifts1p_obj,712,--none--
369,orig_bestAB_time,0.1482841968536377,--none--
369,orig_bestAB_obj,871,--none--
369,orig_5random_time,0.8395531177520752,--none--
369,orig_5random_obj,2628,--none--
36,simpl_opt_status,0,optimal
36,simpl_BB_time,1.1438696384429932,--none--
36,simpl_BB_obj,1161,--none--
36,simpl_minAB_time,0.00016260147094726562,--none--
36,simpl_minAB_obj,6739,--none--
36,simpl_gswaps_time,0.1679830551147461,--none--
36,simpl_gswaps_obj,6259,--none--
36,simpl_5random_time,0.0073244571685791016,--none--
36,simpl_5random_obj,5394,--none--
36,simpl_gsifts_1p_time,0.21185708045959473,--none--
36,simpl_gsifts_1p_obj,2552,--none--
36,simpl_gsifts_2p_time,0.36591529846191406,--none--
36,simpl_gsifts_2p_obj,1899,--none--
36,simpl_gsifts_3p_time,0.5923209190368652,--none--
36,simpl_gsifts_3p_obj,1507,--none--
36,orig_simpl_time,1.1759207248687744,--none--
36,orig_simpl_obj,207,--none--
36,orig_gsifts1p_time,0.23122787475585938,--none--
36,orig_gsifts1p_obj,344,--none--
36,orig_bestAB_time,0.16944670677185059,--none--
36,orig_bestAB_obj,415,--none--
36,orig_5random_time,0.38916897773742676,--none--
36,orig_5random_obj,629,--none--
370,simpl_opt_status,0,optimal
370,simpl_BB_time,0.8041613101959229,--none--
370,simpl_BB_obj,1457,--none--
370,simpl_minAB_time,0.0001628398895263672,--none--
370,simpl_minAB_obj,8825,--none--
370,simpl_gswaps_time,0.024733543395996094,--none--
370,simpl_gswaps_obj,4683,--none--
370,simpl_5random_time,0.0015807151794433594,--none--
370,simpl_5random_obj,20822,--none--
370,simpl_gsifts_1p_time,0.14980792999267578,--none--
370,simpl_gsifts_1p_obj,4661,--none--
370,simpl_gsifts_2p_time,0.4769628047943115,--none--
370,simpl_gsifts_2p_obj,2792,--none--
370,simpl_gsifts_3p_time,0.7939770221710205,--none--
370,simpl_gsifts_3p_obj,2051,--none--
370,orig_simpl_time,0.8813624382019043,--none--
370,orig_simpl_obj,324,--none--
370,orig_gsifts1p_time,1.1141560077667236,--none--
370,orig_gsifts1p_obj,1129,--none--
370,orig_bestAB_time,0.14410710334777832,--none--
370,orig_bestAB_obj,1148,--none--
370,orig_5random_time,0.936293363571167,--none--
370,orig_5random_obj,2289,--none--
371,simpl_opt_status,0,optimal
371,simpl_BB_time,0.9102287292480469,--none--
371,simpl_BB_obj,3988,--none--
371,simpl_minAB_time,0.00015926361083984375,--none--
371,simpl_minAB_obj,13086,--none--
371,simpl_gswaps_time,0.005132198333740234,--none--
371,simpl_gswaps_obj,13086,--none--
371,simpl_5random_time,0.002943754196166992,--none--
371,simpl_5random_obj,11478,--none--
371,simpl_gsifts_1p_time,0.11749053001403809,--none--
371,simpl_gsifts_1p_obj,7675,--none--
371,simpl_gsifts_2p_time,0.48269152641296387,--none--
371,simpl_gsifts_2p_obj,5435,--none--
371,simpl_gsifts_3p_time,0.549079179763794,--none--
371,simpl_gsifts_3p_obj,4603,--none--
371,orig_simpl_time,0.9810364246368408,--none--
371,orig_simpl_obj,324,--none--
371,orig_gsifts1p_time,1.37941312789917,--none--
371,orig_gsifts1p_obj,1552,--none--
371,orig_bestAB_time,0.24623751640319824,--none--
371,orig_bestAB_obj,2204,--none--
371,orig_5random_time,1.0982720851898193,--none--
371,orig_5random_obj,3964,--none--
372,simpl_opt_status,0,optimal
372,simpl_BB_time,0.4757382869720459,--none--
372,simpl_BB_obj,1096,--none--
372,simpl_minAB_time,0.0012805461883544922,--none--
372,simpl_minAB_obj,2932,--none--
372,simpl_gswaps_time,0.17101001739501953,--none--
372,simpl_gswaps_obj,1099,--none--
372,simpl_5random_time,0.0023767948150634766,--none--
372,simpl_5random_obj,14350,--none--
372,simpl_gsifts_1p_time,0.18913912773132324,--none--
372,simpl_gsifts_1p_obj,1455,--none--
372,simpl_gsifts_2p_time,0.5633113384246826,--none--
372,simpl_gsifts_2p_obj,1213,--none--
372,simpl_gsifts_3p_time,0.9916846752166748,--none--
372,simpl_gsifts_3p_obj,1160,--none--
372,orig_simpl_time,0.5462722778320312,--none--
372,orig_simpl_obj,335,--none--
372,orig_gsifts1p_time,0.8700847625732422,--none--
372,orig_gsifts1p_obj,715,--none--
372,orig_bestAB_time,0.0858008861541748,--none--
372,orig_bestAB_obj,737,--none--
372,orig_5random_time,0.9060056209564209,--none--
372,orig_5random_obj,2473,--none--
373,simpl_opt_status,0,optimal
373,simpl_BB_time,0.7742295265197754,--none--
373,simpl_BB_obj,1287,--none--
373,simpl_minAB_time,0.00016355514526367188,--none--
373,simpl_minAB_obj,16588,--none--
373,simpl_gswaps_time,0.0304718017578125,--none--
373,simpl_gswaps_obj,11510,--none--
373,simpl_5random_time,0.0034737586975097656,--none--
373,simpl_5random_obj,19446,--none--
373,simpl_gsifts_1p_time,0.3579444885253906,--none--
373,simpl_gsifts_1p_obj,8728,--none--
373,simpl_gsifts_2p_time,0.47200465202331543,--none--
373,simpl_gsifts_2p_obj,4838,--none--
373,simpl_gsifts_3p_time,0.6844518184661865,--none--
373,simpl_gsifts_3p_obj,2959,--none--
373,orig_simpl_time,0.8400943279266357,--none--
373,orig_simpl_obj,291,--none--
373,orig_gsifts1p_time,1.612673282623291,--none--
373,orig_gsifts1p_obj,3239,--none--
373,orig_bestAB_time,0.22060513496398926,--none--
373,orig_bestAB_obj,1386,--none--
373,orig_5random_time,0.971116304397583,--none--
373,orig_5random_obj,2309,--none--
