instance,num_type,value,comment
429,simpl_opt_status,0,optimal
429,simpl_BB_time,0.7735762596130371,--none--
429,simpl_BB_obj,1230,--none--
429,simpl_toA_time,7.534027099609375e-05,--none--
429,simpl_toA_obj,32874,--none--
429,simpl_toB_time,7.486343383789062e-05,--none--
429,simpl_toB_obj,7137,--none--
429,simpl_minAB_time,0.00013756752014160156,--none--
429,simpl_minAB_obj,7137,--none--
429,simpl_gswaps_time,0.019339323043823242,--none--
429,simpl_gswaps_obj,6436,--none--
429,simpl_gsifts_1p_time,0.1371161937713623,--none--
429,simpl_gsifts_1p_obj,3398,--none--
429,simpl_gsifts_2p_time,0.26868629455566406,--none--
429,simpl_gsifts_2p_obj,2328,--none--
429,orig_simpl_time,0.8062217235565186,--none--
429,orig_simpl_obj,269,--none--
429,orig_gsifts1p_time,0.5896890163421631,--none--
429,orig_gsifts1p_obj,1344,--none--
429,orig_bestAB_time,0.0665283203125,--none--
429,orig_bestAB_obj,1351,--none--
429,orig_5random_time,0.25644969940185547,--none--
429,orig_5random_obj,1743,--none--
42,simpl_opt_status,0,optimal
42,simpl_BB_time,0.3418130874633789,--none--
42,simpl_BB_obj,1094,--none--
42,simpl_toA_time,8.320808410644531e-05,--none--
42,simpl_toA_obj,4423,--none--
42,simpl_toB_time,8.273124694824219e-05,--none--
42,simpl_toB_obj,6611,--none--
42,simpl_minAB_time,0.00015306472778320312,--none--
42,simpl_minAB_obj,4423,--none--
42,simpl_gswaps_time,0.039171457290649414,--none--
42,simpl_gswaps_obj,3061,--none--
42,simpl_gsifts_1p_time,0.10221624374389648,--none--
42,simpl_gsifts_1p_obj,2646,--none--
42,simpl_gsifts_2p_time,0.1977224349975586,--none--
42,simpl_gsifts_2p_obj,1326,--none--
42,orig_simpl_time,0.3628859519958496,--none--
42,orig_simpl_obj,239,--none--
42,orig_gsifts1p_time,0.34981584548950195,--none--
42,orig_gsifts1p_obj,931,--none--
42,orig_bestAB_time,0.06755828857421875,--none--
42,orig_bestAB_obj,1316,--none--
42,orig_5random_time,0.3513922691345215,--none--
42,orig_5random_obj,2069,--none--
430,simpl_opt_status,0,optimal
430,simpl_BB_time,0.7596230506896973,--none--
430,simpl_BB_obj,1071,--none--
430,simpl_toA_time,9.34600830078125e-05,--none--
430,simpl_toA_obj,3308,--none--
430,simpl_toB_time,8.845329284667969e-05,--none--
430,simpl_toB_obj,16653,--none--
430,simpl_minAB_time,0.00016450881958007812,--none--
430,simpl_minAB_obj,3308,--none--
430,simpl_gswaps_time,0.09307694435119629,--none--
430,simpl_gswaps_obj,2045,--none--
430,simpl_gsifts_1p_time,0.08910131454467773,--none--
430,simpl_gsifts_1p_obj,2334,--none--
430,simpl_gsifts_2p_time,0.18059420585632324,--none--
430,simpl_gsifts_2p_obj,1753,--none--
430,orig_simpl_time,0.7903518676757812,--none--
430,orig_simpl_obj,411,--none--
430,orig_gsifts1p_time,0.3287696838378906,--none--
430,orig_gsifts1p_obj,730,--none--
430,orig_bestAB_time,0.0440821647644043,--none--
430,orig_bestAB_obj,963,--none--
430,orig_5random_time,0.33379673957824707,--none--
430,orig_5random_obj,2569,--none--
431,simpl_opt_status,0,optimal
431,simpl_BB_time,0.29871702194213867,--none--
431,simpl_BB_obj,843,--none--
431,simpl_toA_time,8.0108642578125e-05,--none--
431,simpl_toA_obj,16494,--none--
431,simpl_toB_time,8.606910705566406e-05,--none--
431,simpl_toB_obj,2808,--none--
431,simpl_minAB_time,0.0001533031463623047,--none--
431,simpl_minAB_obj,2808,--none--
431,simpl_gswaps_time,0.0668478012084961,--none--
431,simpl_gswaps_obj,1487,--none--
431,simpl_gsifts_1p_time,0.08566546440124512,--none--
431,simpl_gsifts_1p_obj,1536,--none--
431,simpl_gsifts_2p_time,0.18174171447753906,--none--
431,simpl_gsifts_2p_obj,1068,--none--
431,orig_simpl_time,0.3154444694519043,--none--
431,orig_simpl_obj,218,--none--
431,orig_gsifts1p_time,0.2617013454437256,--none--
431,orig_gsifts1p_obj,860,--none--
431,orig_bestAB_time,0.03724408149719238,--none--
431,orig_bestAB_obj,831,--none--
431,orig_5random_time,0.2170093059539795,--none--
431,orig_5random_obj,1591,--none--
432,simpl_opt_status,0,optimal
432,simpl_BB_time,0.9977889060974121,--none--
432,simpl_BB_obj,1231,--none--
432,simpl_toA_time,9.441375732421875e-05,--none--
432,simpl_toA_obj,7405,--none--
432,simpl_toB_time,8.678436279296875e-05,--none--
432,simpl_toB_obj,4864,--none--
432,simpl_minAB_time,0.0001633167266845703,--none--
432,simpl_minAB_obj,4864,--none--
432,simpl_gswaps_time,0.1060631275177002,--none--
432,simpl_gswaps_obj,1623,--none--
432,simpl_gsifts_1p_time,0.0776834487915039,--none--
432,simpl_gsifts_1p_obj,3388,--none--
432,simpl_gsifts_2p_time,0.14834070205688477,--none--
432,simpl_gsifts_2p_obj,2272,--none--
432,orig_simpl_time,1.0194768905639648,--none--
432,orig_simpl_obj,247,--none--
432,orig_gsifts1p_time,0.2546403408050537,--none--
432,orig_gsifts1p_obj,991,--none--
432,orig_bestAB_time,0.045282602310180664,--none--
432,orig_bestAB_obj,1137,--none--
432,orig_5random_time,0.32607460021972656,--none--
432,orig_5random_obj,1394,--none--
433,simpl_opt_status,0,optimal
433,simpl_BB_time,0.2543771266937256,--none--
433,simpl_BB_obj,1283,--none--
433,simpl_toA_time,8.487701416015625e-05,--none--
433,simpl_toA_obj,8634,--none--
433,simpl_toB_time,8.296966552734375e-05,--none--
433,simpl_toB_obj,5396,--none--
433,simpl_minAB_time,0.00014972686767578125,--none--
433,simpl_minAB_obj,5396,--none--
433,simpl_gswaps_time,0.15188074111938477,--none--
433,simpl_gswaps_obj,4402,--none--
433,simpl_gsifts_1p_time,0.13753938674926758,--none--
433,simpl_gsifts_1p_obj,3309,--none--
433,simpl_gsifts_2p_time,0.25006818771362305,--none--
433,simpl_gsifts_2p_obj,2255,--none--
433,orig_simpl_time,0.2762773036956787,--none--
433,orig_simpl_obj,240,--none--
433,orig_gsifts1p_time,0.20903491973876953,--none--
433,orig_gsifts1p_obj,538,--none--
433,orig_bestAB_time,0.04753470420837402,--none--
433,orig_bestAB_obj,1302,--none--
433,orig_5random_time,0.3193972110748291,--none--
433,orig_5random_obj,1237,--none--
434,simpl_opt_status,0,optimal
434,simpl_BB_time,1.5441479682922363,--none--
434,simpl_BB_obj,1093,--none--
434,simpl_toA_time,9.965896606445312e-05,--none--
434,simpl_toA_obj,4852,--none--
434,simpl_toB_time,8.273124694824219e-05,--none--
434,simpl_toB_obj,5797,--none--
434,simpl_minAB_time,0.0001595020294189453,--none--
434,simpl_minAB_obj,4852,--none--
434,simpl_gswaps_time,0.06389951705932617,--none--
434,simpl_gswaps_obj,4349,--none--
434,simpl_gsifts_1p_time,0.08832883834838867,--none--
434,simpl_gsifts_1p_obj,2901,--none--
434,simpl_gsifts_2p_time,0.1637282371520996,--none--
434,simpl_gsifts_2p_obj,1858,--none--
434,orig_simpl_time,1.555124282836914,--none--
434,orig_simpl_obj,123,--none--
434,orig_gsifts1p_time,0.22179460525512695,--none--
434,orig_gsifts1p_obj,845,--none--
434,orig_bestAB_time,0.05566525459289551,--none--
434,orig_bestAB_obj,135,--none--
434,orig_5random_time,0.16637659072875977,--none--
434,orig_5random_obj,456,--none--
435,simpl_opt_status,0,optimal
435,simpl_BB_time,0.4024178981781006,--none--
435,simpl_BB_obj,2040,--none--
435,simpl_toA_time,7.62939453125e-05,--none--
435,simpl_toA_obj,32904,--none--
435,simpl_toB_time,7.295608520507812e-05,--none--
435,simpl_toB_obj,32993,--none--
435,simpl_minAB_time,0.00013136863708496094,--none--
435,simpl_minAB_obj,32904,--none--
435,simpl_gswaps_time,0.006200075149536133,--none--
435,simpl_gswaps_obj,32904,--none--
435,simpl_gsifts_1p_time,0.0872344970703125,--none--
435,simpl_gsifts_1p_obj,6677,--none--
435,simpl_gsifts_2p_time,0.19135165214538574,--none--
435,simpl_gsifts_2p_obj,3981,--none--
435,orig_simpl_time,0.43817639350891113,--none--
435,orig_simpl_obj,363,--none--
435,orig_gsifts1p_time,0.49681973457336426,--none--
435,orig_gsifts1p_obj,1131,--none--
435,orig_bestAB_time,0.09716010093688965,--none--
435,orig_bestAB_obj,1509,--none--
435,orig_5random_time,0.5027859210968018,--none--
435,orig_5random_obj,3122,--none--
436,simpl_opt_status,0,optimal
436,simpl_BB_time,0.37259531021118164,--none--
436,simpl_BB_obj,1559,--none--
436,simpl_toA_time,9.202957153320312e-05,--none--
436,simpl_toA_obj,5463,--none--
436,simpl_toB_time,8.869171142578125e-05,--none--
436,simpl_toB_obj,4465,--none--
436,simpl_minAB_time,0.00017070770263671875,--none--
436,simpl_minAB_obj,4465,--none--
436,simpl_gswaps_time,0.1222829818725586,--none--
436,simpl_gswaps_obj,1561,--none--
436,simpl_gsifts_1p_time,0.09235906600952148,--none--
436,simpl_gsifts_1p_obj,2908,--none--
436,simpl_gsifts_2p_time,0.19756436347961426,--none--
436,simpl_gsifts_2p_obj,2295,--none--
436,orig_simpl_time,0.39946436882019043,--none--
436,orig_simpl_obj,330,--none--
436,orig_gsifts1p_time,0.3482391834259033,--none--
436,orig_gsifts1p_obj,1261,--none--
436,orig_bestAB_time,0.04791545867919922,--none--
436,orig_bestAB_obj,1195,--none--
436,orig_5random_time,0.31984925270080566,--none--
436,orig_5random_obj,1925,--none--
437,simpl_opt_status,0,optimal
437,simpl_BB_time,0.9513118267059326,--none--
437,simpl_BB_obj,393,--none--
437,simpl_toA_time,8.344650268554688e-05,--none--
437,simpl_toA_obj,32817,--none--
437,simpl_toB_time,9.250640869140625e-05,--none--
437,simpl_toB_obj,4367,--none--
437,simpl_minAB_time,0.00016307830810546875,--none--
437,simpl_minAB_obj,4367,--none--
437,simpl_gswaps_time,0.1138770580291748,--none--
437,simpl_gswaps_obj,531,--none--
437,simpl_gsifts_1p_time,0.08725452423095703,--none--
437,simpl_gsifts_1p_obj,932,--none--
437,simpl_gsifts_2p_time,0.1688549518585205,--none--
437,simpl_gsifts_2p_obj,558,--none--
437,orig_simpl_time,0.9597771167755127,--none--
437,orig_simpl_obj,98,--none--
437,orig_gsifts1p_time,0.03133678436279297,--none--
437,orig_gsifts1p_obj,139,--none--
437,orig_bestAB_time,0.009632587432861328,--none--
437,orig_bestAB_obj,157,--none--
437,orig_5random_time,0.06699013710021973,--none--
437,orig_5random_obj,297,--none--
438,simpl_opt_status,0,optimal
438,simpl_BB_time,1.1460211277008057,--none--
438,simpl_BB_obj,635,--none--
438,simpl_toA_time,9.274482727050781e-05,--none--
438,simpl_toA_obj,10775,--none--
438,simpl_toB_time,7.605552673339844e-05,--none--
438,simpl_toB_obj,32837,--none--
438,simpl_minAB_time,0.0001480579376220703,--none--
438,simpl_minAB_obj,10775,--none--
438,simpl_gswaps_time,0.09706354141235352,--none--
438,simpl_gswaps_obj,8246,--none--
438,simpl_gsifts_1p_time,0.08266139030456543,--none--
438,simpl_gsifts_1p_obj,5739,--none--
438,simpl_gsifts_2p_time,0.16739463806152344,--none--
438,simpl_gsifts_2p_obj,3210,--none--
438,orig_simpl_time,1.1567144393920898,--none--
438,orig_simpl_obj,94,--none--
438,orig_gsifts1p_time,0.10964155197143555,--none--
438,orig_gsifts1p_obj,318,--none--
438,orig_bestAB_time,0.07786059379577637,--none--
438,orig_bestAB_obj,127,--none--
438,orig_5random_time,0.09360194206237793,--none--
438,orig_5random_obj,350,--none--
439,simpl_opt_status,0,optimal
439,simpl_BB_time,0.5282711982727051,--none--
439,simpl_BB_obj,525,--none--
439,simpl_toA_time,9.226799011230469e-05,--none--
439,simpl_toA_obj,2580,--none--
439,simpl_toB_time,8.559226989746094e-05,--none--
439,simpl_toB_obj,836,--none--
439,simpl_minAB_time,0.00016069412231445312,--none--
439,simpl_minAB_obj,836,--none--
439,simpl_gswaps_time,0.08386635780334473,--none--
439,simpl_gswaps_obj,525,--none--
439,simpl_gsifts_1p_time,0.07647919654846191,--none--
439,simpl_gsifts_1p_obj,600,--none--
439,simpl_gsifts_2p_time,0.16107797622680664,--none--
439,simpl_gsifts_2p_obj,562,--none--
439,orig_simpl_time,0.5486288070678711,--none--
439,orig_simpl_obj,218,--none--
439,orig_gsifts1p_time,0.16372370719909668,--none--
439,orig_gsifts1p_obj,510,--none--
439,orig_bestAB_time,0.01817178726196289,--none--
439,orig_bestAB_obj,254,--none--
439,orig_5random_time,0.19604825973510742,--none--
439,orig_5random_obj,1057,--none--
43,simpl_opt_status,0,optimal
43,simpl_BB_time,1.4941611289978027,--none--
43,simpl_BB_obj,753,--none--
43,simpl_toA_time,9.059906005859375e-05,--none--
43,simpl_toA_obj,9198,--none--
43,simpl_toB_time,8.7738037109375e-05,--none--
43,simpl_toB_obj,4595,--none--
43,simpl_minAB_time,0.0001552104949951172,--none--
43,simpl_minAB_obj,4595,--none--
43,simpl_gswaps_time,0.052282094955444336,--none--
43,simpl_gswaps_obj,908,--none--
43,simpl_gsifts_1p_time,0.08294868469238281,--none--
43,simpl_gsifts_1p_obj,1177,--none--
43,simpl_gsifts_2p_time,0.1640481948852539,--none--
43,simpl_gsifts_2p_obj,1050,--none--
43,orig_simpl_time,1.5091989040374756,--none--
43,orig_simpl_obj,171,--none--
43,orig_gsifts1p_time,0.10903048515319824,--none--
43,orig_gsifts1p_obj,380,--none--
43,orig_bestAB_time,0.02789020538330078,--none--
43,orig_bestAB_obj,420,--none--
43,orig_5random_time,0.2718014717102051,--none--
43,orig_5random_obj,1142,--none--
440,simpl_opt_status,0,optimal
440,simpl_BB_time,0.4099400043487549,--none--
440,simpl_BB_obj,1676,--none--
440,simpl_toA_time,8.96453857421875e-05,--none--
440,simpl_toA_obj,32951,--none--
440,simpl_toB_time,8.416175842285156e-05,--none--
440,simpl_toB_obj,12513,--none--
440,simpl_minAB_time,0.00015282630920410156,--none--
440,simpl_minAB_obj,12513,--none--
440,simpl_gswaps_time,0.03570866584777832,--none--
440,simpl_gswaps_obj,12503,--none--
440,simpl_gsifts_1p_time,0.0919351577758789,--none--
440,simpl_gsifts_1p_obj,4867,--none--
440,simpl_gsifts_2p_time,0.18320631980895996,--none--
440,simpl_gsifts_2p_obj,3257,--none--
440,orig_simpl_time,0.4464452266693115,--none--
440,orig_simpl_obj,362,--none--
440,orig_gsifts1p_time,0.6501972675323486,--none--
440,orig_gsifts1p_obj,2051,--none--
440,orig_bestAB_time,0.09444022178649902,--none--
440,orig_bestAB_obj,1932,--none--
440,orig_5random_time,0.4415123462677002,--none--
440,orig_5random_obj,1788,--none--
441,simpl_opt_status,0,optimal
441,simpl_BB_time,1.0675230026245117,--none--
441,simpl_BB_obj,3275,--none--
441,simpl_toA_time,9.775161743164062e-05,--none--
441,simpl_toA_obj,7905,--none--
441,simpl_toB_time,8.559226989746094e-05,--none--
441,simpl_toB_obj,11494,--none--
441,simpl_minAB_time,0.0001678466796875,--none--
441,simpl_minAB_obj,7905,--none--
441,simpl_gswaps_time,0.021306753158569336,--none--
441,simpl_gswaps_obj,5381,--none--
441,simpl_gsifts_1p_time,0.0848393440246582,--none--
441,simpl_gsifts_1p_obj,5089,--none--
441,simpl_gsifts_2p_time,0.16589593887329102,--none--
441,simpl_gsifts_2p_obj,4156,--none--
441,orig_simpl_time,1.109161615371704,--none--
441,orig_simpl_obj,329,--none--
441,orig_gsifts1p_time,0.4971029758453369,--none--
441,orig_gsifts1p_obj,1916,--none--
441,orig_bestAB_time,0.12096214294433594,--none--
441,orig_bestAB_obj,1015,--none--
441,orig_5random_time,0.448016881942749,--none--
441,orig_5random_obj,2480,--none--
442,simpl_opt_status,0,optimal
442,simpl_BB_time,0.5028080940246582,--none--
442,simpl_BB_obj,1187,--none--
442,simpl_toA_time,9.012222290039062e-05,--none--
442,simpl_toA_obj,16614,--none--
442,simpl_toB_time,7.534027099609375e-05,--none--
442,simpl_toB_obj,32814,--none--
442,simpl_minAB_time,0.00015091896057128906,--none--
442,simpl_minAB_obj,16614,--none--
442,simpl_gswaps_time,0.11027812957763672,--none--
442,simpl_gswaps_obj,1242,--none--
442,simpl_gsifts_1p_time,0.08207964897155762,--none--
442,simpl_gsifts_1p_obj,3528,--none--
442,simpl_gsifts_2p_time,0.16489768028259277,--none--
442,simpl_gsifts_2p_obj,2500,--none--
442,orig_simpl_time,0.5193517208099365,--none--
442,orig_simpl_obj,150,--none--
442,orig_gsifts1p_time,0.10566020011901855,--none--
442,orig_gsifts1p_obj,369,--none--
442,orig_bestAB_time,0.043424367904663086,--none--
442,orig_bestAB_obj,589,--none--
442,orig_5random_time,0.1387920379638672,--none--
442,orig_5random_obj,922,--none--
443,simpl_opt_status,0,optimal
443,simpl_BB_time,1.1476562023162842,--none--
443,simpl_BB_obj,1830,--none--
443,simpl_toA_time,8.726119995117188e-05,--none--
443,simpl_toA_obj,7774,--none--
443,simpl_toB_time,7.62939453125e-05,--none--
443,simpl_toB_obj,32892,--none--
443,simpl_minAB_time,0.000148773193359375,--none--
443,simpl_minAB_obj,7774,--none--
443,simpl_gswaps_time,0.09351468086242676,--none--
443,simpl_gswaps_obj,4545,--none--
443,simpl_gsifts_1p_time,0.12810230255126953,--none--
443,simpl_gsifts_1p_obj,4857,--none--
443,simpl_gsifts_2p_time,0.2757749557495117,--none--
443,simpl_gsifts_2p_obj,3299,--none--
443,orig_simpl_time,1.1974854469299316,--none--
443,orig_simpl_obj,220,--none--
443,orig_gsifts1p_time,0.33807897567749023,--none--
443,orig_gsifts1p_obj,1042,--none--
443,orig_bestAB_time,0.06481814384460449,--none--
443,orig_bestAB_obj,1197,--none--
443,orig_5random_time,0.5202124118804932,--none--
443,orig_5random_obj,1807,--none--
444,simpl_opt_status,0,optimal
444,simpl_BB_time,1.6072437763214111,--none--
444,simpl_BB_obj,785,--none--
444,simpl_toA_time,0.00010800361633300781,--none--
444,simpl_toA_obj,5428,--none--
444,simpl_toB_time,9.393692016601562e-05,--none--
444,simpl_toB_obj,8694,--none--
444,simpl_minAB_time,0.00017523765563964844,--none--
444,simpl_minAB_obj,5428,--none--
444,simpl_gswaps_time,0.10129523277282715,--none--
444,simpl_gswaps_obj,4312,--none--
444,simpl_gsifts_1p_time,0.0886831283569336,--none--
444,simpl_gsifts_1p_obj,3360,--none--
444,simpl_gsifts_2p_time,0.21030688285827637,--none--
444,simpl_gsifts_2p_obj,2096,--none--
444,orig_simpl_time,1.6256475448608398,--none--
444,orig_simpl_obj,188,--none--
444,orig_gsifts1p_time,0.11768937110900879,--none--
444,orig_gsifts1p_obj,412,--none--
444,orig_bestAB_time,0.03705549240112305,--none--
444,orig_bestAB_obj,480,--none--
444,orig_5random_time,0.19759774208068848,--none--
444,orig_5random_obj,1303,--none--
445,simpl_opt_status,0,optimal
445,simpl_BB_time,0.17449474334716797,--none--
445,simpl_BB_obj,3245,--none--
445,simpl_toA_time,9.083747863769531e-05,--none--
445,simpl_toA_obj,11696,--none--
445,simpl_toB_time,9.012222290039062e-05,--none--
445,simpl_toB_obj,5022,--none--
445,simpl_minAB_time,0.00016736984252929688,--none--
445,simpl_minAB_obj,5022,--none--
445,simpl_gswaps_time,0.061478376388549805,--none--
445,simpl_gswaps_obj,3405,--none--
445,simpl_gsifts_1p_time,0.08539795875549316,--none--
445,simpl_gsifts_1p_obj,3850,--none--
445,simpl_gsifts_2p_time,0.17273855209350586,--none--
445,simpl_gsifts_2p_obj,3530,--none--
445,orig_simpl_time,0.23728322982788086,--none--
445,orig_simpl_obj,304,--none--
445,orig_gsifts1p_time,0.41281938552856445,--none--
445,orig_gsifts1p_obj,1191,--none--
445,orig_bestAB_time,0.08954644203186035,--none--
445,orig_bestAB_obj,1426,--none--
445,orig_5random_time,0.4814789295196533,--none--
445,orig_5random_obj,2818,--none--
446,simpl_opt_status,0,optimal
446,simpl_BB_time,0.6366510391235352,--none--
446,simpl_BB_obj,852,--none--
446,simpl_toA_time,9.202957153320312e-05,--none--
446,simpl_toA_obj,2648,--none--
446,simpl_toB_time,6.985664367675781e-05,--none--
446,simpl_toB_obj,16966,--none--
446,simpl_minAB_time,0.00014591217041015625,--none--
446,simpl_minAB_obj,2648,--none--
446,simpl_gswaps_time,0.08973050117492676,--none--
446,simpl_gswaps_obj,926,--none--
446,simpl_gsifts_1p_time,0.09250617027282715,--none--
446,simpl_gsifts_1p_obj,1520,--none--
446,simpl_gsifts_2p_time,0.17345380783081055,--none--
446,simpl_gsifts_2p_obj,1220,--none--
446,orig_simpl_time,0.6560275554656982,--none--
446,orig_simpl_obj,192,--none--
446,orig_gsifts1p_time,0.102447509765625,--none--
446,orig_gsifts1p_obj,401,--none--
446,orig_bestAB_time,0.042865753173828125,--none--
446,orig_bestAB_obj,439,--none--
446,orig_5random_time,0.22599530220031738,--none--
446,orig_5random_obj,803,--none--
447,simpl_opt_status,0,optimal
447,simpl_BB_time,0.7933192253112793,--none--
447,simpl_BB_obj,2025,--none--
447,simpl_toA_time,9.799003601074219e-05,--none--
447,simpl_toA_obj,4052,--none--
447,simpl_toB_time,8.296966552734375e-05,--none--
447,simpl_toB_obj,14510,--none--
447,simpl_minAB_time,0.0001647472381591797,--none--
447,simpl_minAB_obj,4052,--none--
447,simpl_gswaps_time,0.08719921112060547,--none--
447,simpl_gswaps_obj,2043,--none--
447,simpl_gsifts_1p_time,0.07883334159851074,--none--
447,simpl_gsifts_1p_obj,2762,--none--
447,simpl_gsifts_2p_time,0.1573798656463623,--none--
447,simpl_gsifts_2p_obj,2213,--none--
447,orig_simpl_time,0.8215014934539795,--none--
447,orig_simpl_obj,316,--none--
447,orig_gsifts1p_time,0.34092116355895996,--none--
447,orig_gsifts1p_obj,1170,--none--
447,orig_bestAB_time,0.12453722953796387,--none--
447,orig_bestAB_obj,1978,--none--
447,orig_5random_time,0.3482637405395508,--none--
447,orig_5random_obj,2700,--none--
448,simpl_opt_status,0,optimal
448,simpl_BB_time,0.5143423080444336,--none--
448,simpl_BB_obj,695,--none--
448,simpl_toA_time,8.296966552734375e-05,--none--
448,simpl_toA_obj,1988,--none--
448,simpl_toB_time,8.749961853027344e-05,--none--
448,simpl_toB_obj,7250,--none--
448,simpl_minAB_time,0.00017595291137695312,--none--
448,simpl_minAB_obj,1988,--none--
448,simpl_gswaps_time,0.05123567581176758,--none--
448,simpl_gswaps_obj,1322,--none--
448,simpl_gsifts_1p_time,0.08258914947509766,--none--
448,simpl_gsifts_1p_obj,1344,--none--
448,simpl_gsifts_2p_time,0.15453195571899414,--none--
448,simpl_gsifts_2p_obj,992,--none--
448,orig_simpl_time,0.5275249481201172,--none--
448,orig_simpl_obj,191,--none--
448,orig_gsifts1p_time,0.1023256778717041,--none--
448,orig_gsifts1p_obj,286,--none--
448,orig_bestAB_time,0.03325319290161133,--none--
448,orig_bestAB_obj,299,--none--
448,orig_5random_time,0.24616003036499023,--none--
448,orig_5random_obj,1358,--none--
449,simpl_opt_status,0,optimal
449,simpl_BB_time,0.9471642971038818,--none--
449,simpl_BB_obj,525,--none--
449,simpl_toA_time,8.916854858398438e-05,--none--
449,simpl_toA_obj,2621,--none--
449,simpl_toB_time,8.7738037109375e-05,--none--
449,simpl_toB_obj,1202,--none--
449,simpl_minAB_time,0.00015735626220703125,--none--
449,simpl_minAB_obj,1202,--none--
449,simpl_gswaps_time,0.1031334400177002,--none--
449,simpl_gswaps_obj,671,--none--
449,simpl_gsifts_1p_time,0.10035061836242676,--none--
449,simpl_gsifts_1p_obj,805,--none--
449,simpl_gsifts_2p_time,0.24105262756347656,--none--
449,simpl_gsifts_2p_obj,545,--none--
449,orig_simpl_time,0.9564495086669922,--none--
449,orig_simpl_obj,108,--none--
449,orig_gsifts1p_time,0.051039934158325195,--none--
449,orig_gsifts1p_obj,219,--none--
449,orig_bestAB_time,0.012462377548217773,--none--
449,orig_bestAB_obj,265,--none--
449,orig_5random_time,0.11498689651489258,--none--
449,orig_5random_obj,315,--none--
44,simpl_opt_status,0,optimal
44,simpl_BB_time,0.5597341060638428,--none--
44,simpl_BB_obj,956,--none--
44,simpl_toA_time,9.512901306152344e-05,--none--
44,simpl_toA_obj,4136,--none--
44,simpl_toB_time,9.036064147949219e-05,--none--
44,simpl_toB_obj,10439,--none--
44,simpl_minAB_time,0.00016379356384277344,--none--
44,simpl_minAB_obj,4136,--none--
44,simpl_gswaps_time,0.10008764266967773,--none--
44,simpl_gswaps_obj,1617,--none--
44,simpl_gsifts_1p_time,0.07822465896606445,--none--
44,simpl_gsifts_1p_obj,2097,--none--
44,simpl_gsifts_2p_time,0.18192481994628906,--none--
44,simpl_gsifts_2p_obj,1436,--none--
44,orig_simpl_time,0.5863595008850098,--none--
44,orig_simpl_obj,239,--none--
44,orig_gsifts1p_time,0.24393105506896973,--none--
44,orig_gsifts1p_obj,445,--none--
44,orig_bestAB_time,0.03532123565673828,--none--
44,orig_bestAB_obj,387,--none--
44,orig_5random_time,0.25528454780578613,--none--
44,orig_5random_obj,1906,--none--
450,simpl_opt_status,0,optimal
450,simpl_BB_time,0.26608753204345703,--none--
450,simpl_BB_obj,1667,--none--
450,simpl_toA_time,8.416175842285156e-05,--none--
450,simpl_toA_obj,8938,--none--
450,simpl_toB_time,7.867813110351562e-05,--none--
450,simpl_toB_obj,11357,--none--
450,simpl_minAB_time,0.00015592575073242188,--none--
450,simpl_minAB_obj,8938,--none--
450,simpl_gswaps_time,0.06900525093078613,--none--
450,simpl_gswaps_obj,2278,--none--
450,simpl_gsifts_1p_time,0.08243083953857422,--none--
450,simpl_gsifts_1p_obj,4073,--none--
450,simpl_gsifts_2p_time,0.16703033447265625,--none--
450,simpl_gsifts_2p_obj,2497,--none--
450,orig_simpl_time,0.29212379455566406,--none--
450,orig_simpl_obj,233,--none--
450,orig_gsifts1p_time,0.3784358501434326,--none--
450,orig_gsifts1p_obj,1408,--none--
450,orig_bestAB_time,0.12139773368835449,--none--
450,orig_bestAB_obj,1841,--none--
450,orig_5random_time,0.3255150318145752,--none--
450,orig_5random_obj,1892,--none--
451,simpl_opt_status,0,optimal
451,simpl_BB_time,1.0542747974395752,--none--
451,simpl_BB_obj,545,--none--
451,simpl_toA_time,9.1552734375e-05,--none--
451,simpl_toA_obj,2334,--none--
451,simpl_toB_time,7.62939453125e-05,--none--
451,simpl_toB_obj,5988,--none--
451,simpl_minAB_time,0.00014448165893554688,--none--
451,simpl_minAB_obj,2334,--none--
451,simpl_gswaps_time,0.08373498916625977,--none--
451,simpl_gswaps_obj,2149,--none--
451,simpl_gsifts_1p_time,0.08330297470092773,--none--
451,simpl_gsifts_1p_obj,1197,--none--
451,simpl_gsifts_2p_time,0.16822552680969238,--none--
451,simpl_gsifts_2p_obj,879,--none--
451,orig_simpl_time,1.0664279460906982,--none--
451,orig_simpl_obj,148,--none--
451,orig_gsifts1p_time,0.09235382080078125,--none--
451,orig_gsifts1p_obj,361,--none--
451,orig_bestAB_time,0.016528606414794922,--none--
451,orig_bestAB_obj,416,--none--
451,orig_5random_time,0.10812759399414062,--none--
451,orig_5random_obj,530,--none--
452,simpl_opt_status,0,optimal
452,simpl_BB_time,1.2396738529205322,--none--
452,simpl_BB_obj,548,--none--
452,simpl_toA_time,8.273124694824219e-05,--none--
452,simpl_toA_obj,8320,--none--
452,simpl_toB_time,7.963180541992188e-05,--none--
452,simpl_toB_obj,4569,--none--
452,simpl_minAB_time,0.0001442432403564453,--none--
452,simpl_minAB_obj,4569,--none--
452,simpl_gswaps_time,0.0298306941986084,--none--
452,simpl_gswaps_obj,2343,--none--
452,simpl_gsifts_1p_time,0.07767748832702637,--none--
452,simpl_gsifts_1p_obj,2654,--none--
452,simpl_gsifts_2p_time,0.155320405960083,--none--
452,simpl_gsifts_2p_obj,1700,--none--
452,orig_simpl_time,1.249763011932373,--none--
452,orig_simpl_obj,121,--none--
452,orig_gsifts1p_time,0.04604792594909668,--none--
452,orig_gsifts1p_obj,142,--none--
452,orig_bestAB_time,0.023204326629638672,--none--
452,orig_bestAB_obj,144,--none--
452,orig_5random_time,0.1314537525177002,--none--
452,orig_5random_obj,759,--none--
453,simpl_opt_status,0,optimal
453,simpl_BB_time,0.26992249488830566,--none--
453,simpl_BB_obj,1679,--none--
453,simpl_toA_time,9.1552734375e-05,--none--
453,simpl_toA_obj,13104,--none--
453,simpl_toB_time,8.320808410644531e-05,--none--
453,simpl_toB_obj,5195,--none--
453,simpl_minAB_time,0.0001628398895263672,--none--
453,simpl_minAB_obj,5195,--none--
453,simpl_gswaps_time,0.07704401016235352,--none--
453,simpl_gswaps_obj,4435,--none--
453,simpl_gsifts_1p_time,0.08239507675170898,--none--
453,simpl_gsifts_1p_obj,3427,--none--
453,simpl_gsifts_2p_time,0.16233086585998535,--none--
453,simpl_gsifts_2p_obj,2657,--none--
453,orig_simpl_time,0.3553922176361084,--none--
453,orig_simpl_obj,253,--none--
453,orig_gsifts1p_time,0.4278550148010254,--none--
453,orig_gsifts1p_obj,821,--none--
453,orig_bestAB_time,0.09612584114074707,--none--
453,orig_bestAB_obj,448,--none--
453,orig_5random_time,0.2869439125061035,--none--
453,orig_5random_obj,1943,--none--
454,simpl_opt_status,0,optimal
454,simpl_BB_time,0.6248445510864258,--none--
454,simpl_BB_obj,1635,--none--
454,simpl_toA_time,8.535385131835938e-05,--none--
454,simpl_toA_obj,10449,--none--
454,simpl_toB_time,8.797645568847656e-05,--none--
454,simpl_toB_obj,4701,--none--
454,simpl_minAB_time,0.00015783309936523438,--none--
454,simpl_minAB_obj,4701,--none--
454,simpl_gswaps_time,0.02068471908569336,--none--
454,simpl_gswaps_obj,3214,--none--
454,simpl_gsifts_1p_time,0.08051705360412598,--none--
454,simpl_gsifts_1p_obj,3172,--none--
454,simpl_gsifts_2p_time,0.20343780517578125,--none--
454,simpl_gsifts_2p_obj,2560,--none--
454,orig_simpl_time,0.6495368480682373,--none--
454,orig_simpl_obj,272,--none--
454,orig_gsifts1p_time,0.23140621185302734,--none--
454,orig_gsifts1p_obj,539,--none--
454,orig_bestAB_time,0.05301833152770996,--none--
454,orig_bestAB_obj,593,--none--
454,orig_5random_time,0.5640091896057129,--none--
454,orig_5random_obj,2317,--none--
455,simpl_opt_status,0,optimal
455,simpl_BB_time,0.8773665428161621,--none--
455,simpl_BB_obj,1500,--none--
455,simpl_toA_time,8.368492126464844e-05,--none--
455,simpl_toA_obj,16675,--none--
455,simpl_toB_time,8.797645568847656e-05,--none--
455,simpl_toB_obj,16481,--none--
455,simpl_minAB_time,0.00015997886657714844,--none--
455,simpl_minAB_obj,16481,--none--
455,simpl_gswaps_time,0.005001068115234375,--none--
455,simpl_gswaps_obj,16481,--none--
455,simpl_gsifts_1p_time,0.07927894592285156,--none--
455,simpl_gsifts_1p_obj,8735,--none--
455,simpl_gsifts_2p_time,0.15630555152893066,--none--
455,simpl_gsifts_2p_obj,4972,--none--
455,orig_simpl_time,0.9183158874511719,--none--
455,orig_simpl_obj,350,--none--
455,orig_gsifts1p_time,0.3040733337402344,--none--
455,orig_gsifts1p_obj,888,--none--
455,orig_bestAB_time,0.10515904426574707,--none--
455,orig_bestAB_obj,931,--none--
455,orig_5random_time,0.4540276527404785,--none--
455,orig_5random_obj,2918,--none--
456,simpl_opt_status,0,optimal
456,simpl_BB_time,0.19942736625671387,--none--
456,simpl_BB_obj,1045,--none--
456,simpl_toA_time,7.772445678710938e-05,--none--
456,simpl_toA_obj,32910,--none--
456,simpl_toB_time,8.320808410644531e-05,--none--
456,simpl_toB_obj,5990,--none--
456,simpl_minAB_time,0.0001475811004638672,--none--
456,simpl_minAB_obj,5990,--none--
456,simpl_gswaps_time,0.06603527069091797,--none--
456,simpl_gswaps_obj,3785,--none--
456,simpl_gsifts_1p_time,0.091339111328125,--none--
456,simpl_gsifts_1p_obj,3253,--none--
456,simpl_gsifts_2p_time,0.16784310340881348,--none--
456,simpl_gsifts_2p_obj,1951,--none--
456,orig_simpl_time,0.2194838523864746,--none--
456,orig_simpl_obj,212,--none--
456,orig_gsifts1p_time,0.26183152198791504,--none--
456,orig_gsifts1p_obj,769,--none--
456,orig_bestAB_time,0.03978323936462402,--none--
456,orig_bestAB_obj,800,--none--
456,orig_5random_time,0.2527940273284912,--none--
456,orig_5random_obj,1341,--none--
457,simpl_opt_status,0,optimal
457,simpl_BB_time,0.14787030220031738,--none--
457,simpl_BB_obj,529,--none--
457,simpl_toA_time,8.940696716308594e-05,--none--
457,simpl_toA_obj,1191,--none--
457,simpl_toB_time,8.416175842285156e-05,--none--
457,simpl_toB_obj,4267,--none--
457,simpl_minAB_time,0.00015926361083984375,--none--
457,simpl_minAB_obj,1191,--none--
457,simpl_gswaps_time,0.0405275821685791,--none--
457,simpl_gswaps_obj,529,--none--
457,simpl_gsifts_1p_time,0.08707523345947266,--none--
457,simpl_gsifts_1p_obj,534,--none--
457,simpl_gsifts_2p_time,0.176408052444458,--none--
457,simpl_gsifts_2p_obj,529,--none--
457,orig_simpl_time,0.16512656211853027,--none--
457,orig_simpl_obj,253,--none--
457,orig_gsifts1p_time,0.17951178550720215,--none--
457,orig_gsifts1p_obj,587,--none--
457,orig_bestAB_time,0.03572988510131836,--none--
457,orig_bestAB_obj,692,--none--
457,orig_5random_time,0.3627052307128906,--none--
457,orig_5random_obj,2647,--none--
458,simpl_opt_status,0,optimal
458,simpl_BB_time,0.30482959747314453,--none--
458,simpl_BB_obj,673,--none--
458,simpl_toA_time,9.465217590332031e-05,--none--
458,simpl_toA_obj,8304,--none--
458,simpl_toB_time,7.939338684082031e-05,--none--
458,simpl_toB_obj,9801,--none--
458,simpl_minAB_time,0.00015616416931152344,--none--
458,simpl_minAB_obj,8304,--none--
458,simpl_gswaps_time,0.07235383987426758,--none--
458,simpl_gswaps_obj,1273,--none--
458,simpl_gsifts_1p_time,0.08712220191955566,--none--
458,simpl_gsifts_1p_obj,3491,--none--
458,simpl_gsifts_2p_time,0.17116379737854004,--none--
458,simpl_gsifts_2p_obj,1945,--none--
458,orig_simpl_time,0.31864333152770996,--none--
458,orig_simpl_obj,131,--none--
458,orig_gsifts1p_time,0.19776058197021484,--none--
458,orig_gsifts1p_obj,526,--none--
458,orig_bestAB_time,0.028002023696899414,--none--
458,orig_bestAB_obj,294,--none--
458,orig_5random_time,0.1625380516052246,--none--
458,orig_5random_obj,909,--none--
459,simpl_opt_status,0,optimal
459,simpl_BB_time,0.6845436096191406,--none--
459,simpl_BB_obj,1341,--none--
459,simpl_toA_time,7.891654968261719e-05,--none--
459,simpl_toA_obj,9598,--none--
459,simpl_toB_time,7.82012939453125e-05,--none--
459,simpl_toB_obj,8866,--none--
459,simpl_minAB_time,0.00014781951904296875,--none--
459,simpl_minAB_obj,8866,--none--
459,simpl_gswaps_time,0.1107633113861084,--none--
459,simpl_gswaps_obj,1346,--none--
459,simpl_gsifts_1p_time,0.08345770835876465,--none--
459,simpl_gsifts_1p_obj,2845,--none--
459,simpl_gsifts_2p_time,0.15918731689453125,--none--
459,simpl_gsifts_2p_obj,1877,--none--
459,orig_simpl_time,0.7091512680053711,--none--
459,orig_simpl_obj,310,--none--
459,orig_gsifts1p_time,0.3095998764038086,--none--
459,orig_gsifts1p_obj,1507,--none--
459,orig_bestAB_time,0.05151057243347168,--none--
459,orig_bestAB_obj,1485,--none--
459,orig_5random_time,0.29295873641967773,--none--
459,orig_5random_obj,2264,--none--
45,simpl_opt_status,0,optimal
45,simpl_BB_time,0.5219640731811523,--none--
45,simpl_BB_obj,717,--none--
45,simpl_toA_time,9.870529174804688e-05,--none--
45,simpl_toA_obj,12412,--none--
45,simpl_toB_time,8.845329284667969e-05,--none--
45,simpl_toB_obj,1992,--none--
45,simpl_minAB_time,0.00016355514526367188,--none--
45,simpl_minAB_obj,1992,--none--
45,simpl_gswaps_time,0.026746511459350586,--none--
45,simpl_gswaps_obj,1968,--none--
45,simpl_gsifts_1p_time,0.08336591720581055,--none--
45,simpl_gsifts_1p_obj,1284,--none--
45,simpl_gsifts_2p_time,0.23284316062927246,--none--
45,simpl_gsifts_2p_obj,942,--none--
45,orig_simpl_time,0.5369312763214111,--none--
45,orig_simpl_obj,158,--none--
45,orig_gsifts1p_time,0.2251262664794922,--none--
45,orig_gsifts1p_obj,493,--none--
45,orig_bestAB_time,0.040364980697631836,--none--
45,orig_bestAB_obj,385,--none--
45,orig_5random_time,0.3414485454559326,--none--
45,orig_5random_obj,916,--none--
460,simpl_opt_status,0,optimal
460,simpl_BB_time,1.1357862949371338,--none--
460,simpl_BB_obj,583,--none--
460,simpl_toA_time,7.557868957519531e-05,--none--
460,simpl_toA_obj,32899,--none--
460,simpl_toB_time,8.153915405273438e-05,--none--
460,simpl_toB_obj,2164,--none--
460,simpl_minAB_time,0.000148773193359375,--none--
460,simpl_minAB_obj,2164,--none--
460,simpl_gswaps_time,0.06814408302307129,--none--
460,simpl_gswaps_obj,1947,--none--
460,simpl_gsifts_1p_time,0.14857888221740723,--none--
460,simpl_gsifts_1p_obj,938,--none--
460,simpl_gsifts_2p_time,0.29073333740234375,--none--
460,simpl_gsifts_2p_obj,794,--none--
460,orig_simpl_time,1.1604509353637695,--none--
460,orig_simpl_obj,161,--none--
460,orig_gsifts1p_time,0.1470198631286621,--none--
460,orig_gsifts1p_obj,191,--none--
460,orig_bestAB_time,0.015726804733276367,--none--
460,orig_bestAB_obj,191,--none--
460,orig_5random_time,0.21661710739135742,--none--
460,orig_5random_obj,1121,--none--
461,simpl_opt_status,0,optimal
461,simpl_BB_time,0.30141687393188477,--none--
461,simpl_BB_obj,2687,--none--
461,simpl_toA_time,9.012222290039062e-05,--none--
461,simpl_toA_obj,5719,--none--
461,simpl_toB_time,7.605552673339844e-05,--none--
461,simpl_toB_obj,32902,--none--
461,simpl_minAB_time,0.00015783309936523438,--none--
461,simpl_minAB_obj,5719,--none--
461,simpl_gswaps_time,0.03147578239440918,--none--
461,simpl_gswaps_obj,5699,--none--
461,simpl_gsifts_1p_time,0.09580802917480469,--none--
461,simpl_gsifts_1p_obj,4007,--none--
461,simpl_gsifts_2p_time,0.19892263412475586,--none--
461,simpl_gsifts_2p_obj,3239,--none--
461,orig_simpl_time,0.3412654399871826,--none--
461,orig_simpl_obj,383,--none--
461,orig_gsifts1p_time,0.42237353324890137,--none--
461,orig_gsifts1p_obj,1195,--none--
461,orig_bestAB_time,0.18407177925109863,--none--
461,orig_bestAB_obj,1210,--none--
461,orig_5random_time,0.6602284908294678,--none--
461,orig_5random_obj,4158,--none--
462,simpl_opt_status,0,optimal
462,simpl_BB_time,0.5274572372436523,--none--
462,simpl_BB_obj,1265,--none--
462,simpl_toA_time,8.988380432128906e-05,--none--
462,simpl_toA_obj,16772,--none--
462,simpl_toB_time,0.00011110305786132812,--none--
462,simpl_toB_obj,4471,--none--
462,simpl_minAB_time,0.0009508132934570312,--none--
462,simpl_minAB_obj,4471,--none--
462,simpl_gswaps_time,0.11703252792358398,--none--
462,simpl_gswaps_obj,1541,--none--
462,simpl_gsifts_1p_time,0.07980966567993164,--none--
462,simpl_gsifts_1p_obj,2949,--none--
462,simpl_gsifts_2p_time,0.16123008728027344,--none--
462,simpl_gsifts_2p_obj,1681,--none--
462,orig_simpl_time,0.5503489971160889,--none--
462,orig_simpl_obj,309,--none--
462,orig_gsifts1p_time,0.738943338394165,--none--
462,orig_gsifts1p_obj,2267,--none--
462,orig_bestAB_time,0.07982110977172852,--none--
462,orig_bestAB_obj,588,--none--
462,orig_5random_time,0.47689270973205566,--none--
462,orig_5random_obj,2439,--none--
463,simpl_opt_status,0,optimal
463,simpl_BB_time,0.5728979110717773,--none--
463,simpl_BB_obj,860,--none--
463,simpl_toA_time,9.894371032714844e-05,--none--
463,simpl_toA_obj,3650,--none--
463,simpl_toB_time,8.749961853027344e-05,--none--
463,simpl_toB_obj,8923,--none--
463,simpl_minAB_time,0.00016307830810546875,--none--
463,simpl_minAB_obj,3650,--none--
463,simpl_gswaps_time,0.10057711601257324,--none--
463,simpl_gswaps_obj,1061,--none--
463,simpl_gsifts_1p_time,0.1112971305847168,--none--
463,simpl_gsifts_1p_obj,1923,--none--
463,simpl_gsifts_2p_time,0.1667342185974121,--none--
463,simpl_gsifts_2p_obj,1345,--none--
463,orig_simpl_time,0.5899155139923096,--none--
463,orig_simpl_obj,215,--none--
463,orig_gsifts1p_time,0.2060539722442627,--none--
463,orig_gsifts1p_obj,489,--none--
463,orig_bestAB_time,0.04007697105407715,--none--
463,orig_bestAB_obj,707,--none--
463,orig_5random_time,0.2012348175048828,--none--
463,orig_5random_obj,1723,--none--
464,simpl_opt_status,0,optimal
464,simpl_BB_time,0.9325931072235107,--none--
464,simpl_BB_obj,835,--none--
464,simpl_toA_time,8.821487426757812e-05,--none--
464,simpl_toA_obj,2981,--none--
464,simpl_toB_time,8.797645568847656e-05,--none--
464,simpl_toB_obj,4396,--none--
464,simpl_minAB_time,0.0002560615539550781,--none--
464,simpl_minAB_obj,2981,--none--
464,simpl_gswaps_time,0.06419134140014648,--none--
464,simpl_gswaps_obj,1197,--none--
464,simpl_gsifts_1p_time,0.0847926139831543,--none--
464,simpl_gsifts_1p_obj,1318,--none--
464,simpl_gsifts_2p_time,0.16774606704711914,--none--
464,simpl_gsifts_2p_obj,958,--none--
464,orig_simpl_time,0.9521434307098389,--none--
464,orig_simpl_obj,267,--none--
464,orig_gsifts1p_time,0.23270297050476074,--none--
464,orig_gsifts1p_obj,573,--none--
464,orig_bestAB_time,0.09345316886901855,--none--
464,orig_bestAB_obj,1080,--none--
464,orig_5random_time,0.2318723201751709,--none--
464,orig_5random_obj,1551,--none--
465,simpl_opt_status,0,optimal
465,simpl_BB_time,0.463763952255249,--none--
465,simpl_BB_obj,609,--none--
465,simpl_toA_time,9.870529174804688e-05,--none--
465,simpl_toA_obj,4242,--none--
465,simpl_toB_time,8.797645568847656e-05,--none--
465,simpl_toB_obj,2668,--none--
465,simpl_minAB_time,0.00016760826110839844,--none--
465,simpl_minAB_obj,2668,--none--
465,simpl_gswaps_time,0.09306621551513672,--none--
465,simpl_gswaps_obj,609,--none--
465,simpl_gsifts_1p_time,0.08901572227478027,--none--
465,simpl_gsifts_1p_obj,1297,--none--
465,simpl_gsifts_2p_time,0.17066502571105957,--none--
465,simpl_gsifts_2p_obj,949,--none--
465,orig_simpl_time,0.48124074935913086,--none--
465,orig_simpl_obj,258,--none--
465,orig_gsifts1p_time,0.23255205154418945,--none--
465,orig_gsifts1p_obj,804,--none--
465,orig_bestAB_time,0.028689146041870117,--none--
465,orig_bestAB_obj,944,--none--
465,orig_5random_time,0.3432042598724365,--none--
465,orig_5random_obj,1830,--none--
466,simpl_opt_status,0,optimal
466,simpl_BB_time,0.8976314067840576,--none--
466,simpl_BB_obj,693,--none--
466,simpl_toA_time,8.463859558105469e-05,--none--
466,simpl_toA_obj,4960,--none--
466,simpl_toB_time,7.62939453125e-05,--none--
466,simpl_toB_obj,4939,--none--
466,simpl_minAB_time,0.00015473365783691406,--none--
466,simpl_minAB_obj,4939,--none--
466,simpl_gswaps_time,0.16946101188659668,--none--
466,simpl_gswaps_obj,1307,--none--
466,simpl_gsifts_1p_time,0.10969829559326172,--none--
466,simpl_gsifts_1p_obj,2422,--none--
466,simpl_gsifts_2p_time,0.16025757789611816,--none--
466,simpl_gsifts_2p_obj,1492,--none--
466,orig_simpl_time,0.9074554443359375,--none--
466,orig_simpl_obj,93,--none--
466,orig_gsifts1p_time,0.10840463638305664,--none--
466,orig_gsifts1p_obj,325,--none--
466,orig_bestAB_time,0.020733356475830078,--none--
466,orig_bestAB_obj,196,--none--
466,orig_5random_time,0.10331153869628906,--none--
466,orig_5random_obj,561,--none--
467,simpl_opt_status,0,optimal
467,simpl_BB_time,0.8797194957733154,--none--
467,simpl_BB_obj,1195,--none--
467,simpl_toA_time,8.988380432128906e-05,--none--
467,simpl_toA_obj,4454,--none--
467,simpl_toB_time,7.724761962890625e-05,--none--
467,simpl_toB_obj,13617,--none--
467,simpl_minAB_time,0.00014829635620117188,--none--
467,simpl_minAB_obj,4454,--none--
467,simpl_gswaps_time,0.10533714294433594,--none--
467,simpl_gswaps_obj,1197,--none--
467,simpl_gsifts_1p_time,0.07620573043823242,--none--
467,simpl_gsifts_1p_obj,2525,--none--
467,simpl_gsifts_2p_time,0.15549159049987793,--none--
467,simpl_gsifts_2p_obj,1517,--none--
467,orig_simpl_time,0.8950901031494141,--none--
467,orig_simpl_obj,151,--none--
467,orig_gsifts1p_time,0.10293889045715332,--none--
467,orig_gsifts1p_obj,395,--none--
467,orig_bestAB_time,0.04050874710083008,--none--
467,orig_bestAB_obj,447,--none--
467,orig_5random_time,0.19617629051208496,--none--
467,orig_5random_obj,1515,--none--
468,simpl_opt_status,0,optimal
468,simpl_BB_time,0.11354947090148926,--none--
468,simpl_BB_obj,372,--none--
468,simpl_toA_time,0.00010085105895996094,--none--
468,simpl_toA_obj,525,--none--
468,simpl_toB_time,8.630752563476562e-05,--none--
468,simpl_toB_obj,8302,--none--
468,simpl_minAB_time,0.00017547607421875,--none--
468,simpl_minAB_obj,525,--none--
468,simpl_gswaps_time,0.07921504974365234,--none--
468,simpl_gswaps_obj,372,--none--
468,simpl_gsifts_1p_time,0.08012127876281738,--none--
468,simpl_gsifts_1p_obj,456,--none--
468,simpl_gsifts_2p_time,0.1595170497894287,--none--
468,simpl_gsifts_2p_obj,429,--none--
468,orig_simpl_time,0.12750244140625,--none--
468,orig_simpl_obj,227,--none--
468,orig_gsifts1p_time,0.0949864387512207,--none--
468,orig_gsifts1p_obj,289,--none--
468,orig_bestAB_time,0.012628316879272461,--none--
468,orig_bestAB_obj,374,--none--
468,orig_5random_time,0.13343024253845215,--none--
468,orig_5random_obj,580,--none--
469,simpl_opt_status,0,optimal
469,simpl_BB_time,0.36536240577697754,--none--
469,simpl_BB_obj,1001,--none--
469,simpl_toA_time,9.298324584960938e-05,--none--
469,simpl_toA_obj,1526,--none--
469,simpl_toB_time,7.772445678710938e-05,--none--
469,simpl_toB_obj,24861,--none--
469,simpl_minAB_time,0.0001556873321533203,--none--
469,simpl_minAB_obj,1526,--none--
469,simpl_gswaps_time,0.010293722152709961,--none--
469,simpl_gswaps_obj,1470,--none--
469,simpl_gsifts_1p_time,0.07846283912658691,--none--
469,simpl_gsifts_1p_obj,1305,--none--
469,simpl_gsifts_2p_time,0.15647625923156738,--none--
469,simpl_gsifts_2p_obj,1143,--none--
469,orig_simpl_time,0.3887975215911865,--none--
469,orig_simpl_obj,353,--none--
469,orig_gsifts1p_time,0.27563953399658203,--none--
469,orig_gsifts1p_obj,742,--none--
469,orig_bestAB_time,0.039664268493652344,--none--
469,orig_bestAB_obj,970,--none--
469,orig_5random_time,0.4637601375579834,--none--
469,orig_5random_obj,3550,--none--
46,simpl_opt_status,0,optimal
46,simpl_BB_time,0.0992441177368164,--none--
46,simpl_BB_obj,740,--none--
46,simpl_toA_time,9.059906005859375e-05,--none--
46,simpl_toA_obj,8229,--none--
46,simpl_toB_time,8.940696716308594e-05,--none--
46,simpl_toB_obj,845,--none--
46,simpl_minAB_time,0.0001659393310546875,--none--
46,simpl_minAB_obj,845,--none--
46,simpl_gswaps_time,0.04748082160949707,--none--
46,simpl_gswaps_obj,741,--none--
46,simpl_gsifts_1p_time,0.08045363426208496,--none--
46,simpl_gsifts_1p_obj,750,--none--
46,simpl_gsifts_2p_time,0.16244173049926758,--none--
46,simpl_gsifts_2p_obj,744,--none--
46,orig_simpl_time,0.12227106094360352,--none--
46,orig_simpl_obj,388,--none--
46,orig_gsifts1p_time,0.3757927417755127,--none--
46,orig_gsifts1p_obj,1825,--none--
46,orig_bestAB_time,0.04709792137145996,--none--
46,orig_bestAB_obj,514,--none--
46,orig_5random_time,0.30794787406921387,--none--
46,orig_5random_obj,1628,--none--
470,simpl_opt_status,0,optimal
470,simpl_BB_time,0.4904954433441162,--none--
470,simpl_BB_obj,2159,--none--
470,simpl_toA_time,0.00010061264038085938,--none--
470,simpl_toA_obj,7361,--none--
470,simpl_toB_time,8.749961853027344e-05,--none--
470,simpl_toB_obj,11846,--none--
470,simpl_minAB_time,0.0001659393310546875,--none--
470,simpl_minAB_obj,7361,--none--
470,simpl_gswaps_time,0.0956881046295166,--none--
470,simpl_gswaps_obj,5048,--none--
470,simpl_gsifts_1p_time,0.09146332740783691,--none--
470,simpl_gsifts_1p_obj,4762,--none--
470,simpl_gsifts_2p_time,0.16750597953796387,--none--
470,simpl_gsifts_2p_obj,3492,--none--
470,orig_simpl_time,0.5307390689849854,--none--
470,orig_simpl_obj,425,--none--
470,orig_gsifts1p_time,0.7724442481994629,--none--
470,orig_gsifts1p_obj,1708,--none--
470,orig_bestAB_time,0.10023045539855957,--none--
470,orig_bestAB_obj,3176,--none--
470,orig_5random_time,0.5231001377105713,--none--
470,orig_5random_obj,3530,--none--
471,simpl_opt_status,0,optimal
471,simpl_BB_time,0.29506373405456543,--none--
471,simpl_BB_obj,616,--none--
471,simpl_toA_time,9.1552734375e-05,--none--
471,simpl_toA_obj,1677,--none--
471,simpl_toB_time,7.700920104980469e-05,--none--
471,simpl_toB_obj,7685,--none--
471,simpl_minAB_time,0.00015282630920410156,--none--
471,simpl_minAB_obj,1677,--none--
471,simpl_gswaps_time,0.06034231185913086,--none--
471,simpl_gswaps_obj,681,--none--
471,simpl_gsifts_1p_time,0.09313392639160156,--none--
471,simpl_gsifts_1p_obj,928,--none--
471,simpl_gsifts_2p_time,0.19397187232971191,--none--
471,simpl_gsifts_2p_obj,713,--none--
471,orig_simpl_time,0.31247591972351074,--none--
471,orig_simpl_obj,244,--none--
471,orig_gsifts1p_time,0.22141170501708984,--none--
471,orig_gsifts1p_obj,516,--none--
471,orig_bestAB_time,0.02877521514892578,--none--
471,orig_bestAB_obj,963,--none--
471,orig_5random_time,0.4144420623779297,--none--
471,orig_5random_obj,2701,--none--
472,simpl_opt_status,0,optimal
472,simpl_BB_time,0.48507261276245117,--none--
472,simpl_BB_obj,1301,--none--
472,simpl_toA_time,0.00011348724365234375,--none--
472,simpl_toA_obj,9847,--none--
472,simpl_toB_time,8.034706115722656e-05,--none--
472,simpl_toB_obj,16985,--none--
472,simpl_minAB_time,0.00017404556274414062,--none--
472,simpl_minAB_obj,9847,--none--
472,simpl_gswaps_time,0.08642148971557617,--none--
472,simpl_gswaps_obj,8383,--none--
472,simpl_gsifts_1p_time,0.08375144004821777,--none--
472,simpl_gsifts_1p_obj,4296,--none--
472,simpl_gsifts_2p_time,0.22684931755065918,--none--
472,simpl_gsifts_2p_obj,2672,--none--
472,orig_simpl_time,0.5076327323913574,--none--
472,orig_simpl_obj,210,--none--
472,orig_gsifts1p_time,0.2041478157043457,--none--
472,orig_gsifts1p_obj,736,--none--
472,orig_bestAB_time,0.05214643478393555,--none--
472,orig_bestAB_obj,957,--none--
472,orig_5random_time,0.15646910667419434,--none--
472,orig_5random_obj,1126,--none--
473,simpl_opt_status,0,optimal
473,simpl_BB_time,0.22223806381225586,--none--
473,simpl_BB_obj,2323,--none--
473,simpl_toA_time,9.965896606445312e-05,--none--
473,simpl_toA_obj,6393,--none--
473,simpl_toB_time,8.606910705566406e-05,--none--
473,simpl_toB_obj,17498,--none--
473,simpl_minAB_time,0.00017690658569335938,--none--
473,simpl_minAB_obj,6393,--none--
473,simpl_gswaps_time,0.015885591506958008,--none--
473,simpl_gswaps_obj,4664,--none--
473,simpl_gsifts_1p_time,0.08350086212158203,--none--
473,simpl_gsifts_1p_obj,4145,--none--
473,simpl_gsifts_2p_time,0.16686654090881348,--none--
473,simpl_gsifts_2p_obj,3050,--none--
473,orig_simpl_time,0.24997735023498535,--none--
473,orig_simpl_obj,199,--none--
473,orig_gsifts1p_time,0.3484489917755127,--none--
473,orig_gsifts1p_obj,1282,--none--
473,orig_bestAB_time,0.07700252532958984,--none--
473,orig_bestAB_obj,982,--none--
473,orig_5random_time,0.2658524513244629,--none--
473,orig_5random_obj,1416,--none--
474,simpl_opt_status,0,optimal
474,simpl_BB_time,0.3420226573944092,--none--
474,simpl_BB_obj,1212,--none--
474,simpl_toA_time,7.319450378417969e-05,--none--
474,simpl_toA_obj,32858,--none--
474,simpl_toB_time,8.654594421386719e-05,--none--
474,simpl_toB_obj,2120,--none--
474,simpl_minAB_time,0.00014710426330566406,--none--
474,simpl_minAB_obj,2120,--none--
474,simpl_gswaps_time,0.0208587646484375,--none--
474,simpl_gswaps_obj,1517,--none--
474,simpl_gsifts_1p_time,0.08053421974182129,--none--
474,simpl_gsifts_1p_obj,1710,--none--
474,simpl_gsifts_2p_time,0.2619016170501709,--none--
474,simpl_gsifts_2p_obj,1517,--none--
474,orig_simpl_time,0.3672168254852295,--none--
474,orig_simpl_obj,276,--none--
474,orig_gsifts1p_time,0.890383243560791,--none--
474,orig_gsifts1p_obj,2158,--none--
474,orig_bestAB_time,0.1767714023590088,--none--
474,orig_bestAB_obj,1189,--none--
474,orig_5random_time,0.6857926845550537,--none--
474,orig_5random_obj,2932,--none--
475,simpl_opt_status,0,optimal
475,simpl_BB_time,0.7860164642333984,--none--
475,simpl_BB_obj,1156,--none--
475,simpl_toA_time,8.726119995117188e-05,--none--
475,simpl_toA_obj,4058,--none--
475,simpl_toB_time,8.296966552734375e-05,--none--
475,simpl_toB_obj,16717,--none--
475,simpl_minAB_time,0.0001513957977294922,--none--
475,simpl_minAB_obj,4058,--none--
475,simpl_gswaps_time,0.08635258674621582,--none--
475,simpl_gswaps_obj,1163,--none--
475,simpl_gsifts_1p_time,0.07598161697387695,--none--
475,simpl_gsifts_1p_obj,2328,--none--
475,simpl_gsifts_2p_time,0.1515061855316162,--none--
475,simpl_gsifts_2p_obj,1664,--none--
475,orig_simpl_time,0.8080356121063232,--none--
475,orig_simpl_obj,137,--none--
475,orig_gsifts1p_time,0.16066408157348633,--none--
475,orig_gsifts1p_obj,414,--none--
475,orig_bestAB_time,0.03618025779724121,--none--
475,orig_bestAB_obj,499,--none--
475,orig_5random_time,0.13438892364501953,--none--
475,orig_5random_obj,928,--none--
476,simpl_opt_status,0,optimal
476,simpl_BB_time,1.011240005493164,--none--
476,simpl_BB_obj,1210,--none--
476,simpl_toA_time,8.606910705566406e-05,--none--
476,simpl_toA_obj,10526,--none--
476,simpl_toB_time,8.153915405273438e-05,--none--
476,simpl_toB_obj,7470,--none--
476,simpl_minAB_time,0.00014710426330566406,--none--
476,simpl_minAB_obj,7470,--none--
476,simpl_gswaps_time,0.06347894668579102,--none--
476,simpl_gswaps_obj,6380,--none--
476,simpl_gsifts_1p_time,0.09156441688537598,--none--
476,simpl_gsifts_1p_obj,4212,--none--
476,simpl_gsifts_2p_time,0.2055644989013672,--none--
476,simpl_gsifts_2p_obj,2628,--none--
476,orig_simpl_time,1.0333797931671143,--none--
476,orig_simpl_obj,222,--none--
476,orig_gsifts1p_time,0.2943394184112549,--none--
476,orig_gsifts1p_obj,870,--none--
476,orig_bestAB_time,0.04600930213928223,--none--
476,orig_bestAB_obj,1194,--none--
476,orig_5random_time,0.49844861030578613,--none--
476,orig_5random_obj,3349,--none--
477,simpl_opt_status,0,optimal
477,simpl_BB_time,0.60030198097229,--none--
477,simpl_BB_obj,578,--none--
477,simpl_toA_time,9.1552734375e-05,--none--
477,simpl_toA_obj,2832,--none--
477,simpl_toB_time,8.797645568847656e-05,--none--
477,simpl_toB_obj,16519,--none--
477,simpl_minAB_time,0.00020241737365722656,--none--
477,simpl_minAB_obj,2832,--none--
477,simpl_gswaps_time,0.021198749542236328,--none--
477,simpl_gswaps_obj,1768,--none--
477,simpl_gsifts_1p_time,0.08439421653747559,--none--
477,simpl_gsifts_1p_obj,1947,--none--
477,simpl_gsifts_2p_time,0.17852544784545898,--none--
477,simpl_gsifts_2p_obj,1325,--none--
477,orig_simpl_time,0.6231465339660645,--none--
477,orig_simpl_obj,209,--none--
477,orig_gsifts1p_time,0.20065975189208984,--none--
477,orig_gsifts1p_obj,434,--none--
477,orig_bestAB_time,0.03330826759338379,--none--
477,orig_bestAB_obj,407,--none--
477,orig_5random_time,0.2778136730194092,--none--
477,orig_5random_obj,849,--none--
478,simpl_opt_status,0,optimal
478,simpl_BB_time,0.4004368782043457,--none--
478,simpl_BB_obj,909,--none--
478,simpl_toA_time,0.00010800361633300781,--none--
478,simpl_toA_obj,1942,--none--
478,simpl_toB_time,9.417533874511719e-05,--none--
478,simpl_toB_obj,8341,--none--
478,simpl_minAB_time,0.0001709461212158203,--none--
478,simpl_minAB_obj,1942,--none--
478,simpl_gswaps_time,0.13045954704284668,--none--
478,simpl_gswaps_obj,911,--none--
478,simpl_gsifts_1p_time,0.08373427391052246,--none--
478,simpl_gsifts_1p_obj,1553,--none--
478,simpl_gsifts_2p_time,0.16147208213806152,--none--
478,simpl_gsifts_2p_obj,1260,--none--
478,orig_simpl_time,0.41651391983032227,--none--
478,orig_simpl_obj,189,--none--
478,orig_gsifts1p_time,0.10877799987792969,--none--
478,orig_gsifts1p_obj,359,--none--
478,orig_bestAB_time,0.05357789993286133,--none--
478,orig_bestAB_obj,449,--none--
478,orig_5random_time,0.2664215564727783,--none--
478,orig_5random_obj,1370,--none--
479,simpl_opt_status,0,optimal
479,simpl_BB_time,0.4589533805847168,--none--
479,simpl_BB_obj,1740,--none--
479,simpl_toA_time,8.916854858398438e-05,--none--
479,simpl_toA_obj,16639,--none--
479,simpl_toB_time,7.891654968261719e-05,--none--
479,simpl_toB_obj,19150,--none--
479,simpl_minAB_time,0.00016260147094726562,--none--
479,simpl_minAB_obj,16639,--none--
479,simpl_gswaps_time,0.10053491592407227,--none--
479,simpl_gswaps_obj,1744,--none--
479,simpl_gsifts_1p_time,0.0831143856048584,--none--
479,simpl_gsifts_1p_obj,2658,--none--
479,simpl_gsifts_2p_time,0.16546940803527832,--none--
479,simpl_gsifts_2p_obj,2162,--none--
479,orig_simpl_time,0.488264799118042,--none--
479,orig_simpl_obj,315,--none--
479,orig_gsifts1p_time,0.4624176025390625,--none--
479,orig_gsifts1p_obj,1720,--none--
479,orig_bestAB_time,0.1482529640197754,--none--
479,orig_bestAB_obj,1701,--none--
479,orig_5random_time,0.556403398513794,--none--
479,orig_5random_obj,2513,--none--
47,simpl_opt_status,0,optimal
47,simpl_BB_time,0.8986992835998535,--none--
47,simpl_BB_obj,1547,--none--
47,simpl_toA_time,9.322166442871094e-05,--none--
47,simpl_toA_obj,10084,--none--
47,simpl_toB_time,8.845329284667969e-05,--none--
47,simpl_toB_obj,4328,--none--
47,simpl_minAB_time,0.00015783309936523438,--none--
47,simpl_minAB_obj,4328,--none--
47,simpl_gswaps_time,0.08287286758422852,--none--
47,simpl_gswaps_obj,3249,--none--
47,simpl_gsifts_1p_time,0.07877206802368164,--none--
47,simpl_gsifts_1p_obj,2647,--none--
47,simpl_gsifts_2p_time,0.25011277198791504,--none--
47,simpl_gsifts_2p_obj,1937,--none--
47,orig_simpl_time,0.9231534004211426,--none--
47,orig_simpl_obj,198,--none--
47,orig_gsifts1p_time,0.21917200088500977,--none--
47,orig_gsifts1p_obj,603,--none--
47,orig_bestAB_time,0.06284236907958984,--none--
47,orig_bestAB_obj,761,--none--
47,orig_5random_time,0.3271913528442383,--none--
47,orig_5random_obj,1136,--none--
480,simpl_opt_status,0,optimal
480,simpl_BB_time,0.42937660217285156,--none--
480,simpl_BB_obj,1471,--none--
480,simpl_toA_time,7.748603820800781e-05,--none--
480,simpl_toA_obj,24720,--none--
480,simpl_toB_time,6.747245788574219e-05,--none--
480,simpl_toB_obj,33012,--none--
480,simpl_minAB_time,0.00012993812561035156,--none--
480,simpl_minAB_obj,24720,--none--
480,simpl_gswaps_time,0.045968055725097656,--none--
480,simpl_gswaps_obj,16653,--none--
480,simpl_gsifts_1p_time,0.08379316329956055,--none--
480,simpl_gsifts_1p_obj,12938,--none--
480,simpl_gsifts_2p_time,0.19600892066955566,--none--
480,simpl_gsifts_2p_obj,6977,--none--
480,orig_simpl_time,0.4750652313232422,--none--
480,orig_simpl_obj,390,--none--
480,orig_gsifts1p_time,0.6654903888702393,--none--
480,orig_gsifts1p_obj,2544,--none--
480,orig_bestAB_time,0.0635988712310791,--none--
480,orig_bestAB_obj,1480,--none--
480,orig_5random_time,0.367581844329834,--none--
480,orig_5random_obj,2172,--none--
481,simpl_opt_status,0,optimal
481,simpl_BB_time,0.5582280158996582,--none--
481,simpl_BB_obj,1749,--none--
481,simpl_toA_time,9.274482727050781e-05,--none--
481,simpl_toA_obj,10774,--none--
481,simpl_toB_time,0.0004470348358154297,--none--
481,simpl_toB_obj,33009,--none--
481,simpl_minAB_time,0.00015735626220703125,--none--
481,simpl_minAB_obj,10774,--none--
481,simpl_gswaps_time,0.08452367782592773,--none--
481,simpl_gswaps_obj,4560,--none--
481,simpl_gsifts_1p_time,0.07335472106933594,--none--
481,simpl_gsifts_1p_obj,5352,--none--
481,simpl_gsifts_2p_time,0.0840139389038086,--none--
481,simpl_gsifts_2p_obj,2794,--none--
481,orig_simpl_time,0.5747148990631104,--none--
481,orig_simpl_obj,393,--none--
481,orig_gsifts1p_time,0.24631977081298828,--none--
481,orig_gsifts1p_obj,1910,--none--
481,orig_bestAB_time,0.038951873779296875,--none--
481,orig_bestAB_obj,2227,--none--
481,orig_5random_time,0.2918052673339844,--none--
481,orig_5random_obj,3496,--none--
482,simpl_opt_status,0,optimal
482,simpl_BB_time,0.4175598621368408,--none--
482,simpl_BB_obj,770,--none--
482,simpl_toA_time,5.245208740234375e-05,--none--
482,simpl_toA_obj,5128,--none--
482,simpl_toB_time,4.482269287109375e-05,--none--
482,simpl_toB_obj,3092,--none--
482,simpl_minAB_time,8.487701416015625e-05,--none--
482,simpl_minAB_obj,3092,--none--
482,simpl_gswaps_time,0.03173422813415527,--none--
482,simpl_gswaps_obj,2343,--none--
482,simpl_gsifts_1p_time,0.04068636894226074,--none--
482,simpl_gsifts_1p_obj,1765,--none--
482,simpl_gsifts_2p_time,0.08290863037109375,--none--
482,simpl_gsifts_2p_obj,1050,--none--
482,orig_simpl_time,0.4237997531890869,--none--
482,orig_simpl_obj,158,--none--
482,orig_gsifts1p_time,0.09751391410827637,--none--
482,orig_gsifts1p_obj,245,--none--
482,orig_bestAB_time,0.025593280792236328,--none--
482,orig_bestAB_obj,185,--none--
482,orig_5random_time,0.057608842849731445,--none--
482,orig_5random_obj,832,--none--
