instance,num_type,value,comment
5,simpl_opt_status,0,optimal
5,simpl_bb_time,0.5519442558288574,--none--
5,simpl_obj,253,--none--
5,simpl_qheu_time,0.0005185604095458984,--none--
5,simpl_toAB_obj,644,--none--
5,simpl_toR_obj,658,--none--
5,simpl_heu_gswaps_time,0.0049860477447509766,--none--
5,simpl_heu_gswaps_obj,446,--none--
5,simpl_heu_gsifts_time,0.2161390781402588,--none--
5,simpl_heu_gsifts_obj,253,--none--
5,simpl_heu_g2sifts_time,1.0400948524475098,--none--
5,simpl_heu_g2sifts_obj,253,--none--
5,orig_from_simpl_checking_time,0.17781615257263184,--none--
5,orig_from_simpl_order_obj,134,--none--
5,orig_toA_obj,203,--none--
5,orig_toB_obj,120,--none--
5,orig_toRandom_obj,363,--none--
5,orig_minAB_obj,203,--none--
5,orig_gswaps_obj,202,--none--
5,orig_gsifts_obj,136,--none--
5,orig_g2sifts_obj,136,--none--
5,orig_exact_gsifts_obj,93,--none--
5,orig_exact_gsifts_time,0.14882278442382812,--none--
5,simpl_red_opt_status,0,optimal
5,simpl_red_bb_time,0.4307520389556885,--none--
5,simpl_red_obj,242,--none--
5,orig_from_simpl_red_checking_time,0.031569719314575195,--none--
5,orig_from_simpl_red_order_obj,123,--none--
60,simpl_opt_status,0,optimal
60,simpl_bb_time,0.30338311195373535,--none--
60,simpl_obj,384,--none--
60,simpl_qheu_time,0.0003960132598876953,--none--
60,simpl_toAB_obj,516,--none--
60,simpl_toR_obj,800,--none--
60,simpl_heu_gswaps_time,0.004969120025634766,--none--
60,simpl_heu_gswaps_obj,473,--none--
60,simpl_heu_gsifts_time,0.22097301483154297,--none--
60,simpl_heu_gsifts_obj,384,--none--
60,simpl_heu_g2sifts_time,1.1179003715515137,--none--
60,simpl_heu_g2sifts_obj,384,--none--
60,orig_from_simpl_checking_time,0.1995103359222412,--none--
60,orig_from_simpl_order_obj,180,--none--
60,orig_toA_obj,208,--none--
60,orig_toB_obj,217,--none--
60,orig_toRandom_obj,243,--none--
60,orig_minAB_obj,208,--none--
60,orig_gswaps_obj,211,--none--
60,orig_gsifts_obj,180,--none--
60,orig_g2sifts_obj,180,--none--
60,orig_exact_gsifts_obj,158,--none--
60,orig_exact_gsifts_time,0.1895444393157959,--none--
60,simpl_red_opt_status,0,optimal
60,simpl_red_bb_time,0.25696396827697754,--none--
60,simpl_red_obj,367,--none--
60,orig_from_simpl_red_checking_time,0.004990339279174805,--none--
60,orig_from_simpl_red_order_obj,162,--none--
61,simpl_opt_status,0,optimal
61,simpl_bb_time,0.16403985023498535,--none--
61,simpl_obj,203,--none--
61,simpl_qheu_time,0.0004038810729980469,--none--
61,simpl_toAB_obj,351,--none--
61,simpl_toR_obj,318,--none--
61,simpl_heu_gswaps_time,0.09691667556762695,--none--
61,simpl_heu_gswaps_obj,204,--none--
61,simpl_heu_gsifts_time,0.11663365364074707,--none--
61,simpl_heu_gsifts_obj,203,--none--
61,simpl_heu_g2sifts_time,1.590688705444336,--none--
61,simpl_heu_g2sifts_obj,203,--none--
61,orig_from_simpl_checking_time,0.11988568305969238,--none--
61,orig_from_simpl_order_obj,107,--none--
61,orig_toA_obj,79,--none--
61,orig_toB_obj,76,--none--
61,orig_toRandom_obj,119,--none--
61,orig_minAB_obj,79,--none--
61,orig_gswaps_obj,110,--none--
61,orig_gsifts_obj,107,--none--
61,orig_g2sifts_obj,109,--none--
61,orig_exact_gsifts_obj,60,--none--
61,orig_exact_gsifts_time,0.09331250190734863,--none--
61,simpl_red_opt_status,0,optimal
61,simpl_red_bb_time,0.13194632530212402,--none--
61,simpl_red_obj,193,--none--
61,orig_from_simpl_red_checking_time,0.0031278133392333984,--none--
61,orig_from_simpl_red_order_obj,90,--none--
62,simpl_opt_status,0,optimal
62,simpl_bb_time,0.36498188972473145,--none--
62,simpl_obj,275,--none--
62,simpl_qheu_time,0.0003783702850341797,--none--
62,simpl_toAB_obj,572,--none--
62,simpl_toR_obj,695,--none--
62,simpl_heu_gswaps_time,0.004768848419189453,--none--
62,simpl_heu_gswaps_obj,570,--none--
62,simpl_heu_gsifts_time,0.2455906867980957,--none--
62,simpl_heu_gsifts_obj,275,--none--
62,simpl_heu_g2sifts_time,1.4006989002227783,--none--
62,simpl_heu_g2sifts_obj,275,--none--
62,orig_from_simpl_checking_time,0.16794490814208984,--none--
62,orig_from_simpl_order_obj,128,--none--
62,orig_toA_obj,126,--none--
62,orig_toB_obj,110,--none--
62,orig_toRandom_obj,158,--none--
62,orig_minAB_obj,110,--none--
62,orig_gswaps_obj,107,--none--
62,orig_gsifts_obj,129,--none--
62,orig_g2sifts_obj,129,--none--
62,orig_exact_gsifts_obj,92,--none--
62,orig_exact_gsifts_time,0.12719297409057617,--none--
62,simpl_red_opt_status,0,optimal
62,simpl_red_bb_time,0.36246800422668457,--none--
62,simpl_red_obj,275,--none--
62,orig_from_simpl_red_checking_time,0.024278879165649414,--none--
62,orig_from_simpl_red_order_obj,128,--none--
63,simpl_opt_status,0,optimal
63,simpl_bb_time,0.5051250457763672,--none--
63,simpl_obj,345,--none--
63,simpl_qheu_time,0.00041484832763671875,--none--
63,simpl_toAB_obj,576,--none--
63,simpl_toR_obj,1538,--none--
63,simpl_heu_gswaps_time,0.037308692932128906,--none--
63,simpl_heu_gswaps_obj,574,--none--
63,simpl_heu_gsifts_time,0.3443460464477539,--none--
63,simpl_heu_gsifts_obj,345,--none--
63,simpl_heu_g2sifts_time,1.4230151176452637,--none--
63,simpl_heu_g2sifts_obj,345,--none--
63,orig_from_simpl_checking_time,0.1630692481994629,--none--
63,orig_from_simpl_order_obj,160,--none--
63,orig_toA_obj,143,--none--
63,orig_toB_obj,144,--none--
63,orig_toRandom_obj,220,--none--
63,orig_minAB_obj,144,--none--
63,orig_gswaps_obj,141,--none--
63,orig_gsifts_obj,154,--none--
63,orig_g2sifts_obj,161,--none--
63,orig_exact_gsifts_obj,117,--none--
63,orig_exact_gsifts_time,0.16942691802978516,--none--
63,simpl_red_opt_status,0,optimal
63,simpl_red_bb_time,0.43591880798339844,--none--
63,simpl_red_obj,339,--none--
63,orig_from_simpl_red_checking_time,0.004961967468261719,--none--
63,orig_from_simpl_red_order_obj,153,--none--
64,simpl_opt_status,0,optimal
64,simpl_bb_time,0.31142520904541016,--none--
64,simpl_obj,182,--none--
64,simpl_qheu_time,0.0004401206970214844,--none--
64,simpl_toAB_obj,579,--none--
64,simpl_toR_obj,1374,--none--
64,simpl_heu_gswaps_time,0.010282278060913086,--none--
64,simpl_heu_gswaps_obj,579,--none--
64,simpl_heu_gsifts_time,0.1690657138824463,--none--
64,simpl_heu_gsifts_obj,182,--none--
64,simpl_heu_g2sifts_time,1.342024564743042,--none--
64,simpl_heu_g2sifts_obj,182,--none--
64,orig_from_simpl_checking_time,0.09883999824523926,--none--
64,orig_from_simpl_order_obj,112,--none--
64,orig_toA_obj,156,--none--
64,orig_toB_obj,160,--none--
64,orig_toRandom_obj,195,--none--
64,orig_minAB_obj,160,--none--
64,orig_gswaps_obj,160,--none--
64,orig_gsifts_obj,112,--none--
64,orig_g2sifts_obj,112,--none--
64,orig_exact_gsifts_obj,133,--none--
64,orig_exact_gsifts_time,0.1565403938293457,--none--
64,simpl_red_opt_status,0,optimal
64,simpl_red_bb_time,0.36884641647338867,--none--
64,simpl_red_obj,172,--none--
64,orig_from_simpl_red_checking_time,0.003060579299926758,--none--
64,orig_from_simpl_red_order_obj,111,--none--
65,simpl_opt_status,0,optimal
65,simpl_bb_time,0.12963056564331055,--none--
65,simpl_obj,234,--none--
65,simpl_qheu_time,0.0004048347473144531,--none--
65,simpl_toAB_obj,268,--none--
65,simpl_toR_obj,986,--none--
65,simpl_heu_gswaps_time,0.036481618881225586,--none--
65,simpl_heu_gswaps_obj,257,--none--
65,simpl_heu_gsifts_time,0.17508268356323242,--none--
65,simpl_heu_gsifts_obj,234,--none--
65,simpl_heu_g2sifts_time,0.9966504573822021,--none--
65,simpl_heu_g2sifts_obj,235,--none--
65,orig_from_simpl_checking_time,0.13028192520141602,--none--
65,orig_from_simpl_order_obj,119,--none--
65,orig_toA_obj,175,--none--
65,orig_toB_obj,124,--none--
65,orig_toRandom_obj,183,--none--
65,orig_minAB_obj,124,--none--
65,orig_gswaps_obj,127,--none--
65,orig_gsifts_obj,119,--none--
65,orig_g2sifts_obj,119,--none--
65,orig_exact_gsifts_obj,108,--none--
65,orig_exact_gsifts_time,0.15347766876220703,--none--
65,simpl_red_opt_status,0,optimal
65,simpl_red_bb_time,0.15297651290893555,--none--
65,simpl_red_obj,229,--none--
65,orig_from_simpl_red_checking_time,0.03145241737365723,--none--
65,orig_from_simpl_red_order_obj,116,--none--
