instance,num_type,value,comment
156,simpl_opt_status,0,optimal
156,simpl_BB_time,0.7076263427734375,--none--
156,simpl_BB_obj,1041,--none--
156,simpl_minAB_time,0.00018310546875,--none--
156,simpl_minAB_obj,1448,--none--
156,simpl_gswaps_time,0.16131377220153809,--none--
156,simpl_gswaps_obj,1107,--none--
156,simpl_5random_time,0.006503582000732422,--none--
156,simpl_5random_obj,14542,--none--
156,simpl_gsifts_1p_time,0.17127227783203125,--none--
156,simpl_gsifts_1p_obj,1247,--none--
156,simpl_gsifts_2p_time,0.32324671745300293,--none--
156,simpl_gsifts_2p_obj,1098,--none--
156,simpl_gsifts_3p_time,0.49361085891723633,--none--
156,simpl_gsifts_3p_obj,1073,--none--
156,orig_simpl_time,0.7396764755249023,--none--
156,orig_simpl_obj,307,--none--
156,orig_gsifts1p_time,0.3966794013977051,--none--
156,orig_gsifts1p_obj,564,--none--
156,orig_bestAB_time,0.051065683364868164,--none--
156,orig_bestAB_obj,625,--none--
156,orig_5random_time,0.5657434463500977,--none--
156,orig_5random_obj,2380,--none--
157,simpl_opt_status,0,optimal
157,simpl_BB_time,1.612851619720459,--none--
157,simpl_BB_obj,537,--none--
157,simpl_minAB_time,0.0001659393310546875,--none--
157,simpl_minAB_obj,1008,--none--
157,simpl_gswaps_time,0.1414177417755127,--none--
157,simpl_gswaps_obj,537,--none--
157,simpl_5random_time,0.0015833377838134766,--none--
157,simpl_5random_obj,9399,--none--
157,simpl_gsifts_1p_time,0.26755690574645996,--none--
157,simpl_gsifts_1p_obj,561,--none--
157,simpl_gsifts_2p_time,0.488145112991333,--none--
157,simpl_gsifts_2p_obj,550,--none--
157,simpl_gsifts_3p_time,0.6262998580932617,--none--
157,simpl_gsifts_3p_obj,542,--none--
157,orig_simpl_time,1.645768642425537,--none--
157,orig_simpl_obj,197,--none--
157,orig_gsifts1p_time,0.5419974327087402,--none--
157,orig_gsifts1p_obj,826,--none--
157,orig_bestAB_time,0.05414462089538574,--none--
157,orig_bestAB_obj,335,--none--
157,orig_5random_time,0.5237147808074951,--none--
157,orig_5random_obj,1138,--none--
158,simpl_opt_status,0,optimal
158,simpl_BB_time,2.0163378715515137,--none--
158,simpl_BB_obj,403,--none--
158,simpl_minAB_time,0.0001621246337890625,--none--
158,simpl_minAB_obj,1231,--none--
158,simpl_gswaps_time,0.11759543418884277,--none--
158,simpl_gswaps_obj,735,--none--
158,simpl_5random_time,0.0017778873443603516,--none--
158,simpl_5random_obj,5786,--none--
158,simpl_gsifts_1p_time,0.19600176811218262,--none--
158,simpl_gsifts_1p_obj,909,--none--
158,simpl_gsifts_2p_time,0.3487529754638672,--none--
158,simpl_gsifts_2p_obj,627,--none--
158,simpl_gsifts_3p_time,0.5075404644012451,--none--
158,simpl_gsifts_3p_obj,511,--none--
158,orig_simpl_time,2.21012020111084,--none--
158,orig_simpl_obj,148,--none--
158,orig_gsifts1p_time,0.1699671745300293,--none--
158,orig_gsifts1p_obj,218,--none--
158,orig_bestAB_time,0.040281057357788086,--none--
158,orig_bestAB_obj,288,--none--
158,orig_5random_time,0.2292325496673584,--none--
158,orig_5random_obj,830,--none--
159,simpl_opt_status,0,optimal
159,simpl_BB_time,1.268688440322876,--none--
159,simpl_BB_obj,1105,--none--
159,simpl_minAB_time,0.0001583099365234375,--none--
159,simpl_minAB_obj,16516,--none--
159,simpl_gswaps_time,0.06452441215515137,--none--
159,simpl_gswaps_obj,16502,--none--
159,simpl_5random_time,0.0016281604766845703,--none--
159,simpl_5random_obj,5186,--none--
159,simpl_gsifts_1p_time,0.15419363975524902,--none--
159,simpl_gsifts_1p_obj,1631,--none--
159,simpl_gsifts_2p_time,0.5152828693389893,--none--
159,simpl_gsifts_2p_obj,1269,--none--
159,simpl_gsifts_3p_time,0.9115793704986572,--none--
159,simpl_gsifts_3p_obj,1163,--none--
159,orig_simpl_time,1.3452239036560059,--none--
159,orig_simpl_obj,271,--none--
159,orig_gsifts1p_time,1.194798469543457,--none--
159,orig_gsifts1p_obj,1306,--none--
159,orig_bestAB_time,0.15037822723388672,--none--
159,orig_bestAB_obj,1166,--none--
159,orig_5random_time,0.7037825584411621,--none--
159,orig_5random_obj,3173,--none--
15,simpl_opt_status,0,optimal
15,simpl_BB_time,0.6253378391265869,--none--
15,simpl_BB_obj,1797,--none--
15,simpl_minAB_time,0.0001761913299560547,--none--
15,simpl_minAB_obj,5428,--none--
15,simpl_gswaps_time,0.16796159744262695,--none--
15,simpl_gswaps_obj,5048,--none--
15,simpl_5random_time,0.01040506362915039,--none--
15,simpl_5random_obj,13610,--none--
15,simpl_gsifts_1p_time,0.22576141357421875,--none--
15,simpl_gsifts_1p_obj,2209,--none--
15,simpl_gsifts_2p_time,0.21445775032043457,--none--
15,simpl_gsifts_2p_obj,1876,--none--
15,simpl_gsifts_3p_time,0.473888635635376,--none--
15,simpl_gsifts_3p_obj,1829,--none--
15,orig_simpl_time,0.6655516624450684,--none--
15,orig_simpl_obj,410,--none--
15,orig_gsifts1p_time,1.6559269428253174,--none--
15,orig_gsifts1p_obj,3022,--none--
15,orig_bestAB_time,0.1807706356048584,--none--
15,orig_bestAB_obj,1457,--none--
15,orig_5random_time,0.8104898929595947,--none--
15,orig_5random_obj,4174,--none--
160,simpl_opt_status,0,optimal
160,simpl_BB_time,1.8553118705749512,--none--
160,simpl_BB_obj,1089,--none--
160,simpl_minAB_time,0.0001678466796875,--none--
160,simpl_minAB_obj,3579,--none--
160,simpl_gswaps_time,0.11685776710510254,--none--
160,simpl_gswaps_obj,1093,--none--
160,simpl_5random_time,0.0018279552459716797,--none--
160,simpl_5random_obj,5008,--none--
160,simpl_gsifts_1p_time,0.0952141284942627,--none--
160,simpl_gsifts_1p_obj,2168,--none--
160,simpl_gsifts_2p_time,0.157576322555542,--none--
160,simpl_gsifts_2p_obj,1499,--none--
160,simpl_gsifts_3p_time,0.2559351921081543,--none--
160,simpl_gsifts_3p_obj,1275,--none--
160,orig_simpl_time,1.8760302066802979,--none--
160,orig_simpl_obj,292,--none--
160,orig_gsifts1p_time,0.30667805671691895,--none--
160,orig_gsifts1p_obj,1187,--none--
160,orig_bestAB_time,0.040988922119140625,--none--
160,orig_bestAB_obj,1470,--none--
160,orig_5random_time,0.4690060615539551,--none--
160,orig_5random_obj,2205,--none--
161,simpl_opt_status,0,optimal
161,simpl_BB_time,0.3048882484436035,--none--
161,simpl_BB_obj,893,--none--
161,simpl_minAB_time,0.0001385211944580078,--none--
161,simpl_minAB_obj,3626,--none--
161,simpl_gswaps_time,0.06917715072631836,--none--
161,simpl_gswaps_obj,999,--none--
161,simpl_5random_time,0.0013594627380371094,--none--
161,simpl_5random_obj,25470,--none--
161,simpl_gsifts_1p_time,0.1806626319885254,--none--
161,simpl_gsifts_1p_obj,1785,--none--
161,simpl_gsifts_2p_time,0.3543214797973633,--none--
161,simpl_gsifts_2p_obj,1233,--none--
161,simpl_gsifts_3p_time,0.6933684349060059,--none--
161,simpl_gsifts_3p_obj,1002,--none--
161,orig_simpl_time,0.33446478843688965,--none--
161,orig_simpl_obj,228,--none--
161,orig_gsifts1p_time,0.4719235897064209,--none--
161,orig_gsifts1p_obj,653,--none--
161,orig_bestAB_time,0.12866902351379395,--none--
161,orig_bestAB_obj,838,--none--
161,orig_5random_time,0.7252192497253418,--none--
161,orig_5random_obj,1181,--none--
162,simpl_opt_status,0,optimal
162,simpl_BB_time,1.781848669052124,--none--
162,simpl_BB_obj,2015,--none--
162,simpl_minAB_time,0.00016808509826660156,--none--
162,simpl_minAB_obj,6912,--none--
162,simpl_gswaps_time,0.05618023872375488,--none--
162,simpl_gswaps_obj,4719,--none--
162,simpl_5random_time,0.0016727447509765625,--none--
162,simpl_5random_obj,8596,--none--
162,simpl_gsifts_1p_time,0.21058225631713867,--none--
162,simpl_gsifts_1p_obj,4081,--none--
162,simpl_gsifts_2p_time,0.17798352241516113,--none--
162,simpl_gsifts_2p_obj,3030,--none--
162,simpl_gsifts_3p_time,0.451261043548584,--none--
162,simpl_gsifts_3p_obj,2497,--none--
162,orig_simpl_time,1.8328468799591064,--none--
162,orig_simpl_obj,273,--none--
162,orig_gsifts1p_time,0.7363259792327881,--none--
162,orig_gsifts1p_obj,1755,--none--
162,orig_bestAB_time,0.1245887279510498,--none--
162,orig_bestAB_obj,1785,--none--
162,orig_5random_time,0.5356912612915039,--none--
162,orig_5random_obj,2119,--none--
163,simpl_opt_status,0,optimal
163,simpl_BB_time,1.159252405166626,--none--
163,simpl_BB_obj,323,--none--
163,simpl_minAB_time,0.00017070770263671875,--none--
163,simpl_minAB_obj,3139,--none--
163,simpl_gswaps_time,0.08986949920654297,--none--
163,simpl_gswaps_obj,429,--none--
163,simpl_5random_time,0.0016407966613769531,--none--
163,simpl_5random_obj,10150,--none--
163,simpl_gsifts_1p_time,0.07694029808044434,--none--
163,simpl_gsifts_1p_obj,1382,--none--
163,simpl_gsifts_2p_time,0.14925622940063477,--none--
163,simpl_gsifts_2p_obj,647,--none--
163,simpl_gsifts_3p_time,0.23084259033203125,--none--
163,simpl_gsifts_3p_obj,441,--none--
163,orig_simpl_time,1.1660428047180176,--none--
163,orig_simpl_obj,88,--none--
163,orig_gsifts1p_time,0.04298663139343262,--none--
163,orig_gsifts1p_obj,160,--none--
163,orig_bestAB_time,0.009863853454589844,--none--
163,orig_bestAB_obj,108,--none--
163,orig_5random_time,0.04605388641357422,--none--
163,orig_5random_obj,213,--none--
164,simpl_opt_status,0,optimal
164,simpl_BB_time,0.3577234745025635,--none--
164,simpl_BB_obj,1427,--none--
164,simpl_minAB_time,0.00013566017150878906,--none--
164,simpl_minAB_obj,16679,--none--
164,simpl_gswaps_time,0.03162956237792969,--none--
164,simpl_gswaps_obj,16565,--none--
164,simpl_5random_time,0.0015289783477783203,--none--
164,simpl_5random_obj,14916,--none--
164,simpl_gsifts_1p_time,0.07852816581726074,--none--
164,simpl_gsifts_1p_obj,3162,--none--
164,simpl_gsifts_2p_time,0.15780091285705566,--none--
164,simpl_gsifts_2p_obj,2286,--none--
164,simpl_gsifts_3p_time,0.5975923538208008,--none--
164,simpl_gsifts_3p_obj,1867,--none--
164,orig_simpl_time,0.6246743202209473,--none--
164,orig_simpl_obj,260,--none--
164,orig_gsifts1p_time,0.802311897277832,--none--
164,orig_gsifts1p_obj,1258,--none--
164,orig_bestAB_time,0.130141019821167,--none--
164,orig_bestAB_obj,791,--none--
164,orig_5random_time,0.46604394912719727,--none--
164,orig_5random_obj,1325,--none--
165,simpl_opt_status,0,optimal
165,simpl_BB_time,1.2052836418151855,--none--
165,simpl_BB_obj,1268,--none--
165,simpl_minAB_time,0.00016021728515625,--none--
165,simpl_minAB_obj,6616,--none--
165,simpl_gswaps_time,0.08011364936828613,--none--
165,simpl_gswaps_obj,2588,--none--
165,simpl_5random_time,0.0015587806701660156,--none--
165,simpl_5random_obj,10902,--none--
165,simpl_gsifts_1p_time,0.21819376945495605,--none--
165,simpl_gsifts_1p_obj,3530,--none--
165,simpl_gsifts_2p_time,0.4082944393157959,--none--
165,simpl_gsifts_2p_obj,2588,--none--
165,simpl_gsifts_3p_time,0.5815086364746094,--none--
165,simpl_gsifts_3p_obj,2178,--none--
165,orig_simpl_time,1.2679533958435059,--none--
165,orig_simpl_obj,283,--none--
165,orig_gsifts1p_time,0.5935111045837402,--none--
165,orig_gsifts1p_obj,845,--none--
165,orig_bestAB_time,0.11068391799926758,--none--
165,orig_bestAB_obj,963,--none--
165,orig_5random_time,0.7420661449432373,--none--
165,orig_5random_obj,2105,--none--
166,simpl_opt_status,0,optimal
166,simpl_BB_time,3.912407398223877,--none--
166,simpl_BB_obj,386,--none--
166,simpl_minAB_time,0.00018358230590820312,--none--
166,simpl_minAB_obj,799,--none--
166,simpl_gswaps_time,0.21612834930419922,--none--
166,simpl_gswaps_obj,386,--none--
166,simpl_5random_time,0.002924203872680664,--none--
166,simpl_5random_obj,4108,--none--
166,simpl_gsifts_1p_time,0.10601949691772461,--none--
166,simpl_gsifts_1p_obj,595,--none--
166,simpl_gsifts_2p_time,0.22803235054016113,--none--
166,simpl_gsifts_2p_obj,477,--none--
166,simpl_gsifts_3p_time,0.6228432655334473,--none--
166,simpl_gsifts_3p_obj,398,--none--
166,orig_simpl_time,3.960249423980713,--none--
166,orig_simpl_obj,147,--none--
166,orig_gsifts1p_time,0.19474577903747559,--none--
166,orig_gsifts1p_obj,236,--none--
166,orig_bestAB_time,0.02536773681640625,--none--
166,orig_bestAB_obj,272,--none--
166,orig_5random_time,0.3371453285217285,--none--
166,orig_5random_obj,997,--none--
167,simpl_opt_status,0,optimal
167,simpl_BB_time,1.9137606620788574,--none--
167,simpl_BB_obj,952,--none--
167,simpl_minAB_time,0.0001747608184814453,--none--
167,simpl_minAB_obj,3506,--none--
167,simpl_gswaps_time,0.14205098152160645,--none--
167,simpl_gswaps_obj,957,--none--
167,simpl_5random_time,0.0017726421356201172,--none--
167,simpl_5random_obj,18310,--none--
167,simpl_gsifts_1p_time,0.16059446334838867,--none--
167,simpl_gsifts_1p_obj,1677,--none--
167,simpl_gsifts_2p_time,0.3367466926574707,--none--
167,simpl_gsifts_2p_obj,1209,--none--
167,simpl_gsifts_3p_time,0.49154114723205566,--none--
167,simpl_gsifts_3p_obj,1047,--none--
167,orig_simpl_time,1.9495882987976074,--none--
167,orig_simpl_obj,282,--none--
167,orig_gsifts1p_time,0.8577578067779541,--none--
167,orig_gsifts1p_obj,1493,--none--
167,orig_bestAB_time,0.10022139549255371,--none--
167,orig_bestAB_obj,1054,--none--
167,orig_5random_time,1.4036121368408203,--none--
167,orig_5random_obj,2456,--none--
168,simpl_opt_status,0,optimal
168,simpl_BB_time,1.0133860111236572,--none--
168,simpl_BB_obj,1074,--none--
168,simpl_minAB_time,0.0001785755157470703,--none--
168,simpl_minAB_obj,17098,--none--
168,simpl_gswaps_time,0.013117551803588867,--none--
168,simpl_gswaps_obj,17098,--none--
168,simpl_5random_time,0.006849050521850586,--none--
168,simpl_5random_obj,15206,--none--
168,simpl_gsifts_1p_time,0.17496395111083984,--none--
168,simpl_gsifts_1p_obj,8849,--none--
168,simpl_gsifts_2p_time,0.33379578590393066,--none--
168,simpl_gsifts_2p_obj,4785,--none--
168,simpl_gsifts_3p_time,0.5396685600280762,--none--
168,simpl_gsifts_3p_obj,2814,--none--
168,orig_simpl_time,1.0540761947631836,--none--
168,orig_simpl_obj,167,--none--
168,orig_gsifts1p_time,0.40583324432373047,--none--
168,orig_gsifts1p_obj,410,--none--
168,orig_bestAB_time,0.1408231258392334,--none--
168,orig_bestAB_obj,655,--none--
168,orig_5random_time,0.4150383472442627,--none--
168,orig_5random_obj,945,--none--
169,simpl_opt_status,0,optimal
169,simpl_BB_time,0.9550232887268066,--none--
169,simpl_BB_obj,1868,--none--
169,simpl_minAB_time,0.00016021728515625,--none--
169,simpl_minAB_obj,4469,--none--
169,simpl_gswaps_time,0.1567978858947754,--none--
169,simpl_gswaps_obj,4303,--none--
169,simpl_5random_time,0.0017802715301513672,--none--
169,simpl_5random_obj,7510,--none--
169,simpl_gsifts_1p_time,0.21023321151733398,--none--
169,simpl_gsifts_1p_obj,2637,--none--
169,simpl_gsifts_2p_time,0.4313018321990967,--none--
169,simpl_gsifts_2p_obj,2206,--none--
169,simpl_gsifts_3p_time,0.5376684665679932,--none--
169,simpl_gsifts_3p_obj,2123,--none--
169,orig_simpl_time,1.0235276222229004,--none--
169,orig_simpl_obj,206,--none--
169,orig_gsifts1p_time,0.6751394271850586,--none--
169,orig_gsifts1p_obj,884,--none--
169,orig_bestAB_time,0.1190800666809082,--none--
169,orig_bestAB_obj,453,--none--
169,orig_5random_time,0.41508984565734863,--none--
169,orig_5random_obj,935,--none--
16,simpl_opt_status,0,optimal
16,simpl_BB_time,1.1227161884307861,--none--
16,simpl_BB_obj,1036,--none--
16,simpl_minAB_time,0.00016164779663085938,--none--
16,simpl_minAB_obj,9220,--none--
16,simpl_gswaps_time,0.013064384460449219,--none--
16,simpl_gswaps_obj,9220,--none--
16,simpl_5random_time,0.0016520023345947266,--none--
16,simpl_5random_obj,12783,--none--
16,simpl_gsifts_1p_time,0.16649508476257324,--none--
16,simpl_gsifts_1p_obj,5396,--none--
16,simpl_gsifts_2p_time,0.37766504287719727,--none--
16,simpl_gsifts_2p_obj,3473,--none--
16,simpl_gsifts_3p_time,0.6822953224182129,--none--
16,simpl_gsifts_3p_obj,2551,--none--
16,orig_simpl_time,1.1413283348083496,--none--
16,orig_simpl_obj,251,--none--
16,orig_gsifts1p_time,0.15122556686401367,--none--
16,orig_gsifts1p_obj,476,--none--
16,orig_bestAB_time,0.08219695091247559,--none--
16,orig_bestAB_obj,497,--none--
16,orig_5random_time,0.28200817108154297,--none--
16,orig_5random_obj,2180,--none--
170,simpl_opt_status,0,optimal
170,simpl_BB_time,2.1107285022735596,--none--
170,simpl_BB_obj,711,--none--
170,simpl_minAB_time,0.00017309188842773438,--none--
170,simpl_minAB_obj,5216,--none--
170,simpl_gswaps_time,0.41977405548095703,--none--
170,simpl_gswaps_obj,711,--none--
170,simpl_5random_time,0.0035457611083984375,--none--
170,simpl_5random_obj,7320,--none--
170,simpl_gsifts_1p_time,0.19162487983703613,--none--
170,simpl_gsifts_1p_obj,2849,--none--
170,simpl_gsifts_2p_time,0.35321688652038574,--none--
170,simpl_gsifts_2p_obj,1704,--none--
170,simpl_gsifts_3p_time,0.594728946685791,--none--
170,simpl_gsifts_3p_obj,1236,--none--
170,orig_simpl_time,2.144912004470825,--none--
170,orig_simpl_obj,186,--none--
170,orig_gsifts1p_time,0.24901938438415527,--none--
170,orig_gsifts1p_obj,434,--none--
170,orig_bestAB_time,0.0639348030090332,--none--
170,orig_bestAB_obj,537,--none--
170,orig_5random_time,0.27060461044311523,--none--
170,orig_5random_obj,837,--none--
171,simpl_opt_status,0,optimal
171,simpl_BB_time,1.5620157718658447,--none--
171,simpl_BB_obj,2514,--none--
171,simpl_minAB_time,0.00017070770263671875,--none--
171,simpl_minAB_obj,11037,--none--
171,simpl_gswaps_time,0.20068073272705078,--none--
171,simpl_gswaps_obj,4414,--none--
171,simpl_5random_time,0.001695394515991211,--none--
171,simpl_5random_obj,21438,--none--
171,simpl_gsifts_1p_time,0.14970898628234863,--none--
171,simpl_gsifts_1p_obj,6285,--none--
171,simpl_gsifts_2p_time,0.3162996768951416,--none--
171,simpl_gsifts_2p_obj,3957,--none--
171,simpl_gsifts_3p_time,0.5119335651397705,--none--
171,simpl_gsifts_3p_obj,3124,--none--
171,orig_simpl_time,1.6159703731536865,--none--
171,orig_simpl_obj,300,--none--
171,orig_gsifts1p_time,1.689509630203247,--none--
171,orig_gsifts1p_obj,2723,--none--
171,orig_bestAB_time,0.29346370697021484,--none--
171,orig_bestAB_obj,2843,--none--
171,orig_5random_time,1.2160654067993164,--none--
171,orig_5random_obj,4077,--none--
172,simpl_opt_status,0,optimal
172,simpl_BB_time,1.3254129886627197,--none--
172,simpl_BB_obj,389,--none--
172,simpl_minAB_time,0.0001583099365234375,--none--
172,simpl_minAB_obj,2656,--none--
172,simpl_gswaps_time,0.06733870506286621,--none--
172,simpl_gswaps_obj,1181,--none--
172,simpl_5random_time,0.0018208026885986328,--none--
172,simpl_5random_obj,1814,--none--
172,simpl_gsifts_1p_time,0.22071266174316406,--none--
172,simpl_gsifts_1p_obj,1199,--none--
172,simpl_gsifts_2p_time,0.35323524475097656,--none--
172,simpl_gsifts_2p_obj,415,--none--
172,simpl_gsifts_3p_time,0.5914254188537598,--none--
172,simpl_gsifts_3p_obj,405,--none--
172,orig_simpl_time,1.3472483158111572,--none--
172,orig_simpl_obj,129,--none--
172,orig_gsifts1p_time,0.11851906776428223,--none--
172,orig_gsifts1p_obj,233,--none--
172,orig_bestAB_time,0.03736233711242676,--none--
172,orig_bestAB_obj,268,--none--
172,orig_5random_time,0.23894572257995605,--none--
172,orig_5random_obj,649,--none--
173,simpl_opt_status,0,optimal
173,simpl_BB_time,0.910059928894043,--none--
173,simpl_BB_obj,1134,--none--
173,simpl_minAB_time,0.00017642974853515625,--none--
173,simpl_minAB_obj,6908,--none--
173,simpl_gswaps_time,0.12554550170898438,--none--
173,simpl_gswaps_obj,4580,--none--
173,simpl_5random_time,0.0016849040985107422,--none--
173,simpl_5random_obj,11818,--none--
173,simpl_gsifts_1p_time,0.20604419708251953,--none--
173,simpl_gsifts_1p_obj,4204,--none--
173,simpl_gsifts_2p_time,0.33195924758911133,--none--
173,simpl_gsifts_2p_obj,2909,--none--
173,simpl_gsifts_3p_time,0.49199461936950684,--none--
173,simpl_gsifts_3p_obj,1919,--none--
173,orig_simpl_time,0.9488253593444824,--none--
173,orig_simpl_obj,265,--none--
173,orig_gsifts1p_time,0.681194543838501,--none--
173,orig_gsifts1p_obj,1532,--none--
173,orig_bestAB_time,0.11504554748535156,--none--
173,orig_bestAB_obj,1563,--none--
173,orig_5random_time,1.0844786167144775,--none--
173,orig_5random_obj,2304,--none--
174,simpl_opt_status,0,optimal
174,simpl_BB_time,0.2691221237182617,--none--
174,simpl_BB_obj,593,--none--
174,simpl_minAB_time,0.0001709461212158203,--none--
174,simpl_minAB_obj,1774,--none--
174,simpl_gswaps_time,0.02908778190612793,--none--
174,simpl_gswaps_obj,1591,--none--
174,simpl_5random_time,0.0017571449279785156,--none--
174,simpl_5random_obj,36478,--none--
174,simpl_gsifts_1p_time,0.0750112533569336,--none--
174,simpl_gsifts_1p_obj,776,--none--
174,simpl_gsifts_2p_time,0.1515183448791504,--none--
174,simpl_gsifts_2p_obj,600,--none--
174,simpl_gsifts_3p_time,0.4168834686279297,--none--
174,simpl_gsifts_3p_obj,596,--none--
174,orig_simpl_time,0.36197328567504883,--none--
174,orig_simpl_obj,262,--none--
174,orig_gsifts1p_time,0.5903265476226807,--none--
174,orig_gsifts1p_obj,526,--none--
174,orig_bestAB_time,0.03477621078491211,--none--
174,orig_bestAB_obj,627,--none--
174,orig_5random_time,0.8174464702606201,--none--
174,orig_5random_obj,1504,--none--
175,simpl_opt_status,0,optimal
175,simpl_BB_time,1.797189474105835,--none--
175,simpl_BB_obj,1044,--none--
175,simpl_minAB_time,0.0001678466796875,--none--
175,simpl_minAB_obj,9183,--none--
175,simpl_gswaps_time,0.09192395210266113,--none--
175,simpl_gswaps_obj,1760,--none--
175,simpl_5random_time,0.0016498565673828125,--none--
175,simpl_5random_obj,19374,--none--
175,simpl_gsifts_1p_time,0.19231128692626953,--none--
175,simpl_gsifts_1p_obj,1760,--none--
175,simpl_gsifts_2p_time,0.4877495765686035,--none--
175,simpl_gsifts_2p_obj,1208,--none--
175,simpl_gsifts_3p_time,0.7770764827728271,--none--
175,simpl_gsifts_3p_obj,1100,--none--
175,orig_simpl_time,1.8403429985046387,--none--
175,orig_simpl_obj,313,--none--
175,orig_gsifts1p_time,0.24240684509277344,--none--
175,orig_gsifts1p_obj,936,--none--
175,orig_bestAB_time,0.06401705741882324,--none--
175,orig_bestAB_obj,1028,--none--
175,orig_5random_time,0.5492732524871826,--none--
175,orig_5random_obj,2057,--none--
176,simpl_opt_status,0,optimal
176,simpl_BB_time,1.0214354991912842,--none--
176,simpl_BB_obj,1020,--none--
176,simpl_minAB_time,0.0001666545867919922,--none--
176,simpl_minAB_obj,5093,--none--
176,simpl_gswaps_time,0.12350726127624512,--none--
176,simpl_gswaps_obj,4477,--none--
176,simpl_5random_time,0.0016808509826660156,--none--
176,simpl_5random_obj,6884,--none--
176,simpl_gsifts_1p_time,0.24280023574829102,--none--
176,simpl_gsifts_1p_obj,2378,--none--
176,simpl_gsifts_2p_time,0.5653142929077148,--none--
176,simpl_gsifts_2p_obj,1781,--none--
176,simpl_gsifts_3p_time,0.8828959465026855,--none--
176,simpl_gsifts_3p_obj,1372,--none--
176,orig_simpl_time,1.0826716423034668,--none--
176,orig_simpl_obj,199,--none--
176,orig_gsifts1p_time,0.3693203926086426,--none--
176,orig_gsifts1p_obj,570,--none--
176,orig_bestAB_time,0.06159329414367676,--none--
176,orig_bestAB_obj,665,--none--
176,orig_5random_time,0.3171811103820801,--none--
176,orig_5random_obj,811,--none--
177,simpl_opt_status,0,optimal
177,simpl_BB_time,2.0109333992004395,--none--
177,simpl_BB_obj,702,--none--
177,simpl_minAB_time,0.01736164093017578,--none--
177,simpl_minAB_obj,5966,--none--
177,simpl_gswaps_time,0.06922268867492676,--none--
177,simpl_gswaps_obj,2667,--none--
177,simpl_5random_time,0.001613616943359375,--none--
177,simpl_5random_obj,9098,--none--
177,simpl_gsifts_1p_time,0.2205042839050293,--none--
177,simpl_gsifts_1p_obj,2719,--none--
177,simpl_gsifts_2p_time,0.42057371139526367,--none--
177,simpl_gsifts_2p_obj,1187,--none--
177,simpl_gsifts_3p_time,0.5369863510131836,--none--
177,simpl_gsifts_3p_obj,988,--none--
177,orig_simpl_time,2.061481475830078,--none--
177,orig_simpl_obj,147,--none--
177,orig_gsifts1p_time,0.330244779586792,--none--
177,orig_gsifts1p_obj,807,--none--
177,orig_bestAB_time,0.06554484367370605,--none--
177,orig_bestAB_obj,704,--none--
177,orig_5random_time,0.18071365356445312,--none--
177,orig_5random_obj,1122,--none--
178,simpl_opt_status,0,optimal
178,simpl_BB_time,0.5931086540222168,--none--
178,simpl_BB_obj,1077,--none--
178,simpl_minAB_time,0.00018310546875,--none--
178,simpl_minAB_obj,9595,--none--
178,simpl_gswaps_time,0.27655887603759766,--none--
178,simpl_gswaps_obj,1077,--none--
178,simpl_5random_time,0.0017256736755371094,--none--
178,simpl_5random_obj,6718,--none--
178,simpl_gsifts_1p_time,0.16916322708129883,--none--
178,simpl_gsifts_1p_obj,4017,--none--
178,simpl_gsifts_2p_time,0.29678916931152344,--none--
178,simpl_gsifts_2p_obj,2449,--none--
178,simpl_gsifts_3p_time,0.4697418212890625,--none--
178,simpl_gsifts_3p_obj,1537,--none--
178,orig_simpl_time,0.6211488246917725,--none--
178,orig_simpl_obj,174,--none--
178,orig_gsifts1p_time,0.20945429801940918,--none--
178,orig_gsifts1p_obj,433,--none--
178,orig_bestAB_time,0.09915995597839355,--none--
178,orig_bestAB_obj,447,--none--
178,orig_5random_time,0.43164563179016113,--none--
178,orig_5random_obj,784,--none--
179,simpl_opt_status,0,optimal
179,simpl_BB_time,0.4374685287475586,--none--
179,simpl_BB_obj,1235,--none--
179,simpl_minAB_time,0.00017404556274414062,--none--
179,simpl_minAB_obj,4988,--none--
179,simpl_gswaps_time,0.0895845890045166,--none--
179,simpl_gswaps_obj,1794,--none--
179,simpl_5random_time,0.0016145706176757812,--none--
179,simpl_5random_obj,21406,--none--
179,simpl_gsifts_1p_time,0.17691349983215332,--none--
179,simpl_gsifts_1p_obj,2257,--none--
179,simpl_gsifts_2p_time,0.458848237991333,--none--
179,simpl_gsifts_2p_obj,1835,--none--
179,simpl_gsifts_3p_time,0.8542792797088623,--none--
179,simpl_gsifts_3p_obj,1513,--none--
179,orig_simpl_time,0.5414731502532959,--none--
179,orig_simpl_obj,394,--none--
179,orig_gsifts1p_time,1.1624910831451416,--none--
179,orig_gsifts1p_obj,926,--none--
179,orig_bestAB_time,0.09572649002075195,--none--
179,orig_bestAB_obj,1420,--none--
179,orig_5random_time,0.6879076957702637,--none--
179,orig_5random_obj,2141,--none--
17,simpl_opt_status,0,optimal
17,simpl_BB_time,2.3768439292907715,--none--
17,simpl_BB_obj,1269,--none--
17,simpl_minAB_time,0.00017833709716796875,--none--
17,simpl_minAB_obj,16843,--none--
17,simpl_gswaps_time,0.2279510498046875,--none--
17,simpl_gswaps_obj,1317,--none--
17,simpl_5random_time,0.0016181468963623047,--none--
17,simpl_5random_obj,14622,--none--
17,simpl_gsifts_1p_time,0.26264286041259766,--none--
17,simpl_gsifts_1p_obj,1687,--none--
17,simpl_gsifts_2p_time,0.4764869213104248,--none--
17,simpl_gsifts_2p_obj,1443,--none--
17,simpl_gsifts_3p_time,0.6826663017272949,--none--
17,simpl_gsifts_3p_obj,1351,--none--
17,orig_simpl_time,2.5426981449127197,--none--
17,orig_simpl_obj,295,--none--
17,orig_gsifts1p_time,0.4070773124694824,--none--
17,orig_gsifts1p_obj,419,--none--
17,orig_bestAB_time,0.07863545417785645,--none--
17,orig_bestAB_obj,560,--none--
17,orig_5random_time,0.5220980644226074,--none--
17,orig_5random_obj,1448,--none--
180,simpl_opt_status,0,optimal
180,simpl_BB_time,1.0943925380706787,--none--
180,simpl_BB_obj,462,--none--
180,simpl_minAB_time,0.0001857280731201172,--none--
180,simpl_minAB_obj,591,--none--
180,simpl_gswaps_time,0.034815073013305664,--none--
180,simpl_gswaps_obj,463,--none--
180,simpl_5random_time,0.0016045570373535156,--none--
180,simpl_5random_obj,4914,--none--
180,simpl_gsifts_1p_time,0.07815265655517578,--none--
180,simpl_gsifts_1p_obj,537,--none--
180,simpl_gsifts_2p_time,0.1537313461303711,--none--
180,simpl_gsifts_2p_obj,506,--none--
180,simpl_gsifts_3p_time,0.23925304412841797,--none--
180,simpl_gsifts_3p_obj,483,--none--
180,orig_simpl_time,1.1075596809387207,--none--
180,orig_simpl_obj,224,--none--
180,orig_gsifts1p_time,0.15086722373962402,--none--
180,orig_gsifts1p_obj,408,--none--
180,orig_bestAB_time,0.017765045166015625,--none--
180,orig_bestAB_obj,368,--none--
180,orig_5random_time,0.13642263412475586,--none--
180,orig_5random_obj,712,--none--
181,simpl_opt_status,0,optimal
181,simpl_BB_time,1.5888755321502686,--none--
181,simpl_BB_obj,1851,--none--
181,simpl_minAB_time,0.0014884471893310547,--none--
181,simpl_minAB_obj,17252,--none--
181,simpl_gswaps_time,0.09611845016479492,--none--
181,simpl_gswaps_obj,4977,--none--
181,simpl_5random_time,0.004860877990722656,--none--
181,simpl_5random_obj,10590,--none--
181,simpl_gsifts_1p_time,0.24288272857666016,--none--
181,simpl_gsifts_1p_obj,8341,--none--
181,simpl_gsifts_2p_time,0.3900609016418457,--none--
181,simpl_gsifts_2p_obj,5249,--none--
181,simpl_gsifts_3p_time,0.5526516437530518,--none--
181,simpl_gsifts_3p_obj,3335,--none--
181,orig_simpl_time,1.6408264636993408,--none--
181,orig_simpl_obj,220,--none--
181,orig_gsifts1p_time,0.66748046875,--none--
181,orig_gsifts1p_obj,823,--none--
181,orig_bestAB_time,0.16581416130065918,--none--
181,orig_bestAB_obj,1114,--none--
181,orig_5random_time,0.6549723148345947,--none--
181,orig_5random_obj,1478,--none--
182,simpl_opt_status,0,optimal
182,simpl_BB_time,1.552138328552246,--none--
182,simpl_BB_obj,1508,--none--
182,simpl_minAB_time,0.008453845977783203,--none--
182,simpl_minAB_obj,3585,--none--
182,simpl_gswaps_time,0.1509110927581787,--none--
182,simpl_gswaps_obj,1800,--none--
182,simpl_5random_time,0.010120868682861328,--none--
182,simpl_5random_obj,8372,--none--
182,simpl_gsifts_1p_time,0.1565091609954834,--none--
182,simpl_gsifts_1p_obj,2011,--none--
182,simpl_gsifts_2p_time,0.3328268527984619,--none--
182,simpl_gsifts_2p_obj,1813,--none--
182,simpl_gsifts_3p_time,0.7418544292449951,--none--
182,simpl_gsifts_3p_obj,1620,--none--
182,orig_simpl_time,1.6493124961853027,--none--
182,orig_simpl_obj,431,--none--
182,orig_gsifts1p_time,1.0706007480621338,--none--
182,orig_gsifts1p_obj,816,--none--
182,orig_bestAB_time,0.13541245460510254,--none--
182,orig_bestAB_obj,898,--none--
182,orig_5random_time,1.4619600772857666,--none--
182,orig_5random_obj,1606,--none--
183,simpl_opt_status,0,optimal
183,simpl_BB_time,0.9942278861999512,--none--
183,simpl_BB_obj,941,--none--
183,simpl_minAB_time,0.012557029724121094,--none--
183,simpl_minAB_obj,4395,--none--
183,simpl_gswaps_time,0.11817646026611328,--none--
183,simpl_gswaps_obj,4231,--none--
183,simpl_5random_time,0.0019767284393310547,--none--
183,simpl_5random_obj,6062,--none--
183,simpl_gsifts_1p_time,0.2351398468017578,--none--
183,simpl_gsifts_1p_obj,2141,--none--
183,simpl_gsifts_2p_time,0.39200687408447266,--none--
183,simpl_gsifts_2p_obj,1401,--none--
183,simpl_gsifts_3p_time,0.4605560302734375,--none--
183,simpl_gsifts_3p_obj,1149,--none--
183,orig_simpl_time,1.037076711654663,--none--
183,orig_simpl_obj,183,--none--
183,orig_gsifts1p_time,0.23716068267822266,--none--
183,orig_gsifts1p_obj,428,--none--
183,orig_bestAB_time,0.042525291442871094,--none--
183,orig_bestAB_obj,705,--none--
183,orig_5random_time,0.3131418228149414,--none--
183,orig_5random_obj,941,--none--
184,simpl_opt_status,0,optimal
184,simpl_BB_time,0.7988996505737305,--none--
184,simpl_BB_obj,3537,--none--
184,simpl_minAB_time,0.0001544952392578125,--none--
184,simpl_minAB_obj,22742,--none--
184,simpl_gswaps_time,0.011869192123413086,--none--
184,simpl_gswaps_obj,17688,--none--
184,simpl_5random_time,0.002634763717651367,--none--
184,simpl_5random_obj,7838,--none--
184,simpl_gsifts_1p_time,0.10814094543457031,--none--
184,simpl_gsifts_1p_obj,12978,--none--
184,simpl_gsifts_2p_time,0.36762309074401855,--none--
184,simpl_gsifts_2p_obj,7698,--none--
184,simpl_gsifts_3p_time,0.4943559169769287,--none--
184,simpl_gsifts_3p_obj,5369,--none--
184,orig_simpl_time,0.8858559131622314,--none--
184,orig_simpl_obj,353,--none--
184,orig_gsifts1p_time,0.8723101615905762,--none--
184,orig_gsifts1p_obj,1404,--none--
184,orig_bestAB_time,0.2586803436279297,--none--
184,orig_bestAB_obj,1738,--none--
184,orig_5random_time,0.8948733806610107,--none--
184,orig_5random_obj,2728,--none--
185,simpl_opt_status,0,optimal
185,simpl_BB_time,1.420379638671875,--none--
185,simpl_BB_obj,1987,--none--
185,simpl_minAB_time,0.0001590251922607422,--none--
185,simpl_minAB_obj,17427,--none--
185,simpl_gswaps_time,0.3516087532043457,--none--
185,simpl_gswaps_obj,2597,--none--
185,simpl_5random_time,0.0016722679138183594,--none--
185,simpl_5random_obj,6014,--none--
185,simpl_gsifts_1p_time,0.1206657886505127,--none--
185,simpl_gsifts_1p_obj,3729,--none--
185,simpl_gsifts_2p_time,0.14081621170043945,--none--
185,simpl_gsifts_2p_obj,2803,--none--
185,simpl_gsifts_3p_time,0.21007084846496582,--none--
185,simpl_gsifts_3p_obj,2463,--none--
185,orig_simpl_time,1.4443998336791992,--none--
185,orig_simpl_obj,282,--none--
185,orig_gsifts1p_time,0.9832015037536621,--none--
185,orig_gsifts1p_obj,1378,--none--
185,orig_bestAB_time,0.16663098335266113,--none--
185,orig_bestAB_obj,1117,--none--
185,orig_5random_time,0.6121444702148438,--none--
185,orig_5random_obj,2444,--none--
186,simpl_opt_status,0,optimal
186,simpl_BB_time,0.7531251907348633,--none--
186,simpl_BB_obj,1752,--none--
186,simpl_minAB_time,0.00016236305236816406,--none--
186,simpl_minAB_obj,7834,--none--
186,simpl_gswaps_time,0.07680678367614746,--none--
186,simpl_gswaps_obj,4574,--none--
186,simpl_5random_time,0.0020470619201660156,--none--
186,simpl_5random_obj,10138,--none--
186,simpl_gsifts_1p_time,0.2096538543701172,--none--
186,simpl_gsifts_1p_obj,4436,--none--
186,simpl_gsifts_2p_time,0.42164063453674316,--none--
186,simpl_gsifts_2p_obj,2746,--none--
186,simpl_gsifts_3p_time,0.7052371501922607,--none--
186,simpl_gsifts_3p_obj,2322,--none--
186,orig_simpl_time,0.8198959827423096,--none--
186,orig_simpl_obj,351,--none--
186,orig_gsifts1p_time,1.1652674674987793,--none--
186,orig_gsifts1p_obj,1748,--none--
186,orig_bestAB_time,0.15059733390808105,--none--
186,orig_bestAB_obj,1475,--none--
186,orig_5random_time,0.9366159439086914,--none--
186,orig_5random_obj,3319,--none--
187,simpl_opt_status,0,optimal
187,simpl_BB_time,0.535651683807373,--none--
187,simpl_BB_obj,2021,--none--
187,simpl_minAB_time,0.00015854835510253906,--none--
187,simpl_minAB_obj,6509,--none--
187,simpl_gswaps_time,0.2270827293395996,--none--
187,simpl_gswaps_obj,6083,--none--
187,simpl_5random_time,0.006097316741943359,--none--
187,simpl_5random_obj,11554,--none--
187,simpl_gsifts_1p_time,0.2590498924255371,--none--
187,simpl_gsifts_1p_obj,3971,--none--
187,simpl_gsifts_2p_time,0.5675778388977051,--none--
187,simpl_gsifts_2p_obj,2655,--none--
187,simpl_gsifts_3p_time,0.7428219318389893,--none--
187,simpl_gsifts_3p_obj,2303,--none--
187,orig_simpl_time,0.6615772247314453,--none--
187,orig_simpl_obj,303,--none--
187,orig_gsifts1p_time,0.7379248142242432,--none--
187,orig_gsifts1p_obj,1047,--none--
187,orig_bestAB_time,0.13855838775634766,--none--
187,orig_bestAB_obj,1565,--none--
187,orig_5random_time,0.7018060684204102,--none--
187,orig_5random_obj,1983,--none--
188,simpl_opt_status,0,optimal
188,simpl_BB_time,1.5625865459442139,--none--
188,simpl_BB_obj,768,--none--
188,simpl_minAB_time,0.00018334388732910156,--none--
188,simpl_minAB_obj,4479,--none--
188,simpl_gswaps_time,0.22210359573364258,--none--
188,simpl_gswaps_obj,769,--none--
188,simpl_5random_time,0.010832786560058594,--none--
188,simpl_5random_obj,3634,--none--
188,simpl_gsifts_1p_time,0.1642601490020752,--none--
188,simpl_gsifts_1p_obj,1581,--none--
188,simpl_gsifts_2p_time,0.37160539627075195,--none--
188,simpl_gsifts_2p_obj,933,--none--
188,simpl_gsifts_3p_time,0.5629403591156006,--none--
188,simpl_gsifts_3p_obj,813,--none--
188,orig_simpl_time,1.5856478214263916,--none--
188,orig_simpl_obj,182,--none--
188,orig_gsifts1p_time,0.46642398834228516,--none--
188,orig_gsifts1p_obj,595,--none--
188,orig_bestAB_time,0.0955042839050293,--none--
188,orig_bestAB_obj,395,--none--
188,orig_5random_time,0.25414228439331055,--none--
188,orig_5random_obj,1042,--none--
189,simpl_opt_status,0,optimal
189,simpl_BB_time,0.8669524192810059,--none--
189,simpl_BB_obj,1916,--none--
189,simpl_minAB_time,0.0001766681671142578,--none--
189,simpl_minAB_obj,4036,--none--
189,simpl_gswaps_time,0.26328420639038086,--none--
189,simpl_gswaps_obj,1917,--none--
189,simpl_5random_time,0.001725912094116211,--none--
189,simpl_5random_obj,21718,--none--
189,simpl_gsifts_1p_time,0.26044750213623047,--none--
189,simpl_gsifts_1p_obj,2607,--none--
189,simpl_gsifts_2p_time,0.5994603633880615,--none--
189,simpl_gsifts_2p_obj,2251,--none--
189,simpl_gsifts_3p_time,0.9481105804443359,--none--
189,simpl_gsifts_3p_obj,1921,--none--
189,orig_simpl_time,1.2163734436035156,--none--
189,orig_simpl_obj,361,--none--
189,orig_gsifts1p_time,1.4760282039642334,--none--
189,orig_gsifts1p_obj,2010,--none--
189,orig_bestAB_time,0.2641739845275879,--none--
189,orig_bestAB_obj,1121,--none--
189,orig_5random_time,0.9247384071350098,--none--
189,orig_5random_obj,2167,--none--
18,simpl_opt_status,0,optimal
18,simpl_BB_time,1.430968999862671,--none--
18,simpl_BB_obj,2488,--none--
18,simpl_minAB_time,0.00018072128295898438,--none--
18,simpl_minAB_obj,8092,--none--
18,simpl_gswaps_time,0.03463387489318848,--none--
18,simpl_gswaps_obj,5489,--none--
18,simpl_5random_time,0.001773834228515625,--none--
18,simpl_5random_obj,10034,--none--
18,simpl_gsifts_1p_time,0.2290809154510498,--none--
18,simpl_gsifts_1p_obj,5247,--none--
18,simpl_gsifts_2p_time,0.4134843349456787,--none--
18,simpl_gsifts_2p_obj,3779,--none--
18,simpl_gsifts_3p_time,0.5109422206878662,--none--
18,simpl_gsifts_3p_obj,2926,--none--
18,orig_simpl_time,1.4937515258789062,--none--
18,orig_simpl_obj,295,--none--
18,orig_gsifts1p_time,1.101525068283081,--none--
18,orig_gsifts1p_obj,1721,--none--
18,orig_bestAB_time,0.16923308372497559,--none--
18,orig_bestAB_obj,2159,--none--
18,orig_5random_time,0.6770033836364746,--none--
18,orig_5random_obj,3337,--none--
190,simpl_opt_status,0,optimal
190,simpl_BB_time,1.7420217990875244,--none--
190,simpl_BB_obj,1151,--none--
190,simpl_minAB_time,0.00017571449279785156,--none--
190,simpl_minAB_obj,6596,--none--
190,simpl_gswaps_time,0.16231346130371094,--none--
190,simpl_gswaps_obj,6328,--none--
190,simpl_5random_time,0.0016934871673583984,--none--
190,simpl_5random_obj,7438,--none--
190,simpl_gsifts_1p_time,0.330355167388916,--none--
190,simpl_gsifts_1p_obj,1825,--none--
190,simpl_gsifts_2p_time,0.5742475986480713,--none--
190,simpl_gsifts_2p_obj,1390,--none--
190,simpl_gsifts_3p_time,0.6244065761566162,--none--
190,simpl_gsifts_3p_obj,1264,--none--
190,orig_simpl_time,1.796058177947998,--none--
190,orig_simpl_obj,264,--none--
190,orig_gsifts1p_time,0.5444073677062988,--none--
190,orig_gsifts1p_obj,1033,--none--
190,orig_bestAB_time,0.13089704513549805,--none--
190,orig_bestAB_obj,1347,--none--
190,orig_5random_time,0.993311882019043,--none--
190,orig_5random_obj,3151,--none--
191,simpl_opt_status,0,optimal
191,simpl_BB_time,0.5809786319732666,--none--
191,simpl_BB_obj,2160,--none--
191,simpl_minAB_time,0.00017023086547851562,--none--
191,simpl_minAB_obj,12916,--none--
191,simpl_gswaps_time,0.20354008674621582,--none--
191,simpl_gswaps_obj,2461,--none--
191,simpl_5random_time,0.0017206668853759766,--none--
191,simpl_5random_obj,18140,--none--
191,simpl_gsifts_1p_time,0.10004401206970215,--none--
191,simpl_gsifts_1p_obj,7207,--none--
191,simpl_gsifts_2p_time,0.3487381935119629,--none--
191,simpl_gsifts_2p_obj,4289,--none--
191,simpl_gsifts_3p_time,0.5961155891418457,--none--
191,simpl_gsifts_3p_obj,2973,--none--
191,orig_simpl_time,0.6424822807312012,--none--
191,orig_simpl_obj,237,--none--
191,orig_gsifts1p_time,0.8477268218994141,--none--
191,orig_gsifts1p_obj,1348,--none--
191,orig_bestAB_time,0.2145698070526123,--none--
191,orig_bestAB_obj,1614,--none--
191,orig_5random_time,0.7233335971832275,--none--
191,orig_5random_obj,1690,--none--
192,simpl_opt_status,0,optimal
192,simpl_BB_time,1.2467105388641357,--none--
192,simpl_BB_obj,811,--none--
192,simpl_minAB_time,0.00017213821411132812,--none--
192,simpl_minAB_obj,4937,--none--
192,simpl_gswaps_time,0.18539762496948242,--none--
192,simpl_gswaps_obj,2463,--none--
192,simpl_5random_time,0.0016074180603027344,--none--
192,simpl_5random_obj,3685,--none--
192,simpl_gsifts_1p_time,0.2523000240325928,--none--
192,simpl_gsifts_1p_obj,2956,--none--
192,simpl_gsifts_2p_time,0.5482568740844727,--none--
192,simpl_gsifts_2p_obj,1847,--none--
192,simpl_gsifts_3p_time,0.4860503673553467,--none--
192,simpl_gsifts_3p_obj,1280,--none--
192,orig_simpl_time,1.2698585987091064,--none--
192,orig_simpl_obj,195,--none--
192,orig_gsifts1p_time,0.1796875,--none--
192,orig_gsifts1p_obj,569,--none--
192,orig_bestAB_time,0.05538582801818848,--none--
192,orig_bestAB_obj,624,--none--
192,orig_5random_time,0.14956903457641602,--none--
192,orig_5random_obj,1198,--none--
193,simpl_opt_status,0,optimal
193,simpl_BB_time,3.1458988189697266,--none--
193,simpl_BB_obj,315,--none--
193,simpl_minAB_time,0.00017333030700683594,--none--
193,simpl_minAB_obj,1068,--none--
193,simpl_gswaps_time,0.2102046012878418,--none--
193,simpl_gswaps_obj,425,--none--
193,simpl_5random_time,0.001844644546508789,--none--
193,simpl_5random_obj,4170,--none--
193,simpl_gsifts_1p_time,0.2675790786743164,--none--
193,simpl_gsifts_1p_obj,721,--none--
193,simpl_gsifts_2p_time,0.46573591232299805,--none--
193,simpl_gsifts_2p_obj,593,--none--
193,simpl_gsifts_3p_time,0.4374203681945801,--none--
193,simpl_gsifts_3p_obj,511,--none--
193,orig_simpl_time,3.1537246704101562,--none--
193,orig_simpl_obj,107,--none--
193,orig_gsifts1p_time,0.19384384155273438,--none--
193,orig_gsifts1p_obj,250,--none--
193,orig_bestAB_time,0.025539636611938477,--none--
193,orig_bestAB_obj,227,--none--
193,orig_5random_time,0.17619657516479492,--none--
193,orig_5random_obj,416,--none--
194,simpl_opt_status,0,optimal
194,simpl_BB_time,2.287517786026001,--none--
194,simpl_BB_obj,1432,--none--
194,simpl_minAB_time,0.0001709461212158203,--none--
194,simpl_minAB_obj,16643,--none--
194,simpl_gswaps_time,0.09058046340942383,--none--
194,simpl_gswaps_obj,1448,--none--
194,simpl_5random_time,0.001608133316040039,--none--
194,simpl_5random_obj,8162,--none--
194,simpl_gsifts_1p_time,0.09091782569885254,--none--
194,simpl_gsifts_1p_obj,4038,--none--
194,simpl_gsifts_2p_time,0.3065071105957031,--none--
194,simpl_gsifts_2p_obj,2694,--none--
194,simpl_gsifts_3p_time,0.9475176334381104,--none--
194,simpl_gsifts_3p_obj,1488,--none--
194,orig_simpl_time,2.3836591243743896,--none--
194,orig_simpl_obj,254,--none--
194,orig_gsifts1p_time,2.0927734375,--none--
194,orig_gsifts1p_obj,1752,--none--
194,orig_bestAB_time,0.21812129020690918,--none--
194,orig_bestAB_obj,660,--none--
194,orig_5random_time,0.7127177715301514,--none--
194,orig_5random_obj,1893,--none--
195,simpl_opt_status,0,optimal
195,simpl_BB_time,0.8769164085388184,--none--
195,simpl_BB_obj,582,--none--
195,simpl_minAB_time,0.0001742839813232422,--none--
195,simpl_minAB_obj,3399,--none--
195,simpl_gswaps_time,0.09348249435424805,--none--
195,simpl_gswaps_obj,3255,--none--
195,simpl_5random_time,0.0016689300537109375,--none--
195,simpl_5random_obj,2448,--none--
195,simpl_gsifts_1p_time,0.16381072998046875,--none--
195,simpl_gsifts_1p_obj,1362,--none--
195,simpl_gsifts_2p_time,0.41422200202941895,--none--
195,simpl_gsifts_2p_obj,1004,--none--
195,simpl_gsifts_3p_time,0.5482087135314941,--none--
195,simpl_gsifts_3p_obj,851,--none--
195,orig_simpl_time,0.9175496101379395,--none--
195,orig_simpl_obj,141,--none--
195,orig_gsifts1p_time,0.11810183525085449,--none--
195,orig_gsifts1p_obj,409,--none--
195,orig_bestAB_time,0.02342700958251953,--none--
195,orig_bestAB_obj,436,--none--
195,orig_5random_time,0.19855165481567383,--none--
195,orig_5random_obj,885,--none--
196,simpl_opt_status,0,optimal
196,simpl_BB_time,0.9043591022491455,--none--
196,simpl_BB_obj,678,--none--
196,simpl_minAB_time,0.0001876354217529297,--none--
196,simpl_minAB_obj,1179,--none--
196,simpl_gswaps_time,0.04961395263671875,--none--
196,simpl_gswaps_obj,1049,--none--
196,simpl_5random_time,0.0018367767333984375,--none--
196,simpl_5random_obj,6544,--none--
196,simpl_gsifts_1p_time,0.19452381134033203,--none--
196,simpl_gsifts_1p_obj,828,--none--
196,simpl_gsifts_2p_time,0.32671523094177246,--none--
196,simpl_gsifts_2p_obj,707,--none--
196,simpl_gsifts_3p_time,0.5004186630249023,--none--
196,simpl_gsifts_3p_obj,689,--none--
196,orig_simpl_time,0.9273974895477295,--none--
196,orig_simpl_obj,214,--none--
196,orig_gsifts1p_time,0.47840213775634766,--none--
196,orig_gsifts1p_obj,1004,--none--
196,orig_bestAB_time,0.06647300720214844,--none--
196,orig_bestAB_obj,346,--none--
196,orig_5random_time,0.44592714309692383,--none--
196,orig_5random_obj,1046,--none--
197,simpl_opt_status,0,optimal
197,simpl_BB_time,0.1930844783782959,--none--
197,simpl_BB_obj,3237,--none--
197,simpl_minAB_time,0.00015616416931152344,--none--
197,simpl_minAB_obj,9458,--none--
197,simpl_gswaps_time,0.11312484741210938,--none--
197,simpl_gswaps_obj,7543,--none--
197,simpl_5random_time,0.0016391277313232422,--none--
197,simpl_5random_obj,15726,--none--
197,simpl_gsifts_1p_time,0.2866485118865967,--none--
197,simpl_gsifts_1p_obj,6040,--none--
197,simpl_gsifts_2p_time,0.5519998073577881,--none--
197,simpl_gsifts_2p_obj,4142,--none--
197,simpl_gsifts_3p_time,0.8977453708648682,--none--
197,simpl_gsifts_3p_obj,3471,--none--
197,orig_simpl_time,0.33083391189575195,--none--
197,orig_simpl_obj,452,--none--
197,orig_gsifts1p_time,0.9856548309326172,--none--
197,orig_gsifts1p_obj,1959,--none--
197,orig_bestAB_time,0.32682204246520996,--none--
197,orig_bestAB_obj,1440,--none--
197,orig_5random_time,0.9272887706756592,--none--
197,orig_5random_obj,2445,--none--
198,simpl_opt_status,0,optimal
198,simpl_BB_time,0.6446359157562256,--none--
198,simpl_BB_obj,907,--none--
198,simpl_minAB_time,0.0001571178436279297,--none--
198,simpl_minAB_obj,16953,--none--
198,simpl_gswaps_time,0.08693814277648926,--none--
198,simpl_gswaps_obj,16461,--none--
198,simpl_5random_time,0.0018606185913085938,--none--
198,simpl_5random_obj,4387,--none--
198,simpl_gsifts_1p_time,0.21964788436889648,--none--
198,simpl_gsifts_1p_obj,8829,--none--
198,simpl_gsifts_2p_time,0.38223743438720703,--none--
198,simpl_gsifts_2p_obj,4828,--none--
198,simpl_gsifts_3p_time,0.4297046661376953,--none--
198,simpl_gsifts_3p_obj,2874,--none--
198,orig_simpl_time,0.6833102703094482,--none--
198,orig_simpl_obj,141,--none--
198,orig_gsifts1p_time,0.24327659606933594,--none--
198,orig_gsifts1p_obj,319,--none--
198,orig_bestAB_time,0.09848737716674805,--none--
198,orig_bestAB_obj,430,--none--
198,orig_5random_time,0.40985703468322754,--none--
198,orig_5random_obj,868,--none--
199,simpl_opt_status,0,optimal
199,simpl_BB_time,0.9157559871673584,--none--
199,simpl_BB_obj,1674,--none--
199,simpl_minAB_time,0.00015783309936523438,--none--
199,simpl_minAB_obj,3916,--none--
199,simpl_gswaps_time,0.10999488830566406,--none--
199,simpl_gswaps_obj,1887,--none--
199,simpl_5random_time,0.0016562938690185547,--none--
199,simpl_5random_obj,9799,--none--
199,simpl_gsifts_1p_time,0.19760346412658691,--none--
199,simpl_gsifts_1p_obj,2328,--none--
199,simpl_gsifts_2p_time,0.4523489475250244,--none--
199,simpl_gsifts_2p_obj,1888,--none--
199,simpl_gsifts_3p_time,0.833622932434082,--none--
199,simpl_gsifts_3p_obj,1708,--none--
199,orig_simpl_time,0.9931080341339111,--none--
199,orig_simpl_obj,321,--none--
199,orig_gsifts1p_time,1.5964281558990479,--none--
199,orig_gsifts1p_obj,1631,--none--
199,orig_bestAB_time,0.24761223793029785,--none--
199,orig_bestAB_obj,1197,--none--
199,orig_5random_time,1.2511100769042969,--none--
199,orig_5random_obj,2058,--none--
19,simpl_opt_status,0,optimal
19,simpl_BB_time,1.6666936874389648,--none--
19,simpl_BB_obj,1645,--none--
19,simpl_minAB_time,0.00017142295837402344,--none--
19,simpl_minAB_obj,14958,--none--
19,simpl_gswaps_time,0.07643914222717285,--none--
19,simpl_gswaps_obj,12478,--none--
19,simpl_5random_time,0.001598358154296875,--none--
19,simpl_5random_obj,10366,--none--
19,simpl_gsifts_1p_time,0.169569730758667,--none--
19,simpl_gsifts_1p_obj,7411,--none--
19,simpl_gsifts_2p_time,0.3205564022064209,--none--
19,simpl_gsifts_2p_obj,4269,--none--
19,simpl_gsifts_3p_time,0.450181245803833,--none--
19,simpl_gsifts_3p_obj,2870,--none--
19,orig_simpl_time,1.693559169769287,--none--
19,orig_simpl_obj,293,--none--
19,orig_gsifts1p_time,0.6312308311462402,--none--
19,orig_gsifts1p_obj,584,--none--
19,orig_bestAB_time,0.13562560081481934,--none--
19,orig_bestAB_obj,799,--none--
19,orig_5random_time,0.6128811836242676,--none--
19,orig_5random_obj,2814,--none--
1,simpl_opt_status,0,optimal
1,simpl_BB_time,4.285223007202148,--none--
1,simpl_BB_obj,819,--none--
1,simpl_minAB_time,0.000164031982421875,--none--
1,simpl_minAB_obj,16470,--none--
1,simpl_gswaps_time,0.05390477180480957,--none--
1,simpl_gswaps_obj,16443,--none--
1,simpl_5random_time,0.0040509700775146484,--none--
1,simpl_5random_obj,3522,--none--
1,simpl_gsifts_1p_time,0.17439675331115723,--none--
1,simpl_gsifts_1p_obj,8540,--none--
1,simpl_gsifts_2p_time,0.3822062015533447,--none--
1,simpl_gsifts_2p_obj,4508,--none--
1,simpl_gsifts_3p_time,0.639519214630127,--none--
1,simpl_gsifts_3p_obj,2524,--none--
1,orig_simpl_time,4.303673028945923,--none--
1,orig_simpl_obj,95,--none--
1,orig_gsifts1p_time,0.13997960090637207,--none--
1,orig_gsifts1p_obj,142,--none--
1,orig_bestAB_time,0.04868602752685547,--none--
1,orig_bestAB_obj,183,--none--
1,orig_5random_time,0.19439220428466797,--none--
1,orig_5random_obj,286,--none--
200,simpl_opt_status,0,optimal
200,simpl_BB_time,1.5905189514160156,--none--
200,simpl_BB_obj,793,--none--
200,simpl_minAB_time,0.0001690387725830078,--none--
200,simpl_minAB_obj,3221,--none--
200,simpl_gswaps_time,0.17426753044128418,--none--
200,simpl_gswaps_obj,2309,--none--
200,simpl_5random_time,0.0016398429870605469,--none--
200,simpl_5random_obj,8134,--none--
200,simpl_gsifts_1p_time,0.1238400936126709,--none--
200,simpl_gsifts_1p_obj,1918,--none--
200,simpl_gsifts_2p_time,0.34915614128112793,--none--
200,simpl_gsifts_2p_obj,1362,--none--
200,simpl_gsifts_3p_time,0.5922281742095947,--none--
200,simpl_gsifts_3p_obj,1162,--none--
200,orig_simpl_time,1.6292719841003418,--none--
200,orig_simpl_obj,209,--none--
200,orig_gsifts1p_time,0.208268404006958,--none--
200,orig_gsifts1p_obj,382,--none--
200,orig_bestAB_time,0.04795265197753906,--none--
200,orig_bestAB_obj,421,--none--
200,orig_5random_time,0.2706303596496582,--none--
200,orig_5random_obj,890,--none--
201,simpl_opt_status,0,optimal
201,simpl_BB_time,0.9509725570678711,--none--
201,simpl_BB_obj,1081,--none--
201,simpl_minAB_time,0.00016379356384277344,--none--
201,simpl_minAB_obj,3799,--none--
201,simpl_gswaps_time,0.1119377613067627,--none--
201,simpl_gswaps_obj,2626,--none--
201,simpl_5random_time,0.0016522407531738281,--none--
201,simpl_5random_obj,6496,--none--
201,simpl_gsifts_1p_time,0.07705569267272949,--none--
201,simpl_gsifts_1p_obj,2709,--none--
201,simpl_gsifts_2p_time,0.1676633358001709,--none--
201,simpl_gsifts_2p_obj,1817,--none--
201,simpl_gsifts_3p_time,0.9436988830566406,--none--
201,simpl_gsifts_3p_obj,1363,--none--
201,orig_simpl_time,1.0054748058319092,--none--
201,orig_simpl_obj,169,--none--
201,orig_gsifts1p_time,0.3927443027496338,--none--
201,orig_gsifts1p_obj,172,--none--
201,orig_bestAB_time,0.13863396644592285,--none--
201,orig_bestAB_obj,174,--none--
201,orig_5random_time,0.34861063957214355,--none--
201,orig_5random_obj,864,--none--
202,simpl_opt_status,0,optimal
202,simpl_BB_time,0.9986693859100342,--none--
202,simpl_BB_obj,965,--none--
202,simpl_minAB_time,0.00016927719116210938,--none--
202,simpl_minAB_obj,16423,--none--
202,simpl_gswaps_time,0.1683638095855713,--none--
202,simpl_gswaps_obj,979,--none--
202,simpl_5random_time,0.0019299983978271484,--none--
202,simpl_5random_obj,5350,--none--
202,simpl_gsifts_1p_time,0.09593796730041504,--none--
202,simpl_gsifts_1p_obj,5025,--none--
202,simpl_gsifts_2p_time,0.3092825412750244,--none--
202,simpl_gsifts_2p_obj,2875,--none--
202,simpl_gsifts_3p_time,0.6691484451293945,--none--
202,simpl_gsifts_3p_obj,1891,--none--
202,orig_simpl_time,1.0513696670532227,--none--
202,orig_simpl_obj,310,--none--
202,orig_gsifts1p_time,0.3491172790527344,--none--
202,orig_gsifts1p_obj,381,--none--
202,orig_bestAB_time,0.07528543472290039,--none--
202,orig_bestAB_obj,385,--none--
202,orig_5random_time,0.750424861907959,--none--
202,orig_5random_obj,2194,--none--
203,simpl_opt_status,0,optimal
203,simpl_BB_time,0.6014125347137451,--none--
203,simpl_BB_obj,1445,--none--
203,simpl_minAB_time,0.00018596649169921875,--none--
203,simpl_minAB_obj,16748,--none--
203,simpl_gswaps_time,0.09029412269592285,--none--
203,simpl_gswaps_obj,16513,--none--
203,simpl_5random_time,0.0017049312591552734,--none--
203,simpl_5random_obj,4382,--none--
203,simpl_gsifts_1p_time,0.15342164039611816,--none--
203,simpl_gsifts_1p_obj,4517,--none--
203,simpl_gsifts_2p_time,0.3536112308502197,--none--
203,simpl_gsifts_2p_obj,3059,--none--
203,simpl_gsifts_3p_time,0.5115513801574707,--none--
203,simpl_gsifts_3p_obj,2181,--none--
203,orig_simpl_time,0.6496977806091309,--none--
203,orig_simpl_obj,258,--none--
203,orig_gsifts1p_time,0.40477967262268066,--none--
203,orig_gsifts1p_obj,710,--none--
203,orig_bestAB_time,0.12359499931335449,--none--
203,orig_bestAB_obj,962,--none--
203,orig_5random_time,0.6511335372924805,--none--
203,orig_5random_obj,1853,--none--
204,simpl_opt_status,0,optimal
204,simpl_BB_time,0.7474048137664795,--none--
204,simpl_BB_obj,1311,--none--
204,simpl_minAB_time,0.00016236305236816406,--none--
204,simpl_minAB_obj,11144,--none--
204,simpl_gswaps_time,0.03778719902038574,--none--
204,simpl_gswaps_obj,10489,--none--
204,simpl_5random_time,0.0015873908996582031,--none--
204,simpl_5random_obj,12730,--none--
204,simpl_gsifts_1p_time,0.15934038162231445,--none--
204,simpl_gsifts_1p_obj,6124,--none--
204,simpl_gsifts_2p_time,0.3003726005554199,--none--
204,simpl_gsifts_2p_obj,3510,--none--
204,simpl_gsifts_3p_time,0.4645214080810547,--none--
204,simpl_gsifts_3p_obj,2158,--none--
204,orig_simpl_time,0.7892019748687744,--none--
204,orig_simpl_obj,221,--none--
204,orig_gsifts1p_time,0.46547698974609375,--none--
204,orig_gsifts1p_obj,715,--none--
204,orig_bestAB_time,0.13713598251342773,--none--
204,orig_bestAB_obj,898,--none--
204,orig_5random_time,0.5772242546081543,--none--
204,orig_5random_obj,1307,--none--
205,simpl_opt_status,0,optimal
205,simpl_BB_time,3.9591329097747803,--none--
205,simpl_BB_obj,831,--none--
205,simpl_minAB_time,0.0008933544158935547,--none--
205,simpl_minAB_obj,9808,--none--
205,simpl_gswaps_time,0.19903039932250977,--none--
205,simpl_gswaps_obj,2275,--none--
205,simpl_5random_time,0.005361080169677734,--none--
205,simpl_5random_obj,5454,--none--
205,simpl_gsifts_1p_time,0.1271216869354248,--none--
205,simpl_gsifts_1p_obj,2386,--none--
205,simpl_gsifts_2p_time,0.3046226501464844,--none--
205,simpl_gsifts_2p_obj,1509,--none--
205,simpl_gsifts_3p_time,0.5818336009979248,--none--
205,simpl_gsifts_3p_obj,1169,--none--
205,orig_simpl_time,4.0172789096832275,--none--
205,orig_simpl_obj,224,--none--
205,orig_gsifts1p_time,0.7966766357421875,--none--
205,orig_gsifts1p_obj,618,--none--
205,orig_bestAB_time,0.03574991226196289,--none--
205,orig_bestAB_obj,640,--none--
205,orig_5random_time,0.5970957279205322,--none--
205,orig_5random_obj,1944,--none--
206,simpl_opt_status,0,optimal
206,simpl_BB_time,1.4544792175292969,--none--
206,simpl_BB_obj,1425,--none--
206,simpl_minAB_time,0.0001628398895263672,--none--
206,simpl_minAB_obj,8789,--none--
206,simpl_gswaps_time,0.023245811462402344,--none--
206,simpl_gswaps_obj,4827,--none--
206,simpl_5random_time,0.0018813610076904297,--none--
206,simpl_5random_obj,10782,--none--
206,simpl_gsifts_1p_time,0.15848970413208008,--none--
206,simpl_gsifts_1p_obj,4827,--none--
206,simpl_gsifts_2p_time,0.42631006240844727,--none--
206,simpl_gsifts_2p_obj,3029,--none--
206,simpl_gsifts_3p_time,0.9356698989868164,--none--
206,simpl_gsifts_3p_obj,2149,--none--
206,orig_simpl_time,1.533231258392334,--none--
206,orig_simpl_obj,283,--none--
206,orig_gsifts1p_time,1.1547634601593018,--none--
206,orig_gsifts1p_obj,800,--none--
206,orig_bestAB_time,0.26381945610046387,--none--
206,orig_bestAB_obj,1463,--none--
206,orig_5random_time,0.946976900100708,--none--
206,orig_5random_obj,1290,--none--
207,simpl_opt_status,0,optimal
207,simpl_BB_time,3.5385565757751465,--none--
207,simpl_BB_obj,806,--none--
207,simpl_minAB_time,0.00016450881958007812,--none--
207,simpl_minAB_obj,4662,--none--
207,simpl_gswaps_time,0.28981494903564453,--none--
207,simpl_gswaps_obj,860,--none--
207,simpl_5random_time,0.018734455108642578,--none--
207,simpl_5random_obj,5806,--none--
207,simpl_gsifts_1p_time,0.18584561347961426,--none--
207,simpl_gsifts_1p_obj,2655,--none--
207,simpl_gsifts_2p_time,0.42316246032714844,--none--
207,simpl_gsifts_2p_obj,1645,--none--
207,simpl_gsifts_3p_time,0.4788830280303955,--none--
207,simpl_gsifts_3p_obj,1166,--none--
207,orig_simpl_time,3.5761194229125977,--none--
207,orig_simpl_obj,167,--none--
207,orig_gsifts1p_time,1.1092355251312256,--none--
207,orig_gsifts1p_obj,1027,--none--
207,orig_bestAB_time,0.13628768920898438,--none--
207,orig_bestAB_obj,573,--none--
207,orig_5random_time,0.5492956638336182,--none--
207,orig_5random_obj,1316,--none--
208,simpl_opt_status,0,optimal
208,simpl_BB_time,1.1317906379699707,--none--
208,simpl_BB_obj,2008,--none--
208,simpl_minAB_time,0.00019860267639160156,--none--
208,simpl_minAB_obj,4665,--none--
208,simpl_gswaps_time,0.13068866729736328,--none--
208,simpl_gswaps_obj,2408,--none--
208,simpl_5random_time,0.0016841888427734375,--none--
208,simpl_5random_obj,11358,--none--
208,simpl_gsifts_1p_time,0.16266083717346191,--none--
208,simpl_gsifts_1p_obj,2960,--none--
208,simpl_gsifts_2p_time,0.2992253303527832,--none--
208,simpl_gsifts_2p_obj,2523,--none--
208,simpl_gsifts_3p_time,0.49848031997680664,--none--
208,simpl_gsifts_3p_obj,2165,--none--
208,orig_simpl_time,1.1903049945831299,--none--
208,orig_simpl_obj,483,--none--
208,orig_gsifts1p_time,1.004983901977539,--none--
208,orig_gsifts1p_obj,1527,--none--
208,orig_bestAB_time,0.14087510108947754,--none--
208,orig_bestAB_obj,1951,--none--
208,orig_5random_time,1.424473524093628,--none--
208,orig_5random_obj,5360,--none--
209,simpl_opt_status,0,optimal
209,simpl_BB_time,1.9703073501586914,--none--
209,simpl_BB_obj,1281,--none--
209,simpl_minAB_time,0.0001647472381591797,--none--
209,simpl_minAB_obj,3246,--none--
209,simpl_gswaps_time,0.05856585502624512,--none--
209,simpl_gswaps_obj,2766,--none--
209,simpl_5random_time,0.0016925334930419922,--none--
209,simpl_5random_obj,9568,--none--
209,simpl_gsifts_1p_time,0.10498809814453125,--none--
209,simpl_gsifts_1p_obj,2410,--none--
209,simpl_gsifts_2p_time,0.3928236961364746,--none--
209,simpl_gsifts_2p_obj,1734,--none--
209,simpl_gsifts_3p_time,0.549534797668457,--none--
209,simpl_gsifts_3p_obj,1558,--none--
209,orig_simpl_time,1.9911179542541504,--none--
209,orig_simpl_obj,258,--none--
209,orig_gsifts1p_time,0.21550226211547852,--none--
209,orig_gsifts1p_obj,587,--none--
209,orig_bestAB_time,0.03838944435119629,--none--
209,orig_bestAB_obj,888,--none--
209,orig_5random_time,0.40149545669555664,--none--
209,orig_5random_obj,1144,--none--
