instance,num_type,value,comment
20,simpl_opt_status,0,optimal
20,simpl_BB_time,1.3796970844268799,--none--
20,simpl_BB_obj,1485,--none--
20,simpl_minAB_time,0.00016450881958007812,--none--
20,simpl_minAB_obj,2085,--none--
20,simpl_gswaps_time,0.120513916015625,--none--
20,simpl_gswaps_obj,1485,--none--
20,simpl_5random_time,0.0018112659454345703,--none--
20,simpl_5random_obj,13482,--none--
20,simpl_gsifts_1p_time,0.15439867973327637,--none--
20,simpl_gsifts_1p_obj,1898,--none--
20,simpl_gsifts_2p_time,0.22574472427368164,--none--
20,simpl_gsifts_2p_obj,1737,--none--
20,simpl_gsifts_3p_time,0.31655311584472656,--none--
20,simpl_gsifts_3p_obj,1641,--none--
20,orig_simpl_time,1.4454448223114014,--none--
20,orig_simpl_obj,525,--none--
20,orig_gsifts1p_time,0.4879872798919678,--none--
20,orig_gsifts1p_obj,889,--none--
20,orig_bestAB_time,0.09291958808898926,--none--
20,orig_bestAB_obj,1178,--none--
20,orig_5random_time,0.6484718322753906,--none--
20,orig_5random_obj,3636,--none--
210,simpl_opt_status,0,optimal
210,simpl_BB_time,0.9844844341278076,--none--
210,simpl_BB_obj,932,--none--
210,simpl_minAB_time,0.00017595291137695312,--none--
210,simpl_minAB_obj,4389,--none--
210,simpl_gswaps_time,0.06586956977844238,--none--
210,simpl_gswaps_obj,4291,--none--
210,simpl_5random_time,0.00997161865234375,--none--
210,simpl_5random_obj,9789,--none--
210,simpl_gsifts_1p_time,0.1647334098815918,--none--
210,simpl_gsifts_1p_obj,1346,--none--
210,simpl_gsifts_2p_time,0.281022310256958,--none--
210,simpl_gsifts_2p_obj,1222,--none--
210,simpl_gsifts_3p_time,0.3338623046875,--none--
210,simpl_gsifts_3p_obj,1125,--none--
210,orig_simpl_time,1.0030479431152344,--none--
210,orig_simpl_obj,275,--none--
210,orig_gsifts1p_time,0.15651178359985352,--none--
210,orig_gsifts1p_obj,317,--none--
210,orig_bestAB_time,0.027466773986816406,--none--
210,orig_bestAB_obj,393,--none--
210,orig_5random_time,0.26795196533203125,--none--
210,orig_5random_obj,995,--none--
211,simpl_opt_status,0,optimal
211,simpl_BB_time,0.39237046241760254,--none--
211,simpl_BB_obj,1218,--none--
211,simpl_minAB_time,0.00016880035400390625,--none--
211,simpl_minAB_obj,8969,--none--
211,simpl_gswaps_time,0.08821964263916016,--none--
211,simpl_gswaps_obj,6578,--none--
211,simpl_5random_time,0.0015666484832763672,--none--
211,simpl_5random_obj,9712,--none--
211,simpl_gsifts_1p_time,0.12910127639770508,--none--
211,simpl_gsifts_1p_obj,4901,--none--
211,simpl_gsifts_2p_time,0.21918344497680664,--none--
211,simpl_gsifts_2p_obj,2885,--none--
211,simpl_gsifts_3p_time,0.32579994201660156,--none--
211,simpl_gsifts_3p_obj,2107,--none--
211,orig_simpl_time,0.4263877868652344,--none--
211,orig_simpl_obj,336,--none--
211,orig_gsifts1p_time,0.48957037925720215,--none--
211,orig_gsifts1p_obj,1339,--none--
211,orig_bestAB_time,0.06822013854980469,--none--
211,orig_bestAB_obj,490,--none--
211,orig_5random_time,0.5476808547973633,--none--
211,orig_5random_obj,1878,--none--
212,simpl_opt_status,0,optimal
212,simpl_BB_time,0.7656331062316895,--none--
212,simpl_BB_obj,1126,--none--
212,simpl_minAB_time,0.00016307830810546875,--none--
212,simpl_minAB_obj,9007,--none--
212,simpl_gswaps_time,0.09723091125488281,--none--
212,simpl_gswaps_obj,1677,--none--
212,simpl_5random_time,0.0017025470733642578,--none--
212,simpl_5random_obj,8368,--none--
212,simpl_gsifts_1p_time,0.17006540298461914,--none--
212,simpl_gsifts_1p_obj,4993,--none--
212,simpl_gsifts_2p_time,0.27449560165405273,--none--
212,simpl_gsifts_2p_obj,3041,--none--
212,simpl_gsifts_3p_time,0.3383138179779053,--none--
212,simpl_gsifts_3p_obj,2179,--none--
212,orig_simpl_time,0.8079216480255127,--none--
212,orig_simpl_obj,211,--none--
212,orig_gsifts1p_time,0.07170248031616211,--none--
212,orig_gsifts1p_obj,166,--none--
212,orig_bestAB_time,0.03432607650756836,--none--
212,orig_bestAB_obj,227,--none--
212,orig_5random_time,0.25751519203186035,--none--
212,orig_5random_obj,929,--none--
213,simpl_opt_status,0,optimal
213,simpl_BB_time,0.4783909320831299,--none--
213,simpl_BB_obj,1498,--none--
213,simpl_minAB_time,0.000164031982421875,--none--
213,simpl_minAB_obj,3397,--none--
213,simpl_gswaps_time,0.13317012786865234,--none--
213,simpl_gswaps_obj,1501,--none--
213,simpl_5random_time,0.0016469955444335938,--none--
213,simpl_5random_obj,12410,--none--
213,simpl_gsifts_1p_time,0.07605290412902832,--none--
213,simpl_gsifts_1p_obj,2237,--none--
213,simpl_gsifts_2p_time,0.2002420425415039,--none--
213,simpl_gsifts_2p_obj,1658,--none--
213,simpl_gsifts_3p_time,0.4201641082763672,--none--
213,simpl_gsifts_3p_obj,1575,--none--
213,orig_simpl_time,0.502190113067627,--none--
213,orig_simpl_obj,335,--none--
213,orig_gsifts1p_time,0.2880227565765381,--none--
213,orig_gsifts1p_obj,339,--none--
213,orig_bestAB_time,0.12261366844177246,--none--
213,orig_bestAB_obj,494,--none--
213,orig_5random_time,0.6579415798187256,--none--
213,orig_5random_obj,2497,--none--
214,simpl_opt_status,0,optimal
214,simpl_BB_time,0.5858592987060547,--none--
214,simpl_BB_obj,1132,--none--
214,simpl_minAB_time,0.0001621246337890625,--none--
214,simpl_minAB_obj,3813,--none--
214,simpl_gswaps_time,0.1057138442993164,--none--
214,simpl_gswaps_obj,1296,--none--
214,simpl_5random_time,0.0016274452209472656,--none--
214,simpl_5random_obj,8118,--none--
214,simpl_gsifts_1p_time,0.09166812896728516,--none--
214,simpl_gsifts_1p_obj,1896,--none--
214,simpl_gsifts_2p_time,0.2566986083984375,--none--
214,simpl_gsifts_2p_obj,1438,--none--
214,simpl_gsifts_3p_time,0.36491894721984863,--none--
214,simpl_gsifts_3p_obj,1274,--none--
214,orig_simpl_time,0.6621918678283691,--none--
214,orig_simpl_obj,604,--none--
214,orig_gsifts1p_time,0.4879627227783203,--none--
214,orig_gsifts1p_obj,954,--none--
214,orig_bestAB_time,0.041654109954833984,--none--
214,orig_bestAB_obj,1097,--none--
214,orig_5random_time,0.6509890556335449,--none--
214,orig_5random_obj,2199,--none--
215,simpl_opt_status,0,optimal
215,simpl_BB_time,0.7659807205200195,--none--
215,simpl_BB_obj,1355,--none--
215,simpl_minAB_time,0.0001773834228515625,--none--
215,simpl_minAB_obj,5691,--none--
215,simpl_gswaps_time,0.11117124557495117,--none--
215,simpl_gswaps_obj,1718,--none--
215,simpl_5random_time,0.0015721321105957031,--none--
215,simpl_5random_obj,7686,--none--
215,simpl_gsifts_1p_time,0.11702847480773926,--none--
215,simpl_gsifts_1p_obj,2816,--none--
215,simpl_gsifts_2p_time,0.29630517959594727,--none--
215,simpl_gsifts_2p_obj,2216,--none--
215,simpl_gsifts_3p_time,0.3032524585723877,--none--
215,simpl_gsifts_3p_obj,1927,--none--
215,orig_simpl_time,0.8341379165649414,--none--
215,orig_simpl_obj,614,--none--
215,orig_gsifts1p_time,0.6032180786132812,--none--
215,orig_gsifts1p_obj,703,--none--
215,orig_bestAB_time,0.09723663330078125,--none--
215,orig_bestAB_obj,935,--none--
215,orig_5random_time,0.7635517120361328,--none--
215,orig_5random_obj,3918,--none--
216,simpl_opt_status,0,optimal
216,simpl_BB_time,0.3483293056488037,--none--
216,simpl_BB_obj,1615,--none--
216,simpl_minAB_time,0.0001518726348876953,--none--
216,simpl_minAB_obj,10765,--none--
216,simpl_gswaps_time,0.004808187484741211,--none--
216,simpl_gswaps_obj,10765,--none--
216,simpl_5random_time,0.005715131759643555,--none--
216,simpl_5random_obj,7494,--none--
216,simpl_gsifts_1p_time,0.08560895919799805,--none--
216,simpl_gsifts_1p_obj,5884,--none--
216,simpl_gsifts_2p_time,0.23702335357666016,--none--
216,simpl_gsifts_2p_obj,3637,--none--
216,simpl_gsifts_3p_time,0.35898518562316895,--none--
216,simpl_gsifts_3p_obj,2371,--none--
216,orig_simpl_time,0.37381410598754883,--none--
216,orig_simpl_obj,302,--none--
216,orig_gsifts1p_time,0.3878133296966553,--none--
216,orig_gsifts1p_obj,615,--none--
216,orig_bestAB_time,0.0961313247680664,--none--
216,orig_bestAB_obj,1205,--none--
216,orig_5random_time,0.3296029567718506,--none--
216,orig_5random_obj,1957,--none--
217,simpl_opt_status,0,optimal
217,simpl_BB_time,0.5520670413970947,--none--
217,simpl_BB_obj,795,--none--
217,simpl_minAB_time,0.00016760826110839844,--none--
217,simpl_minAB_obj,2298,--none--
217,simpl_gswaps_time,0.06536126136779785,--none--
217,simpl_gswaps_obj,2138,--none--
217,simpl_5random_time,0.0016102790832519531,--none--
217,simpl_5random_obj,7188,--none--
217,simpl_gsifts_1p_time,0.14095640182495117,--none--
217,simpl_gsifts_1p_obj,1538,--none--
217,simpl_gsifts_2p_time,0.18796968460083008,--none--
217,simpl_gsifts_2p_obj,958,--none--
217,simpl_gsifts_3p_time,0.2643547058105469,--none--
217,simpl_gsifts_3p_obj,873,--none--
217,orig_simpl_time,0.5736563205718994,--none--
217,orig_simpl_obj,337,--none--
217,orig_gsifts1p_time,0.30654120445251465,--none--
217,orig_gsifts1p_obj,562,--none--
217,orig_bestAB_time,0.0538179874420166,--none--
217,orig_bestAB_obj,670,--none--
217,orig_5random_time,0.49129152297973633,--none--
217,orig_5random_obj,1824,--none--
218,simpl_opt_status,0,optimal
218,simpl_BB_time,1.3660485744476318,--none--
218,simpl_BB_obj,393,--none--
218,simpl_minAB_time,0.0001823902130126953,--none--
218,simpl_minAB_obj,1166,--none--
218,simpl_gswaps_time,0.07226943969726562,--none--
218,simpl_gswaps_obj,414,--none--
218,simpl_5random_time,0.001710653305053711,--none--
218,simpl_5random_obj,8880,--none--
218,simpl_gsifts_1p_time,0.16235780715942383,--none--
218,simpl_gsifts_1p_obj,576,--none--
218,simpl_gsifts_2p_time,0.27130770683288574,--none--
218,simpl_gsifts_2p_obj,431,--none--
218,simpl_gsifts_3p_time,0.39787793159484863,--none--
218,simpl_gsifts_3p_obj,412,--none--
218,orig_simpl_time,1.3887097835540771,--none--
218,orig_simpl_obj,168,--none--
218,orig_gsifts1p_time,0.09727954864501953,--none--
218,orig_gsifts1p_obj,120,--none--
218,orig_bestAB_time,0.02025771141052246,--none--
218,orig_bestAB_obj,156,--none--
218,orig_5random_time,0.18946623802185059,--none--
218,orig_5random_obj,843,--none--
219,simpl_opt_status,0,optimal
219,simpl_BB_time,0.5140788555145264,--none--
219,simpl_BB_obj,1683,--none--
219,simpl_minAB_time,0.00016164779663085938,--none--
219,simpl_minAB_obj,4582,--none--
219,simpl_gswaps_time,0.02689671516418457,--none--
219,simpl_gswaps_obj,4572,--none--
219,simpl_5random_time,0.001703023910522461,--none--
219,simpl_5random_obj,12772,--none--
219,simpl_gsifts_1p_time,0.15761399269104004,--none--
219,simpl_gsifts_1p_obj,2714,--none--
219,simpl_gsifts_2p_time,0.31846022605895996,--none--
219,simpl_gsifts_2p_obj,2091,--none--
219,simpl_gsifts_3p_time,0.2541036605834961,--none--
219,simpl_gsifts_3p_obj,1771,--none--
219,orig_simpl_time,0.5549204349517822,--none--
219,orig_simpl_obj,357,--none--
219,orig_gsifts1p_time,0.4771003723144531,--none--
219,orig_gsifts1p_obj,833,--none--
219,orig_bestAB_time,0.13318347930908203,--none--
219,orig_bestAB_obj,913,--none--
219,orig_5random_time,0.3275277614593506,--none--
219,orig_5random_obj,1450,--none--
21,simpl_opt_status,0,optimal
21,simpl_BB_time,0.22943592071533203,--none--
21,simpl_BB_obj,1981,--none--
21,simpl_minAB_time,0.00016117095947265625,--none--
21,simpl_minAB_obj,5967,--none--
21,simpl_gswaps_time,0.12126970291137695,--none--
21,simpl_gswaps_obj,2101,--none--
21,simpl_5random_time,0.0016505718231201172,--none--
21,simpl_5random_obj,22954,--none--
21,simpl_gsifts_1p_time,0.08114790916442871,--none--
21,simpl_gsifts_1p_obj,3783,--none--
21,simpl_gsifts_2p_time,0.28382349014282227,--none--
21,simpl_gsifts_2p_obj,2690,--none--
21,simpl_gsifts_3p_time,0.26559901237487793,--none--
21,simpl_gsifts_3p_obj,2238,--none--
21,orig_simpl_time,0.3455686569213867,--none--
21,orig_simpl_obj,516,--none--
21,orig_gsifts1p_time,0.5135183334350586,--none--
21,orig_gsifts1p_obj,1529,--none--
21,orig_bestAB_time,0.2106003761291504,--none--
21,orig_bestAB_obj,2639,--none--
21,orig_5random_time,0.70389723777771,--none--
21,orig_5random_obj,2643,--none--
220,simpl_opt_status,0,optimal
220,simpl_BB_time,1.1863460540771484,--none--
220,simpl_BB_obj,786,--none--
220,simpl_minAB_time,0.00016069412231445312,--none--
220,simpl_minAB_obj,2795,--none--
220,simpl_gswaps_time,0.1335155963897705,--none--
220,simpl_gswaps_obj,1236,--none--
220,simpl_5random_time,0.0016100406646728516,--none--
220,simpl_5random_obj,9054,--none--
220,simpl_gsifts_1p_time,0.15190672874450684,--none--
220,simpl_gsifts_1p_obj,1849,--none--
220,simpl_gsifts_2p_time,0.22768568992614746,--none--
220,simpl_gsifts_2p_obj,1439,--none--
220,simpl_gsifts_3p_time,0.36484193801879883,--none--
220,simpl_gsifts_3p_obj,1068,--none--
220,orig_simpl_time,1.204190969467163,--none--
220,orig_simpl_obj,273,--none--
220,orig_gsifts1p_time,0.39032959938049316,--none--
220,orig_gsifts1p_obj,790,--none--
220,orig_bestAB_time,0.05299997329711914,--none--
220,orig_bestAB_obj,1126,--none--
220,orig_5random_time,0.56565260887146,--none--
220,orig_5random_obj,2487,--none--
221,simpl_opt_status,0,optimal
221,simpl_BB_time,0.4374837875366211,--none--
221,simpl_BB_obj,638,--none--
221,simpl_minAB_time,0.00017261505126953125,--none--
221,simpl_minAB_obj,1751,--none--
221,simpl_gswaps_time,0.02940225601196289,--none--
221,simpl_gswaps_obj,851,--none--
221,simpl_5random_time,0.0016460418701171875,--none--
221,simpl_5random_obj,7150,--none--
221,simpl_gsifts_1p_time,0.15699291229248047,--none--
221,simpl_gsifts_1p_obj,1203,--none--
221,simpl_gsifts_2p_time,0.21258258819580078,--none--
221,simpl_gsifts_2p_obj,939,--none--
221,simpl_gsifts_3p_time,0.27736330032348633,--none--
221,simpl_gsifts_3p_obj,714,--none--
221,orig_simpl_time,0.45323657989501953,--none--
221,orig_simpl_obj,220,--none--
221,orig_gsifts1p_time,0.23984408378601074,--none--
221,orig_gsifts1p_obj,437,--none--
221,orig_bestAB_time,0.05589699745178223,--none--
221,orig_bestAB_obj,929,--none--
221,orig_5random_time,0.39542245864868164,--none--
221,orig_5random_obj,1468,--none--
222,simpl_opt_status,0,optimal
222,simpl_BB_time,0.16760945320129395,--none--
222,simpl_BB_obj,978,--none--
222,simpl_minAB_time,0.0001571178436279297,--none--
222,simpl_minAB_obj,4651,--none--
222,simpl_gswaps_time,0.047003746032714844,--none--
222,simpl_gswaps_obj,3953,--none--
222,simpl_5random_time,0.0016787052154541016,--none--
222,simpl_5random_obj,6268,--none--
222,simpl_gsifts_1p_time,0.1365034580230713,--none--
222,simpl_gsifts_1p_obj,2101,--none--
222,simpl_gsifts_2p_time,0.2704200744628906,--none--
222,simpl_gsifts_2p_obj,1426,--none--
222,simpl_gsifts_3p_time,0.3086714744567871,--none--
222,simpl_gsifts_3p_obj,1090,--none--
222,orig_simpl_time,0.1889965534210205,--none--
222,orig_simpl_obj,268,--none--
222,orig_gsifts1p_time,0.32593631744384766,--none--
222,orig_gsifts1p_obj,720,--none--
222,orig_bestAB_time,0.10184693336486816,--none--
222,orig_bestAB_obj,1074,--none--
222,orig_5random_time,0.4653897285461426,--none--
222,orig_5random_obj,1621,--none--
223,simpl_opt_status,0,optimal
223,simpl_BB_time,0.7374045848846436,--none--
223,simpl_BB_obj,1993,--none--
223,simpl_minAB_time,0.00016307830810546875,--none--
223,simpl_minAB_obj,10988,--none--
223,simpl_gswaps_time,0.10731005668640137,--none--
223,simpl_gswaps_obj,2039,--none--
223,simpl_5random_time,0.0017020702362060547,--none--
223,simpl_5random_obj,6901,--none--
223,simpl_gsifts_1p_time,0.11357688903808594,--none--
223,simpl_gsifts_1p_obj,3207,--none--
223,simpl_gsifts_2p_time,0.2542407512664795,--none--
223,simpl_gsifts_2p_obj,2535,--none--
223,simpl_gsifts_3p_time,0.2898128032684326,--none--
223,simpl_gsifts_3p_obj,2234,--none--
223,orig_simpl_time,0.7779510021209717,--none--
223,orig_simpl_obj,566,--none--
223,orig_gsifts1p_time,0.8142688274383545,--none--
223,orig_gsifts1p_obj,2354,--none--
223,orig_bestAB_time,0.17198467254638672,--none--
223,orig_bestAB_obj,1773,--none--
223,orig_5random_time,0.9524905681610107,--none--
223,orig_5random_obj,2482,--none--
224,simpl_opt_status,0,optimal
224,simpl_BB_time,1.2027184963226318,--none--
224,simpl_BB_obj,773,--none--
224,simpl_minAB_time,0.00016045570373535156,--none--
224,simpl_minAB_obj,8775,--none--
224,simpl_gswaps_time,0.048168182373046875,--none--
224,simpl_gswaps_obj,1919,--none--
224,simpl_5random_time,0.0077970027923583984,--none--
224,simpl_5random_obj,8813,--none--
224,simpl_gsifts_1p_time,0.08942103385925293,--none--
224,simpl_gsifts_1p_obj,1982,--none--
224,simpl_gsifts_2p_time,0.30739426612854004,--none--
224,simpl_gsifts_2p_obj,1484,--none--
224,simpl_gsifts_3p_time,0.2713315486907959,--none--
224,simpl_gsifts_3p_obj,1207,--none--
224,orig_simpl_time,1.2473716735839844,--none--
224,orig_simpl_obj,213,--none--
224,orig_gsifts1p_time,0.2053368091583252,--none--
224,orig_gsifts1p_obj,312,--none--
224,orig_bestAB_time,0.04905390739440918,--none--
224,orig_bestAB_obj,367,--none--
224,orig_5random_time,0.19066786766052246,--none--
224,orig_5random_obj,952,--none--
225,simpl_opt_status,0,optimal
225,simpl_BB_time,1.283538818359375,--none--
225,simpl_BB_obj,801,--none--
225,simpl_minAB_time,0.0001647472381591797,--none--
225,simpl_minAB_obj,2326,--none--
225,simpl_gswaps_time,0.07711601257324219,--none--
225,simpl_gswaps_obj,829,--none--
225,simpl_5random_time,0.0018589496612548828,--none--
225,simpl_5random_obj,6215,--none--
225,simpl_gsifts_1p_time,0.12318682670593262,--none--
225,simpl_gsifts_1p_obj,1358,--none--
225,simpl_gsifts_2p_time,0.2060239315032959,--none--
225,simpl_gsifts_2p_obj,1172,--none--
225,simpl_gsifts_3p_time,0.2843971252441406,--none--
225,simpl_gsifts_3p_obj,1009,--none--
225,orig_simpl_time,1.2993531227111816,--none--
225,orig_simpl_obj,202,--none--
225,orig_gsifts1p_time,0.24370884895324707,--none--
225,orig_gsifts1p_obj,374,--none--
225,orig_bestAB_time,0.019390106201171875,--none--
225,orig_bestAB_obj,344,--none--
225,orig_5random_time,0.16019320487976074,--none--
225,orig_5random_obj,1149,--none--
226,simpl_opt_status,0,optimal
226,simpl_BB_time,0.8057997226715088,--none--
226,simpl_BB_obj,1326,--none--
226,simpl_minAB_time,0.00016641616821289062,--none--
226,simpl_minAB_obj,8457,--none--
226,simpl_gswaps_time,0.0050470829010009766,--none--
226,simpl_gswaps_obj,8457,--none--
226,simpl_5random_time,0.001733541488647461,--none--
226,simpl_5random_obj,12655,--none--
226,simpl_gsifts_1p_time,0.11484551429748535,--none--
226,simpl_gsifts_1p_obj,4665,--none--
226,simpl_gsifts_2p_time,0.2374887466430664,--none--
226,simpl_gsifts_2p_obj,2688,--none--
226,simpl_gsifts_3p_time,0.37862610816955566,--none--
226,simpl_gsifts_3p_obj,1889,--none--
226,orig_simpl_time,0.8389935493469238,--none--
226,orig_simpl_obj,239,--none--
226,orig_gsifts1p_time,0.5325703620910645,--none--
226,orig_gsifts1p_obj,1156,--none--
226,orig_bestAB_time,0.06838226318359375,--none--
226,orig_bestAB_obj,555,--none--
226,orig_5random_time,0.3295750617980957,--none--
226,orig_5random_obj,1841,--none--
227,simpl_opt_status,0,optimal
227,simpl_BB_time,0.1345658302307129,--none--
227,simpl_BB_obj,1541,--none--
227,simpl_minAB_time,0.00017786026000976562,--none--
227,simpl_minAB_obj,4127,--none--
227,simpl_gswaps_time,0.021729469299316406,--none--
227,simpl_gswaps_obj,3018,--none--
227,simpl_5random_time,0.0016689300537109375,--none--
227,simpl_5random_obj,3735,--none--
227,simpl_gsifts_1p_time,0.08339142799377441,--none--
227,simpl_gsifts_1p_obj,3032,--none--
227,simpl_gsifts_2p_time,0.16809320449829102,--none--
227,simpl_gsifts_2p_obj,2369,--none--
227,simpl_gsifts_3p_time,0.39159107208251953,--none--
227,simpl_gsifts_3p_obj,2045,--none--
227,orig_simpl_time,0.18680691719055176,--none--
227,orig_simpl_obj,394,--none--
227,orig_gsifts1p_time,0.5773735046386719,--none--
227,orig_gsifts1p_obj,939,--none--
227,orig_bestAB_time,0.2326822280883789,--none--
227,orig_bestAB_obj,1149,--none--
227,orig_5random_time,0.6116974353790283,--none--
227,orig_5random_obj,3057,--none--
228,simpl_opt_status,0,optimal
228,simpl_BB_time,1.7172563076019287,--none--
228,simpl_BB_obj,3093,--none--
228,simpl_minAB_time,0.00015854835510253906,--none--
228,simpl_minAB_obj,10452,--none--
228,simpl_gswaps_time,0.16051721572875977,--none--
228,simpl_gswaps_obj,6768,--none--
228,simpl_5random_time,0.0016405582427978516,--none--
228,simpl_5random_obj,11230,--none--
228,simpl_gsifts_1p_time,0.11238408088684082,--none--
228,simpl_gsifts_1p_obj,6365,--none--
228,simpl_gsifts_2p_time,0.29781675338745117,--none--
228,simpl_gsifts_2p_obj,4402,--none--
228,simpl_gsifts_3p_time,0.2526533603668213,--none--
228,simpl_gsifts_3p_obj,3845,--none--
228,orig_simpl_time,1.8048996925354004,--none--
228,orig_simpl_obj,476,--none--
228,orig_gsifts1p_time,0.7177181243896484,--none--
228,orig_gsifts1p_obj,1310,--none--
228,orig_bestAB_time,0.15485024452209473,--none--
228,orig_bestAB_obj,1834,--none--
228,orig_5random_time,0.6400079727172852,--none--
228,orig_5random_obj,2659,--none--
229,simpl_opt_status,0,optimal
229,simpl_BB_time,0.5578000545501709,--none--
229,simpl_BB_obj,897,--none--
229,simpl_minAB_time,0.00016498565673828125,--none--
229,simpl_minAB_obj,4279,--none--
229,simpl_gswaps_time,0.03779292106628418,--none--
229,simpl_gswaps_obj,4275,--none--
229,simpl_5random_time,0.0017125606536865234,--none--
229,simpl_5random_obj,5614,--none--
229,simpl_gsifts_1p_time,0.18787121772766113,--none--
229,simpl_gsifts_1p_obj,2408,--none--
229,simpl_gsifts_2p_time,0.3372211456298828,--none--
229,simpl_gsifts_2p_obj,1512,--none--
229,simpl_gsifts_3p_time,0.43810033798217773,--none--
229,simpl_gsifts_3p_obj,1227,--none--
229,orig_simpl_time,0.598158597946167,--none--
229,orig_simpl_obj,264,--none--
229,orig_gsifts1p_time,0.2112433910369873,--none--
229,orig_gsifts1p_obj,391,--none--
229,orig_bestAB_time,0.029872417449951172,--none--
229,orig_bestAB_obj,467,--none--
229,orig_5random_time,0.3374316692352295,--none--
229,orig_5random_obj,1087,--none--
22,simpl_opt_status,0,optimal
22,simpl_BB_time,1.7042737007141113,--none--
22,simpl_BB_obj,1049,--none--
22,simpl_minAB_time,0.00016379356384277344,--none--
22,simpl_minAB_obj,8812,--none--
22,simpl_gswaps_time,0.05190682411193848,--none--
22,simpl_gswaps_obj,8308,--none--
22,simpl_5random_time,0.0015904903411865234,--none--
22,simpl_5random_obj,4374,--none--
22,simpl_gsifts_1p_time,0.1231386661529541,--none--
22,simpl_gsifts_1p_obj,3443,--none--
22,simpl_gsifts_2p_time,0.3024628162384033,--none--
22,simpl_gsifts_2p_obj,2465,--none--
22,simpl_gsifts_3p_time,0.2638740539550781,--none--
22,simpl_gsifts_3p_obj,1860,--none--
22,orig_simpl_time,1.752624273300171,--none--
22,orig_simpl_obj,269,--none--
22,orig_gsifts1p_time,0.23398470878601074,--none--
22,orig_gsifts1p_obj,311,--none--
22,orig_bestAB_time,0.07656455039978027,--none--
22,orig_bestAB_obj,407,--none--
22,orig_5random_time,0.29549312591552734,--none--
22,orig_5random_obj,1437,--none--
230,simpl_opt_status,0,optimal
230,simpl_BB_time,0.7898237705230713,--none--
230,simpl_BB_obj,2406,--none--
230,simpl_minAB_time,0.000156402587890625,--none--
230,simpl_minAB_obj,10883,--none--
230,simpl_gswaps_time,0.016806840896606445,--none--
230,simpl_gswaps_obj,10883,--none--
230,simpl_5random_time,0.0015647411346435547,--none--
230,simpl_5random_obj,11530,--none--
230,simpl_gsifts_1p_time,0.15299296379089355,--none--
230,simpl_gsifts_1p_obj,6470,--none--
230,simpl_gsifts_2p_time,0.19332385063171387,--none--
230,simpl_gsifts_2p_obj,4741,--none--
230,simpl_gsifts_3p_time,0.41899752616882324,--none--
230,simpl_gsifts_3p_obj,3873,--none--
230,orig_simpl_time,0.8252346515655518,--none--
230,orig_simpl_obj,470,--none--
230,orig_gsifts1p_time,0.47754549980163574,--none--
230,orig_gsifts1p_obj,723,--none--
230,orig_bestAB_time,0.16668224334716797,--none--
230,orig_bestAB_obj,881,--none--
230,orig_5random_time,0.6310732364654541,--none--
230,orig_5random_obj,3098,--none--
231,simpl_opt_status,0,optimal
231,simpl_BB_time,1.396305799484253,--none--
231,simpl_BB_obj,877,--none--
231,simpl_minAB_time,0.00017881393432617188,--none--
231,simpl_minAB_obj,4468,--none--
231,simpl_gswaps_time,0.03682422637939453,--none--
231,simpl_gswaps_obj,4346,--none--
231,simpl_5random_time,0.0017032623291015625,--none--
231,simpl_5random_obj,7012,--none--
231,simpl_gsifts_1p_time,0.12286520004272461,--none--
231,simpl_gsifts_1p_obj,1311,--none--
231,simpl_gsifts_2p_time,0.22275733947753906,--none--
231,simpl_gsifts_2p_obj,1141,--none--
231,simpl_gsifts_3p_time,0.3792746067047119,--none--
231,simpl_gsifts_3p_obj,1027,--none--
231,orig_simpl_time,1.4396727085113525,--none--
231,orig_simpl_obj,272,--none--
231,orig_gsifts1p_time,0.10161828994750977,--none--
231,orig_gsifts1p_obj,307,--none--
231,orig_bestAB_time,0.07998943328857422,--none--
231,orig_bestAB_obj,397,--none--
231,orig_5random_time,0.31331872940063477,--none--
231,orig_5random_obj,1435,--none--
232,simpl_opt_status,0,optimal
232,simpl_BB_time,1.013868808746338,--none--
232,simpl_BB_obj,1582,--none--
232,simpl_minAB_time,0.0001456737518310547,--none--
232,simpl_minAB_obj,3990,--none--
232,simpl_gswaps_time,0.1214146614074707,--none--
232,simpl_gswaps_obj,2593,--none--
232,simpl_5random_time,0.001580953598022461,--none--
232,simpl_5random_obj,11902,--none--
232,simpl_gsifts_1p_time,0.0726463794708252,--none--
232,simpl_gsifts_1p_obj,2979,--none--
232,simpl_gsifts_2p_time,0.2762587070465088,--none--
232,simpl_gsifts_2p_obj,2249,--none--
232,simpl_gsifts_3p_time,0.38890695571899414,--none--
232,simpl_gsifts_3p_obj,1915,--none--
232,orig_simpl_time,1.058936357498169,--none--
232,orig_simpl_obj,472,--none--
232,orig_gsifts1p_time,0.6925957202911377,--none--
232,orig_gsifts1p_obj,1589,--none--
232,orig_bestAB_time,0.15129446983337402,--none--
232,orig_bestAB_obj,1609,--none--
232,orig_5random_time,0.6258242130279541,--none--
232,orig_5random_obj,1916,--none--
233,simpl_opt_status,0,optimal
233,simpl_BB_time,0.7899646759033203,--none--
233,simpl_BB_obj,1253,--none--
233,simpl_minAB_time,0.0001609325408935547,--none--
233,simpl_minAB_obj,4667,--none--
233,simpl_gswaps_time,0.0961918830871582,--none--
233,simpl_gswaps_obj,4322,--none--
233,simpl_5random_time,0.0015947818756103516,--none--
233,simpl_5random_obj,15647,--none--
233,simpl_gsifts_1p_time,0.13276243209838867,--none--
233,simpl_gsifts_1p_obj,2581,--none--
233,simpl_gsifts_2p_time,0.24961423873901367,--none--
233,simpl_gsifts_2p_obj,1909,--none--
233,simpl_gsifts_3p_time,0.4282562732696533,--none--
233,simpl_gsifts_3p_obj,1582,--none--
233,orig_simpl_time,0.8441681861877441,--none--
233,orig_simpl_obj,400,--none--
233,orig_gsifts1p_time,0.3669168949127197,--none--
233,orig_gsifts1p_obj,602,--none--
233,orig_bestAB_time,0.1934654712677002,--none--
233,orig_bestAB_obj,1029,--none--
233,orig_5random_time,0.36890721321105957,--none--
233,orig_5random_obj,1603,--none--
234,simpl_opt_status,0,optimal
234,simpl_BB_time,0.734123945236206,--none--
234,simpl_BB_obj,1797,--none--
234,simpl_minAB_time,0.00018930435180664062,--none--
234,simpl_minAB_obj,4857,--none--
234,simpl_gswaps_time,0.043862104415893555,--none--
234,simpl_gswaps_obj,4024,--none--
234,simpl_5random_time,0.0017595291137695312,--none--
234,simpl_5random_obj,7063,--none--
234,simpl_gsifts_1p_time,0.08304333686828613,--none--
234,simpl_gsifts_1p_obj,3363,--none--
234,simpl_gsifts_2p_time,0.17212152481079102,--none--
234,simpl_gsifts_2p_obj,2650,--none--
234,simpl_gsifts_3p_time,0.3023030757904053,--none--
234,simpl_gsifts_3p_obj,2065,--none--
234,orig_simpl_time,0.7644429206848145,--none--
234,orig_simpl_obj,422,--none--
234,orig_gsifts1p_time,0.562415361404419,--none--
234,orig_gsifts1p_obj,1841,--none--
234,orig_bestAB_time,0.06198549270629883,--none--
234,orig_bestAB_obj,1306,--none--
234,orig_5random_time,0.5899932384490967,--none--
234,orig_5random_obj,2095,--none--
235,simpl_opt_status,0,optimal
235,simpl_BB_time,0.6828022003173828,--none--
235,simpl_BB_obj,1516,--none--
235,simpl_minAB_time,0.00016379356384277344,--none--
235,simpl_minAB_obj,5277,--none--
235,simpl_gswaps_time,0.09907174110412598,--none--
235,simpl_gswaps_obj,1750,--none--
235,simpl_5random_time,0.00159454345703125,--none--
235,simpl_5random_obj,5028,--none--
235,simpl_gsifts_1p_time,0.15986251831054688,--none--
235,simpl_gsifts_1p_obj,1981,--none--
235,simpl_gsifts_2p_time,0.22134923934936523,--none--
235,simpl_gsifts_2p_obj,1746,--none--
235,simpl_gsifts_3p_time,0.39089512825012207,--none--
235,simpl_gsifts_3p_obj,1637,--none--
235,orig_simpl_time,0.7169313430786133,--none--
235,orig_simpl_obj,411,--none--
235,orig_gsifts1p_time,0.402787446975708,--none--
235,orig_gsifts1p_obj,1189,--none--
235,orig_bestAB_time,0.10251235961914062,--none--
235,orig_bestAB_obj,1253,--none--
235,orig_5random_time,0.7992393970489502,--none--
235,orig_5random_obj,1943,--none--
236,simpl_opt_status,0,optimal
236,simpl_BB_time,0.7245779037475586,--none--
236,simpl_BB_obj,1104,--none--
236,simpl_minAB_time,0.00016689300537109375,--none--
236,simpl_minAB_obj,2835,--none--
236,simpl_gswaps_time,0.07014060020446777,--none--
236,simpl_gswaps_obj,1563,--none--
236,simpl_5random_time,0.001688241958618164,--none--
236,simpl_5random_obj,7326,--none--
236,simpl_gsifts_1p_time,0.08520078659057617,--none--
236,simpl_gsifts_1p_obj,2193,--none--
236,simpl_gsifts_2p_time,0.16675519943237305,--none--
236,simpl_gsifts_2p_obj,1558,--none--
236,simpl_gsifts_3p_time,0.34052491188049316,--none--
236,simpl_gsifts_3p_obj,1202,--none--
236,orig_simpl_time,0.771071195602417,--none--
236,orig_simpl_obj,393,--none--
236,orig_gsifts1p_time,0.33490467071533203,--none--
236,orig_gsifts1p_obj,889,--none--
236,orig_bestAB_time,0.07049679756164551,--none--
236,orig_bestAB_obj,886,--none--
236,orig_5random_time,0.5515594482421875,--none--
236,orig_5random_obj,1765,--none--
237,simpl_opt_status,0,optimal
237,simpl_BB_time,0.17730307579040527,--none--
237,simpl_BB_obj,1306,--none--
237,simpl_minAB_time,0.00018167495727539062,--none--
237,simpl_minAB_obj,2733,--none--
237,simpl_gswaps_time,0.010043144226074219,--none--
237,simpl_gswaps_obj,2109,--none--
237,simpl_5random_time,0.011292219161987305,--none--
237,simpl_5random_obj,17570,--none--
237,simpl_gsifts_1p_time,0.10151243209838867,--none--
237,simpl_gsifts_1p_obj,2109,--none--
237,simpl_gsifts_2p_time,0.21581745147705078,--none--
237,simpl_gsifts_2p_obj,1716,--none--
237,simpl_gsifts_3p_time,0.3530418872833252,--none--
237,simpl_gsifts_3p_obj,1489,--none--
237,orig_simpl_time,0.21026110649108887,--none--
237,orig_simpl_obj,277,--none--
237,orig_gsifts1p_time,0.3038816452026367,--none--
237,orig_gsifts1p_obj,578,--none--
237,orig_bestAB_time,0.17146944999694824,--none--
237,orig_bestAB_obj,879,--none--
237,orig_5random_time,0.4268641471862793,--none--
237,orig_5random_obj,1945,--none--
238,simpl_opt_status,0,optimal
238,simpl_BB_time,0.3517951965332031,--none--
238,simpl_BB_obj,1948,--none--
238,simpl_minAB_time,0.00014829635620117188,--none--
238,simpl_minAB_obj,21054,--none--
238,simpl_gswaps_time,0.1569666862487793,--none--
238,simpl_gswaps_obj,16519,--none--
238,simpl_5random_time,0.0015511512756347656,--none--
238,simpl_5random_obj,15170,--none--
238,simpl_gsifts_1p_time,0.07320713996887207,--none--
238,simpl_gsifts_1p_obj,10999,--none--
238,simpl_gsifts_2p_time,0.21432924270629883,--none--
238,simpl_gsifts_2p_obj,6243,--none--
238,simpl_gsifts_3p_time,0.42304325103759766,--none--
238,simpl_gsifts_3p_obj,4003,--none--
238,orig_simpl_time,0.40148329734802246,--none--
238,orig_simpl_obj,325,--none--
238,orig_gsifts1p_time,0.3720283508300781,--none--
238,orig_gsifts1p_obj,736,--none--
238,orig_bestAB_time,0.07987785339355469,--none--
238,orig_bestAB_obj,383,--none--
238,orig_5random_time,0.34774017333984375,--none--
238,orig_5random_obj,1069,--none--
239,simpl_opt_status,0,optimal
239,simpl_BB_time,1.420936107635498,--none--
239,simpl_BB_obj,1847,--none--
239,simpl_minAB_time,0.0001609325408935547,--none--
239,simpl_minAB_obj,11460,--none--
239,simpl_gswaps_time,0.22900700569152832,--none--
239,simpl_gswaps_obj,4743,--none--
239,simpl_5random_time,0.0016334056854248047,--none--
239,simpl_5random_obj,10530,--none--
239,simpl_gsifts_1p_time,0.14594268798828125,--none--
239,simpl_gsifts_1p_obj,6702,--none--
239,simpl_gsifts_2p_time,0.2730381488800049,--none--
239,simpl_gsifts_2p_obj,4147,--none--
239,simpl_gsifts_3p_time,0.32558584213256836,--none--
239,simpl_gsifts_3p_obj,2783,--none--
239,orig_simpl_time,1.4595530033111572,--none--
239,orig_simpl_obj,291,--none--
239,orig_gsifts1p_time,0.46457576751708984,--none--
239,orig_gsifts1p_obj,725,--none--
239,orig_bestAB_time,0.12188339233398438,--none--
239,orig_bestAB_obj,655,--none--
239,orig_5random_time,0.3504948616027832,--none--
239,orig_5random_obj,1278,--none--
23,simpl_opt_status,0,optimal
23,simpl_BB_time,0.08523249626159668,--none--
23,simpl_BB_obj,2413,--none--
23,simpl_minAB_time,0.00015997886657714844,--none--
23,simpl_minAB_obj,14430,--none--
23,simpl_gswaps_time,0.004909992218017578,--none--
23,simpl_gswaps_obj,14430,--none--
23,simpl_5random_time,0.0016927719116210938,--none--
23,simpl_5random_obj,10328,--none--
23,simpl_gsifts_1p_time,0.15093183517456055,--none--
23,simpl_gsifts_1p_obj,8730,--none--
23,simpl_gsifts_2p_time,0.2409975528717041,--none--
23,simpl_gsifts_2p_obj,5584,--none--
23,simpl_gsifts_3p_time,0.3282456398010254,--none--
23,simpl_gsifts_3p_obj,3629,--none--
23,orig_simpl_time,0.13154363632202148,--none--
23,orig_simpl_obj,371,--none--
23,orig_gsifts1p_time,1.1314163208007812,--none--
23,orig_gsifts1p_obj,2321,--none--
23,orig_bestAB_time,0.2315540313720703,--none--
23,orig_bestAB_obj,1365,--none--
23,orig_5random_time,0.41721630096435547,--none--
23,orig_5random_obj,2317,--none--
240,simpl_opt_status,0,optimal
240,simpl_BB_time,1.5291659832000732,--none--
240,simpl_BB_obj,534,--none--
240,simpl_minAB_time,0.00016164779663085938,--none--
240,simpl_minAB_obj,1170,--none--
240,simpl_gswaps_time,0.11695075035095215,--none--
240,simpl_gswaps_obj,702,--none--
240,simpl_5random_time,0.0017957687377929688,--none--
240,simpl_5random_obj,2507,--none--
240,simpl_gsifts_1p_time,0.07671976089477539,--none--
240,simpl_gsifts_1p_obj,725,--none--
240,simpl_gsifts_2p_time,0.19137907028198242,--none--
240,simpl_gsifts_2p_obj,589,--none--
240,simpl_gsifts_3p_time,0.35016798973083496,--none--
240,simpl_gsifts_3p_obj,557,--none--
240,orig_simpl_time,1.543149709701538,--none--
240,orig_simpl_obj,216,--none--
240,orig_gsifts1p_time,0.08833479881286621,--none--
240,orig_gsifts1p_obj,238,--none--
240,orig_bestAB_time,0.03874540328979492,--none--
240,orig_bestAB_obj,312,--none--
240,orig_5random_time,0.20264244079589844,--none--
240,orig_5random_obj,1226,--none--
241,simpl_opt_status,0,optimal
241,simpl_BB_time,0.9478754997253418,--none--
241,simpl_BB_obj,2228,--none--
241,simpl_minAB_time,0.0001728534698486328,--none--
241,simpl_minAB_obj,4601,--none--
241,simpl_gswaps_time,0.08390259742736816,--none--
241,simpl_gswaps_obj,3648,--none--
241,simpl_5random_time,0.0016505718231201172,--none--
241,simpl_5random_obj,7694,--none--
241,simpl_gsifts_1p_time,0.145097017288208,--none--
241,simpl_gsifts_1p_obj,3510,--none--
241,simpl_gsifts_2p_time,0.20469236373901367,--none--
241,simpl_gsifts_2p_obj,2842,--none--
241,simpl_gsifts_3p_time,0.39809131622314453,--none--
241,simpl_gsifts_3p_obj,2502,--none--
241,orig_simpl_time,0.9803273677825928,--none--
241,orig_simpl_obj,360,--none--
241,orig_gsifts1p_time,0.30902647972106934,--none--
241,orig_gsifts1p_obj,558,--none--
241,orig_bestAB_time,0.1235191822052002,--none--
241,orig_bestAB_obj,635,--none--
241,orig_5random_time,0.547992467880249,--none--
241,orig_5random_obj,1480,--none--
242,simpl_opt_status,0,optimal
242,simpl_BB_time,0.37911176681518555,--none--
242,simpl_BB_obj,1608,--none--
242,simpl_minAB_time,0.00015878677368164062,--none--
242,simpl_minAB_obj,16813,--none--
242,simpl_gswaps_time,0.16830158233642578,--none--
242,simpl_gswaps_obj,1623,--none--
242,simpl_5random_time,0.001623392105102539,--none--
242,simpl_5random_obj,16568,--none--
242,simpl_gsifts_1p_time,0.09215021133422852,--none--
242,simpl_gsifts_1p_obj,4751,--none--
242,simpl_gsifts_2p_time,0.16683030128479004,--none--
242,simpl_gsifts_2p_obj,3011,--none--
242,simpl_gsifts_3p_time,0.32723093032836914,--none--
242,simpl_gsifts_3p_obj,2127,--none--
242,orig_simpl_time,0.449108362197876,--none--
242,orig_simpl_obj,475,--none--
242,orig_gsifts1p_time,0.380948543548584,--none--
242,orig_gsifts1p_obj,791,--none--
242,orig_bestAB_time,0.26749277114868164,--none--
242,orig_bestAB_obj,924,--none--
242,orig_5random_time,1.1046175956726074,--none--
242,orig_5random_obj,3218,--none--
243,simpl_opt_status,0,optimal
243,simpl_BB_time,0.732698917388916,--none--
243,simpl_BB_obj,318,--none--
243,simpl_minAB_time,0.00016021728515625,--none--
243,simpl_minAB_obj,1261,--none--
243,simpl_gswaps_time,0.031205177307128906,--none--
243,simpl_gswaps_obj,962,--none--
243,simpl_5random_time,0.013701915740966797,--none--
243,simpl_5random_obj,6726,--none--
243,simpl_gsifts_1p_time,0.11112546920776367,--none--
243,simpl_gsifts_1p_obj,642,--none--
243,simpl_gsifts_2p_time,0.22149276733398438,--none--
243,simpl_gsifts_2p_obj,343,--none--
243,simpl_gsifts_3p_time,0.3550581932067871,--none--
243,simpl_gsifts_3p_obj,328,--none--
243,orig_simpl_time,0.7422459125518799,--none--
243,orig_simpl_obj,150,--none--
243,orig_gsifts1p_time,0.0704810619354248,--none--
243,orig_gsifts1p_obj,201,--none--
243,orig_bestAB_time,0.021482229232788086,--none--
243,orig_bestAB_obj,255,--none--
243,orig_5random_time,0.1327977180480957,--none--
243,orig_5random_obj,333,--none--
244,simpl_opt_status,0,optimal
244,simpl_BB_time,0.6973178386688232,--none--
244,simpl_BB_obj,2480,--none--
244,simpl_minAB_time,0.00015425682067871094,--none--
244,simpl_minAB_obj,20666,--none--
244,simpl_gswaps_time,0.02631545066833496,--none--
244,simpl_gswaps_obj,17619,--none--
244,simpl_5random_time,0.0017011165618896484,--none--
244,simpl_5random_obj,19302,--none--
244,simpl_gsifts_1p_time,0.15044522285461426,--none--
244,simpl_gsifts_1p_obj,10853,--none--
244,simpl_gsifts_2p_time,0.24477076530456543,--none--
244,simpl_gsifts_2p_obj,6479,--none--
244,simpl_gsifts_3p_time,0.3305845260620117,--none--
244,simpl_gsifts_3p_obj,4296,--none--
244,orig_simpl_time,0.7577319145202637,--none--
244,orig_simpl_obj,419,--none--
244,orig_gsifts1p_time,0.41527318954467773,--none--
244,orig_gsifts1p_obj,984,--none--
244,orig_bestAB_time,0.13019251823425293,--none--
244,orig_bestAB_obj,1326,--none--
244,orig_5random_time,0.6135654449462891,--none--
244,orig_5random_obj,1769,--none--
245,simpl_opt_status,0,optimal
245,simpl_BB_time,0.5265772342681885,--none--
245,simpl_BB_obj,517,--none--
245,simpl_minAB_time,0.0001842975616455078,--none--
245,simpl_minAB_obj,2536,--none--
245,simpl_gswaps_time,0.043938636779785156,--none--
245,simpl_gswaps_obj,2282,--none--
245,simpl_5random_time,0.0016052722930908203,--none--
245,simpl_5random_obj,21606,--none--
245,simpl_gsifts_1p_time,0.1465318202972412,--none--
245,simpl_gsifts_1p_obj,1596,--none--
245,simpl_gsifts_2p_time,0.3296477794647217,--none--
245,simpl_gsifts_2p_obj,1116,--none--
245,simpl_gsifts_3p_time,0.45992517471313477,--none--
245,simpl_gsifts_3p_obj,864,--none--
245,orig_simpl_time,0.5500280857086182,--none--
245,orig_simpl_obj,155,--none--
245,orig_gsifts1p_time,0.13041234016418457,--none--
245,orig_gsifts1p_obj,253,--none--
245,orig_bestAB_time,0.028455495834350586,--none--
245,orig_bestAB_obj,374,--none--
245,orig_5random_time,0.15315937995910645,--none--
245,orig_5random_obj,376,--none--
246,simpl_opt_status,0,optimal
246,simpl_BB_time,0.5384156703948975,--none--
246,simpl_BB_obj,1829,--none--
246,simpl_minAB_time,0.00017189979553222656,--none--
246,simpl_minAB_obj,5859,--none--
246,simpl_gswaps_time,0.14784622192382812,--none--
246,simpl_gswaps_obj,2056,--none--
246,simpl_5random_time,0.0016477108001708984,--none--
246,simpl_5random_obj,7598,--none--
246,simpl_gsifts_1p_time,0.15319418907165527,--none--
246,simpl_gsifts_1p_obj,2897,--none--
246,simpl_gsifts_2p_time,0.28235793113708496,--none--
246,simpl_gsifts_2p_obj,2208,--none--
246,simpl_gsifts_3p_time,0.2612168788909912,--none--
246,simpl_gsifts_3p_obj,1981,--none--
246,orig_simpl_time,0.627161979675293,--none--
246,orig_simpl_obj,529,--none--
246,orig_gsifts1p_time,0.8330531120300293,--none--
246,orig_gsifts1p_obj,1518,--none--
246,orig_bestAB_time,0.1321392059326172,--none--
246,orig_bestAB_obj,1649,--none--
246,orig_5random_time,0.48795366287231445,--none--
246,orig_5random_obj,3778,--none--
247,simpl_opt_status,0,optimal
247,simpl_BB_time,0.18915748596191406,--none--
247,simpl_BB_obj,516,--none--
247,simpl_minAB_time,0.00017786026000976562,--none--
247,simpl_minAB_obj,999,--none--
247,simpl_gswaps_time,0.015479803085327148,--none--
247,simpl_gswaps_obj,960,--none--
247,simpl_5random_time,0.0016875267028808594,--none--
247,simpl_5random_obj,3086,--none--
247,simpl_gsifts_1p_time,0.15098309516906738,--none--
247,simpl_gsifts_1p_obj,577,--none--
247,simpl_gsifts_2p_time,0.2875669002532959,--none--
247,simpl_gsifts_2p_obj,518,--none--
247,simpl_gsifts_3p_time,0.3566761016845703,--none--
247,simpl_gsifts_3p_obj,516,--none--
247,orig_simpl_time,0.20743274688720703,--none--
247,orig_simpl_obj,299,--none--
247,orig_gsifts1p_time,0.22284460067749023,--none--
247,orig_gsifts1p_obj,341,--none--
247,orig_bestAB_time,0.016678333282470703,--none--
247,orig_bestAB_obj,551,--none--
247,orig_5random_time,0.3115406036376953,--none--
247,orig_5random_obj,1277,--none--
248,simpl_opt_status,0,optimal
248,simpl_BB_time,0.6340973377227783,--none--
248,simpl_BB_obj,2968,--none--
248,simpl_minAB_time,0.00017404556274414062,--none--
248,simpl_minAB_obj,13039,--none--
248,simpl_gswaps_time,0.16518950462341309,--none--
248,simpl_gswaps_obj,2970,--none--
248,simpl_5random_time,0.0017876625061035156,--none--
248,simpl_5random_obj,17016,--none--
248,simpl_gsifts_1p_time,0.1446695327758789,--none--
248,simpl_gsifts_1p_obj,5212,--none--
248,simpl_gsifts_2p_time,0.2183670997619629,--none--
248,simpl_gsifts_2p_obj,3636,--none--
248,simpl_gsifts_3p_time,0.38506436347961426,--none--
248,simpl_gsifts_3p_obj,3230,--none--
248,orig_simpl_time,0.7120194435119629,--none--
248,orig_simpl_obj,776,--none--
248,orig_gsifts1p_time,0.890770435333252,--none--
248,orig_gsifts1p_obj,2816,--none--
248,orig_bestAB_time,0.1649918556213379,--none--
248,orig_bestAB_obj,3035,--none--
248,orig_5random_time,1.15869140625,--none--
248,orig_5random_obj,3635,--none--
249,simpl_opt_status,0,optimal
249,simpl_BB_time,0.5617072582244873,--none--
249,simpl_BB_obj,1496,--none--
249,simpl_minAB_time,0.000171661376953125,--none--
249,simpl_minAB_obj,6200,--none--
249,simpl_gswaps_time,0.07605791091918945,--none--
249,simpl_gswaps_obj,3668,--none--
249,simpl_5random_time,0.0017979145050048828,--none--
249,simpl_5random_obj,6134,--none--
249,simpl_gsifts_1p_time,0.13853192329406738,--none--
249,simpl_gsifts_1p_obj,3558,--none--
249,simpl_gsifts_2p_time,0.27747130393981934,--none--
249,simpl_gsifts_2p_obj,2478,--none--
249,simpl_gsifts_3p_time,0.4550316333770752,--none--
249,simpl_gsifts_3p_obj,1758,--none--
249,orig_simpl_time,0.6288998126983643,--none--
249,orig_simpl_obj,501,--none--
249,orig_gsifts1p_time,0.5139527320861816,--none--
249,orig_gsifts1p_obj,706,--none--
249,orig_bestAB_time,0.10237598419189453,--none--
249,orig_bestAB_obj,1262,--none--
249,orig_5random_time,0.8208339214324951,--none--
249,orig_5random_obj,2326,--none--
24,simpl_opt_status,0,optimal
24,simpl_BB_time,1.3391797542572021,--none--
24,simpl_BB_obj,1816,--none--
24,simpl_minAB_time,0.00017714500427246094,--none--
24,simpl_minAB_obj,4231,--none--
24,simpl_gswaps_time,0.09222030639648438,--none--
24,simpl_gswaps_obj,2890,--none--
24,simpl_5random_time,0.0024728775024414062,--none--
24,simpl_5random_obj,8932,--none--
24,simpl_gsifts_1p_time,0.08629179000854492,--none--
24,simpl_gsifts_1p_obj,3258,--none--
24,simpl_gsifts_2p_time,0.2880277633666992,--none--
24,simpl_gsifts_2p_obj,2541,--none--
24,simpl_gsifts_3p_time,0.4118509292602539,--none--
24,simpl_gsifts_3p_obj,2056,--none--
24,orig_simpl_time,1.3687818050384521,--none--
24,orig_simpl_obj,424,--none--
24,orig_gsifts1p_time,0.6446182727813721,--none--
24,orig_gsifts1p_obj,1662,--none--
24,orig_bestAB_time,0.12663769721984863,--none--
24,orig_bestAB_obj,1306,--none--
24,orig_5random_time,0.5172455310821533,--none--
24,orig_5random_obj,1923,--none--
250,simpl_opt_status,0,optimal
250,simpl_BB_time,0.725907564163208,--none--
250,simpl_BB_obj,1015,--none--
250,simpl_minAB_time,0.0001544952392578125,--none--
250,simpl_minAB_obj,2367,--none--
250,simpl_gswaps_time,0.07825493812561035,--none--
250,simpl_gswaps_obj,1541,--none--
250,simpl_5random_time,0.0017006397247314453,--none--
250,simpl_5random_obj,13610,--none--
250,simpl_gsifts_1p_time,0.09917593002319336,--none--
250,simpl_gsifts_1p_obj,1545,--none--
250,simpl_gsifts_2p_time,0.2313852310180664,--none--
250,simpl_gsifts_2p_obj,1074,--none--
250,simpl_gsifts_3p_time,0.3989429473876953,--none--
250,simpl_gsifts_3p_obj,1022,--none--
250,orig_simpl_time,0.7630143165588379,--none--
250,orig_simpl_obj,378,--none--
250,orig_gsifts1p_time,0.32456159591674805,--none--
250,orig_gsifts1p_obj,585,--none--
250,orig_bestAB_time,0.1531224250793457,--none--
250,orig_bestAB_obj,717,--none--
250,orig_5random_time,0.35934948921203613,--none--
250,orig_5random_obj,1944,--none--
251,simpl_opt_status,0,optimal
251,simpl_BB_time,0.6393580436706543,--none--
251,simpl_BB_obj,1757,--none--
251,simpl_minAB_time,0.00017118453979492188,--none--
251,simpl_minAB_obj,16982,--none--
251,simpl_gswaps_time,0.19888997077941895,--none--
251,simpl_gswaps_obj,1757,--none--
251,simpl_5random_time,0.0017228126525878906,--none--
251,simpl_5random_obj,11934,--none--
251,simpl_gsifts_1p_time,0.07480502128601074,--none--
251,simpl_gsifts_1p_obj,8981,--none--
251,simpl_gsifts_2p_time,0.21007728576660156,--none--
251,simpl_gsifts_2p_obj,1817,--none--
251,simpl_gsifts_3p_time,0.35744762420654297,--none--
251,simpl_gsifts_3p_obj,1757,--none--
251,orig_simpl_time,0.762601375579834,--none--
251,orig_simpl_obj,525,--none--
251,orig_gsifts1p_time,0.8646414279937744,--none--
251,orig_gsifts1p_obj,1162,--none--
251,orig_bestAB_time,0.2275400161743164,--none--
251,orig_bestAB_obj,1318,--none--
251,orig_5random_time,0.7250149250030518,--none--
251,orig_5random_obj,3015,--none--
252,simpl_opt_status,0,optimal
252,simpl_BB_time,1.0355160236358643,--none--
252,simpl_BB_obj,1139,--none--
252,simpl_minAB_time,0.00016760826110839844,--none--
252,simpl_minAB_obj,20643,--none--
252,simpl_gswaps_time,0.055574655532836914,--none--
252,simpl_gswaps_obj,16633,--none--
252,simpl_5random_time,0.0015976428985595703,--none--
252,simpl_5random_obj,15502,--none--
252,simpl_gsifts_1p_time,0.1652669906616211,--none--
252,simpl_gsifts_1p_obj,10879,--none--
252,simpl_gsifts_2p_time,0.2978074550628662,--none--
252,simpl_gsifts_2p_obj,6191,--none--
252,simpl_gsifts_3p_time,0.31994080543518066,--none--
252,simpl_gsifts_3p_obj,3777,--none--
252,orig_simpl_time,1.058157205581665,--none--
252,orig_simpl_obj,285,--none--
252,orig_gsifts1p_time,0.48179030418395996,--none--
252,orig_gsifts1p_obj,1207,--none--
252,orig_bestAB_time,0.09938287734985352,--none--
252,orig_bestAB_obj,541,--none--
252,orig_5random_time,0.3270375728607178,--none--
252,orig_5random_obj,1697,--none--
253,simpl_opt_status,0,optimal
253,simpl_BB_time,0.7156226634979248,--none--
253,simpl_BB_obj,427,--none--
253,simpl_minAB_time,0.0001666545867919922,--none--
253,simpl_minAB_obj,1378,--none--
253,simpl_gswaps_time,0.06270074844360352,--none--
253,simpl_gswaps_obj,456,--none--
253,simpl_5random_time,0.0017473697662353516,--none--
253,simpl_5random_obj,3291,--none--
253,simpl_gsifts_1p_time,0.13690567016601562,--none--
253,simpl_gsifts_1p_obj,882,--none--
253,simpl_gsifts_2p_time,0.3431520462036133,--none--
253,simpl_gsifts_2p_obj,638,--none--
253,simpl_gsifts_3p_time,0.4527108669281006,--none--
253,simpl_gsifts_3p_obj,550,--none--
253,orig_simpl_time,0.7297694683074951,--none--
253,orig_simpl_obj,241,--none--
253,orig_gsifts1p_time,0.07576537132263184,--none--
253,orig_gsifts1p_obj,243,--none--
253,orig_bestAB_time,0.013202428817749023,--none--
253,orig_bestAB_obj,415,--none--
253,orig_5random_time,0.33986711502075195,--none--
253,orig_5random_obj,748,--none--
254,simpl_opt_status,0,optimal
254,simpl_BB_time,0.5453500747680664,--none--
254,simpl_BB_obj,937,--none--
254,simpl_minAB_time,0.00018453598022460938,--none--
254,simpl_minAB_obj,2235,--none--
254,simpl_gswaps_time,0.026259660720825195,--none--
254,simpl_gswaps_obj,1379,--none--
254,simpl_5random_time,0.0023796558380126953,--none--
254,simpl_5random_obj,27814,--none--
254,simpl_gsifts_1p_time,0.08551025390625,--none--
254,simpl_gsifts_1p_obj,1763,--none--
254,simpl_gsifts_2p_time,0.16851234436035156,--none--
254,simpl_gsifts_2p_obj,1379,--none--
254,simpl_gsifts_3p_time,0.39144158363342285,--none--
254,simpl_gsifts_3p_obj,1227,--none--
254,orig_simpl_time,0.5655462741851807,--none--
254,orig_simpl_obj,287,--none--
254,orig_gsifts1p_time,0.1968390941619873,--none--
254,orig_gsifts1p_obj,322,--none--
254,orig_bestAB_time,0.05035543441772461,--none--
254,orig_bestAB_obj,390,--none--
254,orig_5random_time,0.3343970775604248,--none--
254,orig_5random_obj,1254,--none--
255,simpl_opt_status,0,optimal
255,simpl_BB_time,0.7546985149383545,--none--
255,simpl_BB_obj,1364,--none--
255,simpl_minAB_time,0.00017261505126953125,--none--
255,simpl_minAB_obj,4136,--none--
255,simpl_gswaps_time,0.1187746524810791,--none--
255,simpl_gswaps_obj,1367,--none--
255,simpl_5random_time,0.001674652099609375,--none--
255,simpl_5random_obj,15586,--none--
255,simpl_gsifts_1p_time,0.0900413990020752,--none--
255,simpl_gsifts_1p_obj,2662,--none--
255,simpl_gsifts_2p_time,0.16024565696716309,--none--
255,simpl_gsifts_2p_obj,1915,--none--
255,simpl_gsifts_3p_time,0.3408339023590088,--none--
255,simpl_gsifts_3p_obj,1641,--none--
255,orig_simpl_time,0.8254456520080566,--none--
255,orig_simpl_obj,501,--none--
255,orig_gsifts1p_time,0.7233238220214844,--none--
255,orig_gsifts1p_obj,2494,--none--
255,orig_bestAB_time,0.13532590866088867,--none--
255,orig_bestAB_obj,1911,--none--
255,orig_5random_time,0.3110694885253906,--none--
255,orig_5random_obj,2234,--none--
256,simpl_opt_status,0,optimal
256,simpl_BB_time,0.5438947677612305,--none--
256,simpl_BB_obj,1710,--none--
256,simpl_minAB_time,0.00017905235290527344,--none--
256,simpl_minAB_obj,10612,--none--
256,simpl_gswaps_time,0.13524627685546875,--none--
256,simpl_gswaps_obj,4771,--none--
256,simpl_5random_time,0.0016429424285888672,--none--
256,simpl_5random_obj,19019,--none--
256,simpl_gsifts_1p_time,0.10088396072387695,--none--
256,simpl_gsifts_1p_obj,5142,--none--
256,simpl_gsifts_2p_time,0.24513578414916992,--none--
256,simpl_gsifts_2p_obj,2493,--none--
256,simpl_gsifts_3p_time,0.48408985137939453,--none--
256,simpl_gsifts_3p_obj,2167,--none--
256,orig_simpl_time,0.600773811340332,--none--
256,orig_simpl_obj,443,--none--
256,orig_gsifts1p_time,0.6784765720367432,--none--
256,orig_gsifts1p_obj,1462,--none--
256,orig_bestAB_time,0.1558685302734375,--none--
256,orig_bestAB_obj,2287,--none--
256,orig_5random_time,0.6135878562927246,--none--
256,orig_5random_obj,3616,--none--
257,simpl_opt_status,0,optimal
257,simpl_BB_time,0.5710422992706299,--none--
257,simpl_BB_obj,1750,--none--
257,simpl_minAB_time,0.00016832351684570312,--none--
257,simpl_minAB_obj,13193,--none--
257,simpl_gswaps_time,0.10418462753295898,--none--
257,simpl_gswaps_obj,12692,--none--
257,simpl_5random_time,0.0015714168548583984,--none--
257,simpl_5random_obj,12062,--none--
257,simpl_gsifts_1p_time,0.09644579887390137,--none--
257,simpl_gsifts_1p_obj,3030,--none--
257,simpl_gsifts_2p_time,0.26123642921447754,--none--
257,simpl_gsifts_2p_obj,2572,--none--
257,simpl_gsifts_3p_time,0.4813077449798584,--none--
257,simpl_gsifts_3p_obj,2262,--none--
257,orig_simpl_time,0.5997512340545654,--none--
257,orig_simpl_obj,362,--none--
257,orig_gsifts1p_time,0.44059038162231445,--none--
257,orig_gsifts1p_obj,1083,--none--
257,orig_bestAB_time,0.15160417556762695,--none--
257,orig_bestAB_obj,1207,--none--
257,orig_5random_time,0.5762197971343994,--none--
257,orig_5random_obj,3049,--none--
258,simpl_opt_status,0,optimal
258,simpl_BB_time,0.7147781848907471,--none--
258,simpl_BB_obj,2051,--none--
258,simpl_minAB_time,0.00017261505126953125,--none--
258,simpl_minAB_obj,8522,--none--
258,simpl_gswaps_time,0.0408480167388916,--none--
258,simpl_gswaps_obj,8507,--none--
258,simpl_5random_time,0.0016942024230957031,--none--
258,simpl_5random_obj,14750,--none--
258,simpl_gsifts_1p_time,0.08812427520751953,--none--
258,simpl_gsifts_1p_obj,2872,--none--
258,simpl_gsifts_2p_time,0.2710690498352051,--none--
258,simpl_gsifts_2p_obj,2124,--none--
258,simpl_gsifts_3p_time,0.3597891330718994,--none--
258,simpl_gsifts_3p_obj,2087,--none--
258,orig_simpl_time,0.7532684803009033,--none--
258,orig_simpl_obj,524,--none--
258,orig_gsifts1p_time,0.891364574432373,--none--
258,orig_gsifts1p_obj,2561,--none--
258,orig_bestAB_time,0.11830925941467285,--none--
258,orig_bestAB_obj,1495,--none--
258,orig_5random_time,0.7198588848114014,--none--
258,orig_5random_obj,3070,--none--
259,simpl_opt_status,0,optimal
259,simpl_BB_time,0.4799957275390625,--none--
259,simpl_BB_obj,581,--none--
259,simpl_minAB_time,0.00016927719116210938,--none--
259,simpl_minAB_obj,1130,--none--
259,simpl_gswaps_time,0.06215691566467285,--none--
259,simpl_gswaps_obj,581,--none--
259,simpl_5random_time,0.0017080307006835938,--none--
259,simpl_5random_obj,4419,--none--
259,simpl_gsifts_1p_time,0.12202095985412598,--none--
259,simpl_gsifts_1p_obj,714,--none--
259,simpl_gsifts_2p_time,0.2051551342010498,--none--
259,simpl_gsifts_2p_obj,585,--none--
259,simpl_gsifts_3p_time,0.38361024856567383,--none--
259,simpl_gsifts_3p_obj,581,--none--
259,orig_simpl_time,0.509397029876709,--none--
259,orig_simpl_obj,294,--none--
259,orig_gsifts1p_time,0.21239352226257324,--none--
259,orig_gsifts1p_obj,324,--none--
259,orig_bestAB_time,0.08728766441345215,--none--
259,orig_bestAB_obj,503,--none--
259,orig_5random_time,0.3951098918914795,--none--
259,orig_5random_obj,1246,--none--
25,simpl_opt_status,0,optimal
25,simpl_BB_time,0.4018595218658447,--none--
25,simpl_BB_obj,1763,--none--
25,simpl_minAB_time,0.00018143653869628906,--none--
25,simpl_minAB_obj,8053,--none--
25,simpl_gswaps_time,0.06630468368530273,--none--
25,simpl_gswaps_obj,1816,--none--
25,simpl_5random_time,0.0016255378723144531,--none--
25,simpl_5random_obj,11014,--none--
25,simpl_gsifts_1p_time,0.11913561820983887,--none--
25,simpl_gsifts_1p_obj,4381,--none--
25,simpl_gsifts_2p_time,0.2971513271331787,--none--
25,simpl_gsifts_2p_obj,2955,--none--
25,simpl_gsifts_3p_time,0.410477876663208,--none--
25,simpl_gsifts_3p_obj,2345,--none--
25,orig_simpl_time,0.4505753517150879,--none--
25,orig_simpl_obj,691,--none--
25,orig_gsifts1p_time,0.6059880256652832,--none--
25,orig_gsifts1p_obj,1015,--none--
25,orig_bestAB_time,0.0990757942199707,--none--
25,orig_bestAB_obj,2042,--none--
25,orig_5random_time,0.632671594619751,--none--
25,orig_5random_obj,2835,--none--
260,simpl_opt_status,0,optimal
260,simpl_BB_time,0.285294771194458,--none--
260,simpl_BB_obj,3425,--none--
260,simpl_minAB_time,0.0001437664031982422,--none--
260,simpl_minAB_obj,9456,--none--
260,simpl_gswaps_time,0.02310037612915039,--none--
260,simpl_gswaps_obj,5067,--none--
260,simpl_5random_time,0.0015254020690917969,--none--
260,simpl_5random_obj,17014,--none--
260,simpl_gsifts_1p_time,0.12009358406066895,--none--
260,simpl_gsifts_1p_obj,6267,--none--
260,simpl_gsifts_2p_time,0.15312600135803223,--none--
260,simpl_gsifts_2p_obj,4870,--none--
260,simpl_gsifts_3p_time,0.2982344627380371,--none--
260,simpl_gsifts_3p_obj,4216,--none--
260,orig_simpl_time,0.33771419525146484,--none--
260,orig_simpl_obj,473,--none--
260,orig_gsifts1p_time,0.8927626609802246,--none--
260,orig_gsifts1p_obj,2178,--none--
260,orig_bestAB_time,0.14737486839294434,--none--
260,orig_bestAB_obj,2672,--none--
260,orig_5random_time,0.7204022407531738,--none--
260,orig_5random_obj,3472,--none--
261,simpl_opt_status,0,optimal
261,simpl_BB_time,0.6256134510040283,--none--
261,simpl_BB_obj,766,--none--
261,simpl_minAB_time,0.00017261505126953125,--none--
261,simpl_minAB_obj,2179,--none--
261,simpl_gswaps_time,0.15826129913330078,--none--
261,simpl_gswaps_obj,766,--none--
261,simpl_5random_time,0.01054239273071289,--none--
261,simpl_5random_obj,15070,--none--
261,simpl_gsifts_1p_time,0.15257763862609863,--none--
261,simpl_gsifts_1p_obj,1425,--none--
261,simpl_gsifts_2p_time,0.23424839973449707,--none--
261,simpl_gsifts_2p_obj,892,--none--
261,simpl_gsifts_3p_time,0.42314767837524414,--none--
261,simpl_gsifts_3p_obj,806,--none--
261,orig_simpl_time,0.6536858081817627,--none--
261,orig_simpl_obj,268,--none--
261,orig_gsifts1p_time,0.22542810440063477,--none--
261,orig_gsifts1p_obj,569,--none--
261,orig_bestAB_time,0.09427356719970703,--none--
261,orig_bestAB_obj,716,--none--
261,orig_5random_time,0.4264352321624756,--none--
261,orig_5random_obj,2014,--none--
262,simpl_opt_status,0,optimal
262,simpl_BB_time,0.9966447353363037,--none--
262,simpl_BB_obj,1165,--none--
262,simpl_minAB_time,0.00016880035400390625,--none--
262,simpl_minAB_obj,10607,--none--
262,simpl_gswaps_time,0.1694319248199463,--none--
262,simpl_gswaps_obj,1165,--none--
262,simpl_5random_time,0.0023436546325683594,--none--
262,simpl_5random_obj,7670,--none--
262,simpl_gsifts_1p_time,0.1101531982421875,--none--
262,simpl_gsifts_1p_obj,5778,--none--
262,simpl_gsifts_2p_time,0.2596855163574219,--none--
262,simpl_gsifts_2p_obj,3370,--none--
262,simpl_gsifts_3p_time,0.3813323974609375,--none--
262,simpl_gsifts_3p_obj,2173,--none--
262,orig_simpl_time,1.0156190395355225,--none--
262,orig_simpl_obj,238,--none--
262,orig_gsifts1p_time,0.18882107734680176,--none--
262,orig_gsifts1p_obj,542,--none--
262,orig_bestAB_time,0.0839223861694336,--none--
262,orig_bestAB_obj,729,--none--
262,orig_5random_time,0.16858553886413574,--none--
262,orig_5random_obj,1252,--none--
263,simpl_opt_status,0,optimal
263,simpl_BB_time,0.5435173511505127,--none--
263,simpl_BB_obj,1003,--none--
263,simpl_minAB_time,0.00017595291137695312,--none--
263,simpl_minAB_obj,5458,--none--
263,simpl_gswaps_time,0.06073927879333496,--none--
263,simpl_gswaps_obj,1922,--none--
263,simpl_5random_time,0.0018126964569091797,--none--
263,simpl_5random_obj,10566,--none--
263,simpl_gsifts_1p_time,0.14621329307556152,--none--
263,simpl_gsifts_1p_obj,3015,--none--
263,simpl_gsifts_2p_time,0.22333765029907227,--none--
263,simpl_gsifts_2p_obj,1895,--none--
263,simpl_gsifts_3p_time,0.30485987663269043,--none--
263,simpl_gsifts_3p_obj,1344,--none--
263,orig_simpl_time,0.5707895755767822,--none--
263,orig_simpl_obj,180,--none--
263,orig_gsifts1p_time,0.13083457946777344,--none--
263,orig_gsifts1p_obj,320,--none--
263,orig_bestAB_time,0.12594103813171387,--none--
263,orig_bestAB_obj,570,--none--
263,orig_5random_time,0.1790764331817627,--none--
263,orig_5random_obj,947,--none--
264,simpl_opt_status,0,optimal
264,simpl_BB_time,0.521503210067749,--none--
264,simpl_BB_obj,2439,--none--
264,simpl_minAB_time,0.00017642974853515625,--none--
264,simpl_minAB_obj,17768,--none--
264,simpl_gswaps_time,0.08814620971679688,--none--
264,simpl_gswaps_obj,3349,--none--
264,simpl_5random_time,0.0016472339630126953,--none--
264,simpl_5random_obj,16798,--none--
264,simpl_gsifts_1p_time,0.08476758003234863,--none--
264,simpl_gsifts_1p_obj,3646,--none--
264,simpl_gsifts_2p_time,0.1615917682647705,--none--
264,simpl_gsifts_2p_obj,3009,--none--
264,simpl_gsifts_3p_time,0.24220681190490723,--none--
264,simpl_gsifts_3p_obj,2765,--none--
264,orig_simpl_time,0.5544910430908203,--none--
264,orig_simpl_obj,360,--none--
264,orig_gsifts1p_time,0.4984877109527588,--none--
264,orig_gsifts1p_obj,1845,--none--
264,orig_bestAB_time,0.08490753173828125,--none--
264,orig_bestAB_obj,1051,--none--
264,orig_5random_time,0.3603224754333496,--none--
264,orig_5random_obj,3108,--none--
