instance,num_type,value,comment
265,simpl_opt_status,0,optimal
265,simpl_BB_time,0.38927793502807617,--none--
265,simpl_BB_obj,2249,--none--
265,simpl_toA_time,7.748603820800781e-05,--none--
265,simpl_toA_obj,33043,--none--
265,simpl_toB_time,6.866455078125e-05,--none--
265,simpl_toB_obj,9889,--none--
265,simpl_minAB_time,0.0001342296600341797,--none--
265,simpl_minAB_obj,9889,--none--
265,simpl_gswaps_time,0.016239404678344727,--none--
265,simpl_gswaps_obj,7461,--none--
265,simpl_gsifts_1p_time,0.09662270545959473,--none--
265,simpl_gsifts_1p_obj,5985,--none--
265,simpl_gsifts_2p_time,0.1765577793121338,--none--
265,simpl_gsifts_2p_obj,3557,--none--
265,orig_simpl_time,0.43998050689697266,--none--
265,orig_simpl_obj,694,--none--
265,orig_gsifts1p_time,0.879432201385498,--none--
265,orig_gsifts1p_obj,2580,--none--
265,orig_bestAB_time,0.1165776252746582,--none--
265,orig_bestAB_obj,2677,--none--
265,orig_5random_time,0.7973101139068604,--none--
265,orig_5random_obj,5069,--none--
266,simpl_opt_status,0,optimal
266,simpl_BB_time,0.4511284828186035,--none--
266,simpl_BB_obj,2287,--none--
266,simpl_toA_time,9.036064147949219e-05,--none--
266,simpl_toA_obj,6715,--none--
266,simpl_toB_time,8.535385131835938e-05,--none--
266,simpl_toB_obj,15815,--none--
266,simpl_minAB_time,0.00016045570373535156,--none--
266,simpl_minAB_obj,6715,--none--
266,simpl_gswaps_time,0.04948091506958008,--none--
266,simpl_gswaps_obj,2958,--none--
266,simpl_gsifts_1p_time,0.07727599143981934,--none--
266,simpl_gsifts_1p_obj,4791,--none--
266,simpl_gsifts_2p_time,0.1545886993408203,--none--
266,simpl_gsifts_2p_obj,3383,--none--
266,orig_simpl_time,0.4913063049316406,--none--
266,orig_simpl_obj,564,--none--
266,orig_gsifts1p_time,0.3554039001464844,--none--
266,orig_gsifts1p_obj,1176,--none--
266,orig_bestAB_time,0.08520388603210449,--none--
266,orig_bestAB_obj,1473,--none--
266,orig_5random_time,0.49692606925964355,--none--
266,orig_5random_obj,2345,--none--
267,simpl_opt_status,0,optimal
267,simpl_BB_time,0.6186721324920654,--none--
267,simpl_BB_obj,907,--none--
267,simpl_toA_time,9.322166442871094e-05,--none--
267,simpl_toA_obj,6378,--none--
267,simpl_toB_time,8.96453857421875e-05,--none--
267,simpl_toB_obj,2095,--none--
267,simpl_minAB_time,0.00017690658569335938,--none--
267,simpl_minAB_obj,2095,--none--
267,simpl_gswaps_time,0.0746767520904541,--none--
267,simpl_gswaps_obj,907,--none--
267,simpl_gsifts_1p_time,0.1192781925201416,--none--
267,simpl_gsifts_1p_obj,1357,--none--
267,simpl_gsifts_2p_time,0.2958376407623291,--none--
267,simpl_gsifts_2p_obj,1077,--none--
267,orig_simpl_time,0.643622636795044,--none--
267,orig_simpl_obj,404,--none--
267,orig_gsifts1p_time,0.21307706832885742,--none--
267,orig_gsifts1p_obj,841,--none--
267,orig_bestAB_time,0.07073974609375,--none--
267,orig_bestAB_obj,1675,--none--
267,orig_5random_time,0.4693737030029297,--none--
267,orig_5random_obj,1402,--none--
268,simpl_opt_status,0,optimal
268,simpl_BB_time,0.30913519859313965,--none--
268,simpl_BB_obj,973,--none--
268,simpl_toA_time,0.00010251998901367188,--none--
268,simpl_toA_obj,16677,--none--
268,simpl_toB_time,0.00010275840759277344,--none--
268,simpl_toB_obj,2516,--none--
268,simpl_minAB_time,0.00019288063049316406,--none--
268,simpl_minAB_obj,2516,--none--
268,simpl_gswaps_time,0.060089826583862305,--none--
268,simpl_gswaps_obj,985,--none--
268,simpl_gsifts_1p_time,0.07939434051513672,--none--
268,simpl_gsifts_1p_obj,1659,--none--
268,simpl_gsifts_2p_time,0.23515844345092773,--none--
268,simpl_gsifts_2p_obj,1235,--none--
268,orig_simpl_time,0.34912800788879395,--none--
268,orig_simpl_obj,386,--none--
268,orig_gsifts1p_time,0.24236822128295898,--none--
268,orig_gsifts1p_obj,357,--none--
268,orig_bestAB_time,0.028524398803710938,--none--
268,orig_bestAB_obj,502,--none--
268,orig_5random_time,0.30520105361938477,--none--
268,orig_5random_obj,2265,--none--
269,simpl_opt_status,0,optimal
269,simpl_BB_time,0.2546999454498291,--none--
269,simpl_BB_obj,1867,--none--
269,simpl_toA_time,8.606910705566406e-05,--none--
269,simpl_toA_obj,33062,--none--
269,simpl_toB_time,9.179115295410156e-05,--none--
269,simpl_toB_obj,12902,--none--
269,simpl_minAB_time,0.0001609325408935547,--none--
269,simpl_minAB_obj,12902,--none--
269,simpl_gswaps_time,0.1286177635192871,--none--
269,simpl_gswaps_obj,1867,--none--
269,simpl_gsifts_1p_time,0.08509230613708496,--none--
269,simpl_gsifts_1p_obj,7084,--none--
269,simpl_gsifts_2p_time,0.16692256927490234,--none--
269,simpl_gsifts_2p_obj,4212,--none--
269,orig_simpl_time,0.2940037250518799,--none--
269,orig_simpl_obj,518,--none--
269,orig_gsifts1p_time,0.7151713371276855,--none--
269,orig_gsifts1p_obj,2716,--none--
269,orig_bestAB_time,0.12034034729003906,--none--
269,orig_bestAB_obj,2247,--none--
269,orig_5random_time,0.5030553340911865,--none--
269,orig_5random_obj,3718,--none--
26,simpl_opt_status,0,optimal
26,simpl_BB_time,0.39620494842529297,--none--
26,simpl_BB_obj,1041,--none--
26,simpl_toA_time,8.20159912109375e-05,--none--
26,simpl_toA_obj,7062,--none--
26,simpl_toB_time,8.559226989746094e-05,--none--
26,simpl_toB_obj,6740,--none--
26,simpl_minAB_time,0.00015211105346679688,--none--
26,simpl_minAB_obj,6740,--none--
26,simpl_gswaps_time,0.05234384536743164,--none--
26,simpl_gswaps_obj,1477,--none--
26,simpl_gsifts_1p_time,0.08506011962890625,--none--
26,simpl_gsifts_1p_obj,2344,--none--
26,simpl_gsifts_2p_time,0.16269516944885254,--none--
26,simpl_gsifts_2p_obj,1768,--none--
26,orig_simpl_time,0.4264369010925293,--none--
26,orig_simpl_obj,372,--none--
26,orig_gsifts1p_time,0.185652494430542,--none--
26,orig_gsifts1p_obj,546,--none--
26,orig_bestAB_time,0.04343414306640625,--none--
26,orig_bestAB_obj,738,--none--
26,orig_5random_time,0.3445906639099121,--none--
26,orig_5random_obj,1384,--none--
270,simpl_opt_status,0,optimal
270,simpl_BB_time,0.4370145797729492,--none--
270,simpl_BB_obj,1470,--none--
270,simpl_toA_time,9.942054748535156e-05,--none--
270,simpl_toA_obj,3723,--none--
270,simpl_toB_time,8.893013000488281e-05,--none--
270,simpl_toB_obj,8906,--none--
270,simpl_minAB_time,0.000171661376953125,--none--
270,simpl_minAB_obj,3723,--none--
270,simpl_gswaps_time,0.07331109046936035,--none--
270,simpl_gswaps_obj,1665,--none--
270,simpl_gsifts_1p_time,0.07860898971557617,--none--
270,simpl_gsifts_1p_obj,2611,--none--
270,simpl_gsifts_2p_time,0.21474933624267578,--none--
270,simpl_gsifts_2p_obj,2081,--none--
270,orig_simpl_time,0.47011613845825195,--none--
270,orig_simpl_obj,483,--none--
270,orig_gsifts1p_time,0.295943021774292,--none--
270,orig_gsifts1p_obj,941,--none--
270,orig_bestAB_time,0.09440112113952637,--none--
270,orig_bestAB_obj,1426,--none--
270,orig_5random_time,0.5372629165649414,--none--
270,orig_5random_obj,3636,--none--
271,simpl_opt_status,0,optimal
271,simpl_BB_time,0.44980430603027344,--none--
271,simpl_BB_obj,2035,--none--
271,simpl_toA_time,8.58306884765625e-05,--none--
271,simpl_toA_obj,24805,--none--
271,simpl_toB_time,9.059906005859375e-05,--none--
271,simpl_toB_obj,5834,--none--
271,simpl_minAB_time,0.00016236305236816406,--none--
271,simpl_minAB_obj,5834,--none--
271,simpl_gswaps_time,0.08492374420166016,--none--
271,simpl_gswaps_obj,2305,--none--
271,simpl_gsifts_1p_time,0.08295321464538574,--none--
271,simpl_gsifts_1p_obj,3210,--none--
271,simpl_gsifts_2p_time,0.16505861282348633,--none--
271,simpl_gsifts_2p_obj,2493,--none--
271,orig_simpl_time,0.4760575294494629,--none--
271,orig_simpl_obj,305,--none--
271,orig_gsifts1p_time,0.39905500411987305,--none--
271,orig_gsifts1p_obj,1675,--none--
271,orig_bestAB_time,0.06712841987609863,--none--
271,orig_bestAB_obj,538,--none--
271,orig_5random_time,0.2526390552520752,--none--
271,orig_5random_obj,2019,--none--
272,simpl_opt_status,0,optimal
272,simpl_BB_time,0.25585031509399414,--none--
272,simpl_BB_obj,2923,--none--
272,simpl_toA_time,8.296966552734375e-05,--none--
272,simpl_toA_obj,12389,--none--
272,simpl_toB_time,8.249282836914062e-05,--none--
272,simpl_toB_obj,15833,--none--
272,simpl_minAB_time,0.00015091896057128906,--none--
272,simpl_minAB_obj,12389,--none--
272,simpl_gswaps_time,0.010380268096923828,--none--
272,simpl_gswaps_obj,12292,--none--
272,simpl_gsifts_1p_time,0.08151674270629883,--none--
272,simpl_gsifts_1p_obj,4328,--none--
272,simpl_gsifts_2p_time,0.2618398666381836,--none--
272,simpl_gsifts_2p_obj,3386,--none--
272,orig_simpl_time,0.3746051788330078,--none--
272,orig_simpl_obj,800,--none--
272,orig_gsifts1p_time,1.189171552658081,--none--
272,orig_gsifts1p_obj,2225,--none--
272,orig_bestAB_time,0.1333320140838623,--none--
272,orig_bestAB_obj,2685,--none--
272,orig_5random_time,1.1038308143615723,--none--
272,orig_5random_obj,4060,--none--
273,simpl_opt_status,0,optimal
273,simpl_BB_time,0.5531823635101318,--none--
273,simpl_BB_obj,1968,--none--
273,simpl_toA_time,8.344650268554688e-05,--none--
273,simpl_toA_obj,18610,--none--
273,simpl_toB_time,9.655952453613281e-05,--none--
273,simpl_toB_obj,6188,--none--
273,simpl_minAB_time,0.00015592575073242188,--none--
273,simpl_minAB_obj,6188,--none--
273,simpl_gswaps_time,0.12250590324401855,--none--
273,simpl_gswaps_obj,2471,--none--
273,simpl_gsifts_1p_time,0.11938357353210449,--none--
273,simpl_gsifts_1p_obj,3352,--none--
273,simpl_gsifts_2p_time,0.1720447540283203,--none--
273,simpl_gsifts_2p_obj,2765,--none--
273,orig_simpl_time,0.5882225036621094,--none--
273,orig_simpl_obj,416,--none--
273,orig_gsifts1p_time,0.613365650177002,--none--
273,orig_gsifts1p_obj,1887,--none--
273,orig_bestAB_time,0.11516690254211426,--none--
273,orig_bestAB_obj,1313,--none--
273,orig_5random_time,0.3538351058959961,--none--
273,orig_5random_obj,1573,--none--
274,simpl_opt_status,0,optimal
274,simpl_BB_time,0.6699740886688232,--none--
274,simpl_BB_obj,1010,--none--
274,simpl_toA_time,8.940696716308594e-05,--none--
274,simpl_toA_obj,10415,--none--
274,simpl_toB_time,9.1552734375e-05,--none--
274,simpl_toB_obj,2719,--none--
274,simpl_minAB_time,0.00016736984252929688,--none--
274,simpl_minAB_obj,2719,--none--
274,simpl_gswaps_time,0.09605169296264648,--none--
274,simpl_gswaps_obj,1093,--none--
274,simpl_gsifts_1p_time,0.09601092338562012,--none--
274,simpl_gsifts_1p_obj,1261,--none--
274,simpl_gsifts_2p_time,0.18152785301208496,--none--
274,simpl_gsifts_2p_obj,1117,--none--
274,orig_simpl_time,0.7073609828948975,--none--
274,orig_simpl_obj,466,--none--
274,orig_gsifts1p_time,0.25151634216308594,--none--
274,orig_gsifts1p_obj,763,--none--
274,orig_bestAB_time,0.057329416275024414,--none--
274,orig_bestAB_obj,914,--none--
274,orig_5random_time,0.3500816822052002,--none--
274,orig_5random_obj,1484,--none--
275,simpl_opt_status,0,optimal
275,simpl_BB_time,0.41730642318725586,--none--
275,simpl_BB_obj,3113,--none--
275,simpl_toA_time,8.368492126464844e-05,--none--
275,simpl_toA_obj,19795,--none--
275,simpl_toB_time,7.152557373046875e-05,--none--
275,simpl_toB_obj,33111,--none--
275,simpl_minAB_time,0.00013899803161621094,--none--
275,simpl_minAB_obj,19795,--none--
275,simpl_gswaps_time,0.005141735076904297,--none--
275,simpl_gswaps_obj,19795,--none--
275,simpl_gsifts_1p_time,0.11168456077575684,--none--
275,simpl_gsifts_1p_obj,10484,--none--
275,simpl_gsifts_2p_time,0.18352937698364258,--none--
275,simpl_gsifts_2p_obj,6377,--none--
275,orig_simpl_time,0.46240758895874023,--none--
275,orig_simpl_obj,428,--none--
275,orig_gsifts1p_time,0.45409202575683594,--none--
275,orig_gsifts1p_obj,1618,--none--
275,orig_bestAB_time,0.1501908302307129,--none--
275,orig_bestAB_obj,809,--none--
275,orig_5random_time,0.4255337715148926,--none--
275,orig_5random_obj,2913,--none--
276,simpl_opt_status,0,optimal
276,simpl_BB_time,0.4879183769226074,--none--
276,simpl_BB_obj,721,--none--
276,simpl_toA_time,0.000102996826171875,--none--
276,simpl_toA_obj,1651,--none--
276,simpl_toB_time,9.012222290039062e-05,--none--
276,simpl_toB_obj,5354,--none--
276,simpl_minAB_time,0.00017976760864257812,--none--
276,simpl_minAB_obj,1651,--none--
276,simpl_gswaps_time,0.05818676948547363,--none--
276,simpl_gswaps_obj,825,--none--
276,simpl_gsifts_1p_time,0.08245062828063965,--none--
276,simpl_gsifts_1p_obj,950,--none--
276,simpl_gsifts_2p_time,0.16192126274108887,--none--
276,simpl_gsifts_2p_obj,824,--none--
276,orig_simpl_time,0.5079574584960938,--none--
276,orig_simpl_obj,317,--none--
276,orig_gsifts1p_time,0.13689160346984863,--none--
276,orig_gsifts1p_obj,404,--none--
276,orig_bestAB_time,0.02841019630432129,--none--
276,orig_bestAB_obj,616,--none--
276,orig_5random_time,0.25696587562561035,--none--
276,orig_5random_obj,2121,--none--
277,simpl_opt_status,0,optimal
277,simpl_BB_time,0.8932244777679443,--none--
277,simpl_BB_obj,1052,--none--
277,simpl_toA_time,9.107589721679688e-05,--none--
277,simpl_toA_obj,8618,--none--
277,simpl_toB_time,8.511543273925781e-05,--none--
277,simpl_toB_obj,3279,--none--
277,simpl_minAB_time,0.0001590251922607422,--none--
277,simpl_minAB_obj,3279,--none--
277,simpl_gswaps_time,0.07283616065979004,--none--
277,simpl_gswaps_obj,1159,--none--
277,simpl_gsifts_1p_time,0.12389469146728516,--none--
277,simpl_gsifts_1p_obj,1835,--none--
277,simpl_gsifts_2p_time,0.2600088119506836,--none--
277,simpl_gsifts_2p_obj,1309,--none--
277,orig_simpl_time,0.9174258708953857,--none--
277,orig_simpl_obj,371,--none--
277,orig_gsifts1p_time,0.5696859359741211,--none--
277,orig_gsifts1p_obj,626,--none--
277,orig_bestAB_time,0.10427117347717285,--none--
277,orig_bestAB_obj,1062,--none--
277,orig_5random_time,0.5515213012695312,--none--
277,orig_5random_obj,2633,--none--
278,simpl_opt_status,0,optimal
278,simpl_BB_time,0.4479951858520508,--none--
278,simpl_BB_obj,862,--none--
278,simpl_toA_time,7.700920104980469e-05,--none--
278,simpl_toA_obj,32949,--none--
278,simpl_toB_time,8.96453857421875e-05,--none--
278,simpl_toB_obj,4613,--none--
278,simpl_minAB_time,0.00016117095947265625,--none--
278,simpl_minAB_obj,4613,--none--
278,simpl_gswaps_time,0.07628583908081055,--none--
278,simpl_gswaps_obj,863,--none--
278,simpl_gsifts_1p_time,0.0776517391204834,--none--
278,simpl_gsifts_1p_obj,959,--none--
278,simpl_gsifts_2p_time,0.1776416301727295,--none--
278,simpl_gsifts_2p_obj,891,--none--
278,orig_simpl_time,0.4918832778930664,--none--
278,orig_simpl_obj,446,--none--
278,orig_gsifts1p_time,0.4400150775909424,--none--
278,orig_gsifts1p_obj,1037,--none--
278,orig_bestAB_time,0.054563045501708984,--none--
278,orig_bestAB_obj,703,--none--
278,orig_5random_time,0.44412922859191895,--none--
278,orig_5random_obj,2497,--none--
279,simpl_opt_status,0,optimal
279,simpl_BB_time,2.328476667404175,--none--
279,simpl_BB_obj,1255,--none--
279,simpl_toA_time,8.749961853027344e-05,--none--
279,simpl_toA_obj,3329,--none--
279,simpl_toB_time,8.082389831542969e-05,--none--
279,simpl_toB_obj,17524,--none--
279,simpl_minAB_time,0.00016570091247558594,--none--
279,simpl_minAB_obj,3329,--none--
279,simpl_gswaps_time,0.06202363967895508,--none--
279,simpl_gswaps_obj,1491,--none--
279,simpl_gsifts_1p_time,0.09433364868164062,--none--
279,simpl_gsifts_1p_obj,1500,--none--
279,simpl_gsifts_2p_time,0.20483732223510742,--none--
279,simpl_gsifts_2p_obj,1302,--none--
279,orig_simpl_time,2.351884603500366,--none--
279,orig_simpl_obj,343,--none--
279,orig_gsifts1p_time,0.145888090133667,--none--
279,orig_gsifts1p_obj,374,--none--
279,orig_bestAB_time,0.07607221603393555,--none--
279,orig_bestAB_obj,478,--none--
279,orig_5random_time,0.3260984420776367,--none--
279,orig_5random_obj,1942,--none--
27,simpl_opt_status,0,optimal
27,simpl_BB_time,1.3151676654815674,--none--
27,simpl_BB_obj,1399,--none--
27,simpl_toA_time,7.867813110351562e-05,--none--
27,simpl_toA_obj,16517,--none--
27,simpl_toB_time,8.058547973632812e-05,--none--
27,simpl_toB_obj,7959,--none--
27,simpl_minAB_time,0.0001423358917236328,--none--
27,simpl_minAB_obj,7959,--none--
27,simpl_gswaps_time,0.005094289779663086,--none--
27,simpl_gswaps_obj,7959,--none--
27,simpl_gsifts_1p_time,0.07930278778076172,--none--
27,simpl_gsifts_1p_obj,4640,--none--
27,simpl_gsifts_2p_time,0.16549897193908691,--none--
27,simpl_gsifts_2p_obj,3422,--none--
27,orig_simpl_time,1.338498830795288,--none--
27,orig_simpl_obj,278,--none--
27,orig_gsifts1p_time,0.33672547340393066,--none--
27,orig_gsifts1p_obj,1390,--none--
27,orig_bestAB_time,0.05485796928405762,--none--
27,orig_bestAB_obj,1671,--none--
27,orig_5random_time,0.2957131862640381,--none--
27,orig_5random_obj,2367,--none--
280,simpl_opt_status,0,optimal
280,simpl_BB_time,0.20751190185546875,--none--
280,simpl_BB_obj,1671,--none--
280,simpl_toA_time,9.393692016601562e-05,--none--
280,simpl_toA_obj,6594,--none--
280,simpl_toB_time,9.918212890625e-05,--none--
280,simpl_toB_obj,14077,--none--
280,simpl_minAB_time,0.0001614093780517578,--none--
280,simpl_minAB_obj,6594,--none--
280,simpl_gswaps_time,0.019109725952148438,--none--
280,simpl_gswaps_obj,6470,--none--
280,simpl_gsifts_1p_time,0.07967138290405273,--none--
280,simpl_gsifts_1p_obj,2996,--none--
280,simpl_gsifts_2p_time,0.30988407135009766,--none--
280,simpl_gsifts_2p_obj,2324,--none--
280,orig_simpl_time,0.26062464714050293,--none--
280,orig_simpl_obj,477,--none--
280,orig_gsifts1p_time,0.43690943717956543,--none--
280,orig_gsifts1p_obj,1142,--none--
280,orig_bestAB_time,0.15882301330566406,--none--
280,orig_bestAB_obj,1406,--none--
280,orig_5random_time,0.5817372798919678,--none--
280,orig_5random_obj,2933,--none--
281,simpl_opt_status,0,optimal
281,simpl_BB_time,0.6411535739898682,--none--
281,simpl_BB_obj,1810,--none--
281,simpl_toA_time,8.630752563476562e-05,--none--
281,simpl_toA_obj,8752,--none--
281,simpl_toB_time,7.772445678710938e-05,--none--
281,simpl_toB_obj,17487,--none--
281,simpl_minAB_time,0.00015354156494140625,--none--
281,simpl_minAB_obj,8752,--none--
281,simpl_gswaps_time,0.08083963394165039,--none--
281,simpl_gswaps_obj,1829,--none--
281,simpl_gsifts_1p_time,0.10736322402954102,--none--
281,simpl_gsifts_1p_obj,2695,--none--
281,simpl_gsifts_2p_time,0.19838857650756836,--none--
281,simpl_gsifts_2p_obj,2095,--none--
281,orig_simpl_time,0.6821818351745605,--none--
281,orig_simpl_obj,401,--none--
281,orig_gsifts1p_time,0.16533708572387695,--none--
281,orig_gsifts1p_obj,427,--none--
281,orig_bestAB_time,0.07771587371826172,--none--
281,orig_bestAB_obj,562,--none--
281,orig_5random_time,0.3434939384460449,--none--
281,orig_5random_obj,1237,--none--
282,simpl_opt_status,0,optimal
282,simpl_BB_time,0.701960563659668,--none--
282,simpl_BB_obj,997,--none--
282,simpl_toA_time,9.846687316894531e-05,--none--
282,simpl_toA_obj,2126,--none--
282,simpl_toB_time,8.916854858398438e-05,--none--
282,simpl_toB_obj,8860,--none--
282,simpl_minAB_time,0.00016307830810546875,--none--
282,simpl_minAB_obj,2126,--none--
282,simpl_gswaps_time,0.0829319953918457,--none--
282,simpl_gswaps_obj,1163,--none--
282,simpl_gsifts_1p_time,0.09486246109008789,--none--
282,simpl_gsifts_1p_obj,1437,--none--
282,simpl_gsifts_2p_time,0.18646979331970215,--none--
282,simpl_gsifts_2p_obj,1073,--none--
282,orig_simpl_time,0.7296671867370605,--none--
282,orig_simpl_obj,378,--none--
282,orig_gsifts1p_time,0.28783321380615234,--none--
282,orig_gsifts1p_obj,696,--none--
282,orig_bestAB_time,0.04393458366394043,--none--
282,orig_bestAB_obj,1155,--none--
282,orig_5random_time,0.40573787689208984,--none--
282,orig_5random_obj,2019,--none--
283,simpl_opt_status,0,optimal
283,simpl_BB_time,0.21718096733093262,--none--
283,simpl_BB_obj,2753,--none--
283,simpl_toA_time,9.250640869140625e-05,--none--
283,simpl_toA_obj,18715,--none--
283,simpl_toB_time,8.463859558105469e-05,--none--
283,simpl_toB_obj,15110,--none--
283,simpl_minAB_time,0.00016188621520996094,--none--
283,simpl_minAB_obj,15110,--none--
283,simpl_gswaps_time,0.0227968692779541,--none--
283,simpl_gswaps_obj,14911,--none--
283,simpl_gsifts_1p_time,0.10721969604492188,--none--
283,simpl_gsifts_1p_obj,3356,--none--
283,simpl_gsifts_2p_time,0.17581701278686523,--none--
283,simpl_gsifts_2p_obj,2999,--none--
283,orig_simpl_time,0.2878718376159668,--none--
283,orig_simpl_obj,675,--none--
283,orig_gsifts1p_time,0.9745931625366211,--none--
283,orig_gsifts1p_obj,3312,--none--
283,orig_bestAB_time,0.15024399757385254,--none--
283,orig_bestAB_obj,2362,--none--
283,orig_5random_time,0.7710435390472412,--none--
283,orig_5random_obj,4961,--none--
284,simpl_opt_status,0,optimal
284,simpl_BB_time,0.6530029773712158,--none--
284,simpl_BB_obj,740,--none--
284,simpl_toA_time,9.34600830078125e-05,--none--
284,simpl_toA_obj,1678,--none--
284,simpl_toB_time,8.368492126464844e-05,--none--
284,simpl_toB_obj,2884,--none--
284,simpl_minAB_time,0.00016069412231445312,--none--
284,simpl_minAB_obj,1678,--none--
284,simpl_gswaps_time,0.08181333541870117,--none--
284,simpl_gswaps_obj,890,--none--
284,simpl_gsifts_1p_time,0.07904958724975586,--none--
284,simpl_gsifts_1p_obj,1082,--none--
284,simpl_gsifts_2p_time,0.15625786781311035,--none--
284,simpl_gsifts_2p_obj,900,--none--
284,orig_simpl_time,0.667607307434082,--none--
284,orig_simpl_obj,234,--none--
284,orig_gsifts1p_time,0.13661813735961914,--none--
284,orig_gsifts1p_obj,195,--none--
284,orig_bestAB_time,0.016510009765625,--none--
284,orig_bestAB_obj,261,--none--
284,orig_5random_time,0.24541831016540527,--none--
284,orig_5random_obj,1875,--none--
285,simpl_opt_status,0,optimal
285,simpl_BB_time,0.7149746417999268,--none--
285,simpl_BB_obj,2314,--none--
285,simpl_toA_time,9.059906005859375e-05,--none--
285,simpl_toA_obj,9719,--none--
285,simpl_toB_time,8.463859558105469e-05,--none--
285,simpl_toB_obj,4247,--none--
285,simpl_minAB_time,0.0001575946807861328,--none--
285,simpl_minAB_obj,4247,--none--
285,simpl_gswaps_time,0.07888126373291016,--none--
285,simpl_gswaps_obj,3184,--none--
285,simpl_gsifts_1p_time,0.09165024757385254,--none--
285,simpl_gsifts_1p_obj,3501,--none--
285,simpl_gsifts_2p_time,0.28464603424072266,--none--
285,simpl_gsifts_2p_obj,2980,--none--
285,orig_simpl_time,0.7545201778411865,--none--
285,orig_simpl_obj,592,--none--
285,orig_gsifts1p_time,0.49861955642700195,--none--
285,orig_gsifts1p_obj,1594,--none--
285,orig_bestAB_time,0.0670773983001709,--none--
285,orig_bestAB_obj,1613,--none--
285,orig_5random_time,0.6055951118469238,--none--
285,orig_5random_obj,3832,--none--
286,simpl_opt_status,0,optimal
286,simpl_BB_time,0.3871288299560547,--none--
286,simpl_BB_obj,849,--none--
286,simpl_toA_time,9.012222290039062e-05,--none--
286,simpl_toA_obj,17498,--none--
286,simpl_toB_time,8.535385131835938e-05,--none--
286,simpl_toB_obj,6244,--none--
286,simpl_minAB_time,0.00016069412231445312,--none--
286,simpl_minAB_obj,6244,--none--
286,simpl_gswaps_time,0.12070250511169434,--none--
286,simpl_gswaps_obj,3869,--none--
286,simpl_gsifts_1p_time,0.143235445022583,--none--
286,simpl_gsifts_1p_obj,3546,--none--
286,simpl_gsifts_2p_time,0.21131300926208496,--none--
286,simpl_gsifts_2p_obj,2244,--none--
286,orig_simpl_time,0.41222262382507324,--none--
286,orig_simpl_obj,192,--none--
286,orig_gsifts1p_time,0.10345101356506348,--none--
286,orig_gsifts1p_obj,379,--none--
286,orig_bestAB_time,0.04065966606140137,--none--
286,orig_bestAB_obj,503,--none--
286,orig_5random_time,0.19934368133544922,--none--
286,orig_5random_obj,688,--none--
287,simpl_opt_status,0,optimal
287,simpl_BB_time,0.9562022686004639,--none--
287,simpl_BB_obj,1303,--none--
287,simpl_toA_time,9.632110595703125e-05,--none--
287,simpl_toA_obj,3050,--none--
287,simpl_toB_time,8.20159912109375e-05,--none--
287,simpl_toB_obj,17546,--none--
287,simpl_minAB_time,0.00015974044799804688,--none--
287,simpl_minAB_obj,3050,--none--
287,simpl_gswaps_time,0.09549999237060547,--none--
287,simpl_gswaps_obj,1354,--none--
287,simpl_gsifts_1p_time,0.1254253387451172,--none--
287,simpl_gsifts_1p_obj,2234,--none--
287,simpl_gsifts_2p_time,0.1904604434967041,--none--
287,simpl_gsifts_2p_obj,1693,--none--
287,orig_simpl_time,0.99405837059021,--none--
287,orig_simpl_obj,550,--none--
287,orig_gsifts1p_time,0.38518285751342773,--none--
287,orig_gsifts1p_obj,989,--none--
287,orig_bestAB_time,0.046066999435424805,--none--
287,orig_bestAB_obj,1716,--none--
287,orig_5random_time,0.6116979122161865,--none--
287,orig_5random_obj,4278,--none--
288,simpl_opt_status,0,optimal
288,simpl_BB_time,0.3860197067260742,--none--
288,simpl_BB_obj,502,--none--
288,simpl_toA_time,0.00010251998901367188,--none--
288,simpl_toA_obj,2839,--none--
288,simpl_toB_time,0.00018358230590820312,--none--
288,simpl_toB_obj,1542,--none--
288,simpl_minAB_time,0.00017642974853515625,--none--
288,simpl_minAB_obj,1542,--none--
288,simpl_gswaps_time,0.08795499801635742,--none--
288,simpl_gswaps_obj,505,--none--
288,simpl_gsifts_1p_time,0.0891411304473877,--none--
288,simpl_gsifts_1p_obj,949,--none--
288,simpl_gsifts_2p_time,0.18841171264648438,--none--
288,simpl_gsifts_2p_obj,645,--none--
288,orig_simpl_time,0.40105175971984863,--none--
288,orig_simpl_obj,192,--none--
288,orig_gsifts1p_time,0.13390898704528809,--none--
288,orig_gsifts1p_obj,348,--none--
288,orig_bestAB_time,0.030473709106445312,--none--
288,orig_bestAB_obj,551,--none--
288,orig_5random_time,0.1723616123199463,--none--
288,orig_5random_obj,1116,--none--
289,simpl_opt_status,0,optimal
289,simpl_BB_time,0.33640599250793457,--none--
289,simpl_BB_obj,1118,--none--
289,simpl_toA_time,8.177757263183594e-05,--none--
289,simpl_toA_obj,16565,--none--
289,simpl_toB_time,8.702278137207031e-05,--none--
289,simpl_toB_obj,3238,--none--
289,simpl_minAB_time,0.00014853477478027344,--none--
289,simpl_minAB_obj,3238,--none--
289,simpl_gswaps_time,0.03765392303466797,--none--
289,simpl_gswaps_obj,2878,--none--
289,simpl_gsifts_1p_time,0.0825052261352539,--none--
289,simpl_gsifts_1p_obj,1937,--none--
289,simpl_gsifts_2p_time,0.18929672241210938,--none--
289,simpl_gsifts_2p_obj,1568,--none--
289,orig_simpl_time,0.3623988628387451,--none--
289,orig_simpl_obj,397,--none--
289,orig_gsifts1p_time,0.3170497417449951,--none--
289,orig_gsifts1p_obj,1128,--none--
289,orig_bestAB_time,0.04967546463012695,--none--
289,orig_bestAB_obj,1108,--none--
289,orig_5random_time,0.3565101623535156,--none--
289,orig_5random_obj,1460,--none--
28,simpl_opt_status,0,optimal
28,simpl_BB_time,0.41590094566345215,--none--
28,simpl_BB_obj,675,--none--
28,simpl_toA_time,9.107589721679688e-05,--none--
28,simpl_toA_obj,2037,--none--
28,simpl_toB_time,8.535385131835938e-05,--none--
28,simpl_toB_obj,2931,--none--
28,simpl_minAB_time,0.00016236305236816406,--none--
28,simpl_minAB_obj,2037,--none--
28,simpl_gswaps_time,0.05276679992675781,--none--
28,simpl_gswaps_obj,686,--none--
28,simpl_gsifts_1p_time,0.08344388008117676,--none--
28,simpl_gsifts_1p_obj,1192,--none--
28,simpl_gsifts_2p_time,0.16560029983520508,--none--
28,simpl_gsifts_2p_obj,692,--none--
28,orig_simpl_time,0.438723087310791,--none--
28,orig_simpl_obj,386,--none--
28,orig_gsifts1p_time,0.21814990043640137,--none--
28,orig_gsifts1p_obj,542,--none--
28,orig_bestAB_time,0.029103755950927734,--none--
28,orig_bestAB_obj,972,--none--
28,orig_5random_time,0.34714555740356445,--none--
28,orig_5random_obj,1860,--none--
290,simpl_opt_status,0,optimal
290,simpl_BB_time,0.8484454154968262,--none--
290,simpl_BB_obj,769,--none--
290,simpl_toA_time,7.796287536621094e-05,--none--
290,simpl_toA_obj,32913,--none--
290,simpl_toB_time,0.00017690658569335938,--none--
290,simpl_toB_obj,4610,--none--
290,simpl_minAB_time,0.00014519691467285156,--none--
290,simpl_minAB_obj,4610,--none--
290,simpl_gswaps_time,0.08451175689697266,--none--
290,simpl_gswaps_obj,3310,--none--
290,simpl_gsifts_1p_time,0.0955357551574707,--none--
290,simpl_gsifts_1p_obj,2585,--none--
290,simpl_gsifts_2p_time,0.27263307571411133,--none--
290,simpl_gsifts_2p_obj,1574,--none--
290,orig_simpl_time,0.8673360347747803,--none--
290,orig_simpl_obj,277,--none--
290,orig_gsifts1p_time,0.16251134872436523,--none--
290,orig_gsifts1p_obj,381,--none--
290,orig_bestAB_time,0.15945720672607422,--none--
290,orig_bestAB_obj,568,--none--
290,orig_5random_time,0.33269333839416504,--none--
290,orig_5random_obj,652,--none--
291,simpl_opt_status,0,optimal
291,simpl_BB_time,1.1088321208953857,--none--
291,simpl_BB_obj,683,--none--
291,simpl_toA_time,6.604194641113281e-05,--none--
291,simpl_toA_obj,32884,--none--
291,simpl_toB_time,5.936622619628906e-05,--none--
291,simpl_toB_obj,32853,--none--
291,simpl_minAB_time,0.00010800361633300781,--none--
291,simpl_minAB_obj,32853,--none--
291,simpl_gswaps_time,0.005228757858276367,--none--
291,simpl_gswaps_obj,32853,--none--
291,simpl_gsifts_1p_time,0.08029603958129883,--none--
291,simpl_gsifts_1p_obj,1685,--none--
291,simpl_gsifts_2p_time,0.15720009803771973,--none--
291,simpl_gsifts_2p_obj,1075,--none--
291,orig_simpl_time,1.1282310485839844,--none--
291,orig_simpl_obj,203,--none--
291,orig_gsifts1p_time,0.08092951774597168,--none--
291,orig_gsifts1p_obj,300,--none--
291,orig_bestAB_time,0.024213790893554688,--none--
291,orig_bestAB_obj,365,--none--
291,orig_5random_time,0.15819716453552246,--none--
291,orig_5random_obj,943,--none--
292,simpl_opt_status,0,optimal
292,simpl_BB_time,0.6369516849517822,--none--
292,simpl_BB_obj,1711,--none--
292,simpl_toA_time,8.797645568847656e-05,--none--
292,simpl_toA_obj,18243,--none--
292,simpl_toB_time,8.821487426757812e-05,--none--
292,simpl_toB_obj,12782,--none--
292,simpl_minAB_time,0.000164031982421875,--none--
292,simpl_minAB_obj,12782,--none--
292,simpl_gswaps_time,0.11747241020202637,--none--
292,simpl_gswaps_obj,1713,--none--
292,simpl_gsifts_1p_time,0.09537601470947266,--none--
292,simpl_gsifts_1p_obj,6814,--none--
292,simpl_gsifts_2p_time,0.18910574913024902,--none--
292,simpl_gsifts_2p_obj,1848,--none--
292,orig_simpl_time,0.6837902069091797,--none--
292,orig_simpl_obj,643,--none--
292,orig_gsifts1p_time,0.9043717384338379,--none--
292,orig_gsifts1p_obj,2642,--none--
292,orig_bestAB_time,0.1074373722076416,--none--
292,orig_bestAB_obj,2628,--none--
292,orig_5random_time,0.579359769821167,--none--
292,orig_5random_obj,3801,--none--
293,simpl_opt_status,0,optimal
293,simpl_BB_time,0.3431985378265381,--none--
293,simpl_BB_obj,1177,--none--
293,simpl_toA_time,9.512901306152344e-05,--none--
293,simpl_toA_obj,13657,--none--
293,simpl_toB_time,9.036064147949219e-05,--none--
293,simpl_toB_obj,8693,--none--
293,simpl_minAB_time,0.00016260147094726562,--none--
293,simpl_minAB_obj,8693,--none--
293,simpl_gswaps_time,0.1151578426361084,--none--
293,simpl_gswaps_obj,1203,--none--
293,simpl_gsifts_1p_time,0.08795881271362305,--none--
293,simpl_gsifts_1p_obj,2194,--none--
293,simpl_gsifts_2p_time,0.19969868659973145,--none--
293,simpl_gsifts_2p_obj,1762,--none--
293,orig_simpl_time,0.36324548721313477,--none--
293,orig_simpl_obj,192,--none--
293,orig_gsifts1p_time,0.25013089179992676,--none--
293,orig_gsifts1p_obj,402,--none--
293,orig_bestAB_time,0.06167268753051758,--none--
293,orig_bestAB_obj,503,--none--
293,orig_5random_time,0.14035463333129883,--none--
293,orig_5random_obj,849,--none--
294,simpl_opt_status,0,optimal
294,simpl_BB_time,0.31003832817077637,--none--
294,simpl_BB_obj,2355,--none--
294,simpl_toA_time,8.726119995117188e-05,--none--
294,simpl_toA_obj,24718,--none--
294,simpl_toB_time,7.963180541992188e-05,--none--
294,simpl_toB_obj,20868,--none--
294,simpl_minAB_time,0.0001518726348876953,--none--
294,simpl_minAB_obj,20868,--none--
294,simpl_gswaps_time,0.0818178653717041,--none--
294,simpl_gswaps_obj,8781,--none--
294,simpl_gsifts_1p_time,0.08068323135375977,--none--
294,simpl_gsifts_1p_obj,8791,--none--
294,simpl_gsifts_2p_time,0.15867257118225098,--none--
294,simpl_gsifts_2p_obj,4927,--none--
294,orig_simpl_time,0.36209559440612793,--none--
294,orig_simpl_obj,532,--none--
294,orig_gsifts1p_time,0.4183378219604492,--none--
294,orig_gsifts1p_obj,1955,--none--
294,orig_bestAB_time,0.10317254066467285,--none--
294,orig_bestAB_obj,812,--none--
294,orig_5random_time,0.3843810558319092,--none--
294,orig_5random_obj,2442,--none--
295,simpl_opt_status,0,optimal
295,simpl_BB_time,0.7004976272583008,--none--
295,simpl_BB_obj,1521,--none--
295,simpl_toA_time,7.534027099609375e-05,--none--
295,simpl_toA_obj,32984,--none--
295,simpl_toB_time,8.368492126464844e-05,--none--
295,simpl_toB_obj,10642,--none--
295,simpl_minAB_time,0.00014591217041015625,--none--
295,simpl_minAB_obj,10642,--none--
295,simpl_gswaps_time,0.11735320091247559,--none--
295,simpl_gswaps_obj,1828,--none--
295,simpl_gsifts_1p_time,0.13214325904846191,--none--
295,simpl_gsifts_1p_obj,6269,--none--
295,simpl_gsifts_2p_time,0.24298977851867676,--none--
295,simpl_gsifts_2p_obj,3965,--none--
295,orig_simpl_time,0.7375931739807129,--none--
295,orig_simpl_obj,504,--none--
295,orig_gsifts1p_time,0.8062529563903809,--none--
295,orig_gsifts1p_obj,725,--none--
295,orig_bestAB_time,0.15905475616455078,--none--
295,orig_bestAB_obj,1003,--none--
295,orig_5random_time,0.4206962585449219,--none--
295,orig_5random_obj,1437,--none--
296,simpl_opt_status,0,optimal
296,simpl_BB_time,0.5605859756469727,--none--
296,simpl_BB_obj,927,--none--
296,simpl_toA_time,0.00010228157043457031,--none--
296,simpl_toA_obj,16713,--none--
296,simpl_toB_time,9.608268737792969e-05,--none--
296,simpl_toB_obj,2807,--none--
296,simpl_minAB_time,0.00017333030700683594,--none--
296,simpl_minAB_obj,2807,--none--
296,simpl_gswaps_time,0.09002852439880371,--none--
296,simpl_gswaps_obj,1055,--none--
296,simpl_gsifts_1p_time,0.11452865600585938,--none--
296,simpl_gsifts_1p_obj,2086,--none--
296,simpl_gsifts_2p_time,0.21881508827209473,--none--
296,simpl_gsifts_2p_obj,1674,--none--
296,orig_simpl_time,0.5945234298706055,--none--
296,orig_simpl_obj,410,--none--
296,orig_gsifts1p_time,0.19216465950012207,--none--
296,orig_gsifts1p_obj,520,--none--
296,orig_bestAB_time,0.03291749954223633,--none--
296,orig_bestAB_obj,842,--none--
296,orig_5random_time,0.3644728660583496,--none--
296,orig_5random_obj,2131,--none--
297,simpl_opt_status,0,optimal
297,simpl_BB_time,0.4640374183654785,--none--
297,simpl_BB_obj,747,--none--
297,simpl_toA_time,9.870529174804688e-05,--none--
297,simpl_toA_obj,16545,--none--
297,simpl_toB_time,8.392333984375e-05,--none--
297,simpl_toB_obj,9841,--none--
297,simpl_minAB_time,0.00016498565673828125,--none--
297,simpl_minAB_obj,9841,--none--
297,simpl_gswaps_time,0.03501725196838379,--none--
297,simpl_gswaps_obj,8346,--none--
297,simpl_gsifts_1p_time,0.08863615989685059,--none--
297,simpl_gsifts_1p_obj,5589,--none--
297,simpl_gsifts_2p_time,0.1784663200378418,--none--
297,simpl_gsifts_2p_obj,3251,--none--
297,orig_simpl_time,0.4833352565765381,--none--
297,orig_simpl_obj,240,--none--
297,orig_gsifts1p_time,0.10348916053771973,--none--
297,orig_gsifts1p_obj,245,--none--
297,orig_bestAB_time,0.037551164627075195,--none--
297,orig_bestAB_obj,627,--none--
297,orig_5random_time,0.13784050941467285,--none--
297,orig_5random_obj,591,--none--
298,simpl_opt_status,0,optimal
298,simpl_BB_time,0.6269466876983643,--none--
298,simpl_BB_obj,1761,--none--
298,simpl_toA_time,0.0009222030639648438,--none--
298,simpl_toA_obj,5265,--none--
298,simpl_toB_time,0.00045037269592285156,--none--
298,simpl_toB_obj,10926,--none--
298,simpl_minAB_time,0.00018906593322753906,--none--
298,simpl_minAB_obj,5265,--none--
298,simpl_gswaps_time,0.060974836349487305,--none--
298,simpl_gswaps_obj,4418,--none--
298,simpl_gsifts_1p_time,0.08339142799377441,--none--
298,simpl_gsifts_1p_obj,3455,--none--
298,simpl_gsifts_2p_time,0.1842648983001709,--none--
298,simpl_gsifts_2p_obj,2644,--none--
298,orig_simpl_time,0.663334846496582,--none--
298,orig_simpl_obj,385,--none--
298,orig_gsifts1p_time,0.15483736991882324,--none--
298,orig_gsifts1p_obj,409,--none--
298,orig_bestAB_time,0.07279539108276367,--none--
298,orig_bestAB_obj,587,--none--
298,orig_5random_time,0.2202606201171875,--none--
298,orig_5random_obj,851,--none--
299,simpl_opt_status,0,optimal
299,simpl_BB_time,0.31476354598999023,--none--
299,simpl_BB_obj,1835,--none--
299,simpl_toA_time,8.440017700195312e-05,--none--
299,simpl_toA_obj,32968,--none--
299,simpl_toB_time,7.581710815429688e-05,--none--
299,simpl_toB_obj,33148,--none--
299,simpl_minAB_time,0.00014257431030273438,--none--
299,simpl_minAB_obj,32968,--none--
299,simpl_gswaps_time,0.00693964958190918,--none--
299,simpl_gswaps_obj,32968,--none--
299,simpl_gsifts_1p_time,0.0816338062286377,--none--
299,simpl_gsifts_1p_obj,6102,--none--
299,simpl_gsifts_2p_time,0.20091795921325684,--none--
299,simpl_gsifts_2p_obj,3820,--none--
299,orig_simpl_time,0.3562123775482178,--none--
299,orig_simpl_obj,582,--none--
299,orig_gsifts1p_time,0.8301589488983154,--none--
299,orig_gsifts1p_obj,3162,--none--
299,orig_bestAB_time,0.10595941543579102,--none--
299,orig_bestAB_obj,1606,--none--
299,orig_5random_time,0.5017316341400146,--none--
299,orig_5random_obj,3188,--none--
29,simpl_opt_status,0,optimal
29,simpl_BB_time,0.5596151351928711,--none--
29,simpl_BB_obj,1383,--none--
29,simpl_toA_time,7.843971252441406e-05,--none--
29,simpl_toA_obj,32900,--none--
29,simpl_toB_time,8.58306884765625e-05,--none--
29,simpl_toB_obj,8737,--none--
29,simpl_minAB_time,0.0001537799835205078,--none--
29,simpl_minAB_obj,8737,--none--
29,simpl_gswaps_time,0.034744977951049805,--none--
29,simpl_gswaps_obj,2673,--none--
29,simpl_gsifts_1p_time,0.07874441146850586,--none--
29,simpl_gsifts_1p_obj,4817,--none--
29,simpl_gsifts_2p_time,0.15470409393310547,--none--
29,simpl_gsifts_2p_obj,2929,--none--
29,orig_simpl_time,0.5809650421142578,--none--
29,orig_simpl_obj,247,--none--
29,orig_gsifts1p_time,0.35605788230895996,--none--
29,orig_gsifts1p_obj,1234,--none--
29,orig_bestAB_time,0.08733487129211426,--none--
29,orig_bestAB_obj,2133,--none--
29,orig_5random_time,0.36556553840637207,--none--
29,orig_5random_obj,3741,--none--
2,simpl_opt_status,0,optimal
2,simpl_BB_time,0.21691465377807617,--none--
2,simpl_BB_obj,670,--none--
2,simpl_toA_time,8.130073547363281e-05,--none--
2,simpl_toA_obj,4209,--none--
2,simpl_toB_time,8.606910705566406e-05,--none--
2,simpl_toB_obj,5709,--none--
2,simpl_minAB_time,0.00015616416931152344,--none--
2,simpl_minAB_obj,4209,--none--
2,simpl_gswaps_time,0.009519100189208984,--none--
2,simpl_gswaps_obj,4200,--none--
2,simpl_gsifts_1p_time,0.13589692115783691,--none--
2,simpl_gsifts_1p_obj,800,--none--
2,simpl_gsifts_2p_time,0.21292805671691895,--none--
2,simpl_gsifts_2p_obj,714,--none--
2,orig_simpl_time,0.2514972686767578,--none--
2,orig_simpl_obj,183,--none--
2,orig_gsifts1p_time,0.15006494522094727,--none--
2,orig_gsifts1p_obj,364,--none--
2,orig_bestAB_time,0.0245668888092041,--none--
2,orig_bestAB_obj,486,--none--
2,orig_5random_time,0.15456509590148926,--none--
2,orig_5random_obj,1273,--none--
300,simpl_opt_status,0,optimal
300,simpl_BB_time,0.15423297882080078,--none--
300,simpl_BB_obj,3250,--none--
300,simpl_toA_time,8.225440979003906e-05,--none--
300,simpl_toA_obj,12048,--none--
300,simpl_toB_time,7.200241088867188e-05,--none--
300,simpl_toB_obj,32966,--none--
300,simpl_minAB_time,0.00014090538024902344,--none--
300,simpl_minAB_obj,12048,--none--
300,simpl_gswaps_time,0.009397506713867188,--none--
300,simpl_gswaps_obj,12047,--none--
300,simpl_gsifts_1p_time,0.07814764976501465,--none--
300,simpl_gsifts_1p_obj,7868,--none--
300,simpl_gsifts_2p_time,0.15290093421936035,--none--
300,simpl_gsifts_2p_obj,5210,--none--
300,orig_simpl_time,0.195845365524292,--none--
300,orig_simpl_obj,470,--none--
300,orig_gsifts1p_time,0.4060087203979492,--none--
300,orig_gsifts1p_obj,1046,--none--
300,orig_bestAB_time,0.10829782485961914,--none--
300,orig_bestAB_obj,1327,--none--
300,orig_5random_time,0.4664936065673828,--none--
300,orig_5random_obj,2815,--none--
301,simpl_opt_status,0,optimal
301,simpl_BB_time,0.6183316707611084,--none--
301,simpl_BB_obj,480,--none--
301,simpl_toA_time,7.367134094238281e-05,--none--
301,simpl_toA_obj,32830,--none--
301,simpl_toB_time,8.296966552734375e-05,--none--
301,simpl_toB_obj,3489,--none--
301,simpl_minAB_time,0.00014591217041015625,--none--
301,simpl_minAB_obj,3489,--none--
301,simpl_gswaps_time,0.10328102111816406,--none--
301,simpl_gswaps_obj,1047,--none--
301,simpl_gsifts_1p_time,0.07964372634887695,--none--
301,simpl_gsifts_1p_obj,2105,--none--
301,simpl_gsifts_2p_time,0.17806601524353027,--none--
301,simpl_gsifts_2p_obj,1512,--none--
301,orig_simpl_time,0.6304199695587158,--none--
301,orig_simpl_obj,161,--none--
301,orig_gsifts1p_time,0.06431412696838379,--none--
301,orig_gsifts1p_obj,242,--none--
301,orig_bestAB_time,0.014499425888061523,--none--
301,orig_bestAB_obj,255,--none--
301,orig_5random_time,0.06678104400634766,--none--
301,orig_5random_obj,305,--none--
302,simpl_opt_status,0,optimal
302,simpl_BB_time,0.782707929611206,--none--
302,simpl_BB_obj,2031,--none--
302,simpl_toA_time,7.557868957519531e-05,--none--
302,simpl_toA_obj,33080,--none--
302,simpl_toB_time,8.749961853027344e-05,--none--
302,simpl_toB_obj,7037,--none--
302,simpl_minAB_time,0.00014591217041015625,--none--
302,simpl_minAB_obj,7037,--none--
302,simpl_gswaps_time,0.08038043975830078,--none--
302,simpl_gswaps_obj,2333,--none--
302,simpl_gsifts_1p_time,0.0805058479309082,--none--
302,simpl_gsifts_1p_obj,4414,--none--
302,simpl_gsifts_2p_time,0.17206406593322754,--none--
302,simpl_gsifts_2p_obj,3070,--none--
302,orig_simpl_time,0.8978700637817383,--none--
302,orig_simpl_obj,647,--none--
302,orig_gsifts1p_time,0.9290456771850586,--none--
302,orig_gsifts1p_obj,3127,--none--
302,orig_bestAB_time,0.12484955787658691,--none--
302,orig_bestAB_obj,2435,--none--
302,orig_5random_time,0.9014186859130859,--none--
302,orig_5random_obj,5719,--none--
303,simpl_opt_status,0,optimal
303,simpl_BB_time,1.0393116474151611,--none--
303,simpl_BB_obj,929,--none--
303,simpl_toA_time,9.989738464355469e-05,--none--
303,simpl_toA_obj,5186,--none--
303,simpl_toB_time,0.00034236907958984375,--none--
303,simpl_toB_obj,16750,--none--
303,simpl_minAB_time,0.00017952919006347656,--none--
303,simpl_minAB_obj,5186,--none--
303,simpl_gswaps_time,0.15203523635864258,--none--
303,simpl_gswaps_obj,930,--none--
303,simpl_gsifts_1p_time,0.09076905250549316,--none--
303,simpl_gsifts_1p_obj,3008,--none--
303,simpl_gsifts_2p_time,0.18105864524841309,--none--
303,simpl_gsifts_2p_obj,1908,--none--
303,orig_simpl_time,1.0584716796875,--none--
303,orig_simpl_obj,262,--none--
303,orig_gsifts1p_time,0.22790074348449707,--none--
303,orig_gsifts1p_obj,882,--none--
303,orig_bestAB_time,0.04013490676879883,--none--
303,orig_bestAB_obj,1167,--none--
303,orig_5random_time,0.21136069297790527,--none--
303,orig_5random_obj,1689,--none--
304,simpl_opt_status,0,optimal
304,simpl_BB_time,1.5655899047851562,--none--
304,simpl_BB_obj,500,--none--
304,simpl_toA_time,0.00010251998901367188,--none--
304,simpl_toA_obj,2433,--none--
304,simpl_toB_time,8.702278137207031e-05,--none--
304,simpl_toB_obj,1185,--none--
304,simpl_minAB_time,0.00017547607421875,--none--
304,simpl_minAB_obj,1185,--none--
304,simpl_gswaps_time,0.17554426193237305,--none--
304,simpl_gswaps_obj,670,--none--
304,simpl_gsifts_1p_time,0.0880882740020752,--none--
304,simpl_gsifts_1p_obj,946,--none--
304,simpl_gsifts_2p_time,0.16187763214111328,--none--
304,simpl_gsifts_2p_obj,776,--none--
304,orig_simpl_time,1.5805964469909668,--none--
304,orig_simpl_obj,236,--none--
304,orig_gsifts1p_time,0.07260537147521973,--none--
304,orig_gsifts1p_obj,247,--none--
304,orig_bestAB_time,0.015111684799194336,--none--
304,orig_bestAB_obj,328,--none--
304,orig_5random_time,0.199310302734375,--none--
304,orig_5random_obj,615,--none--
305,simpl_opt_status,0,optimal
305,simpl_BB_time,0.6407046318054199,--none--
305,simpl_BB_obj,1468,--none--
305,simpl_toA_time,8.7738037109375e-05,--none--
305,simpl_toA_obj,7764,--none--
305,simpl_toB_time,7.367134094238281e-05,--none--
305,simpl_toB_obj,16696,--none--
305,simpl_minAB_time,0.0001442432403564453,--none--
305,simpl_minAB_obj,7764,--none--
305,simpl_gswaps_time,0.14812231063842773,--none--
305,simpl_gswaps_obj,1965,--none--
305,simpl_gsifts_1p_time,0.13750529289245605,--none--
305,simpl_gsifts_1p_obj,4488,--none--
305,simpl_gsifts_2p_time,0.17438626289367676,--none--
305,simpl_gsifts_2p_obj,2872,--none--
305,orig_simpl_time,0.6908538341522217,--none--
305,orig_simpl_obj,412,--none--
305,orig_gsifts1p_time,0.39305853843688965,--none--
305,orig_gsifts1p_obj,1103,--none--
305,orig_bestAB_time,0.07217025756835938,--none--
305,orig_bestAB_obj,549,--none--
305,orig_5random_time,0.3728599548339844,--none--
305,orig_5random_obj,1172,--none--
306,simpl_opt_status,0,optimal
306,simpl_BB_time,0.6007416248321533,--none--
306,simpl_BB_obj,1566,--none--
306,simpl_toA_time,9.131431579589844e-05,--none--
306,simpl_toA_obj,26925,--none--
306,simpl_toB_time,8.821487426757812e-05,--none--
306,simpl_toB_obj,7756,--none--
306,simpl_minAB_time,0.0001571178436279297,--none--
306,simpl_minAB_obj,7756,--none--
306,simpl_gswaps_time,0.03998208045959473,--none--
306,simpl_gswaps_obj,4727,--none--
306,simpl_gsifts_1p_time,0.09035444259643555,--none--
306,simpl_gsifts_1p_obj,4285,--none--
306,simpl_gsifts_2p_time,0.16187810897827148,--none--
306,simpl_gsifts_2p_obj,3165,--none--
306,orig_simpl_time,0.6362979412078857,--none--
306,orig_simpl_obj,379,--none--
306,orig_gsifts1p_time,0.1162567138671875,--none--
306,orig_gsifts1p_obj,331,--none--
306,orig_bestAB_time,0.04607343673706055,--none--
306,orig_bestAB_obj,505,--none--
306,orig_5random_time,0.22421479225158691,--none--
306,orig_5random_obj,1388,--none--
307,simpl_opt_status,0,optimal
307,simpl_BB_time,0.34693479537963867,--none--
307,simpl_BB_obj,1410,--none--
307,simpl_toA_time,9.036064147949219e-05,--none--
307,simpl_toA_obj,8440,--none--
307,simpl_toB_time,7.915496826171875e-05,--none--
307,simpl_toB_obj,20708,--none--
307,simpl_minAB_time,0.00015401840209960938,--none--
307,simpl_minAB_obj,8440,--none--
307,simpl_gswaps_time,0.11936259269714355,--none--
307,simpl_gswaps_obj,1753,--none--
307,simpl_gsifts_1p_time,0.09407997131347656,--none--
307,simpl_gsifts_1p_obj,5127,--none--
307,simpl_gsifts_2p_time,0.17575526237487793,--none--
307,simpl_gsifts_2p_obj,3230,--none--
307,orig_simpl_time,0.3737356662750244,--none--
307,orig_simpl_obj,334,--none--
307,orig_gsifts1p_time,0.4033393859863281,--none--
307,orig_gsifts1p_obj,1202,--none--
307,orig_bestAB_time,0.0648202896118164,--none--
307,orig_bestAB_obj,1698,--none--
307,orig_5random_time,0.5876615047454834,--none--
307,orig_5random_obj,3606,--none--
308,simpl_opt_status,0,optimal
308,simpl_BB_time,1.0681087970733643,--none--
308,simpl_BB_obj,632,--none--
308,simpl_toA_time,9.918212890625e-05,--none--
308,simpl_toA_obj,8583,--none--
308,simpl_toB_time,9.369850158691406e-05,--none--
308,simpl_toB_obj,5464,--none--
308,simpl_minAB_time,0.00017762184143066406,--none--
308,simpl_minAB_obj,5464,--none--
308,simpl_gswaps_time,0.05073738098144531,--none--
308,simpl_gswaps_obj,1168,--none--
308,simpl_gsifts_1p_time,0.08597993850708008,--none--
308,simpl_gsifts_1p_obj,2792,--none--
308,simpl_gsifts_2p_time,0.17996478080749512,--none--
308,simpl_gsifts_2p_obj,1192,--none--
308,orig_simpl_time,1.08455491065979,--none--
308,orig_simpl_obj,193,--none--
308,orig_gsifts1p_time,0.0918419361114502,--none--
308,orig_gsifts1p_obj,254,--none--
308,orig_bestAB_time,0.03190135955810547,--none--
308,orig_bestAB_obj,343,--none--
308,orig_5random_time,0.1823735237121582,--none--
308,orig_5random_obj,998,--none--
309,simpl_opt_status,0,optimal
309,simpl_BB_time,0.4879608154296875,--none--
309,simpl_BB_obj,671,--none--
309,simpl_toA_time,7.915496826171875e-05,--none--
309,simpl_toA_obj,8331,--none--
309,simpl_toB_time,8.130073547363281e-05,--none--
309,simpl_toB_obj,16541,--none--
309,simpl_minAB_time,0.000148773193359375,--none--
309,simpl_minAB_obj,8331,--none--
309,simpl_gswaps_time,0.005136728286743164,--none--
309,simpl_gswaps_obj,8331,--none--
309,simpl_gsifts_1p_time,0.07863187789916992,--none--
309,simpl_gsifts_1p_obj,4307,--none--
309,simpl_gsifts_2p_time,0.15688824653625488,--none--
309,simpl_gsifts_2p_obj,2397,--none--
309,orig_simpl_time,0.504248857498169,--none--
309,orig_simpl_obj,214,--none--
309,orig_gsifts1p_time,0.12656307220458984,--none--
309,orig_gsifts1p_obj,487,--none--
309,orig_bestAB_time,0.02991461753845215,--none--
309,orig_bestAB_obj,469,--none--
309,orig_5random_time,0.13153338432312012,--none--
309,orig_5random_obj,811,--none--
30,simpl_opt_status,0,optimal
30,simpl_BB_time,0.7535915374755859,--none--
30,simpl_BB_obj,1270,--none--
30,simpl_toA_time,9.679794311523438e-05,--none--
30,simpl_toA_obj,13535,--none--
30,simpl_toB_time,8.678436279296875e-05,--none--
30,simpl_toB_obj,6259,--none--
30,simpl_minAB_time,0.0001685619354248047,--none--
30,simpl_minAB_obj,6259,--none--
30,simpl_gswaps_time,0.09827208518981934,--none--
30,simpl_gswaps_obj,1566,--none--
30,simpl_gsifts_1p_time,0.07889056205749512,--none--
30,simpl_gsifts_1p_obj,3124,--none--
30,simpl_gsifts_2p_time,0.1621544361114502,--none--
30,simpl_gsifts_2p_obj,2002,--none--
30,orig_simpl_time,0.7993216514587402,--none--
30,orig_simpl_obj,336,--none--
30,orig_gsifts1p_time,0.6756463050842285,--none--
30,orig_gsifts1p_obj,1132,--none--
30,orig_bestAB_time,0.12175559997558594,--none--
30,orig_bestAB_obj,890,--none--
30,orig_5random_time,0.42842769622802734,--none--
30,orig_5random_obj,2035,--none--
310,simpl_opt_status,0,optimal
310,simpl_BB_time,1.338318109512329,--none--
310,simpl_BB_obj,1107,--none--
310,simpl_toA_time,8.678436279296875e-05,--none--
310,simpl_toA_obj,10105,--none--
310,simpl_toB_time,8.988380432128906e-05,--none--
310,simpl_toB_obj,17476,--none--
310,simpl_minAB_time,0.00015926361083984375,--none--
310,simpl_minAB_obj,10105,--none--
310,simpl_gswaps_time,0.12018084526062012,--none--
310,simpl_gswaps_obj,1107,--none--
310,simpl_gsifts_1p_time,0.08215069770812988,--none--
310,simpl_gsifts_1p_obj,3910,--none--
310,simpl_gsifts_2p_time,0.2010784149169922,--none--
310,simpl_gsifts_2p_obj,1969,--none--
310,orig_simpl_time,1.3597190380096436,--none--
310,orig_simpl_obj,255,--none--
310,orig_gsifts1p_time,0.2008512020111084,--none--
310,orig_gsifts1p_obj,642,--none--
310,orig_bestAB_time,0.06076383590698242,--none--
310,orig_bestAB_obj,889,--none--
310,orig_5random_time,0.34314799308776855,--none--
310,orig_5random_obj,1827,--none--
311,simpl_opt_status,0,optimal
311,simpl_BB_time,0.4865124225616455,--none--
311,simpl_BB_obj,603,--none--
311,simpl_toA_time,9.322166442871094e-05,--none--
311,simpl_toA_obj,10293,--none--
311,simpl_toB_time,9.846687316894531e-05,--none--
311,simpl_toB_obj,8566,--none--
311,simpl_minAB_time,0.00017404556274414062,--none--
311,simpl_minAB_obj,8566,--none--
311,simpl_gswaps_time,0.1564924716949463,--none--
311,simpl_gswaps_obj,603,--none--
311,simpl_gsifts_1p_time,0.08239006996154785,--none--
311,simpl_gsifts_1p_obj,1214,--none--
311,simpl_gsifts_2p_time,0.19629549980163574,--none--
311,simpl_gsifts_2p_obj,902,--none--
311,orig_simpl_time,0.49996328353881836,--none--
311,orig_simpl_obj,155,--none--
311,orig_gsifts1p_time,0.17008066177368164,--none--
311,orig_gsifts1p_obj,294,--none--
311,orig_bestAB_time,0.04160642623901367,--none--
311,orig_bestAB_obj,299,--none--
311,orig_5random_time,0.14030861854553223,--none--
311,orig_5random_obj,787,--none--
312,simpl_opt_status,0,optimal
312,simpl_BB_time,0.7390484809875488,--none--
312,simpl_BB_obj,527,--none--
312,simpl_toA_time,9.107589721679688e-05,--none--
312,simpl_toA_obj,10564,--none--
312,simpl_toB_time,9.560585021972656e-05,--none--
312,simpl_toB_obj,8272,--none--
312,simpl_minAB_time,0.00016689300537109375,--none--
312,simpl_minAB_obj,8272,--none--
312,simpl_gswaps_time,0.11357617378234863,--none--
312,simpl_gswaps_obj,653,--none--
312,simpl_gsifts_1p_time,0.1206974983215332,--none--
312,simpl_gsifts_1p_obj,4270,--none--
312,simpl_gsifts_2p_time,0.18135857582092285,--none--
312,simpl_gsifts_2p_obj,2328,--none--
312,orig_simpl_time,0.7501895427703857,--none--
312,orig_simpl_obj,116,--none--
312,orig_gsifts1p_time,0.04377102851867676,--none--
312,orig_gsifts1p_obj,159,--none--
312,orig_bestAB_time,0.02194833755493164,--none--
312,orig_bestAB_obj,305,--none--
312,orig_5random_time,0.08380722999572754,--none--
312,orig_5random_obj,409,--none--
313,simpl_opt_status,0,optimal
313,simpl_BB_time,0.2785501480102539,--none--
313,simpl_BB_obj,1558,--none--
313,simpl_toA_time,0.00010037422180175781,--none--
313,simpl_toA_obj,9458,--none--
313,simpl_toB_time,8.273124694824219e-05,--none--
313,simpl_toB_obj,11635,--none--
313,simpl_minAB_time,0.0005156993865966797,--none--
313,simpl_minAB_obj,9458,--none--
313,simpl_gswaps_time,0.1510012149810791,--none--
313,simpl_gswaps_obj,1558,--none--
313,simpl_gsifts_1p_time,0.09082460403442383,--none--
313,simpl_gsifts_1p_obj,5102,--none--
313,simpl_gsifts_2p_time,0.1846170425415039,--none--
313,simpl_gsifts_2p_obj,3252,--none--
313,orig_simpl_time,0.31029224395751953,--none--
313,orig_simpl_obj,349,--none--
313,orig_gsifts1p_time,0.42835187911987305,--none--
313,orig_gsifts1p_obj,1608,--none--
313,orig_bestAB_time,0.0958096981048584,--none--
313,orig_bestAB_obj,1759,--none--
313,orig_5random_time,0.4637410640716553,--none--
313,orig_5random_obj,2080,--none--
314,simpl_opt_status,0,optimal
314,simpl_BB_time,0.33270907402038574,--none--
314,simpl_BB_obj,1115,--none--
314,simpl_toA_time,9.775161743164062e-05,--none--
314,simpl_toA_obj,8639,--none--
314,simpl_toB_time,9.417533874511719e-05,--none--
314,simpl_toB_obj,6686,--none--
314,simpl_minAB_time,0.00017595291137695312,--none--
314,simpl_minAB_obj,6686,--none--
314,simpl_gswaps_time,0.11924266815185547,--none--
314,simpl_gswaps_obj,1139,--none--
314,simpl_gsifts_1p_time,0.0841071605682373,--none--
314,simpl_gsifts_1p_obj,3755,--none--
314,simpl_gsifts_2p_time,0.16605472564697266,--none--
314,simpl_gsifts_2p_obj,2230,--none--
314,orig_simpl_time,0.3606283664703369,--none--
314,orig_simpl_obj,293,--none--
314,orig_gsifts1p_time,0.30789780616760254,--none--
314,orig_gsifts1p_obj,1165,--none--
314,orig_bestAB_time,0.056215763092041016,--none--
314,orig_bestAB_obj,1536,--none--
314,orig_5random_time,0.2849414348602295,--none--
314,orig_5random_obj,2605,--none--
315,simpl_opt_status,0,optimal
315,simpl_BB_time,0.45347094535827637,--none--
315,simpl_BB_obj,949,--none--
315,simpl_toA_time,9.298324584960938e-05,--none--
315,simpl_toA_obj,4599,--none--
315,simpl_toB_time,7.987022399902344e-05,--none--
315,simpl_toB_obj,6575,--none--
315,simpl_minAB_time,0.0001544952392578125,--none--
315,simpl_minAB_obj,4599,--none--
315,simpl_gswaps_time,0.03170275688171387,--none--
315,simpl_gswaps_obj,1769,--none--
315,simpl_gsifts_1p_time,0.09226059913635254,--none--
315,simpl_gsifts_1p_obj,2271,--none--
315,simpl_gsifts_2p_time,0.2511708736419678,--none--
315,simpl_gsifts_2p_obj,1570,--none--
315,orig_simpl_time,0.49912571907043457,--none--
315,orig_simpl_obj,304,--none--
315,orig_gsifts1p_time,0.26441121101379395,--none--
315,orig_gsifts1p_obj,611,--none--
315,orig_bestAB_time,0.04819893836975098,--none--
315,orig_bestAB_obj,1137,--none--
315,orig_5random_time,0.4257369041442871,--none--
315,orig_5random_obj,1659,--none--
316,simpl_opt_status,0,optimal
316,simpl_BB_time,0.689427375793457,--none--
316,simpl_BB_obj,1211,--none--
316,simpl_toA_time,9.632110595703125e-05,--none--
316,simpl_toA_obj,16966,--none--
316,simpl_toB_time,7.987022399902344e-05,--none--
316,simpl_toB_obj,16678,--none--
316,simpl_minAB_time,0.00015592575073242188,--none--
316,simpl_minAB_obj,16678,--none--
316,simpl_gswaps_time,0.03612947463989258,--none--
316,simpl_gswaps_obj,16443,--none--
316,simpl_gsifts_1p_time,0.08223462104797363,--none--
316,simpl_gsifts_1p_obj,2844,--none--
316,simpl_gsifts_2p_time,0.3326854705810547,--none--
316,simpl_gsifts_2p_obj,1850,--none--
316,orig_simpl_time,0.7084050178527832,--none--
316,orig_simpl_obj,237,--none--
316,orig_gsifts1p_time,0.05926156044006348,--none--
316,orig_gsifts1p_obj,149,--none--
316,orig_bestAB_time,0.038437843322753906,--none--
316,orig_bestAB_obj,214,--none--
316,orig_5random_time,0.17758512496948242,--none--
316,orig_5random_obj,1276,--none--
317,simpl_opt_status,0,optimal
317,simpl_BB_time,0.7860751152038574,--none--
317,simpl_BB_obj,1171,--none--
317,simpl_toA_time,9.512901306152344e-05,--none--
317,simpl_toA_obj,4717,--none--
317,simpl_toB_time,8.058547973632812e-05,--none--
317,simpl_toB_obj,8785,--none--
317,simpl_minAB_time,0.00016307830810546875,--none--
317,simpl_minAB_obj,4717,--none--
317,simpl_gswaps_time,0.1574859619140625,--none--
317,simpl_gswaps_obj,1175,--none--
317,simpl_gsifts_1p_time,0.11642885208129883,--none--
317,simpl_gsifts_1p_obj,2208,--none--
317,simpl_gsifts_2p_time,0.2111797332763672,--none--
317,simpl_gsifts_2p_obj,1595,--none--
317,orig_simpl_time,0.8294475078582764,--none--
317,orig_simpl_obj,490,--none--
317,orig_gsifts1p_time,0.3825993537902832,--none--
317,orig_gsifts1p_obj,1193,--none--
317,orig_bestAB_time,0.11263728141784668,--none--
317,orig_bestAB_obj,1577,--none--
317,orig_5random_time,0.3180217742919922,--none--
317,orig_5random_obj,1748,--none--
318,simpl_opt_status,0,optimal
318,simpl_BB_time,0.7387642860412598,--none--
318,simpl_BB_obj,853,--none--
318,simpl_toA_time,8.034706115722656e-05,--none--
318,simpl_toA_obj,4191,--none--
318,simpl_toB_time,7.843971252441406e-05,--none--
318,simpl_toB_obj,16667,--none--
318,simpl_minAB_time,0.00016427040100097656,--none--
318,simpl_minAB_obj,4191,--none--
318,simpl_gswaps_time,0.07910013198852539,--none--
318,simpl_gswaps_obj,3758,--none--
318,simpl_gsifts_1p_time,0.09702396392822266,--none--
318,simpl_gsifts_1p_obj,1896,--none--
318,simpl_gsifts_2p_time,0.18558573722839355,--none--
318,simpl_gsifts_2p_obj,1461,--none--
318,orig_simpl_time,0.7597835063934326,--none--
318,orig_simpl_obj,268,--none--
318,orig_gsifts1p_time,0.20147943496704102,--none--
318,orig_gsifts1p_obj,288,--none--
318,orig_bestAB_time,0.03253054618835449,--none--
318,orig_bestAB_obj,367,--none--
318,orig_5random_time,0.2893965244293213,--none--
318,orig_5random_obj,1423,--none--
319,simpl_opt_status,0,optimal
319,simpl_BB_time,0.5907995700836182,--none--
319,simpl_BB_obj,2218,--none--
319,simpl_toA_time,8.845329284667969e-05,--none--
319,simpl_toA_obj,9960,--none--
319,simpl_toB_time,8.726119995117188e-05,--none--
319,simpl_toB_obj,8123,--none--
319,simpl_minAB_time,0.00016236305236816406,--none--
319,simpl_minAB_obj,8123,--none--
319,simpl_gswaps_time,0.011494874954223633,--none--
319,simpl_gswaps_obj,7103,--none--
319,simpl_gsifts_1p_time,0.08574771881103516,--none--
319,simpl_gsifts_1p_obj,4933,--none--
319,simpl_gsifts_2p_time,0.2285752296447754,--none--
319,simpl_gsifts_2p_obj,3360,--none--
319,orig_simpl_time,0.6297836303710938,--none--
319,orig_simpl_obj,325,--none--
319,orig_gsifts1p_time,0.2423391342163086,--none--
319,orig_gsifts1p_obj,502,--none--
319,orig_bestAB_time,0.08741307258605957,--none--
319,orig_bestAB_obj,1113,--none--
319,orig_5random_time,0.29676151275634766,--none--
319,orig_5random_obj,1485,--none--
