instance,num_type,value,comment
374,simpl_opt_status,0,optimal
374,simpl_BB_time,0.2988114356994629,--none--
374,simpl_BB_obj,2254,--none--
374,simpl_toA_time,8.130073547363281e-05,--none--
374,simpl_toA_obj,17282,--none--
374,simpl_toB_time,8.368492126464844e-05,--none--
374,simpl_toB_obj,4216,--none--
374,simpl_minAB_time,0.00015616416931152344,--none--
374,simpl_minAB_obj,4216,--none--
374,simpl_gswaps_time,0.08147501945495605,--none--
374,simpl_gswaps_obj,2375,--none--
374,simpl_gsifts_1p_time,0.07350039482116699,--none--
374,simpl_gsifts_1p_obj,3064,--none--
374,simpl_gsifts_2p_time,0.1556096076965332,--none--
374,simpl_gsifts_2p_obj,2399,--none--
374,orig_simpl_time,0.3297538757324219,--none--
374,orig_simpl_obj,316,--none--
374,orig_gsifts1p_time,0.49951744079589844,--none--
374,orig_gsifts1p_obj,1992,--none--
374,orig_bestAB_time,0.08475375175476074,--none--
374,orig_bestAB_obj,1274,--none--
374,orig_5random_time,0.3178539276123047,--none--
374,orig_5random_obj,2451,--none--
375,simpl_opt_status,0,optimal
375,simpl_BB_time,0.5021381378173828,--none--
375,simpl_BB_obj,1366,--none--
375,simpl_toA_time,8.320808410644531e-05,--none--
375,simpl_toA_obj,11651,--none--
375,simpl_toB_time,8.702278137207031e-05,--none--
375,simpl_toB_obj,8767,--none--
375,simpl_minAB_time,0.0001575946807861328,--none--
375,simpl_minAB_obj,8767,--none--
375,simpl_gswaps_time,0.05424213409423828,--none--
375,simpl_gswaps_obj,1608,--none--
375,simpl_gsifts_1p_time,0.1570146083831787,--none--
375,simpl_gsifts_1p_obj,1918,--none--
375,simpl_gsifts_2p_time,0.23206686973571777,--none--
375,simpl_gsifts_2p_obj,1749,--none--
375,orig_simpl_time,0.550534725189209,--none--
375,orig_simpl_obj,408,--none--
375,orig_gsifts1p_time,0.5429866313934326,--none--
375,orig_gsifts1p_obj,1833,--none--
375,orig_bestAB_time,0.06689333915710449,--none--
375,orig_bestAB_obj,1601,--none--
375,orig_5random_time,0.3500957489013672,--none--
375,orig_5random_obj,2848,--none--
376,simpl_opt_status,0,optimal
376,simpl_BB_time,0.4413931369781494,--none--
376,simpl_BB_obj,1586,--none--
376,simpl_toA_time,8.702278137207031e-05,--none--
376,simpl_toA_obj,26653,--none--
376,simpl_toB_time,7.915496826171875e-05,--none--
376,simpl_toB_obj,4494,--none--
376,simpl_minAB_time,0.00014352798461914062,--none--
376,simpl_minAB_obj,4494,--none--
376,simpl_gswaps_time,0.14829421043395996,--none--
376,simpl_gswaps_obj,2393,--none--
376,simpl_gsifts_1p_time,0.10324597358703613,--none--
376,simpl_gsifts_1p_obj,3373,--none--
376,simpl_gsifts_2p_time,0.19440913200378418,--none--
376,simpl_gsifts_2p_obj,2582,--none--
376,orig_simpl_time,0.4637942314147949,--none--
376,orig_simpl_obj,173,--none--
376,orig_gsifts1p_time,0.5942413806915283,--none--
376,orig_gsifts1p_obj,2027,--none--
376,orig_bestAB_time,0.09498715400695801,--none--
376,orig_bestAB_obj,227,--none--
376,orig_5random_time,0.22815394401550293,--none--
376,orig_5random_obj,1589,--none--
377,simpl_opt_status,0,optimal
377,simpl_BB_time,0.2275853157043457,--none--
377,simpl_BB_obj,799,--none--
377,simpl_toA_time,8.511543273925781e-05,--none--
377,simpl_toA_obj,16519,--none--
377,simpl_toB_time,8.225440979003906e-05,--none--
377,simpl_toB_obj,1646,--none--
377,simpl_minAB_time,0.0001556873321533203,--none--
377,simpl_minAB_obj,1646,--none--
377,simpl_gswaps_time,0.04390215873718262,--none--
377,simpl_gswaps_obj,1572,--none--
377,simpl_gsifts_1p_time,0.08593297004699707,--none--
377,simpl_gsifts_1p_obj,873,--none--
377,simpl_gsifts_2p_time,0.17302846908569336,--none--
377,simpl_gsifts_2p_obj,836,--none--
377,orig_simpl_time,0.25440192222595215,--none--
377,orig_simpl_obj,247,--none--
377,orig_gsifts1p_time,0.1913766860961914,--none--
377,orig_gsifts1p_obj,496,--none--
377,orig_bestAB_time,0.03377556800842285,--none--
377,orig_bestAB_obj,666,--none--
377,orig_5random_time,0.25316381454467773,--none--
377,orig_5random_obj,1291,--none--
378,simpl_opt_status,0,optimal
378,simpl_BB_time,1.10267972946167,--none--
378,simpl_BB_obj,1711,--none--
378,simpl_toA_time,9.202957153320312e-05,--none--
378,simpl_toA_obj,14042,--none--
378,simpl_toB_time,8.487701416015625e-05,--none--
378,simpl_toB_obj,17101,--none--
378,simpl_minAB_time,0.0001480579376220703,--none--
378,simpl_minAB_obj,14042,--none--
378,simpl_gswaps_time,0.11461544036865234,--none--
378,simpl_gswaps_obj,3559,--none--
378,simpl_gsifts_1p_time,0.08860468864440918,--none--
378,simpl_gsifts_1p_obj,5069,--none--
378,simpl_gsifts_2p_time,0.18354582786560059,--none--
378,simpl_gsifts_2p_obj,3423,--none--
378,orig_simpl_time,1.1316628456115723,--none--
378,orig_simpl_obj,297,--none--
378,orig_gsifts1p_time,0.4022195339202881,--none--
378,orig_gsifts1p_obj,716,--none--
378,orig_bestAB_time,0.0665431022644043,--none--
378,orig_bestAB_obj,836,--none--
378,orig_5random_time,0.2600867748260498,--none--
378,orig_5random_obj,1721,--none--
379,simpl_opt_status,0,optimal
379,simpl_BB_time,0.47942137718200684,--none--
379,simpl_BB_obj,769,--none--
379,simpl_toA_time,8.726119995117188e-05,--none--
379,simpl_toA_obj,9057,--none--
379,simpl_toB_time,7.915496826171875e-05,--none--
379,simpl_toB_obj,10335,--none--
379,simpl_minAB_time,0.0001423358917236328,--none--
379,simpl_minAB_obj,9057,--none--
379,simpl_gswaps_time,0.028617143630981445,--none--
379,simpl_gswaps_obj,8331,--none--
379,simpl_gsifts_1p_time,0.08114504814147949,--none--
379,simpl_gsifts_1p_obj,2085,--none--
379,simpl_gsifts_2p_time,0.16584205627441406,--none--
379,simpl_gsifts_2p_obj,1320,--none--
379,orig_simpl_time,0.4954385757446289,--none--
379,orig_simpl_obj,190,--none--
379,orig_gsifts1p_time,0.18694829940795898,--none--
379,orig_gsifts1p_obj,678,--none--
379,orig_bestAB_time,0.03482627868652344,--none--
379,orig_bestAB_obj,747,--none--
379,orig_5random_time,0.17521882057189941,--none--
379,orig_5random_obj,1491,--none--
37,simpl_opt_status,0,optimal
37,simpl_BB_time,0.15552639961242676,--none--
37,simpl_BB_obj,2147,--none--
37,simpl_toA_time,8.893013000488281e-05,--none--
37,simpl_toA_obj,6080,--none--
37,simpl_toB_time,7.390975952148438e-05,--none--
37,simpl_toB_obj,32904,--none--
37,simpl_minAB_time,0.0001571178436279297,--none--
37,simpl_minAB_obj,6080,--none--
37,simpl_gswaps_time,0.06052589416503906,--none--
37,simpl_gswaps_obj,2314,--none--
37,simpl_gsifts_1p_time,0.0789484977722168,--none--
37,simpl_gsifts_1p_obj,2895,--none--
37,simpl_gsifts_2p_time,0.15667462348937988,--none--
37,simpl_gsifts_2p_obj,2398,--none--
37,orig_simpl_time,0.18946146965026855,--none--
37,orig_simpl_obj,394,--none--
37,orig_gsifts1p_time,0.36312294006347656,--none--
37,orig_gsifts1p_obj,1495,--none--
37,orig_bestAB_time,0.08850979804992676,--none--
37,orig_bestAB_obj,1696,--none--
37,orig_5random_time,0.4845569133758545,--none--
37,orig_5random_obj,2902,--none--
380,simpl_opt_status,0,optimal
380,simpl_BB_time,0.4320058822631836,--none--
380,simpl_BB_obj,267,--none--
380,simpl_toA_time,9.512901306152344e-05,--none--
380,simpl_toA_obj,1421,--none--
380,simpl_toB_time,9.202957153320312e-05,--none--
380,simpl_toB_obj,473,--none--
380,simpl_minAB_time,0.000171661376953125,--none--
380,simpl_minAB_obj,473,--none--
380,simpl_gswaps_time,0.10891151428222656,--none--
380,simpl_gswaps_obj,267,--none--
380,simpl_gsifts_1p_time,0.11476850509643555,--none--
380,simpl_gsifts_1p_obj,276,--none--
380,simpl_gsifts_2p_time,0.3049886226654053,--none--
380,simpl_gsifts_2p_obj,268,--none--
380,orig_simpl_time,0.45728588104248047,--none--
380,orig_simpl_obj,142,--none--
380,orig_gsifts1p_time,0.13329768180847168,--none--
380,orig_gsifts1p_obj,291,--none--
380,orig_bestAB_time,0.008754253387451172,--none--
380,orig_bestAB_obj,175,--none--
380,orig_5random_time,0.26920557022094727,--none--
380,orig_5random_obj,997,--none--
381,simpl_opt_status,0,optimal
381,simpl_BB_time,1.0280194282531738,--none--
381,simpl_BB_obj,557,--none--
381,simpl_toA_time,7.605552673339844e-05,--none--
381,simpl_toA_obj,8534,--none--
381,simpl_toB_time,6.866455078125e-05,--none--
381,simpl_toB_obj,8507,--none--
381,simpl_minAB_time,0.00023651123046875,--none--
381,simpl_minAB_obj,8507,--none--
381,simpl_gswaps_time,0.08296012878417969,--none--
381,simpl_gswaps_obj,757,--none--
381,simpl_gsifts_1p_time,0.07454657554626465,--none--
381,simpl_gsifts_1p_obj,4483,--none--
381,simpl_gsifts_2p_time,0.15864872932434082,--none--
381,simpl_gsifts_2p_obj,2495,--none--
381,orig_simpl_time,1.040334939956665,--none--
381,orig_simpl_obj,179,--none--
381,orig_gsifts1p_time,0.11541366577148438,--none--
381,orig_gsifts1p_obj,368,--none--
381,orig_bestAB_time,0.04238605499267578,--none--
381,orig_bestAB_obj,497,--none--
381,orig_5random_time,0.1819901466369629,--none--
381,orig_5random_obj,1055,--none--
382,simpl_opt_status,0,optimal
382,simpl_BB_time,1.1778109073638916,--none--
382,simpl_BB_obj,749,--none--
382,simpl_toA_time,0.0001804828643798828,--none--
382,simpl_toA_obj,3979,--none--
382,simpl_toB_time,0.00010561943054199219,--none--
382,simpl_toB_obj,3165,--none--
382,simpl_minAB_time,0.00016689300537109375,--none--
382,simpl_minAB_obj,3165,--none--
382,simpl_gswaps_time,0.10546231269836426,--none--
382,simpl_gswaps_obj,2505,--none--
382,simpl_gsifts_1p_time,0.08591151237487793,--none--
382,simpl_gsifts_1p_obj,1808,--none--
382,simpl_gsifts_2p_time,0.19477200508117676,--none--
382,simpl_gsifts_2p_obj,1368,--none--
382,orig_simpl_time,1.1910924911499023,--none--
382,orig_simpl_obj,154,--none--
382,orig_gsifts1p_time,0.07014727592468262,--none--
382,orig_gsifts1p_obj,217,--none--
382,orig_bestAB_time,0.024428367614746094,--none--
382,orig_bestAB_obj,224,--none--
382,orig_5random_time,0.18774676322937012,--none--
382,orig_5random_obj,802,--none--
383,simpl_opt_status,0,optimal
383,simpl_BB_time,0.23340296745300293,--none--
383,simpl_BB_obj,1654,--none--
383,simpl_toA_time,8.320808410644531e-05,--none--
383,simpl_toA_obj,9860,--none--
383,simpl_toB_time,9.131431579589844e-05,--none--
383,simpl_toB_obj,4122,--none--
383,simpl_minAB_time,0.00014710426330566406,--none--
383,simpl_minAB_obj,4122,--none--
383,simpl_gswaps_time,0.0967874526977539,--none--
383,simpl_gswaps_obj,1668,--none--
383,simpl_gsifts_1p_time,0.10218358039855957,--none--
383,simpl_gsifts_1p_obj,3141,--none--
383,simpl_gsifts_2p_time,0.17188167572021484,--none--
383,simpl_gsifts_2p_obj,2374,--none--
383,orig_simpl_time,0.2743828296661377,--none--
383,orig_simpl_obj,312,--none--
383,orig_gsifts1p_time,0.4507474899291992,--none--
383,orig_gsifts1p_obj,1237,--none--
383,orig_bestAB_time,0.08294892311096191,--none--
383,orig_bestAB_obj,1878,--none--
383,orig_5random_time,0.47301530838012695,--none--
383,orig_5random_obj,3036,--none--
384,simpl_opt_status,0,optimal
384,simpl_BB_time,2.151780128479004,--none--
384,simpl_BB_obj,552,--none--
384,simpl_toA_time,7.724761962890625e-05,--none--
384,simpl_toA_obj,32827,--none--
384,simpl_toB_time,8.58306884765625e-05,--none--
384,simpl_toB_obj,2103,--none--
384,simpl_minAB_time,0.00014734268188476562,--none--
384,simpl_minAB_obj,2103,--none--
384,simpl_gswaps_time,0.0959312915802002,--none--
384,simpl_gswaps_obj,552,--none--
384,simpl_gsifts_1p_time,0.07950997352600098,--none--
384,simpl_gsifts_1p_obj,1242,--none--
384,simpl_gsifts_2p_time,0.15958833694458008,--none--
384,simpl_gsifts_2p_obj,653,--none--
384,orig_simpl_time,2.1612837314605713,--none--
384,orig_simpl_obj,112,--none--
384,orig_gsifts1p_time,0.057376861572265625,--none--
384,orig_gsifts1p_obj,214,--none--
384,orig_bestAB_time,0.01369333267211914,--none--
384,orig_bestAB_obj,203,--none--
384,orig_5random_time,0.0769195556640625,--none--
384,orig_5random_obj,356,--none--
385,simpl_opt_status,0,optimal
385,simpl_BB_time,0.2764747142791748,--none--
385,simpl_BB_obj,1203,--none--
385,simpl_toA_time,8.463859558105469e-05,--none--
385,simpl_toA_obj,2145,--none--
385,simpl_toB_time,8.58306884765625e-05,--none--
385,simpl_toB_obj,7433,--none--
385,simpl_minAB_time,0.00015354156494140625,--none--
385,simpl_minAB_obj,2145,--none--
385,simpl_gswaps_time,0.08816194534301758,--none--
385,simpl_gswaps_obj,1203,--none--
385,simpl_gsifts_1p_time,0.07359814643859863,--none--
385,simpl_gsifts_1p_obj,1700,--none--
385,simpl_gsifts_2p_time,0.148756742477417,--none--
385,simpl_gsifts_2p_obj,1443,--none--
385,orig_simpl_time,0.29626011848449707,--none--
385,orig_simpl_obj,296,--none--
385,orig_gsifts1p_time,0.22132468223571777,--none--
385,orig_gsifts1p_obj,717,--none--
385,orig_bestAB_time,0.02736186981201172,--none--
385,orig_bestAB_obj,844,--none--
385,orig_5random_time,0.5353825092315674,--none--
385,orig_5random_obj,3094,--none--
386,simpl_opt_status,0,optimal
386,simpl_BB_time,0.57273268699646,--none--
386,simpl_BB_obj,1655,--none--
386,simpl_toA_time,8.106231689453125e-05,--none--
386,simpl_toA_obj,32936,--none--
386,simpl_toB_time,8.845329284667969e-05,--none--
386,simpl_toB_obj,4774,--none--
386,simpl_minAB_time,0.00014710426330566406,--none--
386,simpl_minAB_obj,4774,--none--
386,simpl_gswaps_time,0.11312222480773926,--none--
386,simpl_gswaps_obj,2148,--none--
386,simpl_gsifts_1p_time,0.16027069091796875,--none--
386,simpl_gsifts_1p_obj,3074,--none--
386,simpl_gsifts_2p_time,0.22717976570129395,--none--
386,simpl_gsifts_2p_obj,2440,--none--
386,orig_simpl_time,0.6390440464019775,--none--
386,orig_simpl_obj,308,--none--
386,orig_gsifts1p_time,0.5702447891235352,--none--
386,orig_gsifts1p_obj,1025,--none--
386,orig_bestAB_time,0.1376650333404541,--none--
386,orig_bestAB_obj,1164,--none--
386,orig_5random_time,0.35706210136413574,--none--
386,orig_5random_obj,1602,--none--
387,simpl_opt_status,0,optimal
387,simpl_BB_time,0.6360313892364502,--none--
387,simpl_BB_obj,1627,--none--
387,simpl_toA_time,9.274482727050781e-05,--none--
387,simpl_toA_obj,5089,--none--
387,simpl_toB_time,9.5367431640625e-05,--none--
387,simpl_toB_obj,8885,--none--
387,simpl_minAB_time,0.0001685619354248047,--none--
387,simpl_minAB_obj,5089,--none--
387,simpl_gswaps_time,0.07243227958679199,--none--
387,simpl_gswaps_obj,4259,--none--
387,simpl_gsifts_1p_time,0.09282660484313965,--none--
387,simpl_gsifts_1p_obj,3125,--none--
387,simpl_gsifts_2p_time,0.20849871635437012,--none--
387,simpl_gsifts_2p_obj,2541,--none--
387,orig_simpl_time,0.6669893264770508,--none--
387,orig_simpl_obj,216,--none--
387,orig_gsifts1p_time,0.1936814785003662,--none--
387,orig_gsifts1p_obj,663,--none--
387,orig_bestAB_time,0.055123090744018555,--none--
387,orig_bestAB_obj,812,--none--
387,orig_5random_time,0.1790008544921875,--none--
387,orig_5random_obj,1061,--none--
388,simpl_opt_status,0,optimal
388,simpl_BB_time,0.465806245803833,--none--
388,simpl_BB_obj,2233,--none--
388,simpl_toA_time,9.107589721679688e-05,--none--
388,simpl_toA_obj,24795,--none--
388,simpl_toB_time,8.988380432128906e-05,--none--
388,simpl_toB_obj,5935,--none--
388,simpl_minAB_time,0.00016045570373535156,--none--
388,simpl_minAB_obj,5935,--none--
388,simpl_gswaps_time,0.10394024848937988,--none--
388,simpl_gswaps_obj,2648,--none--
388,simpl_gsifts_1p_time,0.09738445281982422,--none--
388,simpl_gsifts_1p_obj,4236,--none--
388,simpl_gsifts_2p_time,0.18476319313049316,--none--
388,simpl_gsifts_2p_obj,3177,--none--
388,orig_simpl_time,0.5058627128601074,--none--
388,orig_simpl_obj,376,--none--
388,orig_gsifts1p_time,0.6241044998168945,--none--
388,orig_gsifts1p_obj,2211,--none--
388,orig_bestAB_time,0.09314370155334473,--none--
388,orig_bestAB_obj,1216,--none--
388,orig_5random_time,0.395282506942749,--none--
388,orig_5random_obj,2606,--none--
389,simpl_opt_status,0,optimal
389,simpl_BB_time,1.5889780521392822,--none--
389,simpl_BB_obj,657,--none--
389,simpl_toA_time,9.679794311523438e-05,--none--
389,simpl_toA_obj,9026,--none--
389,simpl_toB_time,9.489059448242188e-05,--none--
389,simpl_toB_obj,6728,--none--
389,simpl_minAB_time,0.00015878677368164062,--none--
389,simpl_minAB_obj,6728,--none--
389,simpl_gswaps_time,0.10181450843811035,--none--
389,simpl_gswaps_obj,2224,--none--
389,simpl_gsifts_1p_time,0.08404731750488281,--none--
389,simpl_gsifts_1p_obj,3650,--none--
389,simpl_gsifts_2p_time,0.1723952293395996,--none--
389,simpl_gsifts_2p_obj,2131,--none--
389,orig_simpl_time,1.602325201034546,--none--
389,orig_simpl_obj,140,--none--
389,orig_gsifts1p_time,0.07656598091125488,--none--
389,orig_gsifts1p_obj,306,--none--
389,orig_bestAB_time,0.02473759651184082,--none--
389,orig_bestAB_obj,359,--none--
389,orig_5random_time,0.13878798484802246,--none--
389,orig_5random_obj,645,--none--
38,simpl_opt_status,0,optimal
38,simpl_BB_time,0.3415372371673584,--none--
38,simpl_BB_obj,2160,--none--
38,simpl_toA_time,0.00010180473327636719,--none--
38,simpl_toA_obj,9827,--none--
38,simpl_toB_time,0.00015974044799804688,--none--
38,simpl_toB_obj,13781,--none--
38,simpl_minAB_time,0.00017786026000976562,--none--
38,simpl_minAB_obj,9827,--none--
38,simpl_gswaps_time,0.1029510498046875,--none--
38,simpl_gswaps_obj,2184,--none--
38,simpl_gsifts_1p_time,0.08509993553161621,--none--
38,simpl_gsifts_1p_obj,5818,--none--
38,simpl_gsifts_2p_time,0.16723990440368652,--none--
38,simpl_gsifts_2p_obj,3860,--none--
38,orig_simpl_time,0.3787350654602051,--none--
38,orig_simpl_obj,406,--none--
38,orig_gsifts1p_time,0.778719425201416,--none--
38,orig_gsifts1p_obj,2859,--none--
38,orig_bestAB_time,0.1741645336151123,--none--
38,orig_bestAB_obj,2320,--none--
38,orig_5random_time,0.5220456123352051,--none--
38,orig_5random_obj,2060,--none--
390,simpl_opt_status,0,optimal
390,simpl_BB_time,0.687762975692749,--none--
390,simpl_BB_obj,2773,--none--
390,simpl_toA_time,8.511543273925781e-05,--none--
390,simpl_toA_obj,15579,--none--
390,simpl_toB_time,7.343292236328125e-05,--none--
390,simpl_toB_obj,16561,--none--
390,simpl_minAB_time,0.00013828277587890625,--none--
390,simpl_minAB_obj,15579,--none--
390,simpl_gswaps_time,0.07144856452941895,--none--
390,simpl_gswaps_obj,6520,--none--
390,simpl_gsifts_1p_time,0.08176231384277344,--none--
390,simpl_gsifts_1p_obj,6789,--none--
390,simpl_gsifts_2p_time,0.16269659996032715,--none--
390,simpl_gsifts_2p_obj,3491,--none--
390,orig_simpl_time,0.7229430675506592,--none--
390,orig_simpl_obj,334,--none--
390,orig_gsifts1p_time,0.7161691188812256,--none--
390,orig_gsifts1p_obj,1996,--none--
390,orig_bestAB_time,0.0930490493774414,--none--
390,orig_bestAB_obj,1546,--none--
390,orig_5random_time,0.3239712715148926,--none--
390,orig_5random_obj,2884,--none--
391,simpl_opt_status,0,optimal
391,simpl_BB_time,1.1197636127471924,--none--
391,simpl_BB_obj,1255,--none--
391,simpl_toA_time,8.463859558105469e-05,--none--
391,simpl_toA_obj,6909,--none--
391,simpl_toB_time,8.726119995117188e-05,--none--
391,simpl_toB_obj,8490,--none--
391,simpl_minAB_time,0.0001633167266845703,--none--
391,simpl_minAB_obj,6909,--none--
391,simpl_gswaps_time,0.06661224365234375,--none--
391,simpl_gswaps_obj,3804,--none--
391,simpl_gsifts_1p_time,0.08226323127746582,--none--
391,simpl_gsifts_1p_obj,3685,--none--
391,simpl_gsifts_2p_time,0.16732430458068848,--none--
391,simpl_gsifts_2p_obj,2182,--none--
391,orig_simpl_time,1.152064323425293,--none--
391,orig_simpl_obj,289,--none--
391,orig_gsifts1p_time,0.37287330627441406,--none--
391,orig_gsifts1p_obj,1116,--none--
391,orig_bestAB_time,0.05774974822998047,--none--
391,orig_bestAB_obj,924,--none--
391,orig_5random_time,0.4403054714202881,--none--
391,orig_5random_obj,1556,--none--
392,simpl_opt_status,0,optimal
392,simpl_BB_time,0.8921997547149658,--none--
392,simpl_BB_obj,1373,--none--
392,simpl_toA_time,8.797645568847656e-05,--none--
392,simpl_toA_obj,20549,--none--
392,simpl_toB_time,7.963180541992188e-05,--none--
392,simpl_toB_obj,10290,--none--
392,simpl_minAB_time,0.00014853477478027344,--none--
392,simpl_minAB_obj,10290,--none--
392,simpl_gswaps_time,0.14287853240966797,--none--
392,simpl_gswaps_obj,2257,--none--
392,simpl_gsifts_1p_time,0.0889744758605957,--none--
392,simpl_gsifts_1p_obj,4686,--none--
392,simpl_gsifts_2p_time,0.1887528896331787,--none--
392,simpl_gsifts_2p_obj,2971,--none--
392,orig_simpl_time,0.907372236251831,--none--
392,orig_simpl_obj,121,--none--
392,orig_gsifts1p_time,0.06161665916442871,--none--
392,orig_gsifts1p_obj,213,--none--
392,orig_bestAB_time,0.0254213809967041,--none--
392,orig_bestAB_obj,259,--none--
392,orig_5random_time,0.10619521141052246,--none--
392,orig_5random_obj,488,--none--
393,simpl_opt_status,0,optimal
393,simpl_BB_time,0.30499815940856934,--none--
393,simpl_BB_obj,1319,--none--
393,simpl_toA_time,8.988380432128906e-05,--none--
393,simpl_toA_obj,32911,--none--
393,simpl_toB_time,8.368492126464844e-05,--none--
393,simpl_toB_obj,3267,--none--
393,simpl_minAB_time,0.00014162063598632812,--none--
393,simpl_minAB_obj,3267,--none--
393,simpl_gswaps_time,0.009593963623046875,--none--
393,simpl_gswaps_obj,3014,--none--
393,simpl_gsifts_1p_time,0.08528518676757812,--none--
393,simpl_gsifts_1p_obj,1920,--none--
393,simpl_gsifts_2p_time,0.1758415699005127,--none--
393,simpl_gsifts_2p_obj,1667,--none--
393,orig_simpl_time,0.3348555564880371,--none--
393,orig_simpl_obj,404,--none--
393,orig_gsifts1p_time,0.6222350597381592,--none--
393,orig_gsifts1p_obj,2282,--none--
393,orig_bestAB_time,0.06611299514770508,--none--
393,orig_bestAB_obj,1390,--none--
393,orig_5random_time,0.5705113410949707,--none--
393,orig_5random_obj,2651,--none--
394,simpl_opt_status,0,optimal
394,simpl_BB_time,0.5842685699462891,--none--
394,simpl_BB_obj,1937,--none--
394,simpl_toA_time,9.489059448242188e-05,--none--
394,simpl_toA_obj,2782,--none--
394,simpl_toB_time,9.226799011230469e-05,--none--
394,simpl_toB_obj,17000,--none--
394,simpl_minAB_time,0.00017213821411132812,--none--
394,simpl_minAB_obj,2782,--none--
394,simpl_gswaps_time,0.07122349739074707,--none--
394,simpl_gswaps_obj,2175,--none--
394,simpl_gsifts_1p_time,0.08419919013977051,--none--
394,simpl_gsifts_1p_obj,2500,--none--
394,simpl_gsifts_2p_time,0.25878167152404785,--none--
394,simpl_gsifts_2p_obj,2313,--none--
394,orig_simpl_time,0.6123361587524414,--none--
394,orig_simpl_obj,344,--none--
394,orig_gsifts1p_time,0.2985239028930664,--none--
394,orig_gsifts1p_obj,754,--none--
394,orig_bestAB_time,0.09457969665527344,--none--
394,orig_bestAB_obj,880,--none--
394,orig_5random_time,0.33211612701416016,--none--
394,orig_5random_obj,1443,--none--
395,simpl_opt_status,0,optimal
395,simpl_BB_time,1.5042290687561035,--none--
395,simpl_BB_obj,960,--none--
395,simpl_toA_time,9.584426879882812e-05,--none--
395,simpl_toA_obj,4174,--none--
395,simpl_toB_time,8.559226989746094e-05,--none--
395,simpl_toB_obj,16689,--none--
395,simpl_minAB_time,0.00016999244689941406,--none--
395,simpl_minAB_obj,4174,--none--
395,simpl_gswaps_time,0.022699356079101562,--none--
395,simpl_gswaps_obj,2768,--none--
395,simpl_gsifts_1p_time,0.1550297737121582,--none--
395,simpl_gsifts_1p_obj,2731,--none--
395,simpl_gsifts_2p_time,0.22727727890014648,--none--
395,simpl_gsifts_2p_obj,1953,--none--
395,orig_simpl_time,1.5278244018554688,--none--
395,orig_simpl_obj,297,--none--
395,orig_gsifts1p_time,0.33049702644348145,--none--
395,orig_gsifts1p_obj,601,--none--
395,orig_bestAB_time,0.03323507308959961,--none--
395,orig_bestAB_obj,560,--none--
395,orig_5random_time,0.4126014709472656,--none--
395,orig_5random_obj,2663,--none--
396,simpl_opt_status,0,optimal
396,simpl_BB_time,0.30582571029663086,--none--
396,simpl_BB_obj,1335,--none--
396,simpl_toA_time,9.465217590332031e-05,--none--
396,simpl_toA_obj,3185,--none--
396,simpl_toB_time,8.654594421386719e-05,--none--
396,simpl_toB_obj,8317,--none--
396,simpl_minAB_time,0.00017118453979492188,--none--
396,simpl_minAB_obj,3185,--none--
396,simpl_gswaps_time,0.0804893970489502,--none--
396,simpl_gswaps_obj,1891,--none--
396,simpl_gsifts_1p_time,0.08476614952087402,--none--
396,simpl_gsifts_1p_obj,2524,--none--
396,simpl_gsifts_2p_time,0.18616175651550293,--none--
396,simpl_gsifts_2p_obj,2074,--none--
396,orig_simpl_time,0.3346724510192871,--none--
396,orig_simpl_obj,304,--none--
396,orig_gsifts1p_time,0.25453877449035645,--none--
396,orig_gsifts1p_obj,869,--none--
396,orig_bestAB_time,0.05627155303955078,--none--
396,orig_bestAB_obj,1248,--none--
396,orig_5random_time,0.41368985176086426,--none--
396,orig_5random_obj,1426,--none--
397,simpl_opt_status,0,optimal
397,simpl_BB_time,0.4234144687652588,--none--
397,simpl_BB_obj,1195,--none--
397,simpl_toA_time,8.797645568847656e-05,--none--
397,simpl_toA_obj,5592,--none--
397,simpl_toB_time,9.393692016601562e-05,--none--
397,simpl_toB_obj,2835,--none--
397,simpl_minAB_time,0.0002503395080566406,--none--
397,simpl_minAB_obj,2835,--none--
397,simpl_gswaps_time,0.02926778793334961,--none--
397,simpl_gswaps_obj,2090,--none--
397,simpl_gsifts_1p_time,0.0887913703918457,--none--
397,simpl_gsifts_1p_obj,2168,--none--
397,simpl_gsifts_2p_time,0.1856687068939209,--none--
397,simpl_gsifts_2p_obj,1526,--none--
397,orig_simpl_time,0.4609243869781494,--none--
397,orig_simpl_obj,317,--none--
397,orig_gsifts1p_time,0.29280877113342285,--none--
397,orig_gsifts1p_obj,847,--none--
397,orig_bestAB_time,0.041853904724121094,--none--
397,orig_bestAB_obj,1268,--none--
397,orig_5random_time,0.42270970344543457,--none--
397,orig_5random_obj,3839,--none--
398,simpl_opt_status,0,optimal
398,simpl_BB_time,0.8823544979095459,--none--
398,simpl_BB_obj,1203,--none--
398,simpl_toA_time,8.630752563476562e-05,--none--
398,simpl_toA_obj,13432,--none--
398,simpl_toB_time,8.654594421386719e-05,--none--
398,simpl_toB_obj,4877,--none--
398,simpl_minAB_time,0.00015735626220703125,--none--
398,simpl_minAB_obj,4877,--none--
398,simpl_gswaps_time,0.1067500114440918,--none--
398,simpl_gswaps_obj,1345,--none--
398,simpl_gsifts_1p_time,0.08998274803161621,--none--
398,simpl_gsifts_1p_obj,2861,--none--
398,simpl_gsifts_2p_time,0.1628251075744629,--none--
398,simpl_gsifts_2p_obj,1922,--none--
398,orig_simpl_time,0.9007439613342285,--none--
398,orig_simpl_obj,199,--none--
398,orig_gsifts1p_time,0.33783555030822754,--none--
398,orig_gsifts1p_obj,1040,--none--
398,orig_bestAB_time,0.04964470863342285,--none--
398,orig_bestAB_obj,1066,--none--
398,orig_5random_time,0.19986271858215332,--none--
398,orig_5random_obj,1365,--none--
399,simpl_opt_status,0,optimal
399,simpl_BB_time,0.5109295845031738,--none--
399,simpl_BB_obj,2255,--none--
399,simpl_toA_time,7.653236389160156e-05,--none--
399,simpl_toA_obj,32955,--none--
399,simpl_toB_time,0.00010347366333007812,--none--
399,simpl_toB_obj,6002,--none--
399,simpl_minAB_time,0.00014901161193847656,--none--
399,simpl_minAB_obj,6002,--none--
399,simpl_gswaps_time,0.07500338554382324,--none--
399,simpl_gswaps_obj,3002,--none--
399,simpl_gsifts_1p_time,0.0728156566619873,--none--
399,simpl_gsifts_1p_obj,4322,--none--
399,simpl_gsifts_2p_time,0.14355969429016113,--none--
399,simpl_gsifts_2p_obj,3574,--none--
399,orig_simpl_time,0.5477299690246582,--none--
399,orig_simpl_obj,415,--none--
399,orig_gsifts1p_time,0.45294666290283203,--none--
399,orig_gsifts1p_obj,1906,--none--
399,orig_bestAB_time,0.10076332092285156,--none--
399,orig_bestAB_obj,2396,--none--
399,orig_5random_time,0.8819079399108887,--none--
399,orig_5random_obj,3143,--none--
39,simpl_opt_status,0,optimal
39,simpl_BB_time,0.41350865364074707,--none--
39,simpl_BB_obj,2653,--none--
39,simpl_toA_time,8.487701416015625e-05,--none--
39,simpl_toA_obj,19404,--none--
39,simpl_toB_time,8.511543273925781e-05,--none--
39,simpl_toB_obj,15190,--none--
39,simpl_minAB_time,0.00015473365783691406,--none--
39,simpl_minAB_obj,15190,--none--
39,simpl_gswaps_time,0.18161606788635254,--none--
39,simpl_gswaps_obj,2969,--none--
39,simpl_gsifts_1p_time,0.1365036964416504,--none--
39,simpl_gsifts_1p_obj,8135,--none--
39,simpl_gsifts_2p_time,0.23683428764343262,--none--
39,simpl_gsifts_2p_obj,5041,--none--
39,orig_simpl_time,0.48334646224975586,--none--
39,orig_simpl_obj,356,--none--
39,orig_gsifts1p_time,0.8294548988342285,--none--
39,orig_gsifts1p_obj,1530,--none--
39,orig_bestAB_time,0.14794564247131348,--none--
39,orig_bestAB_obj,2628,--none--
39,orig_5random_time,0.6376407146453857,--none--
39,orig_5random_obj,4729,--none--
3,simpl_opt_status,0,optimal
3,simpl_BB_time,0.6422004699707031,--none--
3,simpl_BB_obj,1534,--none--
3,simpl_toA_time,8.392333984375e-05,--none--
3,simpl_toA_obj,13763,--none--
3,simpl_toB_time,7.963180541992188e-05,--none--
3,simpl_toB_obj,16952,--none--
3,simpl_minAB_time,0.00015044212341308594,--none--
3,simpl_minAB_obj,13763,--none--
3,simpl_gswaps_time,0.12510943412780762,--none--
3,simpl_gswaps_obj,3128,--none--
3,simpl_gsifts_1p_time,0.09021878242492676,--none--
3,simpl_gsifts_1p_obj,4874,--none--
3,simpl_gsifts_2p_time,0.19464421272277832,--none--
3,simpl_gsifts_2p_obj,3130,--none--
3,orig_simpl_time,0.6740329265594482,--none--
3,orig_simpl_obj,341,--none--
3,orig_gsifts1p_time,0.5197770595550537,--none--
3,orig_gsifts1p_obj,1624,--none--
3,orig_bestAB_time,0.06602025032043457,--none--
3,orig_bestAB_obj,1210,--none--
3,orig_5random_time,0.47191429138183594,--none--
3,orig_5random_obj,2941,--none--
400,simpl_opt_status,0,optimal
400,simpl_BB_time,0.2869250774383545,--none--
400,simpl_BB_obj,1647,--none--
400,simpl_toA_time,8.893013000488281e-05,--none--
400,simpl_toA_obj,9174,--none--
400,simpl_toB_time,7.843971252441406e-05,--none--
400,simpl_toB_obj,25413,--none--
400,simpl_minAB_time,0.0001518726348876953,--none--
400,simpl_minAB_obj,9174,--none--
400,simpl_gswaps_time,0.08460021018981934,--none--
400,simpl_gswaps_obj,1647,--none--
400,simpl_gsifts_1p_time,0.07987284660339355,--none--
400,simpl_gsifts_1p_obj,2043,--none--
400,simpl_gsifts_2p_time,0.18910837173461914,--none--
400,simpl_gsifts_2p_obj,1685,--none--
400,orig_simpl_time,0.3179631233215332,--none--
400,orig_simpl_obj,317,--none--
400,orig_gsifts1p_time,0.22838973999023438,--none--
400,orig_gsifts1p_obj,757,--none--
400,orig_bestAB_time,0.09544157981872559,--none--
400,orig_bestAB_obj,807,--none--
400,orig_5random_time,0.36971545219421387,--none--
400,orig_5random_obj,1301,--none--
401,simpl_opt_status,0,optimal
401,simpl_BB_time,0.4820244312286377,--none--
401,simpl_BB_obj,2026,--none--
401,simpl_toA_time,8.916854858398438e-05,--none--
401,simpl_toA_obj,15502,--none--
401,simpl_toB_time,8.559226989746094e-05,--none--
401,simpl_toB_obj,18860,--none--
401,simpl_minAB_time,0.000164031982421875,--none--
401,simpl_minAB_obj,15502,--none--
401,simpl_gswaps_time,0.07887029647827148,--none--
401,simpl_gswaps_obj,12699,--none--
401,simpl_gsifts_1p_time,0.10984563827514648,--none--
401,simpl_gsifts_1p_obj,8600,--none--
401,simpl_gsifts_2p_time,0.21000456809997559,--none--
401,simpl_gsifts_2p_obj,4888,--none--
401,orig_simpl_time,0.5134434700012207,--none--
401,orig_simpl_obj,348,--none--
401,orig_gsifts1p_time,0.5044021606445312,--none--
401,orig_gsifts1p_obj,1733,--none--
401,orig_bestAB_time,0.08320212364196777,--none--
401,orig_bestAB_obj,2242,--none--
401,orig_5random_time,0.33655476570129395,--none--
401,orig_5random_obj,2236,--none--
402,simpl_opt_status,0,optimal
402,simpl_BB_time,0.314237117767334,--none--
402,simpl_BB_obj,482,--none--
402,simpl_toA_time,8.869171142578125e-05,--none--
402,simpl_toA_obj,1964,--none--
402,simpl_toB_time,8.106231689453125e-05,--none--
402,simpl_toB_obj,18465,--none--
402,simpl_minAB_time,0.0001609325408935547,--none--
402,simpl_minAB_obj,1964,--none--
402,simpl_gswaps_time,0.06366515159606934,--none--
402,simpl_gswaps_obj,482,--none--
402,simpl_gsifts_1p_time,0.08239388465881348,--none--
402,simpl_gsifts_1p_obj,1234,--none--
402,simpl_gsifts_2p_time,0.1694936752319336,--none--
402,simpl_gsifts_2p_obj,902,--none--
402,orig_simpl_time,0.32509732246398926,--none--
402,orig_simpl_obj,142,--none--
402,orig_gsifts1p_time,0.06001400947570801,--none--
402,orig_gsifts1p_obj,212,--none--
402,orig_bestAB_time,0.0375361442565918,--none--
402,orig_bestAB_obj,220,--none--
402,orig_5random_time,0.16396307945251465,--none--
402,orig_5random_obj,1304,--none--
403,simpl_opt_status,0,optimal
403,simpl_BB_time,0.31328296661376953,--none--
403,simpl_BB_obj,944,--none--
403,simpl_toA_time,9.5367431640625e-05,--none--
403,simpl_toA_obj,4376,--none--
403,simpl_toB_time,8.440017700195312e-05,--none--
403,simpl_toB_obj,2797,--none--
403,simpl_minAB_time,0.00015735626220703125,--none--
403,simpl_minAB_obj,2797,--none--
403,simpl_gswaps_time,0.08324956893920898,--none--
403,simpl_gswaps_obj,1147,--none--
403,simpl_gsifts_1p_time,0.07905459403991699,--none--
403,simpl_gsifts_1p_obj,1876,--none--
403,simpl_gsifts_2p_time,0.15029096603393555,--none--
403,simpl_gsifts_2p_obj,1563,--none--
403,orig_simpl_time,0.33437585830688477,--none--
403,orig_simpl_obj,315,--none--
403,orig_gsifts1p_time,0.3093593120574951,--none--
403,orig_gsifts1p_obj,859,--none--
403,orig_bestAB_time,0.030745983123779297,--none--
403,orig_bestAB_obj,1066,--none--
403,orig_5random_time,0.28470945358276367,--none--
403,orig_5random_obj,2710,--none--
404,simpl_opt_status,0,optimal
404,simpl_BB_time,0.412914514541626,--none--
404,simpl_BB_obj,925,--none--
404,simpl_toA_time,0.0001049041748046875,--none--
404,simpl_toA_obj,4655,--none--
404,simpl_toB_time,8.845329284667969e-05,--none--
404,simpl_toB_obj,8347,--none--
404,simpl_minAB_time,0.00016546249389648438,--none--
404,simpl_minAB_obj,4655,--none--
404,simpl_gswaps_time,0.03925967216491699,--none--
404,simpl_gswaps_obj,1090,--none--
404,simpl_gsifts_1p_time,0.07647514343261719,--none--
404,simpl_gsifts_1p_obj,1164,--none--
404,simpl_gsifts_2p_time,0.16363239288330078,--none--
404,simpl_gsifts_2p_obj,1072,--none--
404,orig_simpl_time,0.43739914894104004,--none--
404,orig_simpl_obj,320,--none--
404,orig_gsifts1p_time,0.22609162330627441,--none--
404,orig_gsifts1p_obj,486,--none--
404,orig_bestAB_time,0.0563206672668457,--none--
404,orig_bestAB_obj,568,--none--
404,orig_5random_time,0.35735034942626953,--none--
404,orig_5random_obj,1897,--none--
405,simpl_opt_status,0,optimal
405,simpl_BB_time,0.9890179634094238,--none--
405,simpl_BB_obj,851,--none--
405,simpl_toA_time,9.179115295410156e-05,--none--
405,simpl_toA_obj,2519,--none--
405,simpl_toB_time,8.606910705566406e-05,--none--
405,simpl_toB_obj,5929,--none--
405,simpl_minAB_time,0.0001595020294189453,--none--
405,simpl_minAB_obj,2519,--none--
405,simpl_gswaps_time,0.11223411560058594,--none--
405,simpl_gswaps_obj,953,--none--
405,simpl_gsifts_1p_time,0.08623480796813965,--none--
405,simpl_gsifts_1p_obj,1837,--none--
405,simpl_gsifts_2p_time,0.16803193092346191,--none--
405,simpl_gsifts_2p_obj,1495,--none--
405,orig_simpl_time,1.0070478916168213,--none--
405,orig_simpl_obj,194,--none--
405,orig_gsifts1p_time,0.1610867977142334,--none--
405,orig_gsifts1p_obj,560,--none--
405,orig_bestAB_time,0.049852848052978516,--none--
405,orig_bestAB_obj,701,--none--
405,orig_5random_time,0.2049703598022461,--none--
405,orig_5random_obj,1587,--none--
406,simpl_opt_status,0,optimal
406,simpl_BB_time,0.29729390144348145,--none--
406,simpl_BB_obj,2668,--none--
406,simpl_toA_time,8.296966552734375e-05,--none--
406,simpl_toA_obj,23701,--none--
406,simpl_toB_time,8.320808410644531e-05,--none--
406,simpl_toB_obj,7473,--none--
406,simpl_minAB_time,0.00015020370483398438,--none--
406,simpl_minAB_obj,7473,--none--
406,simpl_gswaps_time,0.022641658782958984,--none--
406,simpl_gswaps_obj,5688,--none--
406,simpl_gsifts_1p_time,0.08440899848937988,--none--
406,simpl_gsifts_1p_obj,4668,--none--
406,simpl_gsifts_2p_time,0.19005084037780762,--none--
406,simpl_gsifts_2p_obj,3914,--none--
406,orig_simpl_time,0.3323187828063965,--none--
406,orig_simpl_obj,328,--none--
406,orig_gsifts1p_time,0.6833093166351318,--none--
406,orig_gsifts1p_obj,2385,--none--
406,orig_bestAB_time,0.11224007606506348,--none--
406,orig_bestAB_obj,2205,--none--
406,orig_5random_time,0.4482879638671875,--none--
406,orig_5random_obj,2697,--none--
407,simpl_opt_status,0,optimal
407,simpl_BB_time,0.5791707038879395,--none--
407,simpl_BB_obj,1159,--none--
407,simpl_toA_time,0.00010156631469726562,--none--
407,simpl_toA_obj,2434,--none--
407,simpl_toB_time,8.96453857421875e-05,--none--
407,simpl_toB_obj,16923,--none--
407,simpl_minAB_time,0.00017595291137695312,--none--
407,simpl_minAB_obj,2434,--none--
407,simpl_gswaps_time,0.040370941162109375,--none--
407,simpl_gswaps_obj,1538,--none--
407,simpl_gsifts_1p_time,0.09003639221191406,--none--
407,simpl_gsifts_1p_obj,1576,--none--
407,simpl_gsifts_2p_time,0.17454242706298828,--none--
407,simpl_gsifts_2p_obj,1218,--none--
407,orig_simpl_time,0.6020221710205078,--none--
407,orig_simpl_obj,311,--none--
407,orig_gsifts1p_time,0.2432084083557129,--none--
407,orig_gsifts1p_obj,790,--none--
407,orig_bestAB_time,0.035886287689208984,--none--
407,orig_bestAB_obj,851,--none--
407,orig_5random_time,0.43938779830932617,--none--
407,orig_5random_obj,2983,--none--
408,simpl_opt_status,0,optimal
408,simpl_BB_time,0.2682328224182129,--none--
408,simpl_BB_obj,241,--none--
408,simpl_toA_time,0.0001010894775390625,--none--
408,simpl_toA_obj,1709,--none--
408,simpl_toB_time,9.679794311523438e-05,--none--
408,simpl_toB_obj,324,--none--
408,simpl_minAB_time,0.00021409988403320312,--none--
408,simpl_minAB_obj,324,--none--
408,simpl_gswaps_time,0.04888749122619629,--none--
408,simpl_gswaps_obj,243,--none--
408,simpl_gsifts_1p_time,0.08368659019470215,--none--
408,simpl_gsifts_1p_obj,252,--none--
408,simpl_gsifts_2p_time,0.1690354347229004,--none--
408,simpl_gsifts_2p_obj,243,--none--
408,orig_simpl_time,0.2781672477722168,--none--
408,orig_simpl_obj,165,--none--
408,orig_gsifts1p_time,0.12684035301208496,--none--
408,orig_gsifts1p_obj,281,--none--
408,orig_bestAB_time,0.01292276382446289,--none--
408,orig_bestAB_obj,189,--none--
408,orig_5random_time,0.1704092025756836,--none--
408,orig_5random_obj,665,--none--
409,simpl_opt_status,0,optimal
409,simpl_BB_time,1.1235227584838867,--none--
409,simpl_BB_obj,288,--none--
409,simpl_toA_time,9.059906005859375e-05,--none--
409,simpl_toA_obj,2446,--none--
409,simpl_toB_time,8.177757263183594e-05,--none--
409,simpl_toB_obj,1479,--none--
409,simpl_minAB_time,0.0001537799835205078,--none--
409,simpl_minAB_obj,1479,--none--
409,simpl_gswaps_time,0.07674002647399902,--none--
409,simpl_gswaps_obj,369,--none--
409,simpl_gsifts_1p_time,0.08589696884155273,--none--
409,simpl_gsifts_1p_obj,643,--none--
409,simpl_gsifts_2p_time,0.23302388191223145,--none--
409,simpl_gsifts_2p_obj,465,--none--
409,orig_simpl_time,1.1409406661987305,--none--
409,orig_simpl_obj,95,--none--
409,orig_gsifts1p_time,0.06018543243408203,--none--
409,orig_gsifts1p_obj,215,--none--
409,orig_bestAB_time,0.008985519409179688,--none--
409,orig_bestAB_obj,171,--none--
409,orig_5random_time,0.13326382637023926,--none--
409,orig_5random_obj,353,--none--
40,simpl_opt_status,0,optimal
40,simpl_BB_time,0.7292373180389404,--none--
40,simpl_BB_obj,1026,--none--
40,simpl_toA_time,8.440017700195312e-05,--none--
40,simpl_toA_obj,5590,--none--
40,simpl_toB_time,8.225440979003906e-05,--none--
40,simpl_toB_obj,4608,--none--
40,simpl_minAB_time,0.0001499652862548828,--none--
40,simpl_minAB_obj,4608,--none--
40,simpl_gswaps_time,0.05814480781555176,--none--
40,simpl_gswaps_obj,1214,--none--
40,simpl_gsifts_1p_time,0.08327364921569824,--none--
40,simpl_gsifts_1p_obj,1216,--none--
40,simpl_gsifts_2p_time,0.17040014266967773,--none--
40,simpl_gsifts_2p_obj,1082,--none--
40,orig_simpl_time,0.757080078125,--none--
40,orig_simpl_obj,226,--none--
40,orig_gsifts1p_time,0.28862714767456055,--none--
40,orig_gsifts1p_obj,666,--none--
40,orig_bestAB_time,0.09271693229675293,--none--
40,orig_bestAB_obj,916,--none--
40,orig_5random_time,0.40786194801330566,--none--
40,orig_5random_obj,1795,--none--
410,simpl_opt_status,0,optimal
410,simpl_BB_time,0.2336430549621582,--none--
410,simpl_BB_obj,1348,--none--
410,simpl_toA_time,8.749961853027344e-05,--none--
410,simpl_toA_obj,4548,--none--
410,simpl_toB_time,7.939338684082031e-05,--none--
410,simpl_toB_obj,6937,--none--
410,simpl_minAB_time,0.00015473365783691406,--none--
410,simpl_minAB_obj,4548,--none--
410,simpl_gswaps_time,0.05276918411254883,--none--
410,simpl_gswaps_obj,3430,--none--
410,simpl_gsifts_1p_time,0.0731818675994873,--none--
410,simpl_gsifts_1p_obj,2924,--none--
410,simpl_gsifts_2p_time,0.14911627769470215,--none--
410,simpl_gsifts_2p_obj,2056,--none--
410,orig_simpl_time,0.25316500663757324,--none--
410,orig_simpl_obj,221,--none--
410,orig_gsifts1p_time,0.14514803886413574,--none--
410,orig_gsifts1p_obj,592,--none--
410,orig_bestAB_time,0.036324501037597656,--none--
410,orig_bestAB_obj,786,--none--
410,orig_5random_time,0.17258858680725098,--none--
410,orig_5random_obj,979,--none--
411,simpl_opt_status,0,optimal
411,simpl_BB_time,0.10115957260131836,--none--
411,simpl_BB_obj,1414,--none--
411,simpl_toA_time,9.059906005859375e-05,--none--
411,simpl_toA_obj,3134,--none--
411,simpl_toB_time,8.7738037109375e-05,--none--
411,simpl_toB_obj,2414,--none--
411,simpl_minAB_time,0.00015401840209960938,--none--
411,simpl_minAB_obj,2414,--none--
411,simpl_gswaps_time,0.008716106414794922,--none--
411,simpl_gswaps_obj,2124,--none--
411,simpl_gsifts_1p_time,0.0770878791809082,--none--
411,simpl_gsifts_1p_obj,2057,--none--
411,simpl_gsifts_2p_time,0.1538548469543457,--none--
411,simpl_gsifts_2p_obj,1767,--none--
411,orig_simpl_time,0.13006377220153809,--none--
411,orig_simpl_obj,376,--none--
411,orig_gsifts1p_time,0.3431088924407959,--none--
411,orig_gsifts1p_obj,1261,--none--
411,orig_bestAB_time,0.04608631134033203,--none--
411,orig_bestAB_obj,1578,--none--
411,orig_5random_time,0.4320104122161865,--none--
411,orig_5random_obj,3022,--none--
412,simpl_opt_status,0,optimal
412,simpl_BB_time,0.905411958694458,--none--
412,simpl_BB_obj,1268,--none--
412,simpl_toA_time,8.320808410644531e-05,--none--
412,simpl_toA_obj,16525,--none--
412,simpl_toB_time,7.987022399902344e-05,--none--
412,simpl_toB_obj,20616,--none--
412,simpl_minAB_time,0.00014734268188476562,--none--
412,simpl_minAB_obj,16525,--none--
412,simpl_gswaps_time,0.02424311637878418,--none--
412,simpl_gswaps_obj,16517,--none--
412,simpl_gsifts_1p_time,0.07548880577087402,--none--
412,simpl_gsifts_1p_obj,1991,--none--
412,simpl_gsifts_2p_time,0.15444135665893555,--none--
412,simpl_gsifts_2p_obj,1581,--none--
412,orig_simpl_time,0.9272677898406982,--none--
412,orig_simpl_obj,259,--none--
412,orig_gsifts1p_time,0.2892642021179199,--none--
412,orig_gsifts1p_obj,1337,--none--
412,orig_bestAB_time,0.1072993278503418,--none--
412,orig_bestAB_obj,1492,--none--
412,orig_5random_time,0.2989926338195801,--none--
412,orig_5random_obj,2057,--none--
413,simpl_opt_status,0,optimal
413,simpl_BB_time,0.5343079566955566,--none--
413,simpl_BB_obj,517,--none--
413,simpl_toA_time,9.5367431640625e-05,--none--
413,simpl_toA_obj,1295,--none--
413,simpl_toB_time,8.797645568847656e-05,--none--
413,simpl_toB_obj,2258,--none--
413,simpl_minAB_time,0.0001647472381591797,--none--
413,simpl_minAB_obj,1295,--none--
413,simpl_gswaps_time,0.09094834327697754,--none--
413,simpl_gswaps_obj,529,--none--
413,simpl_gsifts_1p_time,0.07492303848266602,--none--
413,simpl_gsifts_1p_obj,940,--none--
413,simpl_gsifts_2p_time,0.1481156349182129,--none--
413,simpl_gsifts_2p_obj,778,--none--
413,orig_simpl_time,0.5443885326385498,--none--
413,orig_simpl_obj,139,--none--
413,orig_gsifts1p_time,0.09464216232299805,--none--
413,orig_gsifts1p_obj,343,--none--
413,orig_bestAB_time,0.014714956283569336,--none--
413,orig_bestAB_obj,520,--none--
413,orig_5random_time,0.15317249298095703,--none--
413,orig_5random_obj,1169,--none--
414,simpl_opt_status,0,optimal
414,simpl_BB_time,0.3101623058319092,--none--
414,simpl_BB_obj,552,--none--
414,simpl_toA_time,9.965896606445312e-05,--none--
414,simpl_toA_obj,1777,--none--
414,simpl_toB_time,9.202957153320312e-05,--none--
414,simpl_toB_obj,1063,--none--
414,simpl_minAB_time,0.0001990795135498047,--none--
414,simpl_minAB_obj,1063,--none--
414,simpl_gswaps_time,0.07178616523742676,--none--
414,simpl_gswaps_obj,559,--none--
414,simpl_gsifts_1p_time,0.08372020721435547,--none--
414,simpl_gsifts_1p_obj,785,--none--
414,simpl_gsifts_2p_time,0.1580970287322998,--none--
414,simpl_gsifts_2p_obj,652,--none--
414,orig_simpl_time,0.3272395133972168,--none--
414,orig_simpl_obj,264,--none--
414,orig_gsifts1p_time,0.16304349899291992,--none--
414,orig_gsifts1p_obj,506,--none--
414,orig_bestAB_time,0.022770166397094727,--none--
414,orig_bestAB_obj,659,--none--
414,orig_5random_time,0.3096494674682617,--none--
414,orig_5random_obj,1237,--none--
415,simpl_opt_status,0,optimal
415,simpl_BB_time,0.43497252464294434,--none--
415,simpl_BB_obj,2314,--none--
415,simpl_toA_time,8.630752563476562e-05,--none--
415,simpl_toA_obj,12535,--none--
415,simpl_toB_time,7.62939453125e-05,--none--
415,simpl_toB_obj,32972,--none--
415,simpl_minAB_time,0.00015044212341308594,--none--
415,simpl_minAB_obj,12535,--none--
415,simpl_gswaps_time,0.004988670349121094,--none--
415,simpl_gswaps_obj,12535,--none--
415,simpl_gsifts_1p_time,0.08797383308410645,--none--
415,simpl_gsifts_1p_obj,6871,--none--
415,simpl_gsifts_2p_time,0.17921662330627441,--none--
415,simpl_gsifts_2p_obj,4159,--none--
415,orig_simpl_time,0.4723081588745117,--none--
415,orig_simpl_obj,441,--none--
415,orig_gsifts1p_time,0.5683398246765137,--none--
415,orig_gsifts1p_obj,1973,--none--
415,orig_bestAB_time,0.09755897521972656,--none--
415,orig_bestAB_obj,1976,--none--
415,orig_5random_time,0.6362676620483398,--none--
415,orig_5random_obj,3364,--none--
416,simpl_opt_status,0,optimal
416,simpl_BB_time,0.29938697814941406,--none--
416,simpl_BB_obj,1772,--none--
416,simpl_toA_time,8.654594421386719e-05,--none--
416,simpl_toA_obj,2639,--none--
416,simpl_toB_time,8.273124694824219e-05,--none--
416,simpl_toB_obj,13903,--none--
416,simpl_minAB_time,0.00015544891357421875,--none--
416,simpl_minAB_obj,2639,--none--
416,simpl_gswaps_time,0.061345815658569336,--none--
416,simpl_gswaps_obj,2002,--none--
416,simpl_gsifts_1p_time,0.08056807518005371,--none--
416,simpl_gsifts_1p_obj,2134,--none--
416,simpl_gsifts_2p_time,0.18370890617370605,--none--
416,simpl_gsifts_2p_obj,1987,--none--
416,orig_simpl_time,0.3291800022125244,--none--
416,orig_simpl_obj,384,--none--
416,orig_gsifts1p_time,0.2926316261291504,--none--
416,orig_gsifts1p_obj,919,--none--
416,orig_bestAB_time,0.06448769569396973,--none--
416,orig_bestAB_obj,1198,--none--
416,orig_5random_time,0.4434387683868408,--none--
416,orig_5random_obj,3059,--none--
417,simpl_opt_status,0,optimal
417,simpl_BB_time,0.995154857635498,--none--
417,simpl_BB_obj,2031,--none--
417,simpl_toA_time,8.416175842285156e-05,--none--
417,simpl_toA_obj,13277,--none--
417,simpl_toB_time,8.249282836914062e-05,--none--
417,simpl_toB_obj,24733,--none--
417,simpl_minAB_time,0.00015687942504882812,--none--
417,simpl_minAB_obj,13277,--none--
417,simpl_gswaps_time,0.06333303451538086,--none--
417,simpl_gswaps_obj,10563,--none--
417,simpl_gsifts_1p_time,0.0775306224822998,--none--
417,simpl_gsifts_1p_obj,6306,--none--
417,simpl_gsifts_2p_time,0.15566444396972656,--none--
417,simpl_gsifts_2p_obj,3594,--none--
417,orig_simpl_time,1.0280673503875732,--none--
417,orig_simpl_obj,380,--none--
417,orig_gsifts1p_time,0.473203182220459,--none--
417,orig_gsifts1p_obj,1502,--none--
417,orig_bestAB_time,0.1073906421661377,--none--
417,orig_bestAB_obj,1730,--none--
417,orig_5random_time,0.6053581237792969,--none--
417,orig_5random_obj,3903,--none--
418,simpl_opt_status,0,optimal
418,simpl_BB_time,0.2839477062225342,--none--
418,simpl_BB_obj,1019,--none--
418,simpl_toA_time,9.751319885253906e-05,--none--
418,simpl_toA_obj,10584,--none--
418,simpl_toB_time,7.200241088867188e-05,--none--
418,simpl_toB_obj,1576,--none--
418,simpl_minAB_time,0.0002791881561279297,--none--
418,simpl_minAB_obj,1576,--none--
418,simpl_gswaps_time,0.045104026794433594,--none--
418,simpl_gswaps_obj,1241,--none--
418,simpl_gsifts_1p_time,0.07836437225341797,--none--
418,simpl_gsifts_1p_obj,1333,--none--
418,simpl_gsifts_2p_time,0.1512765884399414,--none--
418,simpl_gsifts_2p_obj,1111,--none--
418,orig_simpl_time,0.30886363983154297,--none--
418,orig_simpl_obj,346,--none--
418,orig_gsifts1p_time,0.5302855968475342,--none--
418,orig_gsifts1p_obj,1729,--none--
418,orig_bestAB_time,0.04844188690185547,--none--
418,orig_bestAB_obj,975,--none--
418,orig_5random_time,0.3132355213165283,--none--
418,orig_5random_obj,1721,--none--
419,simpl_opt_status,0,optimal
419,simpl_BB_time,0.2835874557495117,--none--
419,simpl_BB_obj,1534,--none--
419,simpl_toA_time,7.200241088867188e-05,--none--
419,simpl_toA_obj,17024,--none--
419,simpl_toB_time,7.534027099609375e-05,--none--
419,simpl_toB_obj,12609,--none--
419,simpl_minAB_time,0.00013136863708496094,--none--
419,simpl_minAB_obj,12609,--none--
419,simpl_gswaps_time,0.09940218925476074,--none--
419,simpl_gswaps_obj,1534,--none--
419,simpl_gsifts_1p_time,0.07580828666687012,--none--
419,simpl_gsifts_1p_obj,2179,--none--
419,simpl_gsifts_2p_time,0.15640640258789062,--none--
419,simpl_gsifts_2p_obj,1767,--none--
419,orig_simpl_time,0.31269288063049316,--none--
419,orig_simpl_obj,355,--none--
419,orig_gsifts1p_time,0.5517196655273438,--none--
419,orig_gsifts1p_obj,2351,--none--
419,orig_bestAB_time,0.08872604370117188,--none--
419,orig_bestAB_obj,1919,--none--
419,orig_5random_time,0.6409764289855957,--none--
419,orig_5random_obj,2654,--none--
41,simpl_opt_status,0,optimal
41,simpl_BB_time,0.7687664031982422,--none--
41,simpl_BB_obj,1523,--none--
41,simpl_toA_time,8.916854858398438e-05,--none--
41,simpl_toA_obj,4556,--none--
41,simpl_toB_time,9.489059448242188e-05,--none--
41,simpl_toB_obj,16736,--none--
41,simpl_minAB_time,0.0001678466796875,--none--
41,simpl_minAB_obj,4556,--none--
41,simpl_gswaps_time,0.10186409950256348,--none--
41,simpl_gswaps_obj,1553,--none--
41,simpl_gsifts_1p_time,0.0884249210357666,--none--
41,simpl_gsifts_1p_obj,2897,--none--
41,simpl_gsifts_2p_time,0.16553115844726562,--none--
41,simpl_gsifts_2p_obj,2073,--none--
41,orig_simpl_time,0.7914836406707764,--none--
41,orig_simpl_obj,238,--none--
41,orig_gsifts1p_time,0.250443696975708,--none--
41,orig_gsifts1p_obj,763,--none--
41,orig_bestAB_time,0.07242441177368164,--none--
41,orig_bestAB_obj,1097,--none--
41,orig_5random_time,0.3942728042602539,--none--
41,orig_5random_obj,2430,--none--
420,simpl_opt_status,0,optimal
420,simpl_BB_time,0.5502152442932129,--none--
420,simpl_BB_obj,1311,--none--
420,simpl_toA_time,9.179115295410156e-05,--none--
420,simpl_toA_obj,2574,--none--
420,simpl_toB_time,8.20159912109375e-05,--none--
420,simpl_toB_obj,24627,--none--
420,simpl_minAB_time,0.0001671314239501953,--none--
420,simpl_minAB_obj,2574,--none--
420,simpl_gswaps_time,0.10334396362304688,--none--
420,simpl_gswaps_obj,1576,--none--
420,simpl_gsifts_1p_time,0.08973574638366699,--none--
420,simpl_gsifts_1p_obj,2059,--none--
420,simpl_gsifts_2p_time,0.20264172554016113,--none--
420,simpl_gsifts_2p_obj,1795,--none--
420,orig_simpl_time,0.578636884689331,--none--
420,orig_simpl_obj,227,--none--
420,orig_gsifts1p_time,0.13715553283691406,--none--
420,orig_gsifts1p_obj,336,--none--
420,orig_bestAB_time,0.08420228958129883,--none--
420,orig_bestAB_obj,360,--none--
420,orig_5random_time,0.2672889232635498,--none--
420,orig_5random_obj,2233,--none--
421,simpl_opt_status,0,optimal
421,simpl_BB_time,0.3300511837005615,--none--
421,simpl_BB_obj,1766,--none--
421,simpl_toA_time,8.368492126464844e-05,--none--
421,simpl_toA_obj,25204,--none--
421,simpl_toB_time,8.344650268554688e-05,--none--
421,simpl_toB_obj,32912,--none--
421,simpl_minAB_time,0.00015974044799804688,--none--
421,simpl_minAB_obj,25204,--none--
421,simpl_gswaps_time,0.03240633010864258,--none--
421,simpl_gswaps_obj,24747,--none--
421,simpl_gsifts_1p_time,0.12999367713928223,--none--
421,simpl_gsifts_1p_obj,13074,--none--
421,simpl_gsifts_2p_time,0.18251848220825195,--none--
421,simpl_gsifts_2p_obj,6997,--none--
421,orig_simpl_time,0.36017632484436035,--none--
421,orig_simpl_obj,262,--none--
421,orig_gsifts1p_time,0.5097513198852539,--none--
421,orig_gsifts1p_obj,1505,--none--
421,orig_bestAB_time,0.16900181770324707,--none--
421,orig_bestAB_obj,2600,--none--
421,orig_5random_time,0.36279940605163574,--none--
421,orig_5random_obj,3597,--none--
422,simpl_opt_status,0,optimal
422,simpl_BB_time,0.46821045875549316,--none--
422,simpl_BB_obj,1053,--none--
422,simpl_toA_time,8.535385131835938e-05,--none--
422,simpl_toA_obj,16582,--none--
422,simpl_toB_time,8.487701416015625e-05,--none--
422,simpl_toB_obj,4951,--none--
422,simpl_minAB_time,0.00015354156494140625,--none--
422,simpl_minAB_obj,4951,--none--
422,simpl_gswaps_time,0.09897041320800781,--none--
422,simpl_gswaps_obj,1464,--none--
422,simpl_gsifts_1p_time,0.08652400970458984,--none--
422,simpl_gsifts_1p_obj,2009,--none--
422,simpl_gsifts_2p_time,0.24771809577941895,--none--
422,simpl_gsifts_2p_obj,1633,--none--
422,orig_simpl_time,0.5021326541900635,--none--
422,orig_simpl_obj,263,--none--
422,orig_gsifts1p_time,0.40654897689819336,--none--
422,orig_gsifts1p_obj,1664,--none--
422,orig_bestAB_time,0.04677844047546387,--none--
422,orig_bestAB_obj,978,--none--
422,orig_5random_time,0.4971039295196533,--none--
422,orig_5random_obj,1555,--none--
423,simpl_opt_status,0,optimal
423,simpl_BB_time,0.21653509140014648,--none--
423,simpl_BB_obj,1376,--none--
423,simpl_toA_time,9.608268737792969e-05,--none--
423,simpl_toA_obj,8540,--none--
423,simpl_toB_time,8.106231689453125e-05,--none--
423,simpl_toB_obj,6728,--none--
423,simpl_minAB_time,0.00015735626220703125,--none--
423,simpl_minAB_obj,6728,--none--
423,simpl_gswaps_time,0.0377964973449707,--none--
423,simpl_gswaps_obj,6626,--none--
423,simpl_gsifts_1p_time,0.08518600463867188,--none--
423,simpl_gsifts_1p_obj,3811,--none--
423,simpl_gsifts_2p_time,0.14936280250549316,--none--
423,simpl_gsifts_2p_obj,2326,--none--
423,orig_simpl_time,0.2409648895263672,--none--
423,orig_simpl_obj,258,--none--
423,orig_gsifts1p_time,0.39696311950683594,--none--
423,orig_gsifts1p_obj,1282,--none--
423,orig_bestAB_time,0.0935060977935791,--none--
423,orig_bestAB_obj,1363,--none--
423,orig_5random_time,0.32491517066955566,--none--
423,orig_5random_obj,2258,--none--
424,simpl_opt_status,0,optimal
424,simpl_BB_time,0.41609692573547363,--none--
424,simpl_BB_obj,1315,--none--
424,simpl_toA_time,8.7738037109375e-05,--none--
424,simpl_toA_obj,3638,--none--
424,simpl_toB_time,8.702278137207031e-05,--none--
424,simpl_toB_obj,4862,--none--
424,simpl_minAB_time,0.00016546249389648438,--none--
424,simpl_minAB_obj,3638,--none--
424,simpl_gswaps_time,0.05570697784423828,--none--
424,simpl_gswaps_obj,2843,--none--
424,simpl_gsifts_1p_time,0.07690215110778809,--none--
424,simpl_gsifts_1p_obj,2288,--none--
424,simpl_gsifts_2p_time,0.18642568588256836,--none--
424,simpl_gsifts_2p_obj,1854,--none--
424,orig_simpl_time,0.4379279613494873,--none--
424,orig_simpl_obj,276,--none--
424,orig_gsifts1p_time,0.3465595245361328,--none--
424,orig_gsifts1p_obj,682,--none--
424,orig_bestAB_time,0.04904460906982422,--none--
424,orig_bestAB_obj,1187,--none--
424,orig_5random_time,0.33079981803894043,--none--
424,orig_5random_obj,2595,--none--
425,simpl_opt_status,0,optimal
425,simpl_BB_time,0.8811995983123779,--none--
425,simpl_BB_obj,1184,--none--
425,simpl_toA_time,8.797645568847656e-05,--none--
425,simpl_toA_obj,32873,--none--
425,simpl_toB_time,7.152557373046875e-05,--none--
425,simpl_toB_obj,32945,--none--
425,simpl_minAB_time,0.00013709068298339844,--none--
425,simpl_minAB_obj,32873,--none--
425,simpl_gswaps_time,0.004862070083618164,--none--
425,simpl_gswaps_obj,32873,--none--
425,simpl_gsifts_1p_time,0.07291388511657715,--none--
425,simpl_gsifts_1p_obj,1819,--none--
425,simpl_gsifts_2p_time,0.15489816665649414,--none--
425,simpl_gsifts_2p_obj,1487,--none--
425,orig_simpl_time,0.9042863845825195,--none--
425,orig_simpl_obj,284,--none--
425,orig_gsifts1p_time,0.19834160804748535,--none--
425,orig_gsifts1p_obj,686,--none--
425,orig_bestAB_time,0.057242631912231445,--none--
425,orig_bestAB_obj,1034,--none--
425,orig_5random_time,0.33418917655944824,--none--
425,orig_5random_obj,2715,--none--
426,simpl_opt_status,0,optimal
426,simpl_BB_time,0.27959275245666504,--none--
426,simpl_BB_obj,3131,--none--
426,simpl_toA_time,9.1552734375e-05,--none--
426,simpl_toA_obj,12737,--none--
426,simpl_toB_time,9.059906005859375e-05,--none--
426,simpl_toB_obj,12084,--none--
426,simpl_minAB_time,0.0001735687255859375,--none--
426,simpl_minAB_obj,12084,--none--
426,simpl_gswaps_time,0.10040140151977539,--none--
426,simpl_gswaps_obj,3321,--none--
426,simpl_gsifts_1p_time,0.07691335678100586,--none--
426,simpl_gsifts_1p_obj,7228,--none--
426,simpl_gsifts_2p_time,0.15339875221252441,--none--
426,simpl_gsifts_2p_obj,4540,--none--
426,orig_simpl_time,0.3261864185333252,--none--
426,orig_simpl_obj,495,--none--
426,orig_gsifts1p_time,0.642444372177124,--none--
426,orig_gsifts1p_obj,3033,--none--
426,orig_bestAB_time,0.08087706565856934,--none--
426,orig_bestAB_obj,3200,--none--
426,orig_5random_time,0.3223152160644531,--none--
426,orig_5random_obj,4198,--none--
427,simpl_opt_status,0,optimal
427,simpl_BB_time,0.14443325996398926,--none--
427,simpl_BB_obj,773,--none--
427,simpl_toA_time,5.459785461425781e-05,--none--
427,simpl_toA_obj,4716,--none--
427,simpl_toB_time,4.4345855712890625e-05,--none--
427,simpl_toB_obj,8306,--none--
427,simpl_minAB_time,8.511543273925781e-05,--none--
427,simpl_minAB_obj,4716,--none--
427,simpl_gswaps_time,0.029438495635986328,--none--
427,simpl_gswaps_obj,980,--none--
427,simpl_gsifts_1p_time,0.042382240295410156,--none--
427,simpl_gsifts_1p_obj,1399,--none--
427,simpl_gsifts_2p_time,0.1326611042022705,--none--
427,simpl_gsifts_2p_obj,1162,--none--
427,orig_simpl_time,0.16326141357421875,--none--
427,orig_simpl_obj,260,--none--
427,orig_gsifts1p_time,0.20955991744995117,--none--
427,orig_gsifts1p_obj,704,--none--
427,orig_bestAB_time,0.03375101089477539,--none--
427,orig_bestAB_obj,1019,--none--
427,orig_5random_time,0.23827362060546875,--none--
427,orig_5random_obj,1361,--none--
428,simpl_opt_status,0,optimal
428,simpl_BB_time,0.3526287078857422,--none--
428,simpl_BB_obj,1384,--none--
428,simpl_toA_time,9.059906005859375e-05,--none--
428,simpl_toA_obj,5533,--none--
428,simpl_toB_time,8.392333984375e-05,--none--
428,simpl_toB_obj,11440,--none--
428,simpl_minAB_time,0.00015926361083984375,--none--
428,simpl_minAB_obj,5533,--none--
428,simpl_gswaps_time,0.11144423484802246,--none--
428,simpl_gswaps_obj,1692,--none--
428,simpl_gsifts_1p_time,0.07784557342529297,--none--
428,simpl_gsifts_1p_obj,3324,--none--
428,simpl_gsifts_2p_time,0.15520691871643066,--none--
428,simpl_gsifts_2p_obj,2164,--none--
428,orig_simpl_time,0.3742368221282959,--none--
428,orig_simpl_obj,239,--none--
428,orig_gsifts1p_time,0.30135583877563477,--none--
428,orig_gsifts1p_obj,1360,--none--
428,orig_bestAB_time,0.0449521541595459,--none--
428,orig_bestAB_obj,649,--none--
428,orig_5random_time,0.18938827514648438,--none--
428,orig_5random_obj,1283,--none--
