instance,num_type,value,comment
100,simpl_opt_status,0,optimal
100,simpl_BB_time,0.12279605865478516,--none--
100,simpl_BB_obj,1185,--none--
100,simpl_minAB_time,0.0001647472381591797,--none--
100,simpl_minAB_obj,5301,--none--
100,simpl_gswaps_time,0.07156896591186523,--none--
100,simpl_gswaps_obj,2157,--none--
100,simpl_5random_time,0.0010695457458496094,--none--
100,simpl_5random_obj,16670,--none--
100,simpl_gsifts_1p_time,0.07393026351928711,--none--
100,simpl_gsifts_1p_obj,3566,--none--
100,simpl_gsifts_2p_time,0.14642548561096191,--none--
100,simpl_gsifts_2p_obj,2301,--none--
100,simpl_gsifts_inf_time,0.6521506309509277,--none--
100,simpl_gsifts_inf_obj,1185,--none--
100,orig_simpl_time,0.13778066635131836,--none--
100,orig_simpl_obj,766,--none--
100,orig_gsifts1p_time,0.539778470993042,--none--
100,orig_gsifts1p_obj,636,--none--
100,orig_bestAB_time,0.044814348220825195,--none--
100,orig_bestAB_obj,718,--none--
100,orig_5random_time,0.4212779998779297,--none--
100,orig_5random_obj,2050,--none--
100,orig_simpl_rnd_time,1.5423943996429443,--none--
100,orig_simpl_rnd_obj,766,--none--
101,simpl_opt_status,0,optimal
101,simpl_BB_time,0.052370309829711914,--none--
101,simpl_BB_obj,1279,--none--
101,simpl_minAB_time,0.00015687942504882812,--none--
101,simpl_minAB_obj,3341,--none--
101,simpl_gswaps_time,0.032907724380493164,--none--
101,simpl_gswaps_obj,1310,--none--
101,simpl_5random_time,0.0010542869567871094,--none--
101,simpl_5random_obj,13790,--none--
101,simpl_gsifts_1p_time,0.07336735725402832,--none--
101,simpl_gsifts_1p_obj,1618,--none--
101,simpl_gsifts_2p_time,0.15058445930480957,--none--
101,simpl_gsifts_2p_obj,1391,--none--
101,simpl_gsifts_inf_time,0.44437265396118164,--none--
101,simpl_gsifts_inf_obj,1282,--none--
101,orig_simpl_time,0.07242250442504883,--none--
101,orig_simpl_obj,1086,--none--
101,orig_gsifts1p_time,1.0229530334472656,--none--
101,orig_gsifts1p_obj,1140,--none--
101,orig_bestAB_time,0.04836249351501465,--none--
101,orig_bestAB_obj,1553,--none--
101,orig_5random_time,0.6412019729614258,--none--
101,orig_5random_obj,4275,--none--
101,orig_simpl_rnd_time,2.173701763153076,--none--
101,orig_simpl_rnd_obj,1086,--none--
102,simpl_opt_status,0,optimal
102,simpl_BB_time,0.05538129806518555,--none--
102,simpl_BB_obj,877,--none--
102,simpl_minAB_time,0.00016450881958007812,--none--
102,simpl_minAB_obj,2324,--none--
102,simpl_gswaps_time,0.09879469871520996,--none--
102,simpl_gswaps_obj,877,--none--
102,simpl_5random_time,0.0010776519775390625,--none--
102,simpl_5random_obj,5054,--none--
102,simpl_gsifts_1p_time,0.07143592834472656,--none--
102,simpl_gsifts_1p_obj,1479,--none--
102,simpl_gsifts_2p_time,0.1437969207763672,--none--
102,simpl_gsifts_2p_obj,1165,--none--
102,simpl_gsifts_inf_time,0.6407711505889893,--none--
102,simpl_gsifts_inf_obj,877,--none--
102,orig_simpl_time,0.06612563133239746,--none--
102,orig_simpl_obj,485,--none--
102,orig_gsifts1p_time,0.2471141815185547,--none--
102,orig_gsifts1p_obj,343,--none--
102,orig_bestAB_time,0.032341957092285156,--none--
102,orig_bestAB_obj,414,--none--
102,orig_5random_time,0.1434481143951416,--none--
102,orig_5random_obj,932,--none--
102,orig_simpl_rnd_time,0.663792610168457,--none--
102,orig_simpl_rnd_obj,485,--none--
103,simpl_opt_status,0,optimal
103,simpl_BB_time,0.18313169479370117,--none--
103,simpl_BB_obj,1473,--none--
103,simpl_minAB_time,0.0001595020294189453,--none--
103,simpl_minAB_obj,8635,--none--
103,simpl_gswaps_time,0.03713274002075195,--none--
103,simpl_gswaps_obj,8538,--none--
103,simpl_5random_time,0.0011966228485107422,--none--
103,simpl_5random_obj,11966,--none--
103,simpl_gsifts_1p_time,0.07492589950561523,--none--
103,simpl_gsifts_1p_obj,1804,--none--
103,simpl_gsifts_2p_time,0.14771056175231934,--none--
103,simpl_gsifts_2p_obj,1570,--none--
103,simpl_gsifts_inf_time,0.29486584663391113,--none--
103,simpl_gsifts_inf_obj,1473,--none--
103,orig_simpl_time,0.20012259483337402,--none--
103,orig_simpl_obj,807,--none--
103,orig_gsifts1p_time,0.8540635108947754,--none--
103,orig_gsifts1p_obj,1107,--none--
103,orig_bestAB_time,0.052550315856933594,--none--
103,orig_bestAB_obj,1118,--none--
103,orig_5random_time,0.6183996200561523,--none--
103,orig_5random_obj,3881,--none--
103,orig_simpl_rnd_time,1.1784534454345703,--none--
103,orig_simpl_rnd_obj,807,--none--
104,simpl_opt_status,0,optimal
104,simpl_BB_time,0.09614801406860352,--none--
104,simpl_BB_obj,1103,--none--
104,simpl_minAB_time,0.0001513957977294922,--none--
104,simpl_minAB_obj,6580,--none--
104,simpl_gswaps_time,0.1020965576171875,--none--
104,simpl_gswaps_obj,4232,--none--
104,simpl_5random_time,0.0010132789611816406,--none--
104,simpl_5random_obj,7106,--none--
104,simpl_gsifts_1p_time,0.06997537612915039,--none--
104,simpl_gsifts_1p_obj,3942,--none--
104,simpl_gsifts_2p_time,0.14861440658569336,--none--
104,simpl_gsifts_2p_obj,2588,--none--
104,simpl_gsifts_inf_time,1.013223648071289,--none--
104,simpl_gsifts_inf_obj,1103,--none--
104,orig_simpl_time,0.10950303077697754,--none--
104,orig_simpl_obj,469,--none--
104,orig_gsifts1p_time,0.31433725357055664,--none--
104,orig_gsifts1p_obj,267,--none--
104,orig_bestAB_time,0.039304494857788086,--none--
104,orig_bestAB_obj,290,--none--
104,orig_5random_time,0.19301414489746094,--none--
104,orig_5random_obj,1100,--none--
104,orig_simpl_rnd_time,0.7975990772247314,--none--
104,orig_simpl_rnd_obj,469,--none--
105,simpl_opt_status,0,optimal
105,simpl_BB_time,0.08179450035095215,--none--
105,simpl_BB_obj,1566,--none--
105,simpl_minAB_time,0.00017404556274414062,--none--
105,simpl_minAB_obj,5464,--none--
105,simpl_gswaps_time,0.0507197380065918,--none--
105,simpl_gswaps_obj,4873,--none--
105,simpl_5random_time,0.0011982917785644531,--none--
105,simpl_5random_obj,7458,--none--
105,simpl_gsifts_1p_time,0.07879185676574707,--none--
105,simpl_gsifts_1p_obj,3208,--none--
105,simpl_gsifts_2p_time,0.15934228897094727,--none--
105,simpl_gsifts_2p_obj,2408,--none--
105,simpl_gsifts_inf_time,0.6792993545532227,--none--
105,simpl_gsifts_inf_obj,1566,--none--
105,orig_simpl_time,0.09962701797485352,--none--
105,orig_simpl_obj,859,--none--
105,orig_gsifts1p_time,0.6921632289886475,--none--
105,orig_gsifts1p_obj,1021,--none--
105,orig_bestAB_time,0.0463709831237793,--none--
105,orig_bestAB_obj,1060,--none--
105,orig_5random_time,0.3382103443145752,--none--
105,orig_5random_obj,2557,--none--
105,orig_simpl_rnd_time,1.355360507965088,--none--
105,orig_simpl_rnd_obj,859,--none--
106,simpl_opt_status,0,optimal
106,simpl_BB_time,0.06763029098510742,--none--
106,simpl_BB_obj,1637,--none--
106,simpl_minAB_time,0.00016927719116210938,--none--
106,simpl_minAB_obj,9025,--none--
106,simpl_gswaps_time,0.055002689361572266,--none--
106,simpl_gswaps_obj,2789,--none--
106,simpl_5random_time,0.0010824203491210938,--none--
106,simpl_5random_obj,6116,--none--
106,simpl_gsifts_1p_time,0.0765528678894043,--none--
106,simpl_gsifts_1p_obj,4989,--none--
106,simpl_gsifts_2p_time,0.15337038040161133,--none--
106,simpl_gsifts_2p_obj,3147,--none--
106,simpl_gsifts_inf_time,0.6090822219848633,--none--
106,simpl_gsifts_inf_obj,1637,--none--
106,orig_simpl_time,0.08611226081848145,--none--
106,orig_simpl_obj,775,--none--
106,orig_gsifts1p_time,0.5813355445861816,--none--
106,orig_gsifts1p_obj,359,--none--
106,orig_bestAB_time,0.0706946849822998,--none--
106,orig_bestAB_obj,361,--none--
106,orig_5random_time,0.4173150062561035,--none--
106,orig_5random_obj,2097,--none--
106,orig_simpl_rnd_time,1.0154378414154053,--none--
106,orig_simpl_rnd_obj,775,--none--
107,simpl_opt_status,0,optimal
107,simpl_BB_time,0.0708456039428711,--none--
107,simpl_BB_obj,1221,--none--
107,simpl_minAB_time,0.00017213821411132812,--none--
107,simpl_minAB_obj,2274,--none--
107,simpl_gswaps_time,0.06625151634216309,--none--
107,simpl_gswaps_obj,1385,--none--
107,simpl_5random_time,0.0011568069458007812,--none--
107,simpl_5random_obj,7684,--none--
107,simpl_gsifts_1p_time,0.07749629020690918,--none--
107,simpl_gsifts_1p_obj,1756,--none--
107,simpl_gsifts_2p_time,0.15393638610839844,--none--
107,simpl_gsifts_2p_obj,1509,--none--
107,simpl_gsifts_inf_time,0.5328893661499023,--none--
107,simpl_gsifts_inf_obj,1221,--none--
107,orig_simpl_time,0.0838308334350586,--none--
107,orig_simpl_obj,664,--none--
107,orig_gsifts1p_time,0.6213850975036621,--none--
107,orig_gsifts1p_obj,622,--none--
107,orig_bestAB_time,0.039583683013916016,--none--
107,orig_bestAB_obj,655,--none--
107,orig_5random_time,0.2977132797241211,--none--
107,orig_5random_obj,1131,--none--
107,orig_simpl_rnd_time,1.1282739639282227,--none--
107,orig_simpl_rnd_obj,664,--none--
108,simpl_opt_status,0,optimal
108,simpl_BB_time,0.06251406669616699,--none--
108,simpl_BB_obj,442,--none--
108,simpl_minAB_time,0.0001671314239501953,--none--
108,simpl_minAB_obj,8383,--none--
108,simpl_gswaps_time,0.12351655960083008,--none--
108,simpl_gswaps_obj,442,--none--
108,simpl_5random_time,0.001161336898803711,--none--
108,simpl_5random_obj,2352,--none--
108,simpl_gsifts_1p_time,0.07710409164428711,--none--
108,simpl_gsifts_1p_obj,2412,--none--
108,simpl_gsifts_2p_time,0.15496611595153809,--none--
108,simpl_gsifts_2p_obj,588,--none--
108,simpl_gsifts_inf_time,0.3848588466644287,--none--
108,simpl_gsifts_inf_obj,442,--none--
108,orig_simpl_time,0.07006406784057617,--none--
108,orig_simpl_obj,303,--none--
108,orig_gsifts1p_time,0.12976741790771484,--none--
108,orig_gsifts1p_obj,196,--none--
108,orig_bestAB_time,0.016736268997192383,--none--
108,orig_bestAB_obj,229,--none--
108,orig_5random_time,0.10799574851989746,--none--
108,orig_5random_obj,658,--none--
108,orig_simpl_rnd_time,0.4962193965911865,--none--
108,orig_simpl_rnd_obj,303,--none--
109,simpl_opt_status,0,optimal
109,simpl_BB_time,0.04500317573547363,--none--
109,simpl_BB_obj,1798,--none--
109,simpl_minAB_time,0.00016689300537109375,--none--
109,simpl_minAB_obj,9867,--none--
109,simpl_gswaps_time,0.08985590934753418,--none--
109,simpl_gswaps_obj,3026,--none--
109,simpl_5random_time,0.0010459423065185547,--none--
109,simpl_5random_obj,12998,--none--
109,simpl_gsifts_1p_time,0.0723576545715332,--none--
109,simpl_gsifts_1p_obj,3786,--none--
109,simpl_gsifts_2p_time,0.14627647399902344,--none--
109,simpl_gsifts_2p_obj,2816,--none--
109,simpl_gsifts_inf_time,0.7300267219543457,--none--
109,simpl_gsifts_inf_obj,1798,--none--
109,orig_simpl_time,0.06444168090820312,--none--
109,orig_simpl_obj,898,--none--
109,orig_gsifts1p_time,0.5896892547607422,--none--
109,orig_gsifts1p_obj,785,--none--
109,orig_bestAB_time,0.06853389739990234,--none--
109,orig_bestAB_obj,887,--none--
109,orig_5random_time,0.3224611282348633,--none--
109,orig_5random_obj,1905,--none--
109,orig_simpl_rnd_time,0.974050760269165,--none--
109,orig_simpl_rnd_obj,898,--none--
10,simpl_opt_status,0,optimal
10,simpl_BB_time,0.09839487075805664,--none--
10,simpl_BB_obj,1568,--none--
10,simpl_minAB_time,0.00016617774963378906,--none--
10,simpl_minAB_obj,2502,--none--
10,simpl_gswaps_time,0.046901702880859375,--none--
10,simpl_gswaps_obj,1621,--none--
10,simpl_5random_time,0.0010950565338134766,--none--
10,simpl_5random_obj,12938,--none--
10,simpl_gsifts_1p_time,0.07404732704162598,--none--
10,simpl_gsifts_1p_obj,2019,--none--
10,simpl_gsifts_2p_time,0.1528944969177246,--none--
10,simpl_gsifts_2p_obj,1764,--none--
10,simpl_gsifts_inf_time,0.6115593910217285,--none--
10,simpl_gsifts_inf_obj,1568,--none--
10,orig_simpl_time,0.11601853370666504,--none--
10,orig_simpl_obj,736,--none--
10,orig_gsifts1p_time,0.7567687034606934,--none--
10,orig_gsifts1p_obj,772,--none--
10,orig_bestAB_time,0.0686187744140625,--none--
10,orig_bestAB_obj,835,--none--
10,orig_5random_time,0.39090967178344727,--none--
10,orig_5random_obj,2430,--none--
10,orig_simpl_rnd_time,1.1510701179504395,--none--
10,orig_simpl_rnd_obj,736,--none--
110,simpl_opt_status,0,optimal
110,simpl_BB_time,0.05389881134033203,--none--
110,simpl_BB_obj,360,--none--
110,simpl_minAB_time,0.00016427040100097656,--none--
110,simpl_minAB_obj,4253,--none--
110,simpl_gswaps_time,0.034058332443237305,--none--
110,simpl_gswaps_obj,4168,--none--
110,simpl_5random_time,0.00110626220703125,--none--
110,simpl_5random_obj,2606,--none--
110,simpl_gsifts_1p_time,0.1363525390625,--none--
110,simpl_gsifts_1p_obj,1004,--none--
110,simpl_gsifts_2p_time,0.15253591537475586,--none--
110,simpl_gsifts_2p_obj,680,--none--
110,simpl_gsifts_inf_time,0.7820596694946289,--none--
110,simpl_gsifts_inf_obj,360,--none--
110,orig_simpl_time,0.05981755256652832,--none--
110,orig_simpl_obj,223,--none--
110,orig_gsifts1p_time,0.07910346984863281,--none--
110,orig_gsifts1p_obj,121,--none--
110,orig_bestAB_time,0.010831832885742188,--none--
110,orig_bestAB_obj,151,--none--
110,orig_5random_time,0.05622291564941406,--none--
110,orig_5random_obj,263,--none--
110,orig_simpl_rnd_time,0.40735864639282227,--none--
110,orig_simpl_rnd_obj,223,--none--
111,simpl_opt_status,0,optimal
111,simpl_BB_time,0.06481599807739258,--none--
111,simpl_BB_obj,1253,--none--
111,simpl_minAB_time,0.00015473365783691406,--none--
111,simpl_minAB_obj,2262,--none--
111,simpl_gswaps_time,0.07186722755432129,--none--
111,simpl_gswaps_obj,1255,--none--
111,simpl_5random_time,0.0012054443359375,--none--
111,simpl_5random_obj,4662,--none--
111,simpl_gsifts_1p_time,0.07663846015930176,--none--
111,simpl_gsifts_1p_obj,1816,--none--
111,simpl_gsifts_2p_time,0.15237903594970703,--none--
111,simpl_gsifts_2p_obj,1414,--none--
111,simpl_gsifts_inf_time,0.45822644233703613,--none--
111,simpl_gsifts_inf_obj,1253,--none--
111,orig_simpl_time,0.08136820793151855,--none--
111,orig_simpl_obj,603,--none--
111,orig_gsifts1p_time,0.5645828247070312,--none--
111,orig_gsifts1p_obj,460,--none--
111,orig_bestAB_time,0.1130368709564209,--none--
111,orig_bestAB_obj,535,--none--
111,orig_5random_time,0.292285680770874,--none--
111,orig_5random_obj,1730,--none--
111,orig_simpl_rnd_time,0.9736678600311279,--none--
111,orig_simpl_rnd_obj,603,--none--
112,simpl_opt_status,0,optimal
112,simpl_BB_time,0.1270456314086914,--none--
112,simpl_BB_obj,2201,--none--
112,simpl_minAB_time,0.00016498565673828125,--none--
112,simpl_minAB_obj,4958,--none--
112,simpl_gswaps_time,0.09665393829345703,--none--
112,simpl_gswaps_obj,2216,--none--
112,simpl_5random_time,0.0010890960693359375,--none--
112,simpl_5random_obj,21182,--none--
112,simpl_gsifts_1p_time,0.07799863815307617,--none--
112,simpl_gsifts_1p_obj,2803,--none--
112,simpl_gsifts_2p_time,0.15153765678405762,--none--
112,simpl_gsifts_2p_obj,2573,--none--
112,simpl_gsifts_inf_time,0.6800289154052734,--none--
112,simpl_gsifts_inf_obj,2201,--none--
112,orig_simpl_time,0.15456271171569824,--none--
112,orig_simpl_obj,1272,--none--
112,orig_gsifts1p_time,1.04008150100708,--none--
112,orig_gsifts1p_obj,1549,--none--
112,orig_bestAB_time,0.08971142768859863,--none--
112,orig_bestAB_obj,2478,--none--
112,orig_5random_time,0.5117206573486328,--none--
112,orig_5random_obj,4338,--none--
112,orig_simpl_rnd_time,1.6477134227752686,--none--
112,orig_simpl_rnd_obj,1272,--none--
113,simpl_opt_status,0,optimal
113,simpl_BB_time,0.12836027145385742,--none--
113,simpl_BB_obj,1043,--none--
113,simpl_minAB_time,0.00016736984252929688,--none--
113,simpl_minAB_obj,3167,--none--
113,simpl_gswaps_time,0.08493566513061523,--none--
113,simpl_gswaps_obj,1046,--none--
113,simpl_5random_time,0.001190185546875,--none--
113,simpl_5random_obj,4942,--none--
113,simpl_gsifts_1p_time,0.07664632797241211,--none--
113,simpl_gsifts_1p_obj,1581,--none--
113,simpl_gsifts_2p_time,0.15338969230651855,--none--
113,simpl_gsifts_2p_obj,1085,--none--
113,simpl_gsifts_inf_time,0.37788867950439453,--none--
113,simpl_gsifts_inf_obj,1045,--none--
113,orig_simpl_time,0.13989853858947754,--none--
113,orig_simpl_obj,482,--none--
113,orig_gsifts1p_time,0.3680765628814697,--none--
113,orig_gsifts1p_obj,427,--none--
113,orig_bestAB_time,0.031531333923339844,--none--
113,orig_bestAB_obj,770,--none--
113,orig_5random_time,0.19100046157836914,--none--
113,orig_5random_obj,1338,--none--
113,orig_simpl_rnd_time,0.7385051250457764,--none--
113,orig_simpl_rnd_obj,482,--none--
114,simpl_opt_status,0,optimal
114,simpl_BB_time,0.21304798126220703,--none--
114,simpl_BB_obj,2144,--none--
114,simpl_minAB_time,0.00016999244689941406,--none--
114,simpl_minAB_obj,5759,--none--
114,simpl_gswaps_time,0.0944509506225586,--none--
114,simpl_gswaps_obj,2144,--none--
114,simpl_5random_time,0.0011553764343261719,--none--
114,simpl_5random_obj,16746,--none--
114,simpl_gsifts_1p_time,0.07791376113891602,--none--
114,simpl_gsifts_1p_obj,3680,--none--
114,simpl_gsifts_2p_time,0.1540541648864746,--none--
114,simpl_gsifts_2p_obj,2820,--none--
114,simpl_gsifts_inf_time,0.6049692630767822,--none--
114,simpl_gsifts_inf_obj,2144,--none--
114,orig_simpl_time,0.24161481857299805,--none--
114,orig_simpl_obj,1493,--none--
114,orig_gsifts1p_time,1.0987188816070557,--none--
114,orig_gsifts1p_obj,1711,--none--
114,orig_bestAB_time,0.12483978271484375,--none--
114,orig_bestAB_obj,2551,--none--
114,orig_5random_time,0.45858240127563477,--none--
114,orig_5random_obj,3368,--none--
114,orig_simpl_rnd_time,1.6169562339782715,--none--
114,orig_simpl_rnd_obj,1493,--none--
115,simpl_opt_status,0,optimal
115,simpl_BB_time,0.13801240921020508,--none--
115,simpl_BB_obj,463,--none--
115,simpl_minAB_time,0.00015020370483398438,--none--
115,simpl_minAB_obj,1550,--none--
115,simpl_gswaps_time,0.03145337104797363,--none--
115,simpl_gswaps_obj,1221,--none--
115,simpl_5random_time,0.0010075569152832031,--none--
115,simpl_5random_obj,3844,--none--
115,simpl_gsifts_1p_time,0.07044053077697754,--none--
115,simpl_gsifts_1p_obj,1017,--none--
115,simpl_gsifts_2p_time,0.1401660442352295,--none--
115,simpl_gsifts_2p_obj,756,--none--
115,simpl_gsifts_inf_time,0.7102830410003662,--none--
115,simpl_gsifts_inf_obj,463,--none--
115,orig_simpl_time,0.14438295364379883,--none--
115,orig_simpl_obj,261,--none--
115,orig_gsifts1p_time,0.1875770092010498,--none--
115,orig_gsifts1p_obj,175,--none--
115,orig_bestAB_time,0.013233423233032227,--none--
115,orig_bestAB_obj,179,--none--
115,orig_5random_time,0.2190873622894287,--none--
115,orig_5random_obj,1757,--none--
115,orig_simpl_rnd_time,0.8041319847106934,--none--
115,orig_simpl_rnd_obj,261,--none--
116,simpl_opt_status,0,optimal
116,simpl_BB_time,0.05932974815368652,--none--
116,simpl_BB_obj,1263,--none--
116,simpl_minAB_time,0.00016069412231445312,--none--
116,simpl_minAB_obj,16802,--none--
116,simpl_gswaps_time,0.09477043151855469,--none--
116,simpl_gswaps_obj,1264,--none--
116,simpl_5random_time,0.0010569095611572266,--none--
116,simpl_5random_obj,10046,--none--
116,simpl_gsifts_1p_time,0.07572484016418457,--none--
116,simpl_gsifts_1p_obj,2683,--none--
116,simpl_gsifts_2p_time,0.1486356258392334,--none--
116,simpl_gsifts_2p_obj,1265,--none--
116,simpl_gsifts_inf_time,0.3753960132598877,--none--
116,simpl_gsifts_inf_obj,1263,--none--
116,orig_simpl_time,0.07618975639343262,--none--
116,orig_simpl_obj,705,--none--
116,orig_gsifts1p_time,0.5718173980712891,--none--
116,orig_gsifts1p_obj,413,--none--
116,orig_bestAB_time,0.04746079444885254,--none--
116,orig_bestAB_obj,420,--none--
116,orig_5random_time,0.33391642570495605,--none--
116,orig_5random_obj,2609,--none--
116,orig_simpl_rnd_time,1.2334070205688477,--none--
116,orig_simpl_rnd_obj,705,--none--
117,simpl_opt_status,0,optimal
117,simpl_BB_time,0.08905243873596191,--none--
117,simpl_BB_obj,641,--none--
117,simpl_minAB_time,0.00015807151794433594,--none--
117,simpl_minAB_obj,16576,--none--
117,simpl_gswaps_time,0.08809638023376465,--none--
117,simpl_gswaps_obj,642,--none--
117,simpl_5random_time,0.0010943412780761719,--none--
117,simpl_5random_obj,6123,--none--
117,simpl_gsifts_1p_time,0.07306027412414551,--none--
117,simpl_gsifts_1p_obj,1051,--none--
117,simpl_gsifts_2p_time,0.14232754707336426,--none--
117,simpl_gsifts_2p_obj,721,--none--
117,simpl_gsifts_inf_time,0.361879825592041,--none--
117,simpl_gsifts_inf_obj,641,--none--
117,orig_simpl_time,0.09900784492492676,--none--
117,orig_simpl_obj,487,--none--
117,orig_gsifts1p_time,0.31498122215270996,--none--
117,orig_gsifts1p_obj,296,--none--
117,orig_bestAB_time,0.03142094612121582,--none--
117,orig_bestAB_obj,323,--none--
117,orig_5random_time,0.27883028984069824,--none--
117,orig_5random_obj,1125,--none--
117,orig_simpl_rnd_time,0.6945526599884033,--none--
117,orig_simpl_rnd_obj,487,--none--
118,simpl_opt_status,0,optimal
118,simpl_BB_time,0.10362052917480469,--none--
118,simpl_BB_obj,1634,--none--
118,simpl_minAB_time,0.00015282630920410156,--none--
118,simpl_minAB_obj,9981,--none--
118,simpl_gswaps_time,0.024272441864013672,--none--
118,simpl_gswaps_obj,2941,--none--
118,simpl_5random_time,0.0012378692626953125,--none--
118,simpl_5random_obj,6974,--none--
118,simpl_gsifts_1p_time,0.07725930213928223,--none--
118,simpl_gsifts_1p_obj,2941,--none--
118,simpl_gsifts_2p_time,0.146331787109375,--none--
118,simpl_gsifts_2p_obj,1944,--none--
118,simpl_gsifts_inf_time,0.5711352825164795,--none--
118,simpl_gsifts_inf_obj,1642,--none--
118,orig_simpl_time,0.12418389320373535,--none--
118,orig_simpl_obj,881,--none--
118,orig_gsifts1p_time,0.9079375267028809,--none--
118,orig_gsifts1p_obj,712,--none--
118,orig_bestAB_time,0.1486198902130127,--none--
118,orig_bestAB_obj,779,--none--
118,orig_5random_time,0.5507633686065674,--none--
118,orig_5random_obj,3028,--none--
118,orig_simpl_rnd_time,1.7645797729492188,--none--
118,orig_simpl_rnd_obj,881,--none--
119,simpl_opt_status,0,optimal
119,simpl_BB_time,0.08107519149780273,--none--
119,simpl_BB_obj,1313,--none--
119,simpl_minAB_time,0.00015234947204589844,--none--
119,simpl_minAB_obj,13428,--none--
119,simpl_gswaps_time,0.01659846305847168,--none--
119,simpl_gswaps_obj,7344,--none--
119,simpl_5random_time,0.0011284351348876953,--none--
119,simpl_5random_obj,17774,--none--
119,simpl_gsifts_1p_time,0.11621403694152832,--none--
119,simpl_gsifts_1p_obj,7291,--none--
119,simpl_gsifts_2p_time,0.14522576332092285,--none--
119,simpl_gsifts_2p_obj,3985,--none--
119,simpl_gsifts_inf_time,0.9053196907043457,--none--
119,simpl_gsifts_inf_obj,1313,--none--
119,orig_simpl_time,0.09749221801757812,--none--
119,orig_simpl_obj,948,--none--
119,orig_gsifts1p_time,0.4369924068450928,--none--
119,orig_gsifts1p_obj,807,--none--
119,orig_bestAB_time,0.10796785354614258,--none--
119,orig_bestAB_obj,1123,--none--
119,orig_5random_time,0.25065088272094727,--none--
119,orig_5random_obj,1724,--none--
119,orig_simpl_rnd_time,1.0938997268676758,--none--
119,orig_simpl_rnd_obj,948,--none--
11,simpl_opt_status,0,optimal
11,simpl_BB_time,0.10797691345214844,--none--
11,simpl_BB_obj,599,--none--
11,simpl_minAB_time,0.00016164779663085938,--none--
11,simpl_minAB_obj,5257,--none--
11,simpl_gswaps_time,0.06929326057434082,--none--
11,simpl_gswaps_obj,2287,--none--
11,simpl_5random_time,0.0011832714080810547,--none--
11,simpl_5random_obj,2842,--none--
11,simpl_gsifts_1p_time,0.07845926284790039,--none--
11,simpl_gsifts_1p_obj,2295,--none--
11,simpl_gsifts_2p_time,0.1714637279510498,--none--
11,simpl_gsifts_2p_obj,607,--none--
11,simpl_gsifts_inf_time,0.48839497566223145,--none--
11,simpl_gsifts_inf_obj,599,--none--
11,orig_simpl_time,0.11692023277282715,--none--
11,orig_simpl_obj,361,--none--
11,orig_gsifts1p_time,0.2288665771484375,--none--
11,orig_gsifts1p_obj,255,--none--
11,orig_bestAB_time,0.01809382438659668,--none--
11,orig_bestAB_obj,279,--none--
11,orig_5random_time,0.16004037857055664,--none--
11,orig_5random_obj,1064,--none--
11,orig_simpl_rnd_time,0.7640562057495117,--none--
11,orig_simpl_rnd_obj,361,--none--
120,simpl_opt_status,0,optimal
120,simpl_BB_time,0.1201019287109375,--none--
120,simpl_BB_obj,1249,--none--
120,simpl_minAB_time,0.0001773834228515625,--none--
120,simpl_minAB_obj,5709,--none--
120,simpl_gswaps_time,0.0806574821472168,--none--
120,simpl_gswaps_obj,4506,--none--
120,simpl_5random_time,0.0012385845184326172,--none--
120,simpl_5random_obj,12368,--none--
120,simpl_gsifts_1p_time,0.0783848762512207,--none--
120,simpl_gsifts_1p_obj,3650,--none--
120,simpl_gsifts_2p_time,0.16370725631713867,--none--
120,simpl_gsifts_2p_obj,2588,--none--
120,simpl_gsifts_inf_time,0.6499786376953125,--none--
120,simpl_gsifts_inf_obj,1249,--none--
120,orig_simpl_time,0.14904141426086426,--none--
120,orig_simpl_obj,767,--none--
120,orig_gsifts1p_time,0.7989397048950195,--none--
120,orig_gsifts1p_obj,1037,--none--
120,orig_bestAB_time,0.04898881912231445,--none--
120,orig_bestAB_obj,1107,--none--
120,orig_5random_time,0.6767079830169678,--none--
120,orig_5random_obj,2976,--none--
120,orig_simpl_rnd_time,2.0042507648468018,--none--
120,orig_simpl_rnd_obj,767,--none--
121,simpl_opt_status,0,optimal
121,simpl_BB_time,0.10923099517822266,--none--
121,simpl_BB_obj,1459,--none--
121,simpl_minAB_time,0.0001621246337890625,--none--
121,simpl_minAB_obj,3769,--none--
121,simpl_gswaps_time,0.08236217498779297,--none--
121,simpl_gswaps_obj,2833,--none--
121,simpl_5random_time,0.0010707378387451172,--none--
121,simpl_5random_obj,11523,--none--
121,simpl_gsifts_1p_time,0.07693171501159668,--none--
121,simpl_gsifts_1p_obj,2799,--none--
121,simpl_gsifts_2p_time,0.15015506744384766,--none--
121,simpl_gsifts_2p_obj,2168,--none--
121,simpl_gsifts_inf_time,0.603571891784668,--none--
121,simpl_gsifts_inf_obj,1459,--none--
121,orig_simpl_time,0.12183260917663574,--none--
121,orig_simpl_obj,553,--none--
121,orig_gsifts1p_time,0.6469147205352783,--none--
121,orig_gsifts1p_obj,325,--none--
121,orig_bestAB_time,0.07553696632385254,--none--
121,orig_bestAB_obj,334,--none--
121,orig_5random_time,0.32631802558898926,--none--
121,orig_5random_obj,2644,--none--
121,orig_simpl_rnd_time,0.9643411636352539,--none--
121,orig_simpl_rnd_obj,553,--none--
122,simpl_opt_status,0,optimal
122,simpl_BB_time,0.13746356964111328,--none--
122,simpl_BB_obj,1804,--none--
122,simpl_minAB_time,0.00017261505126953125,--none--
122,simpl_minAB_obj,9226,--none--
122,simpl_gswaps_time,0.05343151092529297,--none--
122,simpl_gswaps_obj,5971,--none--
122,simpl_5random_time,0.002179384231567383,--none--
122,simpl_5random_obj,14078,--none--
122,simpl_gsifts_1p_time,0.07358098030090332,--none--
122,simpl_gsifts_1p_obj,5981,--none--
122,simpl_gsifts_2p_time,0.1621096134185791,--none--
122,simpl_gsifts_2p_obj,3384,--none--
122,simpl_gsifts_inf_time,0.9492080211639404,--none--
122,simpl_gsifts_inf_obj,1804,--none--
122,orig_simpl_time,0.15941667556762695,--none--
122,orig_simpl_obj,992,--none--
122,orig_gsifts1p_time,1.458225965499878,--none--
122,orig_gsifts1p_obj,1210,--none--
122,orig_bestAB_time,0.1540508270263672,--none--
122,orig_bestAB_obj,1936,--none--
122,orig_5random_time,0.7167525291442871,--none--
122,orig_5random_obj,2999,--none--
122,orig_simpl_rnd_time,1.93440842628479,--none--
122,orig_simpl_rnd_obj,992,--none--
123,simpl_opt_status,0,optimal
123,simpl_BB_time,0.1397702693939209,--none--
123,simpl_BB_obj,1190,--none--
123,simpl_minAB_time,0.00015497207641601562,--none--
123,simpl_minAB_obj,8835,--none--
123,simpl_gswaps_time,0.09062385559082031,--none--
123,simpl_gswaps_obj,1191,--none--
123,simpl_5random_time,0.0010128021240234375,--none--
123,simpl_5random_obj,11422,--none--
123,simpl_gsifts_1p_time,0.07101631164550781,--none--
123,simpl_gsifts_1p_obj,1883,--none--
123,simpl_gsifts_2p_time,0.1424705982208252,--none--
123,simpl_gsifts_2p_obj,1601,--none--
123,simpl_gsifts_inf_time,0.5695180892944336,--none--
123,simpl_gsifts_inf_obj,1190,--none--
123,orig_simpl_time,0.15315937995910645,--none--
123,orig_simpl_obj,700,--none--
123,orig_gsifts1p_time,0.6709146499633789,--none--
123,orig_gsifts1p_obj,585,--none--
123,orig_bestAB_time,0.06145977973937988,--none--
123,orig_bestAB_obj,669,--none--
123,orig_5random_time,0.29938483238220215,--none--
123,orig_5random_obj,2367,--none--
123,orig_simpl_rnd_time,0.742161750793457,--none--
123,orig_simpl_rnd_obj,700,--none--
124,simpl_opt_status,0,optimal
124,simpl_BB_time,0.09768819808959961,--none--
124,simpl_BB_obj,1890,--none--
124,simpl_minAB_time,0.00015282630920410156,--none--
124,simpl_minAB_obj,3928,--none--
124,simpl_gswaps_time,0.05406355857849121,--none--
124,simpl_gswaps_obj,1997,--none--
124,simpl_5random_time,0.0010967254638671875,--none--
124,simpl_5random_obj,14810,--none--
124,simpl_gsifts_1p_time,0.07084202766418457,--none--
124,simpl_gsifts_1p_obj,2980,--none--
124,simpl_gsifts_2p_time,0.2661478519439697,--none--
124,simpl_gsifts_2p_obj,2414,--none--
124,simpl_gsifts_inf_time,0.7801425457000732,--none--
124,simpl_gsifts_inf_obj,1892,--none--
124,orig_simpl_time,0.11750960350036621,--none--
124,orig_simpl_obj,933,--none--
124,orig_gsifts1p_time,0.6888382434844971,--none--
124,orig_gsifts1p_obj,897,--none--
124,orig_bestAB_time,0.0513308048248291,--none--
124,orig_bestAB_obj,1241,--none--
124,orig_5random_time,0.40804100036621094,--none--
124,orig_5random_obj,3155,--none--
124,orig_simpl_rnd_time,1.2972028255462646,--none--
124,orig_simpl_rnd_obj,933,--none--
125,simpl_opt_status,0,optimal
125,simpl_BB_time,0.12140488624572754,--none--
125,simpl_BB_obj,1186,--none--
125,simpl_minAB_time,0.0001556873321533203,--none--
125,simpl_minAB_obj,2636,--none--
125,simpl_gswaps_time,0.03663921356201172,--none--
125,simpl_gswaps_obj,1784,--none--
125,simpl_5random_time,0.0010557174682617188,--none--
125,simpl_5random_obj,17270,--none--
125,simpl_gsifts_1p_time,0.0729374885559082,--none--
125,simpl_gsifts_1p_obj,1827,--none--
125,simpl_gsifts_2p_time,0.14281868934631348,--none--
125,simpl_gsifts_2p_obj,1476,--none--
125,simpl_gsifts_inf_time,0.689640998840332,--none--
125,simpl_gsifts_inf_obj,1186,--none--
125,orig_simpl_time,0.14076805114746094,--none--
125,orig_simpl_obj,982,--none--
125,orig_gsifts1p_time,0.9408166408538818,--none--
125,orig_gsifts1p_obj,975,--none--
125,orig_bestAB_time,0.07414603233337402,--none--
125,orig_bestAB_obj,1504,--none--
125,orig_5random_time,0.4230928421020508,--none--
125,orig_5random_obj,2467,--none--
125,orig_simpl_rnd_time,1.4529802799224854,--none--
125,orig_simpl_rnd_obj,982,--none--
126,simpl_opt_status,0,optimal
126,simpl_BB_time,0.13248157501220703,--none--
126,simpl_BB_obj,1068,--none--
126,simpl_minAB_time,0.0001595020294189453,--none--
126,simpl_minAB_obj,3138,--none--
126,simpl_gswaps_time,0.06651663780212402,--none--
126,simpl_gswaps_obj,2417,--none--
126,simpl_5random_time,0.001058816909790039,--none--
126,simpl_5random_obj,9912,--none--
126,simpl_gsifts_1p_time,0.0742335319519043,--none--
126,simpl_gsifts_1p_obj,2003,--none--
126,simpl_gsifts_2p_time,0.1493544578552246,--none--
126,simpl_gsifts_2p_obj,1553,--none--
126,simpl_gsifts_inf_time,0.4306349754333496,--none--
126,simpl_gsifts_inf_obj,1068,--none--
126,orig_simpl_time,0.1450960636138916,--none--
126,orig_simpl_obj,671,--none--
126,orig_gsifts1p_time,0.5953412055969238,--none--
126,orig_gsifts1p_obj,675,--none--
126,orig_bestAB_time,0.05206036567687988,--none--
126,orig_bestAB_obj,834,--none--
126,orig_5random_time,0.3246438503265381,--none--
126,orig_5random_obj,2241,--none--
126,orig_simpl_rnd_time,1.311598777770996,--none--
126,orig_simpl_rnd_obj,671,--none--
127,simpl_opt_status,0,optimal
127,simpl_BB_time,0.136521577835083,--none--
127,simpl_BB_obj,2302,--none--
127,simpl_minAB_time,0.00015401840209960938,--none--
127,simpl_minAB_obj,10695,--none--
127,simpl_gswaps_time,0.01394343376159668,--none--
127,simpl_gswaps_obj,6535,--none--
127,simpl_5random_time,0.0011050701141357422,--none--
127,simpl_5random_obj,15854,--none--
127,simpl_gsifts_1p_time,0.07963109016418457,--none--
127,simpl_gsifts_1p_obj,6535,--none--
127,simpl_gsifts_2p_time,0.1455519199371338,--none--
127,simpl_gsifts_2p_obj,5019,--none--
127,simpl_gsifts_inf_time,0.6484405994415283,--none--
127,simpl_gsifts_inf_obj,2303,--none--
127,orig_simpl_time,0.16075897216796875,--none--
127,orig_simpl_obj,1220,--none--
127,orig_gsifts1p_time,0.998044490814209,--none--
127,orig_gsifts1p_obj,1712,--none--
127,orig_bestAB_time,0.15085935592651367,--none--
127,orig_bestAB_obj,2175,--none--
127,orig_5random_time,0.40991640090942383,--none--
127,orig_5random_obj,3353,--none--
127,orig_simpl_rnd_time,1.658585786819458,--none--
127,orig_simpl_rnd_obj,1220,--none--
128,simpl_opt_status,0,optimal
128,simpl_BB_time,0.09705114364624023,--none--
128,simpl_BB_obj,705,--none--
128,simpl_minAB_time,0.0001614093780517578,--none--
128,simpl_minAB_obj,2725,--none--
128,simpl_gswaps_time,0.10581159591674805,--none--
128,simpl_gswaps_obj,705,--none--
128,simpl_5random_time,0.0011730194091796875,--none--
128,simpl_5random_obj,5733,--none--
128,simpl_gsifts_1p_time,0.08349919319152832,--none--
128,simpl_gsifts_1p_obj,1435,--none--
128,simpl_gsifts_2p_time,0.15412139892578125,--none--
128,simpl_gsifts_2p_obj,1031,--none--
128,simpl_gsifts_inf_time,0.5353600978851318,--none--
128,simpl_gsifts_inf_obj,705,--none--
128,orig_simpl_time,0.10686707496643066,--none--
128,orig_simpl_obj,404,--none--
128,orig_gsifts1p_time,0.21979904174804688,--none--
128,orig_gsifts1p_obj,240,--none--
128,orig_bestAB_time,0.024178028106689453,--none--
128,orig_bestAB_obj,242,--none--
128,orig_5random_time,0.22716522216796875,--none--
128,orig_5random_obj,1199,--none--
128,orig_simpl_rnd_time,0.700688362121582,--none--
128,orig_simpl_rnd_obj,404,--none--
129,simpl_opt_status,0,optimal
129,simpl_BB_time,0.08519792556762695,--none--
129,simpl_BB_obj,1826,--none--
129,simpl_minAB_time,0.0001614093780517578,--none--
129,simpl_minAB_obj,9209,--none--
129,simpl_gswaps_time,0.005240917205810547,--none--
129,simpl_gswaps_obj,9209,--none--
129,simpl_5random_time,0.0012373924255371094,--none--
129,simpl_5random_obj,13228,--none--
129,simpl_gsifts_1p_time,0.07529854774475098,--none--
129,simpl_gsifts_1p_obj,5291,--none--
129,simpl_gsifts_2p_time,0.15123486518859863,--none--
129,simpl_gsifts_2p_obj,3451,--none--
129,simpl_gsifts_inf_time,0.8219892978668213,--none--
129,simpl_gsifts_inf_obj,1826,--none--
129,orig_simpl_time,0.10538530349731445,--none--
129,orig_simpl_obj,894,--none--
129,orig_gsifts1p_time,0.9042997360229492,--none--
129,orig_gsifts1p_obj,1439,--none--
129,orig_bestAB_time,0.13628745079040527,--none--
129,orig_bestAB_obj,1859,--none--
129,orig_5random_time,0.4406774044036865,--none--
129,orig_5random_obj,3815,--none--
129,orig_simpl_rnd_time,1.3268258571624756,--none--
129,orig_simpl_rnd_obj,894,--none--
12,simpl_opt_status,0,optimal
12,simpl_BB_time,0.06296825408935547,--none--
12,simpl_BB_obj,307,--none--
12,simpl_minAB_time,0.0001595020294189453,--none--
12,simpl_minAB_obj,528,--none--
12,simpl_gswaps_time,0.04737114906311035,--none--
12,simpl_gswaps_obj,422,--none--
12,simpl_5random_time,0.0010731220245361328,--none--
12,simpl_5random_obj,7228,--none--
12,simpl_gsifts_1p_time,0.07344651222229004,--none--
12,simpl_gsifts_1p_obj,413,--none--
12,simpl_gsifts_2p_time,0.14923357963562012,--none--
12,simpl_gsifts_2p_obj,345,--none--
12,simpl_gsifts_inf_time,0.44638967514038086,--none--
12,simpl_gsifts_inf_obj,307,--none--
12,orig_simpl_time,0.06878876686096191,--none--
12,orig_simpl_obj,226,--none--
12,orig_gsifts1p_time,0.18563294410705566,--none--
12,orig_gsifts1p_obj,190,--none--
12,orig_bestAB_time,0.011012554168701172,--none--
12,orig_bestAB_obj,193,--none--
12,orig_5random_time,0.19259190559387207,--none--
12,orig_5random_obj,1150,--none--
12,orig_simpl_rnd_time,0.7206082344055176,--none--
12,orig_simpl_rnd_obj,226,--none--
130,simpl_opt_status,0,optimal
130,simpl_BB_time,0.09274148941040039,--none--
130,simpl_BB_obj,602,--none--
130,simpl_minAB_time,0.0001704692840576172,--none--
130,simpl_minAB_obj,4180,--none--
130,simpl_gswaps_time,0.07191586494445801,--none--
130,simpl_gswaps_obj,2235,--none--
130,simpl_5random_time,0.0011980533599853516,--none--
130,simpl_5random_obj,9601,--none--
130,simpl_gsifts_1p_time,0.0740962028503418,--none--
130,simpl_gsifts_1p_obj,2336,--none--
130,simpl_gsifts_2p_time,0.1544637680053711,--none--
130,simpl_gsifts_2p_obj,1575,--none--
130,simpl_gsifts_inf_time,0.6707618236541748,--none--
130,simpl_gsifts_inf_obj,602,--none--
130,orig_simpl_time,0.10165262222290039,--none--
130,orig_simpl_obj,422,--none--
130,orig_gsifts1p_time,0.19375872611999512,--none--
130,orig_gsifts1p_obj,205,--none--
130,orig_bestAB_time,0.028580665588378906,--none--
130,orig_bestAB_obj,218,--none--
130,orig_5random_time,0.12335014343261719,--none--
130,orig_5random_obj,836,--none--
130,orig_simpl_rnd_time,0.48073267936706543,--none--
130,orig_simpl_rnd_obj,422,--none--
131,simpl_opt_status,0,optimal
131,simpl_BB_time,0.07958173751831055,--none--
131,simpl_BB_obj,1749,--none--
131,simpl_minAB_time,0.0001609325408935547,--none--
131,simpl_minAB_obj,4801,--none--
131,simpl_gswaps_time,0.09493350982666016,--none--
131,simpl_gswaps_obj,1825,--none--
131,simpl_5random_time,0.0010552406311035156,--none--
131,simpl_5random_obj,17860,--none--
131,simpl_gsifts_1p_time,0.07811641693115234,--none--
131,simpl_gsifts_1p_obj,3214,--none--
131,simpl_gsifts_2p_time,0.1845097541809082,--none--
131,simpl_gsifts_2p_obj,2492,--none--
131,simpl_gsifts_inf_time,0.6624147891998291,--none--
131,simpl_gsifts_inf_obj,1749,--none--
131,orig_simpl_time,0.09852957725524902,--none--
131,orig_simpl_obj,1072,--none--
131,orig_gsifts1p_time,0.7556090354919434,--none--
131,orig_gsifts1p_obj,1143,--none--
131,orig_bestAB_time,0.06377315521240234,--none--
131,orig_bestAB_obj,1884,--none--
131,orig_5random_time,0.2924227714538574,--none--
131,orig_5random_obj,2440,--none--
131,orig_simpl_rnd_time,1.3321549892425537,--none--
131,orig_simpl_rnd_obj,1072,--none--
132,simpl_opt_status,0,optimal
132,simpl_BB_time,0.13057398796081543,--none--
132,simpl_BB_obj,829,--none--
132,simpl_minAB_time,0.000171661376953125,--none--
132,simpl_minAB_obj,12567,--none--
132,simpl_gswaps_time,0.00989675521850586,--none--
132,simpl_gswaps_obj,12490,--none--
132,simpl_5random_time,0.0014917850494384766,--none--
132,simpl_5random_obj,6670,--none--
132,simpl_gsifts_1p_time,0.07653141021728516,--none--
132,simpl_gsifts_1p_obj,1433,--none--
132,simpl_gsifts_2p_time,0.15526795387268066,--none--
132,simpl_gsifts_2p_obj,1143,--none--
132,simpl_gsifts_inf_time,0.6873171329498291,--none--
132,simpl_gsifts_inf_obj,829,--none--
132,orig_simpl_time,0.14260005950927734,--none--
132,orig_simpl_obj,632,--none--
132,orig_gsifts1p_time,0.34628939628601074,--none--
132,orig_gsifts1p_obj,453,--none--
132,orig_bestAB_time,0.034856557846069336,--none--
132,orig_bestAB_obj,770,--none--
132,orig_5random_time,0.33614206314086914,--none--
132,orig_5random_obj,1498,--none--
132,orig_simpl_rnd_time,0.7989203929901123,--none--
132,orig_simpl_rnd_obj,632,--none--
133,simpl_opt_status,0,optimal
133,simpl_BB_time,0.08744096755981445,--none--
133,simpl_BB_obj,2817,--none--
133,simpl_minAB_time,0.00026416778564453125,--none--
133,simpl_minAB_obj,4782,--none--
133,simpl_gswaps_time,0.038736581802368164,--none--
133,simpl_gswaps_obj,2834,--none--
133,simpl_5random_time,0.0010542869567871094,--none--
133,simpl_5random_obj,14428,--none--
133,simpl_gsifts_1p_time,0.07626652717590332,--none--
133,simpl_gsifts_1p_obj,3732,--none--
133,simpl_gsifts_2p_time,0.1576387882232666,--none--
133,simpl_gsifts_2p_obj,3124,--none--
133,simpl_gsifts_inf_time,0.38188695907592773,--none--
133,simpl_gsifts_inf_obj,2834,--none--
133,orig_simpl_time,0.12063264846801758,--none--
133,orig_simpl_obj,1772,--none--
133,orig_gsifts1p_time,1.3862955570220947,--none--
133,orig_gsifts1p_obj,2054,--none--
133,orig_bestAB_time,0.14773225784301758,--none--
133,orig_bestAB_obj,2726,--none--
133,orig_5random_time,0.4505918025970459,--none--
133,orig_5random_obj,2340,--none--
133,orig_simpl_rnd_time,1.837252140045166,--none--
133,orig_simpl_rnd_obj,1772,--none--
134,simpl_opt_status,0,optimal
134,simpl_BB_time,0.09907054901123047,--none--
134,simpl_BB_obj,1134,--none--
134,simpl_minAB_time,0.0001621246337890625,--none--
134,simpl_minAB_obj,12538,--none--
134,simpl_gswaps_time,0.02411031723022461,--none--
134,simpl_gswaps_obj,4922,--none--
134,simpl_5random_time,0.0011277198791503906,--none--
134,simpl_5random_obj,11326,--none--
134,simpl_gsifts_1p_time,0.07477402687072754,--none--
134,simpl_gsifts_1p_obj,6674,--none--
134,simpl_gsifts_2p_time,0.14777255058288574,--none--
134,simpl_gsifts_2p_obj,3730,--none--
134,simpl_gsifts_inf_time,0.8047177791595459,--none--
134,simpl_gsifts_inf_obj,1134,--none--
134,orig_simpl_time,0.11236906051635742,--none--
134,orig_simpl_obj,633,--none--
134,orig_gsifts1p_time,0.6571130752563477,--none--
134,orig_gsifts1p_obj,618,--none--
134,orig_bestAB_time,0.06619954109191895,--none--
134,orig_bestAB_obj,874,--none--
134,orig_5random_time,0.22913122177124023,--none--
134,orig_5random_obj,1864,--none--
134,orig_simpl_rnd_time,1.020019769668579,--none--
134,orig_simpl_rnd_obj,633,--none--
135,simpl_opt_status,0,optimal
135,simpl_BB_time,0.0675668716430664,--none--
135,simpl_BB_obj,2676,--none--
135,simpl_minAB_time,0.0001590251922607422,--none--
135,simpl_minAB_obj,25713,--none--
135,simpl_gswaps_time,0.02959275245666504,--none--
135,simpl_gswaps_obj,24753,--none--
135,simpl_5random_time,0.0012013912200927734,--none--
135,simpl_5random_obj,9038,--none--
135,simpl_gsifts_1p_time,0.07825827598571777,--none--
135,simpl_gsifts_1p_obj,13582,--none--
135,simpl_gsifts_2p_time,0.15411925315856934,--none--
135,simpl_gsifts_2p_obj,7816,--none--
135,simpl_gsifts_inf_time,0.8656716346740723,--none--
135,simpl_gsifts_inf_obj,2676,--none--
135,orig_simpl_time,0.09421873092651367,--none--
135,orig_simpl_obj,1312,--none--
135,orig_gsifts1p_time,0.7564554214477539,--none--
135,orig_gsifts1p_obj,1069,--none--
135,orig_bestAB_time,0.10265111923217773,--none--
135,orig_bestAB_obj,1292,--none--
135,orig_5random_time,0.35018205642700195,--none--
135,orig_5random_obj,3145,--none--
135,orig_simpl_rnd_time,1.2006704807281494,--none--
135,orig_simpl_rnd_obj,1312,--none--
136,simpl_opt_status,0,optimal
136,simpl_BB_time,0.11215901374816895,--none--
136,simpl_BB_obj,844,--none--
136,simpl_minAB_time,0.00016045570373535156,--none--
136,simpl_minAB_obj,3638,--none--
136,simpl_gswaps_time,0.03358006477355957,--none--
136,simpl_gswaps_obj,2282,--none--
136,simpl_5random_time,0.0010535717010498047,--none--
136,simpl_5random_obj,11282,--none--
136,simpl_gsifts_1p_time,0.09157729148864746,--none--
136,simpl_gsifts_1p_obj,2093,--none--
136,simpl_gsifts_2p_time,0.2446737289428711,--none--
136,simpl_gsifts_2p_obj,1365,--none--
136,simpl_gsifts_inf_time,0.6649537086486816,--none--
136,simpl_gsifts_inf_obj,844,--none--
136,orig_simpl_time,0.1248311996459961,--none--
136,orig_simpl_obj,367,--none--
136,orig_gsifts1p_time,0.3360276222229004,--none--
136,orig_gsifts1p_obj,228,--none--
136,orig_bestAB_time,0.030048370361328125,--none--
136,orig_bestAB_obj,229,--none--
136,orig_5random_time,0.15668535232543945,--none--
136,orig_5random_obj,1031,--none--
136,orig_simpl_rnd_time,0.5216302871704102,--none--
136,orig_simpl_rnd_obj,367,--none--
137,simpl_opt_status,0,optimal
137,simpl_BB_time,0.0756993293762207,--none--
137,simpl_BB_obj,1600,--none--
137,simpl_minAB_time,0.0001628398895263672,--none--
137,simpl_minAB_obj,7663,--none--
137,simpl_gswaps_time,0.10198450088500977,--none--
137,simpl_gswaps_obj,1853,--none--
137,simpl_5random_time,0.0011525154113769531,--none--
137,simpl_5random_obj,11646,--none--
137,simpl_gsifts_1p_time,0.12752103805541992,--none--
137,simpl_gsifts_1p_obj,3534,--none--
137,simpl_gsifts_2p_time,0.15930962562561035,--none--
137,simpl_gsifts_2p_obj,2574,--none--
137,simpl_gsifts_inf_time,0.6300530433654785,--none--
137,simpl_gsifts_inf_obj,1600,--none--
137,orig_simpl_time,0.0981595516204834,--none--
137,orig_simpl_obj,1112,--none--
137,orig_gsifts1p_time,0.48255419731140137,--none--
137,orig_gsifts1p_obj,506,--none--
137,orig_bestAB_time,0.0653839111328125,--none--
137,orig_bestAB_obj,694,--none--
137,orig_5random_time,0.312396764755249,--none--
137,orig_5random_obj,1843,--none--
137,orig_simpl_rnd_time,1.0865769386291504,--none--
137,orig_simpl_rnd_obj,1112,--none--
138,simpl_opt_status,0,optimal
138,simpl_BB_time,0.09493422508239746,--none--
138,simpl_BB_obj,1771,--none--
138,simpl_minAB_time,0.0001862049102783203,--none--
138,simpl_minAB_obj,8617,--none--
138,simpl_gswaps_time,0.05526614189147949,--none--
138,simpl_gswaps_obj,3352,--none--
138,simpl_5random_time,0.0011823177337646484,--none--
138,simpl_5random_obj,13706,--none--
138,simpl_gsifts_1p_time,0.07947969436645508,--none--
138,simpl_gsifts_1p_obj,4737,--none--
138,simpl_gsifts_2p_time,0.1536259651184082,--none--
138,simpl_gsifts_2p_obj,2903,--none--
138,simpl_gsifts_inf_time,0.6853070259094238,--none--
138,simpl_gsifts_inf_obj,1795,--none--
138,orig_simpl_time,0.11678719520568848,--none--
138,orig_simpl_obj,1319,--none--
138,orig_gsifts1p_time,0.9380435943603516,--none--
138,orig_gsifts1p_obj,1213,--none--
138,orig_bestAB_time,0.08753585815429688,--none--
138,orig_bestAB_obj,1741,--none--
138,orig_5random_time,0.24963808059692383,--none--
138,orig_5random_obj,1801,--none--
138,orig_simpl_rnd_time,1.5307044982910156,--none--
138,orig_simpl_rnd_obj,1319,--none--
139,simpl_opt_status,0,optimal
139,simpl_BB_time,0.05727219581604004,--none--
139,simpl_BB_obj,2512,--none--
139,simpl_minAB_time,0.00016188621520996094,--none--
139,simpl_minAB_obj,3696,--none--
139,simpl_gswaps_time,0.07561755180358887,--none--
139,simpl_gswaps_obj,2572,--none--
139,simpl_5random_time,0.0011882781982421875,--none--
139,simpl_5random_obj,12030,--none--
139,simpl_gsifts_1p_time,0.07897615432739258,--none--
139,simpl_gsifts_1p_obj,3060,--none--
139,simpl_gsifts_2p_time,0.16236448287963867,--none--
139,simpl_gsifts_2p_obj,2772,--none--
139,simpl_gsifts_inf_time,0.6221818923950195,--none--
139,simpl_gsifts_inf_obj,2512,--none--
139,orig_simpl_time,0.08298301696777344,--none--
139,orig_simpl_obj,1141,--none--
139,orig_gsifts1p_time,0.5973160266876221,--none--
139,orig_gsifts1p_obj,906,--none--
139,orig_bestAB_time,0.07848143577575684,--none--
139,orig_bestAB_obj,1288,--none--
139,orig_5random_time,0.2935013771057129,--none--
139,orig_5random_obj,1636,--none--
139,orig_simpl_rnd_time,1.1332507133483887,--none--
139,orig_simpl_rnd_obj,1141,--none--
13,simpl_opt_status,0,optimal
13,simpl_BB_time,0.16853761672973633,--none--
13,simpl_BB_obj,2431,--none--
13,simpl_minAB_time,0.00015592575073242188,--none--
13,simpl_minAB_obj,7884,--none--
13,simpl_gswaps_time,0.10463404655456543,--none--
13,simpl_gswaps_obj,2774,--none--
13,simpl_5random_time,0.001294851303100586,--none--
13,simpl_5random_obj,6838,--none--
13,simpl_gsifts_1p_time,0.07666897773742676,--none--
13,simpl_gsifts_1p_obj,3685,--none--
13,simpl_gsifts_2p_time,0.1560194492340088,--none--
13,simpl_gsifts_2p_obj,3117,--none--
13,simpl_gsifts_inf_time,0.6607744693756104,--none--
13,simpl_gsifts_inf_obj,2431,--none--
13,orig_simpl_time,0.1965348720550537,--none--
13,orig_simpl_obj,1094,--none--
13,orig_gsifts1p_time,1.0160324573516846,--none--
13,orig_gsifts1p_obj,1428,--none--
13,orig_bestAB_time,0.07196807861328125,--none--
13,orig_bestAB_obj,1719,--none--
13,orig_5random_time,0.5516033172607422,--none--
13,orig_5random_obj,3178,--none--
13,orig_simpl_rnd_time,1.8060476779937744,--none--
13,orig_simpl_rnd_obj,1094,--none--
140,simpl_opt_status,0,optimal
140,simpl_BB_time,0.11654925346374512,--none--
140,simpl_BB_obj,1617,--none--
140,simpl_minAB_time,0.00016617774963378906,--none--
140,simpl_minAB_obj,9082,--none--
140,simpl_gswaps_time,0.12289309501647949,--none--
140,simpl_gswaps_obj,1657,--none--
140,simpl_5random_time,0.0012350082397460938,--none--
140,simpl_5random_obj,12567,--none--
140,simpl_gsifts_1p_time,0.08600068092346191,--none--
140,simpl_gsifts_1p_obj,4907,--none--
140,simpl_gsifts_2p_time,0.21692752838134766,--none--
140,simpl_gsifts_2p_obj,2920,--none--
140,simpl_gsifts_inf_time,0.6067755222320557,--none--
140,simpl_gsifts_inf_obj,1617,--none--
140,orig_simpl_time,0.13567590713500977,--none--
140,orig_simpl_obj,1052,--none--
140,orig_gsifts1p_time,0.6839697360992432,--none--
140,orig_gsifts1p_obj,1053,--none--
140,orig_bestAB_time,0.12462830543518066,--none--
140,orig_bestAB_obj,1591,--none--
140,orig_5random_time,0.24956917762756348,--none--
140,orig_5random_obj,2167,--none--
140,orig_simpl_rnd_time,1.0829095840454102,--none--
140,orig_simpl_rnd_obj,1052,--none--
141,simpl_opt_status,0,optimal
141,simpl_BB_time,0.08708381652832031,--none--
141,simpl_BB_obj,1371,--none--
141,simpl_minAB_time,0.00015115737915039062,--none--
141,simpl_minAB_obj,32875,--none--
141,simpl_gswaps_time,0.004672527313232422,--none--
141,simpl_gswaps_obj,32875,--none--
141,simpl_5random_time,0.001054525375366211,--none--
141,simpl_5random_obj,15902,--none--
141,simpl_gsifts_1p_time,0.10337257385253906,--none--
141,simpl_gsifts_1p_obj,3592,--none--
141,simpl_gsifts_2p_time,0.19214844703674316,--none--
141,simpl_gsifts_2p_obj,2718,--none--
141,simpl_gsifts_inf_time,0.753089427947998,--none--
141,simpl_gsifts_inf_obj,1371,--none--
141,orig_simpl_time,0.10327911376953125,--none--
141,orig_simpl_obj,830,--none--
141,orig_gsifts1p_time,0.6809616088867188,--none--
141,orig_gsifts1p_obj,960,--none--
141,orig_bestAB_time,0.08890247344970703,--none--
141,orig_bestAB_obj,1661,--none--
141,orig_5random_time,0.23011302947998047,--none--
141,orig_5random_obj,1841,--none--
141,orig_simpl_rnd_time,1.3561906814575195,--none--
141,orig_simpl_rnd_obj,830,--none--
142,simpl_opt_status,0,optimal
142,simpl_BB_time,0.04843711853027344,--none--
142,simpl_BB_obj,718,--none--
142,simpl_minAB_time,0.00015974044799804688,--none--
142,simpl_minAB_obj,1111,--none--
142,simpl_gswaps_time,0.07983541488647461,--none--
142,simpl_gswaps_obj,722,--none--
142,simpl_5random_time,0.001102447509765625,--none--
142,simpl_5random_obj,17398,--none--
142,simpl_gsifts_1p_time,0.07233953475952148,--none--
142,simpl_gsifts_1p_obj,914,--none--
142,simpl_gsifts_2p_time,0.16095972061157227,--none--
142,simpl_gsifts_2p_obj,728,--none--
142,simpl_gsifts_inf_time,0.38680315017700195,--none--
142,simpl_gsifts_inf_obj,718,--none--
142,orig_simpl_time,0.06508684158325195,--none--
142,orig_simpl_obj,496,--none--
142,orig_gsifts1p_time,0.5756502151489258,--none--
142,orig_gsifts1p_obj,380,--none--
142,orig_bestAB_time,0.02393817901611328,--none--
142,orig_bestAB_obj,382,--none--
142,orig_5random_time,0.37604522705078125,--none--
142,orig_5random_obj,2632,--none--
142,orig_simpl_rnd_time,1.2056570053100586,--none--
142,orig_simpl_rnd_obj,496,--none--
143,simpl_opt_status,0,optimal
143,simpl_BB_time,0.07958531379699707,--none--
143,simpl_BB_obj,1940,--none--
143,simpl_minAB_time,0.0001571178436279297,--none--
143,simpl_minAB_obj,15942,--none--
143,simpl_gswaps_time,0.004846811294555664,--none--
143,simpl_gswaps_obj,15942,--none--
143,simpl_5random_time,0.0010993480682373047,--none--
143,simpl_5random_obj,9806,--none--
143,simpl_gsifts_1p_time,0.09325003623962402,--none--
143,simpl_gsifts_1p_obj,8612,--none--
143,simpl_gsifts_2p_time,0.1452960968017578,--none--
143,simpl_gsifts_2p_obj,4973,--none--
143,simpl_gsifts_inf_time,1.0681631565093994,--none--
143,simpl_gsifts_inf_obj,1940,--none--
143,orig_simpl_time,0.09859752655029297,--none--
143,orig_simpl_obj,981,--none--
143,orig_gsifts1p_time,0.5883140563964844,--none--
143,orig_gsifts1p_obj,434,--none--
143,orig_bestAB_time,0.08459925651550293,--none--
143,orig_bestAB_obj,641,--none--
143,orig_5random_time,0.40744853019714355,--none--
143,orig_5random_obj,1790,--none--
143,orig_simpl_rnd_time,0.826514482498169,--none--
143,orig_simpl_rnd_obj,981,--none--
144,simpl_opt_status,0,optimal
144,simpl_BB_time,0.10086393356323242,--none--
144,simpl_BB_obj,988,--none--
144,simpl_minAB_time,0.00017070770263671875,--none--
144,simpl_minAB_obj,2940,--none--
144,simpl_gswaps_time,0.11319732666015625,--none--
144,simpl_gswaps_obj,1074,--none--
144,simpl_5random_time,0.0011067390441894531,--none--
144,simpl_5random_obj,8926,--none--
144,simpl_gsifts_1p_time,0.07572102546691895,--none--
144,simpl_gsifts_1p_obj,1775,--none--
144,simpl_gsifts_2p_time,0.15289855003356934,--none--
144,simpl_gsifts_2p_obj,1434,--none--
144,simpl_gsifts_inf_time,0.8475205898284912,--none--
144,simpl_gsifts_inf_obj,988,--none--
144,orig_simpl_time,0.11476850509643555,--none--
144,orig_simpl_obj,693,--none--
144,orig_gsifts1p_time,0.4087252616882324,--none--
144,orig_gsifts1p_obj,476,--none--
144,orig_bestAB_time,0.036759376525878906,--none--
144,orig_bestAB_obj,765,--none--
144,orig_5random_time,0.18836355209350586,--none--
144,orig_5random_obj,1048,--none--
144,orig_simpl_rnd_time,0.7355310916900635,--none--
144,orig_simpl_rnd_obj,693,--none--
145,simpl_opt_status,0,optimal
145,simpl_BB_time,0.048013925552368164,--none--
145,simpl_BB_obj,1230,--none--
145,simpl_minAB_time,0.00016164779663085938,--none--
145,simpl_minAB_obj,1443,--none--
145,simpl_gswaps_time,0.024071216583251953,--none--
145,simpl_gswaps_obj,1276,--none--
145,simpl_5random_time,0.001089334487915039,--none--
145,simpl_5random_obj,7408,--none--
145,simpl_gsifts_1p_time,0.07588982582092285,--none--
145,simpl_gsifts_1p_obj,1345,--none--
145,simpl_gsifts_2p_time,0.15025639533996582,--none--
145,simpl_gsifts_2p_obj,1249,--none--
145,simpl_gsifts_inf_time,0.28995394706726074,--none--
145,simpl_gsifts_inf_obj,1230,--none--
145,orig_simpl_time,0.06595492362976074,--none--
145,orig_simpl_obj,851,--none--
145,orig_gsifts1p_time,0.6614522933959961,--none--
145,orig_gsifts1p_obj,805,--none--
145,orig_bestAB_time,0.054323673248291016,--none--
145,orig_bestAB_obj,888,--none--
145,orig_5random_time,0.3959975242614746,--none--
145,orig_5random_obj,3042,--none--
145,orig_simpl_rnd_time,1.3239679336547852,--none--
145,orig_simpl_rnd_obj,851,--none--
146,simpl_opt_status,0,optimal
146,simpl_BB_time,0.11059713363647461,--none--
146,simpl_BB_obj,873,--none--
146,simpl_minAB_time,0.00015497207641601562,--none--
146,simpl_minAB_obj,1756,--none--
146,simpl_gswaps_time,0.06417036056518555,--none--
146,simpl_gswaps_obj,1340,--none--
146,simpl_5random_time,0.0010619163513183594,--none--
146,simpl_5random_obj,6582,--none--
146,simpl_gsifts_1p_time,0.0735633373260498,--none--
146,simpl_gsifts_1p_obj,1402,--none--
146,simpl_gsifts_2p_time,0.14924383163452148,--none--
146,simpl_gsifts_2p_obj,1070,--none--
146,simpl_gsifts_inf_time,0.5181229114532471,--none--
146,simpl_gsifts_inf_obj,873,--none--
146,orig_simpl_time,0.1228935718536377,--none--
146,orig_simpl_obj,493,--none--
146,orig_gsifts1p_time,0.7835829257965088,--none--
146,orig_gsifts1p_obj,398,--none--
146,orig_bestAB_time,0.06871724128723145,--none--
146,orig_bestAB_obj,408,--none--
146,orig_5random_time,0.3923919200897217,--none--
146,orig_5random_obj,1801,--none--
146,orig_simpl_rnd_time,1.0923566818237305,--none--
146,orig_simpl_rnd_obj,493,--none--
147,simpl_opt_status,0,optimal
147,simpl_BB_time,0.0874032974243164,--none--
147,simpl_BB_obj,839,--none--
147,simpl_minAB_time,0.0001678466796875,--none--
147,simpl_minAB_obj,4940,--none--
147,simpl_gswaps_time,0.12414836883544922,--none--
147,simpl_gswaps_obj,1148,--none--
147,simpl_5random_time,0.0012750625610351562,--none--
147,simpl_5random_obj,9009,--none--
147,simpl_gsifts_1p_time,0.07511496543884277,--none--
147,simpl_gsifts_1p_obj,2256,--none--
147,simpl_gsifts_2p_time,0.20825505256652832,--none--
147,simpl_gsifts_2p_obj,1784,--none--
147,simpl_gsifts_inf_time,0.9287784099578857,--none--
147,simpl_gsifts_inf_obj,839,--none--
147,orig_simpl_time,0.09711861610412598,--none--
147,orig_simpl_obj,431,--none--
147,orig_gsifts1p_time,0.2214059829711914,--none--
147,orig_gsifts1p_obj,246,--none--
147,orig_bestAB_time,0.02605891227722168,--none--
147,orig_bestAB_obj,273,--none--
147,orig_5random_time,0.12848186492919922,--none--
147,orig_5random_obj,676,--none--
147,orig_simpl_rnd_time,0.6193578243255615,--none--
147,orig_simpl_rnd_obj,431,--none--
148,simpl_opt_status,0,optimal
148,simpl_BB_time,0.0780494213104248,--none--
148,simpl_BB_obj,1349,--none--
148,simpl_minAB_time,0.0001583099365234375,--none--
148,simpl_minAB_obj,5907,--none--
148,simpl_gswaps_time,0.09017419815063477,--none--
148,simpl_gswaps_obj,1390,--none--
148,simpl_5random_time,0.0011410713195800781,--none--
148,simpl_5random_obj,7230,--none--
148,simpl_gsifts_1p_time,0.07237815856933594,--none--
148,simpl_gsifts_1p_obj,3474,--none--
148,simpl_gsifts_2p_time,0.15303301811218262,--none--
148,simpl_gsifts_2p_obj,2010,--none--
148,simpl_gsifts_inf_time,0.5638601779937744,--none--
148,simpl_gsifts_inf_obj,1349,--none--
148,orig_simpl_time,0.09519648551940918,--none--
148,orig_simpl_obj,886,--none--
148,orig_gsifts1p_time,0.6849822998046875,--none--
148,orig_gsifts1p_obj,864,--none--
148,orig_bestAB_time,0.07080674171447754,--none--
148,orig_bestAB_obj,1038,--none--
148,orig_5random_time,0.2960352897644043,--none--
148,orig_5random_obj,1311,--none--
148,orig_simpl_rnd_time,1.0087437629699707,--none--
148,orig_simpl_rnd_obj,886,--none--
149,simpl_opt_status,0,optimal
149,simpl_BB_time,0.07207870483398438,--none--
149,simpl_BB_obj,761,--none--
149,simpl_minAB_time,0.0001583099365234375,--none--
149,simpl_minAB_obj,3277,--none--
149,simpl_gswaps_time,0.0875234603881836,--none--
149,simpl_gswaps_obj,766,--none--
149,simpl_5random_time,0.0011138916015625,--none--
149,simpl_5random_obj,5766,--none--
149,simpl_gsifts_1p_time,0.07691407203674316,--none--
149,simpl_gsifts_1p_obj,1866,--none--
149,simpl_gsifts_2p_time,0.15750837326049805,--none--
149,simpl_gsifts_2p_obj,1195,--none--
149,simpl_gsifts_inf_time,0.7219231128692627,--none--
149,simpl_gsifts_inf_obj,761,--none--
149,orig_simpl_time,0.08292126655578613,--none--
149,orig_simpl_obj,554,--none--
149,orig_gsifts1p_time,0.3256669044494629,--none--
149,orig_gsifts1p_obj,418,--none--
149,orig_bestAB_time,0.033913373947143555,--none--
149,orig_bestAB_obj,437,--none--
149,orig_5random_time,0.18856501579284668,--none--
149,orig_5random_obj,967,--none--
149,orig_simpl_rnd_time,0.8286519050598145,--none--
149,orig_simpl_rnd_obj,554,--none--
14,simpl_opt_status,0,optimal
14,simpl_BB_time,0.07688641548156738,--none--
14,simpl_BB_obj,2959,--none--
14,simpl_minAB_time,0.0001735687255859375,--none--
14,simpl_minAB_obj,13857,--none--
14,simpl_gswaps_time,0.061901092529296875,--none--
14,simpl_gswaps_obj,9858,--none--
14,simpl_5random_time,0.0011568069458007812,--none--
14,simpl_5random_obj,12638,--none--
14,simpl_gsifts_1p_time,0.07866239547729492,--none--
14,simpl_gsifts_1p_obj,8324,--none--
14,simpl_gsifts_2p_time,0.1846630573272705,--none--
14,simpl_gsifts_2p_obj,5352,--none--
14,simpl_gsifts_inf_time,0.7313380241394043,--none--
14,simpl_gsifts_inf_obj,2959,--none--
14,orig_simpl_time,0.10480642318725586,--none--
14,orig_simpl_obj,1345,--none--
14,orig_gsifts1p_time,0.8330938816070557,--none--
14,orig_gsifts1p_obj,1524,--none--
14,orig_bestAB_time,0.16568446159362793,--none--
14,orig_bestAB_obj,1567,--none--
14,orig_5random_time,0.41721510887145996,--none--
14,orig_5random_obj,3075,--none--
14,orig_simpl_rnd_time,1.3437726497650146,--none--
14,orig_simpl_rnd_obj,1345,--none--
150,simpl_opt_status,0,optimal
150,simpl_BB_time,0.13237953186035156,--none--
150,simpl_BB_obj,549,--none--
150,simpl_minAB_time,0.00016355514526367188,--none--
150,simpl_minAB_obj,1598,--none--
150,simpl_gswaps_time,0.06357431411743164,--none--
150,simpl_gswaps_obj,1220,--none--
150,simpl_5random_time,0.0012004375457763672,--none--
150,simpl_5random_obj,7074,--none--
150,simpl_gsifts_1p_time,0.07825303077697754,--none--
150,simpl_gsifts_1p_obj,1086,--none--
150,simpl_gsifts_2p_time,0.1574862003326416,--none--
150,simpl_gsifts_2p_obj,878,--none--
150,simpl_gsifts_inf_time,0.6261236667633057,--none--
150,simpl_gsifts_inf_obj,549,--none--
150,orig_simpl_time,0.13979816436767578,--none--
150,orig_simpl_obj,281,--none--
150,orig_gsifts1p_time,0.1669902801513672,--none--
150,orig_gsifts1p_obj,211,--none--
150,orig_bestAB_time,0.028627395629882812,--none--
150,orig_bestAB_obj,215,--none--
150,orig_5random_time,0.16216135025024414,--none--
150,orig_5random_obj,817,--none--
150,orig_simpl_rnd_time,0.7232115268707275,--none--
150,orig_simpl_rnd_obj,281,--none--
151,simpl_opt_status,0,optimal
151,simpl_BB_time,0.06541991233825684,--none--
151,simpl_BB_obj,3119,--none--
151,simpl_minAB_time,0.00016498565673828125,--none--
151,simpl_minAB_obj,16633,--none--
151,simpl_gswaps_time,0.031829833984375,--none--
151,simpl_gswaps_obj,16588,--none--
151,simpl_5random_time,0.001172780990600586,--none--
151,simpl_5random_obj,10210,--none--
151,simpl_gsifts_1p_time,0.07620072364807129,--none--
151,simpl_gsifts_1p_obj,8130,--none--
151,simpl_gsifts_2p_time,0.14236235618591309,--none--
151,simpl_gsifts_2p_obj,4828,--none--
151,simpl_gsifts_inf_time,0.5608837604522705,--none--
151,simpl_gsifts_inf_obj,3119,--none--
151,orig_simpl_time,0.09562349319458008,--none--
151,orig_simpl_obj,1498,--none--
151,orig_gsifts1p_time,0.8622074127197266,--none--
151,orig_gsifts1p_obj,1497,--none--
151,orig_bestAB_time,0.10251688957214355,--none--
151,orig_bestAB_obj,1683,--none--
151,orig_5random_time,0.3054335117340088,--none--
151,orig_5random_obj,1983,--none--
151,orig_simpl_rnd_time,1.3646812438964844,--none--
151,orig_simpl_rnd_obj,1498,--none--
