instance,num_type,value,comment
483,simpl_opt_status,0,optimal
483,simpl_BB_time,0.4154224395751953,--none--
483,simpl_BB_obj,915,--none--
483,simpl_toA_time,8.273124694824219e-05,--none--
483,simpl_toA_obj,8284,--none--
483,simpl_toB_time,8.368492126464844e-05,--none--
483,simpl_toB_obj,9892,--none--
483,simpl_minAB_time,0.0001475811004638672,--none--
483,simpl_minAB_obj,8284,--none--
483,simpl_gswaps_time,0.060585737228393555,--none--
483,simpl_gswaps_obj,8268,--none--
483,simpl_gsifts_1p_time,0.14243006706237793,--none--
483,simpl_gsifts_1p_obj,4264,--none--
483,simpl_gsifts_2p_time,0.2792081832885742,--none--
483,simpl_gsifts_2p_obj,2392,--none--
483,orig_simpl_time,0.43109655380249023,--none--
483,orig_simpl_obj,176,--none--
483,orig_gsifts1p_time,0.23714947700500488,--none--
483,orig_gsifts1p_obj,504,--none--
483,orig_bestAB_time,0.04624629020690918,--none--
483,orig_bestAB_obj,817,--none--
483,orig_5random_time,0.3221249580383301,--none--
483,orig_5random_obj,977,--none--
484,simpl_opt_status,0,optimal
484,simpl_BB_time,0.20137691497802734,--none--
484,simpl_BB_obj,2483,--none--
484,simpl_toA_time,8.797645568847656e-05,--none--
484,simpl_toA_obj,10014,--none--
484,simpl_toB_time,7.772445678710938e-05,--none--
484,simpl_toB_obj,32829,--none--
484,simpl_minAB_time,0.0001499652862548828,--none--
484,simpl_minAB_obj,10014,--none--
484,simpl_gswaps_time,0.18650007247924805,--none--
484,simpl_gswaps_obj,2575,--none--
484,simpl_gsifts_1p_time,0.07610106468200684,--none--
484,simpl_gsifts_1p_obj,4736,--none--
484,simpl_gsifts_2p_time,0.1475522518157959,--none--
484,simpl_gsifts_2p_obj,3612,--none--
484,orig_simpl_time,0.2299060821533203,--none--
484,orig_simpl_obj,349,--none--
484,orig_gsifts1p_time,0.18880295753479004,--none--
484,orig_gsifts1p_obj,518,--none--
484,orig_bestAB_time,0.12215065956115723,--none--
484,orig_bestAB_obj,531,--none--
484,orig_5random_time,0.3623843193054199,--none--
484,orig_5random_obj,2995,--none--
485,simpl_opt_status,0,optimal
485,simpl_BB_time,0.9308440685272217,--none--
485,simpl_BB_obj,1190,--none--
485,simpl_toA_time,7.82012939453125e-05,--none--
485,simpl_toA_obj,25614,--none--
485,simpl_toB_time,0.0002880096435546875,--none--
485,simpl_toB_obj,16606,--none--
485,simpl_minAB_time,0.00015664100646972656,--none--
485,simpl_minAB_obj,16606,--none--
485,simpl_gswaps_time,0.020409822463989258,--none--
485,simpl_gswaps_obj,16601,--none--
485,simpl_gsifts_1p_time,0.08115911483764648,--none--
485,simpl_gsifts_1p_obj,2491,--none--
485,simpl_gsifts_2p_time,0.20780301094055176,--none--
485,simpl_gsifts_2p_obj,1219,--none--
485,orig_simpl_time,0.9546236991882324,--none--
485,orig_simpl_obj,229,--none--
485,orig_gsifts1p_time,0.5230700969696045,--none--
485,orig_gsifts1p_obj,1466,--none--
485,orig_bestAB_time,0.08154630661010742,--none--
485,orig_bestAB_obj,229,--none--
485,orig_5random_time,0.35916996002197266,--none--
485,orig_5random_obj,2307,--none--
486,simpl_opt_status,0,optimal
486,simpl_BB_time,0.6935067176818848,--none--
486,simpl_BB_obj,953,--none--
486,simpl_toA_time,9.298324584960938e-05,--none--
486,simpl_toA_obj,9795,--none--
486,simpl_toB_time,8.678436279296875e-05,--none--
486,simpl_toB_obj,5757,--none--
486,simpl_minAB_time,0.00016236305236816406,--none--
486,simpl_minAB_obj,5757,--none--
486,simpl_gswaps_time,0.06010317802429199,--none--
486,simpl_gswaps_obj,2104,--none--
486,simpl_gsifts_1p_time,0.08410120010375977,--none--
486,simpl_gsifts_1p_obj,3300,--none--
486,simpl_gsifts_2p_time,0.18714618682861328,--none--
486,simpl_gsifts_2p_obj,2356,--none--
486,orig_simpl_time,0.7100119590759277,--none--
486,orig_simpl_obj,194,--none--
486,orig_gsifts1p_time,0.14316296577453613,--none--
486,orig_gsifts1p_obj,365,--none--
486,orig_bestAB_time,0.09789276123046875,--none--
486,orig_bestAB_obj,742,--none--
486,orig_5random_time,0.2527496814727783,--none--
486,orig_5random_obj,953,--none--
487,simpl_opt_status,0,optimal
487,simpl_BB_time,0.24016618728637695,--none--
487,simpl_BB_obj,2340,--none--
487,simpl_toA_time,8.58306884765625e-05,--none--
487,simpl_toA_obj,16555,--none--
487,simpl_toB_time,9.489059448242188e-05,--none--
487,simpl_toB_obj,16632,--none--
487,simpl_minAB_time,0.00017309188842773438,--none--
487,simpl_minAB_obj,16555,--none--
487,simpl_gswaps_time,0.016378164291381836,--none--
487,simpl_gswaps_obj,16553,--none--
487,simpl_gsifts_1p_time,0.1122596263885498,--none--
487,simpl_gsifts_1p_obj,5396,--none--
487,simpl_gsifts_2p_time,0.2069694995880127,--none--
487,simpl_gsifts_2p_obj,3694,--none--
487,orig_simpl_time,0.2768411636352539,--none--
487,orig_simpl_obj,305,--none--
487,orig_gsifts1p_time,0.35083580017089844,--none--
487,orig_gsifts1p_obj,1251,--none--
487,orig_bestAB_time,0.13939619064331055,--none--
487,orig_bestAB_obj,1483,--none--
487,orig_5random_time,0.37563037872314453,--none--
487,orig_5random_obj,3100,--none--
488,simpl_opt_status,0,optimal
488,simpl_BB_time,0.8643462657928467,--none--
488,simpl_BB_obj,484,--none--
488,simpl_toA_time,9.179115295410156e-05,--none--
488,simpl_toA_obj,2434,--none--
488,simpl_toB_time,7.963180541992188e-05,--none--
488,simpl_toB_obj,12752,--none--
488,simpl_minAB_time,0.000152587890625,--none--
488,simpl_minAB_obj,2434,--none--
488,simpl_gswaps_time,0.08547830581665039,--none--
488,simpl_gswaps_obj,484,--none--
488,simpl_gsifts_1p_time,0.07984471321105957,--none--
488,simpl_gsifts_1p_obj,694,--none--
488,simpl_gsifts_2p_time,0.15703821182250977,--none--
488,simpl_gsifts_2p_obj,524,--none--
488,orig_simpl_time,0.8741929531097412,--none--
488,orig_simpl_obj,140,--none--
488,orig_gsifts1p_time,0.06586027145385742,--none--
488,orig_gsifts1p_obj,231,--none--
488,orig_bestAB_time,0.020982980728149414,--none--
488,orig_bestAB_obj,258,--none--
488,orig_5random_time,0.14601683616638184,--none--
488,orig_5random_obj,619,--none--
489,simpl_opt_status,0,optimal
489,simpl_BB_time,0.30514001846313477,--none--
489,simpl_BB_obj,1321,--none--
489,simpl_toA_time,9.393692016601562e-05,--none--
489,simpl_toA_obj,4927,--none--
489,simpl_toB_time,8.940696716308594e-05,--none--
489,simpl_toB_obj,6400,--none--
489,simpl_minAB_time,0.0001652240753173828,--none--
489,simpl_minAB_obj,4927,--none--
489,simpl_gswaps_time,0.0659797191619873,--none--
489,simpl_gswaps_obj,1368,--none--
489,simpl_gsifts_1p_time,0.11014342308044434,--none--
489,simpl_gsifts_1p_obj,1742,--none--
489,simpl_gsifts_2p_time,0.21474075317382812,--none--
489,simpl_gsifts_2p_obj,1578,--none--
489,orig_simpl_time,0.3354828357696533,--none--
489,orig_simpl_obj,365,--none--
489,orig_gsifts1p_time,0.3414444923400879,--none--
489,orig_gsifts1p_obj,1086,--none--
489,orig_bestAB_time,0.049971580505371094,--none--
489,orig_bestAB_obj,1864,--none--
489,orig_5random_time,0.42157649993896484,--none--
489,orig_5random_obj,3335,--none--
48,simpl_opt_status,0,optimal
48,simpl_BB_time,0.08975911140441895,--none--
48,simpl_BB_obj,1195,--none--
48,simpl_toA_time,8.916854858398438e-05,--none--
48,simpl_toA_obj,5095,--none--
48,simpl_toB_time,8.7738037109375e-05,--none--
48,simpl_toB_obj,6560,--none--
48,simpl_minAB_time,0.00016236305236816406,--none--
48,simpl_minAB_obj,5095,--none--
48,simpl_gswaps_time,0.044438838958740234,--none--
48,simpl_gswaps_obj,1195,--none--
48,simpl_gsifts_1p_time,0.08020162582397461,--none--
48,simpl_gsifts_1p_obj,2183,--none--
48,simpl_gsifts_2p_time,0.1534266471862793,--none--
48,simpl_gsifts_2p_obj,1510,--none--
48,orig_simpl_time,0.11830973625183105,--none--
48,orig_simpl_obj,399,--none--
48,orig_gsifts1p_time,0.5122733116149902,--none--
48,orig_gsifts1p_obj,1395,--none--
48,orig_bestAB_time,0.058240413665771484,--none--
48,orig_bestAB_obj,1922,--none--
48,orig_5random_time,0.4439542293548584,--none--
48,orig_5random_obj,3206,--none--
490,simpl_opt_status,0,optimal
490,simpl_BB_time,1.015554428100586,--none--
490,simpl_BB_obj,1678,--none--
490,simpl_toA_time,8.296966552734375e-05,--none--
490,simpl_toA_obj,17730,--none--
490,simpl_toB_time,8.058547973632812e-05,--none--
490,simpl_toB_obj,4284,--none--
490,simpl_minAB_time,0.0001735687255859375,--none--
490,simpl_minAB_obj,4284,--none--
490,simpl_gswaps_time,0.02496957778930664,--none--
490,simpl_gswaps_obj,4273,--none--
490,simpl_gsifts_1p_time,0.08457207679748535,--none--
490,simpl_gsifts_1p_obj,1749,--none--
490,simpl_gsifts_2p_time,0.18378543853759766,--none--
490,simpl_gsifts_2p_obj,1707,--none--
490,orig_simpl_time,1.0379126071929932,--none--
490,orig_simpl_obj,222,--none--
490,orig_gsifts1p_time,0.40180158615112305,--none--
490,orig_gsifts1p_obj,1045,--none--
490,orig_bestAB_time,0.06554579734802246,--none--
490,orig_bestAB_obj,467,--none--
490,orig_5random_time,0.25078463554382324,--none--
490,orig_5random_obj,1374,--none--
491,simpl_opt_status,0,optimal
491,simpl_BB_time,0.43738532066345215,--none--
491,simpl_BB_obj,2584,--none--
491,simpl_toA_time,8.606910705566406e-05,--none--
491,simpl_toA_obj,20621,--none--
491,simpl_toB_time,7.271766662597656e-05,--none--
491,simpl_toB_obj,32984,--none--
491,simpl_minAB_time,0.00014448165893554688,--none--
491,simpl_minAB_obj,20621,--none--
491,simpl_gswaps_time,0.04898524284362793,--none--
491,simpl_gswaps_obj,9289,--none--
491,simpl_gsifts_1p_time,0.07759308815002441,--none--
491,simpl_gsifts_1p_obj,11008,--none--
491,simpl_gsifts_2p_time,0.17863106727600098,--none--
491,simpl_gsifts_2p_obj,6305,--none--
491,orig_simpl_time,0.4757091999053955,--none--
491,orig_simpl_obj,359,--none--
491,orig_gsifts1p_time,0.65708327293396,--none--
491,orig_gsifts1p_obj,1713,--none--
491,orig_bestAB_time,0.1720743179321289,--none--
491,orig_bestAB_obj,1441,--none--
491,orig_5random_time,0.4368014335632324,--none--
491,orig_5random_obj,2109,--none--
492,simpl_opt_status,0,optimal
492,simpl_BB_time,0.5809891223907471,--none--
492,simpl_BB_obj,1214,--none--
492,simpl_toA_time,0.00010418891906738281,--none--
492,simpl_toA_obj,1922,--none--
492,simpl_toB_time,8.273124694824219e-05,--none--
492,simpl_toB_obj,16678,--none--
492,simpl_minAB_time,0.0001747608184814453,--none--
492,simpl_minAB_obj,1922,--none--
492,simpl_gswaps_time,0.06018328666687012,--none--
492,simpl_gswaps_obj,1214,--none--
492,simpl_gsifts_1p_time,0.08675312995910645,--none--
492,simpl_gsifts_1p_obj,1441,--none--
492,simpl_gsifts_2p_time,0.19849491119384766,--none--
492,simpl_gsifts_2p_obj,1289,--none--
492,orig_simpl_time,0.6128103733062744,--none--
492,orig_simpl_obj,420,--none--
492,orig_gsifts1p_time,0.3367741107940674,--none--
492,orig_gsifts1p_obj,827,--none--
492,orig_bestAB_time,0.04167509078979492,--none--
492,orig_bestAB_obj,1020,--none--
492,orig_5random_time,0.5656208992004395,--none--
492,orig_5random_obj,3870,--none--
493,simpl_opt_status,0,optimal
493,simpl_BB_time,0.42765116691589355,--none--
493,simpl_BB_obj,422,--none--
493,simpl_toA_time,9.584426879882812e-05,--none--
493,simpl_toA_obj,2475,--none--
493,simpl_toB_time,8.7738037109375e-05,--none--
493,simpl_toB_obj,2397,--none--
493,simpl_minAB_time,0.00016641616821289062,--none--
493,simpl_minAB_obj,2397,--none--
493,simpl_gswaps_time,0.0905313491821289,--none--
493,simpl_gswaps_obj,472,--none--
493,simpl_gsifts_1p_time,0.0778951644897461,--none--
493,simpl_gsifts_1p_obj,617,--none--
493,simpl_gsifts_2p_time,0.15755867958068848,--none--
493,simpl_gsifts_2p_obj,524,--none--
493,orig_simpl_time,0.43804502487182617,--none--
493,orig_simpl_obj,134,--none--
493,orig_gsifts1p_time,0.08498430252075195,--none--
493,orig_gsifts1p_obj,239,--none--
493,orig_bestAB_time,0.014781951904296875,--none--
493,orig_bestAB_obj,277,--none--
493,orig_5random_time,0.09795188903808594,--none--
493,orig_5random_obj,537,--none--
494,simpl_opt_status,0,optimal
494,simpl_BB_time,0.6006729602813721,--none--
494,simpl_BB_obj,875,--none--
494,simpl_toA_time,9.560585021972656e-05,--none--
494,simpl_toA_obj,5013,--none--
494,simpl_toB_time,6.985664367675781e-05,--none--
494,simpl_toB_obj,32824,--none--
494,simpl_minAB_time,0.00014090538024902344,--none--
494,simpl_minAB_obj,5013,--none--
494,simpl_gswaps_time,0.1806020736694336,--none--
494,simpl_gswaps_obj,921,--none--
494,simpl_gsifts_1p_time,0.07665276527404785,--none--
494,simpl_gsifts_1p_obj,2350,--none--
494,simpl_gsifts_2p_time,0.29502344131469727,--none--
494,simpl_gsifts_2p_obj,1764,--none--
494,orig_simpl_time,0.6349728107452393,--none--
494,orig_simpl_obj,127,--none--
494,orig_gsifts1p_time,0.2133045196533203,--none--
494,orig_gsifts1p_obj,445,--none--
494,orig_bestAB_time,0.05098557472229004,--none--
494,orig_bestAB_obj,620,--none--
494,orig_5random_time,0.2652277946472168,--none--
494,orig_5random_obj,1070,--none--
495,simpl_opt_status,0,optimal
495,simpl_BB_time,1.237168550491333,--none--
495,simpl_BB_obj,551,--none--
495,simpl_toA_time,9.012222290039062e-05,--none--
495,simpl_toA_obj,2329,--none--
495,simpl_toB_time,8.368492126464844e-05,--none--
495,simpl_toB_obj,20553,--none--
495,simpl_minAB_time,0.00016236305236816406,--none--
495,simpl_minAB_obj,2329,--none--
495,simpl_gswaps_time,0.010198116302490234,--none--
495,simpl_gswaps_obj,1868,--none--
495,simpl_gsifts_1p_time,0.0856175422668457,--none--
495,simpl_gsifts_1p_obj,1367,--none--
495,simpl_gsifts_2p_time,0.17412924766540527,--none--
495,simpl_gsifts_2p_obj,906,--none--
495,orig_simpl_time,1.2489588260650635,--none--
495,orig_simpl_obj,132,--none--
495,orig_gsifts1p_time,0.11117339134216309,--none--
495,orig_gsifts1p_obj,370,--none--
495,orig_bestAB_time,0.018847227096557617,--none--
495,orig_bestAB_obj,480,--none--
495,orig_5random_time,0.14908981323242188,--none--
495,orig_5random_obj,741,--none--
496,simpl_opt_status,0,optimal
496,simpl_BB_time,0.5870704650878906,--none--
496,simpl_BB_obj,977,--none--
496,simpl_toA_time,8.96453857421875e-05,--none--
496,simpl_toA_obj,3802,--none--
496,simpl_toB_time,8.726119995117188e-05,--none--
496,simpl_toB_obj,16776,--none--
496,simpl_minAB_time,0.0001614093780517578,--none--
496,simpl_minAB_obj,3802,--none--
496,simpl_gswaps_time,0.032106876373291016,--none--
496,simpl_gswaps_obj,3772,--none--
496,simpl_gsifts_1p_time,0.08119940757751465,--none--
496,simpl_gsifts_1p_obj,1437,--none--
496,simpl_gsifts_2p_time,0.2086474895477295,--none--
496,simpl_gsifts_2p_obj,1217,--none--
496,orig_simpl_time,0.6054544448852539,--none--
496,orig_simpl_obj,264,--none--
496,orig_gsifts1p_time,0.22743844985961914,--none--
496,orig_gsifts1p_obj,472,--none--
496,orig_bestAB_time,0.03177809715270996,--none--
496,orig_bestAB_obj,772,--none--
496,orig_5random_time,0.3073883056640625,--none--
496,orig_5random_obj,2166,--none--
497,simpl_opt_status,0,optimal
497,simpl_BB_time,0.4187805652618408,--none--
497,simpl_BB_obj,1103,--none--
497,simpl_toA_time,9.703636169433594e-05,--none--
497,simpl_toA_obj,6925,--none--
497,simpl_toB_time,8.845329284667969e-05,--none--
497,simpl_toB_obj,9201,--none--
497,simpl_minAB_time,0.00016617774963378906,--none--
497,simpl_minAB_obj,6925,--none--
497,simpl_gswaps_time,0.05742073059082031,--none--
497,simpl_gswaps_obj,3011,--none--
497,simpl_gsifts_1p_time,0.09680318832397461,--none--
497,simpl_gsifts_1p_obj,3949,--none--
497,simpl_gsifts_2p_time,0.16361474990844727,--none--
497,simpl_gsifts_2p_obj,2588,--none--
497,orig_simpl_time,0.4404144287109375,--none--
497,orig_simpl_obj,224,--none--
497,orig_gsifts1p_time,0.25148630142211914,--none--
497,orig_gsifts1p_obj,652,--none--
497,orig_bestAB_time,0.05435585975646973,--none--
497,orig_bestAB_obj,563,--none--
497,orig_5random_time,0.3544304370880127,--none--
497,orig_5random_obj,1640,--none--
498,simpl_opt_status,0,optimal
498,simpl_BB_time,1.0544304847717285,--none--
498,simpl_BB_obj,637,--none--
498,simpl_toA_time,9.107589721679688e-05,--none--
498,simpl_toA_obj,8420,--none--
498,simpl_toB_time,8.630752563476562e-05,--none--
498,simpl_toB_obj,1601,--none--
498,simpl_minAB_time,0.0001614093780517578,--none--
498,simpl_minAB_obj,1601,--none--
498,simpl_gswaps_time,0.09786081314086914,--none--
498,simpl_gswaps_obj,936,--none--
498,simpl_gsifts_1p_time,0.1260535717010498,--none--
498,simpl_gsifts_1p_obj,1237,--none--
498,simpl_gsifts_2p_time,0.16844749450683594,--none--
498,simpl_gsifts_2p_obj,891,--none--
498,orig_simpl_time,1.0641443729400635,--none--
498,orig_simpl_obj,115,--none--
498,orig_gsifts1p_time,0.09122538566589355,--none--
498,orig_gsifts1p_obj,330,--none--
498,orig_bestAB_time,0.01886272430419922,--none--
498,orig_bestAB_obj,293,--none--
498,orig_5random_time,0.0730431079864502,--none--
498,orig_5random_obj,415,--none--
499,simpl_opt_status,0,optimal
499,simpl_BB_time,0.1579122543334961,--none--
499,simpl_BB_obj,987,--none--
499,simpl_toA_time,8.273124694824219e-05,--none--
499,simpl_toA_obj,24815,--none--
499,simpl_toB_time,8.749961853027344e-05,--none--
499,simpl_toB_obj,8483,--none--
499,simpl_minAB_time,0.00014972686767578125,--none--
499,simpl_minAB_obj,8483,--none--
499,simpl_gswaps_time,0.05270552635192871,--none--
499,simpl_gswaps_obj,1357,--none--
499,simpl_gsifts_1p_time,0.07363462448120117,--none--
499,simpl_gsifts_1p_obj,1369,--none--
499,simpl_gsifts_2p_time,0.14660263061523438,--none--
499,simpl_gsifts_2p_obj,1201,--none--
499,orig_simpl_time,0.17723321914672852,--none--
499,orig_simpl_obj,236,--none--
499,orig_gsifts1p_time,0.1893608570098877,--none--
499,orig_gsifts1p_obj,596,--none--
499,orig_bestAB_time,0.03447270393371582,--none--
499,orig_bestAB_obj,668,--none--
499,orig_5random_time,0.15409326553344727,--none--
499,orig_5random_obj,1121,--none--
49,simpl_opt_status,0,optimal
49,simpl_BB_time,0.29625415802001953,--none--
49,simpl_BB_obj,235,--none--
49,simpl_toA_time,9.083747863769531e-05,--none--
49,simpl_toA_obj,3155,--none--
49,simpl_toB_time,8.130073547363281e-05,--none--
49,simpl_toB_obj,2185,--none--
49,simpl_minAB_time,0.00016236305236816406,--none--
49,simpl_minAB_obj,2185,--none--
49,simpl_gswaps_time,0.07791471481323242,--none--
49,simpl_gswaps_obj,235,--none--
49,simpl_gsifts_1p_time,0.07581353187561035,--none--
49,simpl_gsifts_1p_obj,282,--none--
49,simpl_gsifts_2p_time,0.15579652786254883,--none--
49,simpl_gsifts_2p_obj,259,--none--
49,orig_simpl_time,0.30376362800598145,--none--
49,orig_simpl_obj,106,--none--
49,orig_gsifts1p_time,0.06666278839111328,--none--
49,orig_gsifts1p_obj,167,--none--
49,orig_bestAB_time,0.011258602142333984,--none--
49,orig_bestAB_obj,155,--none--
49,orig_5random_time,0.09644150733947754,--none--
49,orig_5random_obj,527,--none--
4,simpl_opt_status,0,optimal
4,simpl_BB_time,0.3480355739593506,--none--
4,simpl_BB_obj,2235,--none--
4,simpl_toA_time,9.036064147949219e-05,--none--
4,simpl_toA_obj,14574,--none--
4,simpl_toB_time,8.463859558105469e-05,--none--
4,simpl_toB_obj,11166,--none--
4,simpl_minAB_time,0.00016236305236816406,--none--
4,simpl_minAB_obj,11166,--none--
4,simpl_gswaps_time,0.01966238021850586,--none--
4,simpl_gswaps_obj,11162,--none--
4,simpl_gsifts_1p_time,0.07984042167663574,--none--
4,simpl_gsifts_1p_obj,6612,--none--
4,simpl_gsifts_2p_time,0.20670580863952637,--none--
4,simpl_gsifts_2p_obj,4599,--none--
4,orig_simpl_time,0.38600754737854004,--none--
4,orig_simpl_obj,390,--none--
4,orig_gsifts1p_time,0.6160790920257568,--none--
4,orig_gsifts1p_obj,1796,--none--
4,orig_bestAB_time,0.14484500885009766,--none--
4,orig_bestAB_obj,2345,--none--
4,orig_5random_time,0.6778430938720703,--none--
4,orig_5random_obj,3554,--none--
500,simpl_opt_status,0,optimal
500,simpl_BB_time,0.3504829406738281,--none--
500,simpl_BB_obj,1396,--none--
500,simpl_toA_time,8.320808410644531e-05,--none--
500,simpl_toA_obj,17173,--none--
500,simpl_toB_time,8.58306884765625e-05,--none--
500,simpl_toB_obj,8472,--none--
500,simpl_minAB_time,0.00015282630920410156,--none--
500,simpl_minAB_obj,8472,--none--
500,simpl_gswaps_time,0.15104436874389648,--none--
500,simpl_gswaps_obj,1404,--none--
500,simpl_gsifts_1p_time,0.12407612800598145,--none--
500,simpl_gsifts_1p_obj,4711,--none--
500,simpl_gsifts_2p_time,0.20069074630737305,--none--
500,simpl_gsifts_2p_obj,2993,--none--
500,orig_simpl_time,0.3839256763458252,--none--
500,orig_simpl_obj,325,--none--
500,orig_gsifts1p_time,0.46749091148376465,--none--
500,orig_gsifts1p_obj,1284,--none--
500,orig_bestAB_time,0.07050561904907227,--none--
500,orig_bestAB_obj,1946,--none--
500,orig_5random_time,0.3857262134552002,--none--
500,orig_5random_obj,2594,--none--
50,simpl_opt_status,0,optimal
50,simpl_BB_time,0.15926623344421387,--none--
50,simpl_BB_obj,482,--none--
50,simpl_toA_time,8.940696716308594e-05,--none--
50,simpl_toA_obj,1712,--none--
50,simpl_toB_time,8.392333984375e-05,--none--
50,simpl_toB_obj,4390,--none--
50,simpl_minAB_time,0.0002269744873046875,--none--
50,simpl_minAB_obj,1712,--none--
50,simpl_gswaps_time,0.08339619636535645,--none--
50,simpl_gswaps_obj,486,--none--
50,simpl_gsifts_1p_time,0.08077549934387207,--none--
50,simpl_gsifts_1p_obj,1150,--none--
50,simpl_gsifts_2p_time,0.16135787963867188,--none--
50,simpl_gsifts_2p_obj,792,--none--
50,orig_simpl_time,0.17628169059753418,--none--
50,orig_simpl_obj,264,--none--
50,orig_gsifts1p_time,0.22270750999450684,--none--
50,orig_gsifts1p_obj,447,--none--
50,orig_bestAB_time,0.019022703170776367,--none--
50,orig_bestAB_obj,353,--none--
50,orig_5random_time,0.24121642112731934,--none--
50,orig_5random_obj,1387,--none--
51,simpl_opt_status,0,optimal
51,simpl_BB_time,1.0027883052825928,--none--
51,simpl_BB_obj,2088,--none--
51,simpl_toA_time,8.416175842285156e-05,--none--
51,simpl_toA_obj,5783,--none--
51,simpl_toB_time,8.58306884765625e-05,--none--
51,simpl_toB_obj,8049,--none--
51,simpl_minAB_time,0.0001575946807861328,--none--
51,simpl_minAB_obj,5783,--none--
51,simpl_gswaps_time,0.10184264183044434,--none--
51,simpl_gswaps_obj,2628,--none--
51,simpl_gsifts_1p_time,0.08278012275695801,--none--
51,simpl_gsifts_1p_obj,4001,--none--
51,simpl_gsifts_2p_time,0.1576840877532959,--none--
51,simpl_gsifts_2p_obj,3030,--none--
51,orig_simpl_time,1.0244808197021484,--none--
51,orig_simpl_obj,201,--none--
51,orig_gsifts1p_time,0.09879446029663086,--none--
51,orig_gsifts1p_obj,313,--none--
51,orig_bestAB_time,0.04270458221435547,--none--
51,orig_bestAB_obj,319,--none--
51,orig_5random_time,0.2213451862335205,--none--
51,orig_5random_obj,1399,--none--
52,simpl_opt_status,0,optimal
52,simpl_BB_time,0.4496185779571533,--none--
52,simpl_BB_obj,1069,--none--
52,simpl_toA_time,8.7738037109375e-05,--none--
52,simpl_toA_obj,8333,--none--
52,simpl_toB_time,9.441375732421875e-05,--none--
52,simpl_toB_obj,3185,--none--
52,simpl_minAB_time,0.00023937225341796875,--none--
52,simpl_minAB_obj,3185,--none--
52,simpl_gswaps_time,0.05356454849243164,--none--
52,simpl_gswaps_obj,1963,--none--
52,simpl_gsifts_1p_time,0.07974982261657715,--none--
52,simpl_gsifts_1p_obj,2137,--none--
52,simpl_gsifts_2p_time,0.1589653491973877,--none--
52,simpl_gsifts_2p_obj,1581,--none--
52,orig_simpl_time,0.4684488773345947,--none--
52,orig_simpl_obj,228,--none--
52,orig_gsifts1p_time,0.15500402450561523,--none--
52,orig_gsifts1p_obj,436,--none--
52,orig_bestAB_time,0.034384727478027344,--none--
52,orig_bestAB_obj,716,--none--
52,orig_5random_time,0.19797039031982422,--none--
52,orig_5random_obj,1736,--none--
53,simpl_opt_status,0,optimal
53,simpl_BB_time,0.35816216468811035,--none--
53,simpl_BB_obj,686,--none--
53,simpl_toA_time,9.1552734375e-05,--none--
53,simpl_toA_obj,2036,--none--
53,simpl_toB_time,7.796287536621094e-05,--none--
53,simpl_toB_obj,17478,--none--
53,simpl_minAB_time,0.00015044212341308594,--none--
53,simpl_minAB_obj,2036,--none--
53,simpl_gswaps_time,0.08564209938049316,--none--
53,simpl_gswaps_obj,720,--none--
53,simpl_gsifts_1p_time,0.08353734016418457,--none--
53,simpl_gsifts_1p_obj,1392,--none--
53,simpl_gsifts_2p_time,0.2139441967010498,--none--
53,simpl_gsifts_2p_obj,1047,--none--
53,orig_simpl_time,0.3755354881286621,--none--
53,orig_simpl_obj,196,--none--
53,orig_gsifts1p_time,0.12059783935546875,--none--
53,orig_gsifts1p_obj,403,--none--
53,orig_bestAB_time,0.04359292984008789,--none--
53,orig_bestAB_obj,424,--none--
53,orig_5random_time,0.3508615493774414,--none--
53,orig_5random_obj,1974,--none--
54,simpl_opt_status,0,optimal
54,simpl_BB_time,0.6076316833496094,--none--
54,simpl_BB_obj,1535,--none--
54,simpl_toA_time,8.96453857421875e-05,--none--
54,simpl_toA_obj,8883,--none--
54,simpl_toB_time,7.62939453125e-05,--none--
54,simpl_toB_obj,16525,--none--
54,simpl_minAB_time,0.0001513957977294922,--none--
54,simpl_minAB_obj,8883,--none--
54,simpl_gswaps_time,0.08099365234375,--none--
54,simpl_gswaps_obj,2673,--none--
54,simpl_gsifts_1p_time,0.08781576156616211,--none--
54,simpl_gsifts_1p_obj,4366,--none--
54,simpl_gsifts_2p_time,0.17217779159545898,--none--
54,simpl_gsifts_2p_obj,3030,--none--
54,orig_simpl_time,0.6325690746307373,--none--
54,orig_simpl_obj,266,--none--
54,orig_gsifts1p_time,0.3692796230316162,--none--
54,orig_gsifts1p_obj,1465,--none--
54,orig_bestAB_time,0.06537532806396484,--none--
54,orig_bestAB_obj,1159,--none--
54,orig_5random_time,0.2485349178314209,--none--
54,orig_5random_obj,1834,--none--
55,simpl_opt_status,0,optimal
55,simpl_BB_time,0.5031745433807373,--none--
55,simpl_BB_obj,842,--none--
55,simpl_toA_time,7.867813110351562e-05,--none--
55,simpl_toA_obj,32842,--none--
55,simpl_toB_time,8.845329284667969e-05,--none--
55,simpl_toB_obj,2683,--none--
55,simpl_minAB_time,0.000148773193359375,--none--
55,simpl_minAB_obj,2683,--none--
55,simpl_gswaps_time,0.04461312294006348,--none--
55,simpl_gswaps_obj,877,--none--
55,simpl_gsifts_1p_time,0.0772395133972168,--none--
55,simpl_gsifts_1p_obj,957,--none--
55,simpl_gsifts_2p_time,0.16243243217468262,--none--
55,simpl_gsifts_2p_obj,877,--none--
55,orig_simpl_time,0.5225362777709961,--none--
55,orig_simpl_obj,275,--none--
55,orig_gsifts1p_time,0.27717065811157227,--none--
55,orig_gsifts1p_obj,555,--none--
55,orig_bestAB_time,0.10832738876342773,--none--
55,orig_bestAB_obj,1088,--none--
55,orig_5random_time,0.28818297386169434,--none--
55,orig_5random_obj,2335,--none--
56,simpl_opt_status,0,optimal
56,simpl_BB_time,0.10947394371032715,--none--
56,simpl_BB_obj,2523,--none--
56,simpl_toA_time,8.368492126464844e-05,--none--
56,simpl_toA_obj,10871,--none--
56,simpl_toB_time,7.82012939453125e-05,--none--
56,simpl_toB_obj,28867,--none--
56,simpl_minAB_time,0.00014638900756835938,--none--
56,simpl_minAB_obj,10871,--none--
56,simpl_gswaps_time,0.04033064842224121,--none--
56,simpl_gswaps_obj,10769,--none--
56,simpl_gsifts_1p_time,0.08612537384033203,--none--
56,simpl_gsifts_1p_obj,5168,--none--
56,simpl_gsifts_2p_time,0.16999268531799316,--none--
56,simpl_gsifts_2p_obj,3571,--none--
56,orig_simpl_time,0.1499803066253662,--none--
56,orig_simpl_obj,316,--none--
56,orig_gsifts1p_time,0.44243717193603516,--none--
56,orig_gsifts1p_obj,1901,--none--
56,orig_bestAB_time,0.12090492248535156,--none--
56,orig_bestAB_obj,2083,--none--
56,orig_5random_time,0.4026057720184326,--none--
56,orig_5random_obj,3732,--none--
57,simpl_opt_status,0,optimal
57,simpl_BB_time,0.9701066017150879,--none--
57,simpl_BB_obj,1246,--none--
57,simpl_toA_time,8.821487426757812e-05,--none--
57,simpl_toA_obj,3223,--none--
57,simpl_toB_time,7.987022399902344e-05,--none--
57,simpl_toB_obj,7571,--none--
57,simpl_minAB_time,0.0001556873321533203,--none--
57,simpl_minAB_obj,3223,--none--
57,simpl_gswaps_time,0.06844830513000488,--none--
57,simpl_gswaps_obj,1268,--none--
57,simpl_gsifts_1p_time,0.08867096900939941,--none--
57,simpl_gsifts_1p_obj,2099,--none--
57,simpl_gsifts_2p_time,0.15118813514709473,--none--
57,simpl_gsifts_2p_obj,1442,--none--
57,orig_simpl_time,0.9896361827850342,--none--
57,orig_simpl_obj,200,--none--
57,orig_gsifts1p_time,0.3162229061126709,--none--
57,orig_gsifts1p_obj,685,--none--
57,orig_bestAB_time,0.03258514404296875,--none--
57,orig_bestAB_obj,714,--none--
57,orig_5random_time,0.35259437561035156,--none--
57,orig_5random_obj,1495,--none--
58,simpl_opt_status,0,optimal
58,simpl_BB_time,0.9870548248291016,--none--
58,simpl_BB_obj,1531,--none--
58,simpl_toA_time,7.987022399902344e-05,--none--
58,simpl_toA_obj,32830,--none--
58,simpl_toB_time,7.82012939453125e-05,--none--
58,simpl_toB_obj,7874,--none--
58,simpl_minAB_time,0.00014019012451171875,--none--
58,simpl_minAB_obj,7874,--none--
58,simpl_gswaps_time,0.12877154350280762,--none--
58,simpl_gswaps_obj,4468,--none--
58,simpl_gsifts_1p_time,0.14829564094543457,--none--
58,simpl_gsifts_1p_obj,4887,--none--
58,simpl_gsifts_2p_time,0.31143927574157715,--none--
58,simpl_gsifts_2p_obj,2463,--none--
58,orig_simpl_time,1.0370142459869385,--none--
58,orig_simpl_obj,258,--none--
58,orig_gsifts1p_time,0.6036698818206787,--none--
58,orig_gsifts1p_obj,1413,--none--
58,orig_bestAB_time,0.1236410140991211,--none--
58,orig_bestAB_obj,391,--none--
58,orig_5random_time,0.2626993656158447,--none--
58,orig_5random_obj,1251,--none--
59,simpl_opt_status,0,optimal
59,simpl_BB_time,0.1249089241027832,--none--
59,simpl_BB_obj,4988,--none--
59,simpl_toA_time,8.988380432128906e-05,--none--
59,simpl_toA_obj,13902,--none--
59,simpl_toB_time,7.534027099609375e-05,--none--
59,simpl_toB_obj,26810,--none--
59,simpl_minAB_time,0.00014638900756835938,--none--
59,simpl_minAB_obj,13902,--none--
59,simpl_gswaps_time,0.01694488525390625,--none--
59,simpl_gswaps_obj,10883,--none--
59,simpl_gsifts_1p_time,0.11049532890319824,--none--
59,simpl_gsifts_1p_obj,8966,--none--
59,simpl_gsifts_2p_time,0.21042490005493164,--none--
59,simpl_gsifts_2p_obj,6905,--none--
59,orig_simpl_time,0.18612003326416016,--none--
59,orig_simpl_obj,394,--none--
59,orig_gsifts1p_time,0.6710155010223389,--none--
59,orig_gsifts1p_obj,1716,--none--
59,orig_bestAB_time,0.17855262756347656,--none--
59,orig_bestAB_obj,2248,--none--
59,orig_5random_time,0.5533523559570312,--none--
59,orig_5random_obj,3040,--none--
5,simpl_opt_status,0,optimal
5,simpl_BB_time,0.31147217750549316,--none--
5,simpl_BB_obj,225,--none--
5,simpl_toA_time,9.441375732421875e-05,--none--
5,simpl_toA_obj,356,--none--
5,simpl_toB_time,8.654594421386719e-05,--none--
5,simpl_toB_obj,1178,--none--
5,simpl_minAB_time,0.0001633167266845703,--none--
5,simpl_minAB_obj,356,--none--
5,simpl_gswaps_time,0.054773807525634766,--none--
5,simpl_gswaps_obj,225,--none--
5,simpl_gsifts_1p_time,0.08714032173156738,--none--
5,simpl_gsifts_1p_obj,299,--none--
5,simpl_gsifts_2p_time,0.15943408012390137,--none--
5,simpl_gsifts_2p_obj,255,--none--
5,orig_simpl_time,0.3200361728668213,--none--
5,orig_simpl_obj,149,--none--
5,orig_gsifts1p_time,0.045723915100097656,--none--
5,orig_gsifts1p_obj,174,--none--
5,orig_bestAB_time,0.0074422359466552734,--none--
5,orig_bestAB_obj,204,--none--
5,orig_5random_time,0.08793902397155762,--none--
5,orig_5random_obj,320,--none--
60,simpl_opt_status,0,optimal
60,simpl_BB_time,0.40866708755493164,--none--
60,simpl_BB_obj,653,--none--
60,simpl_toA_time,9.560585021972656e-05,--none--
60,simpl_toA_obj,913,--none--
60,simpl_toB_time,8.416175842285156e-05,--none--
60,simpl_toB_obj,12447,--none--
60,simpl_minAB_time,0.00016832351684570312,--none--
60,simpl_minAB_obj,913,--none--
60,simpl_gswaps_time,0.048470497131347656,--none--
60,simpl_gswaps_obj,661,--none--
60,simpl_gsifts_1p_time,0.08174943923950195,--none--
60,simpl_gsifts_1p_obj,770,--none--
60,simpl_gsifts_2p_time,0.16957974433898926,--none--
60,simpl_gsifts_2p_obj,703,--none--
60,orig_simpl_time,0.42685365676879883,--none--
60,orig_simpl_obj,260,--none--
60,orig_gsifts1p_time,0.24582552909851074,--none--
60,orig_gsifts1p_obj,445,--none--
60,orig_bestAB_time,0.017539501190185547,--none--
60,orig_bestAB_obj,618,--none--
60,orig_5random_time,0.5964109897613525,--none--
60,orig_5random_obj,3487,--none--
61,simpl_opt_status,0,optimal
61,simpl_BB_time,0.7057881355285645,--none--
61,simpl_BB_obj,1098,--none--
61,simpl_toA_time,7.605552673339844e-05,--none--
61,simpl_toA_obj,16553,--none--
61,simpl_toB_time,8.058547973632812e-05,--none--
61,simpl_toB_obj,3118,--none--
61,simpl_minAB_time,0.0001404285430908203,--none--
61,simpl_minAB_obj,3118,--none--
61,simpl_gswaps_time,0.06582045555114746,--none--
61,simpl_gswaps_obj,1160,--none--
61,simpl_gsifts_1p_time,0.07235407829284668,--none--
61,simpl_gsifts_1p_obj,2034,--none--
61,simpl_gsifts_2p_time,0.1472780704498291,--none--
61,simpl_gsifts_2p_obj,1602,--none--
61,orig_simpl_time,0.7227084636688232,--none--
61,orig_simpl_obj,217,--none--
61,orig_gsifts1p_time,0.12082123756408691,--none--
61,orig_gsifts1p_obj,494,--none--
61,orig_bestAB_time,0.03184008598327637,--none--
61,orig_bestAB_obj,565,--none--
61,orig_5random_time,0.19644498825073242,--none--
61,orig_5random_obj,1226,--none--
62,simpl_opt_status,0,optimal
62,simpl_BB_time,0.20857882499694824,--none--
62,simpl_BB_obj,1565,--none--
62,simpl_toA_time,8.177757263183594e-05,--none--
62,simpl_toA_obj,8490,--none--
62,simpl_toB_time,7.796287536621094e-05,--none--
62,simpl_toB_obj,5624,--none--
62,simpl_minAB_time,0.00014781951904296875,--none--
62,simpl_minAB_obj,5624,--none--
62,simpl_gswaps_time,0.0058362483978271484,--none--
62,simpl_gswaps_obj,5624,--none--
62,simpl_gsifts_1p_time,0.07221221923828125,--none--
62,simpl_gsifts_1p_obj,3776,--none--
62,simpl_gsifts_2p_time,0.14482593536376953,--none--
62,simpl_gsifts_2p_obj,2877,--none--
62,orig_simpl_time,0.23624801635742188,--none--
62,orig_simpl_obj,340,--none--
62,orig_gsifts1p_time,0.6281299591064453,--none--
62,orig_gsifts1p_obj,2617,--none--
62,orig_bestAB_time,0.06866621971130371,--none--
62,orig_bestAB_obj,1745,--none--
62,orig_5random_time,0.5199792385101318,--none--
62,orig_5random_obj,3719,--none--
63,simpl_opt_status,0,optimal
63,simpl_BB_time,0.8908843994140625,--none--
63,simpl_BB_obj,2237,--none--
63,simpl_toA_time,9.846687316894531e-05,--none--
63,simpl_toA_obj,18125,--none--
63,simpl_toB_time,0.00011610984802246094,--none--
63,simpl_toB_obj,24639,--none--
63,simpl_minAB_time,0.00016450881958007812,--none--
63,simpl_minAB_obj,18125,--none--
63,simpl_gswaps_time,0.09589672088623047,--none--
63,simpl_gswaps_obj,3633,--none--
63,simpl_gsifts_1p_time,0.15399789810180664,--none--
63,simpl_gsifts_1p_obj,4227,--none--
63,simpl_gsifts_2p_time,0.23536419868469238,--none--
63,simpl_gsifts_2p_obj,3023,--none--
63,orig_simpl_time,0.9385542869567871,--none--
63,orig_simpl_obj,270,--none--
63,orig_gsifts1p_time,0.24755334854125977,--none--
63,orig_gsifts1p_obj,484,--none--
63,orig_bestAB_time,0.1029965877532959,--none--
63,orig_bestAB_obj,508,--none--
63,orig_5random_time,0.27817487716674805,--none--
63,orig_5random_obj,1421,--none--
64,simpl_opt_status,0,optimal
64,simpl_BB_time,0.3264901638031006,--none--
64,simpl_BB_obj,1310,--none--
64,simpl_toA_time,9.465217590332031e-05,--none--
64,simpl_toA_obj,2494,--none--
64,simpl_toB_time,8.606910705566406e-05,--none--
64,simpl_toB_obj,8442,--none--
64,simpl_minAB_time,0.00016021728515625,--none--
64,simpl_minAB_obj,2494,--none--
64,simpl_gswaps_time,0.05598616600036621,--none--
64,simpl_gswaps_obj,1358,--none--
64,simpl_gsifts_1p_time,0.10263180732727051,--none--
64,simpl_gsifts_1p_obj,1699,--none--
64,simpl_gsifts_2p_time,0.18723464012145996,--none--
64,simpl_gsifts_2p_obj,1507,--none--
64,orig_simpl_time,0.4094221591949463,--none--
64,orig_simpl_obj,381,--none--
64,orig_gsifts1p_time,0.2850759029388428,--none--
64,orig_gsifts1p_obj,783,--none--
64,orig_bestAB_time,0.05437946319580078,--none--
64,orig_bestAB_obj,1604,--none--
64,orig_5random_time,0.43355393409729004,--none--
64,orig_5random_obj,3028,--none--
65,simpl_opt_status,0,optimal
65,simpl_BB_time,0.48127222061157227,--none--
65,simpl_BB_obj,1562,--none--
65,simpl_toA_time,9.059906005859375e-05,--none--
65,simpl_toA_obj,5336,--none--
65,simpl_toB_time,8.630752563476562e-05,--none--
65,simpl_toB_obj,7518,--none--
65,simpl_minAB_time,0.0001590251922607422,--none--
65,simpl_minAB_obj,5336,--none--
65,simpl_gswaps_time,0.06356072425842285,--none--
65,simpl_gswaps_obj,2497,--none--
65,simpl_gsifts_1p_time,0.08148384094238281,--none--
65,simpl_gsifts_1p_obj,3249,--none--
65,simpl_gsifts_2p_time,0.15473103523254395,--none--
65,simpl_gsifts_2p_obj,2161,--none--
65,orig_simpl_time,0.5008633136749268,--none--
65,orig_simpl_obj,232,--none--
65,orig_gsifts1p_time,0.21564841270446777,--none--
65,orig_gsifts1p_obj,876,--none--
65,orig_bestAB_time,0.10088133811950684,--none--
65,orig_bestAB_obj,957,--none--
65,orig_5random_time,0.2351856231689453,--none--
65,orig_5random_obj,2431,--none--
66,simpl_opt_status,0,optimal
66,simpl_BB_time,0.23958539962768555,--none--
66,simpl_BB_obj,1196,--none--
66,simpl_toA_time,9.489059448242188e-05,--none--
66,simpl_toA_obj,18538,--none--
66,simpl_toB_time,9.179115295410156e-05,--none--
66,simpl_toB_obj,2623,--none--
66,simpl_minAB_time,0.0001614093780517578,--none--
66,simpl_minAB_obj,2623,--none--
66,simpl_gswaps_time,0.049961090087890625,--none--
66,simpl_gswaps_obj,2156,--none--
66,simpl_gsifts_1p_time,0.07636046409606934,--none--
66,simpl_gsifts_1p_obj,1781,--none--
66,simpl_gsifts_2p_time,0.14998698234558105,--none--
66,simpl_gsifts_2p_obj,1316,--none--
66,orig_simpl_time,0.259549617767334,--none--
66,orig_simpl_obj,219,--none--
66,orig_gsifts1p_time,0.2197418212890625,--none--
66,orig_gsifts1p_obj,895,--none--
66,orig_bestAB_time,0.04887199401855469,--none--
66,orig_bestAB_obj,536,--none--
66,orig_5random_time,0.19089770317077637,--none--
66,orig_5random_obj,1375,--none--
67,simpl_opt_status,0,optimal
67,simpl_BB_time,0.7953696250915527,--none--
67,simpl_BB_obj,1454,--none--
67,simpl_toA_time,5.5789947509765625e-05,--none--
67,simpl_toA_obj,4016,--none--
67,simpl_toB_time,5.221366882324219e-05,--none--
67,simpl_toB_obj,4448,--none--
67,simpl_minAB_time,0.00014066696166992188,--none--
67,simpl_minAB_obj,4016,--none--
67,simpl_gswaps_time,0.05273771286010742,--none--
67,simpl_gswaps_obj,1455,--none--
67,simpl_gsifts_1p_time,0.04376482963562012,--none--
67,simpl_gsifts_1p_obj,2547,--none--
67,simpl_gsifts_2p_time,0.10780787467956543,--none--
67,simpl_gsifts_2p_obj,1497,--none--
67,orig_simpl_time,0.8159003257751465,--none--
67,orig_simpl_obj,216,--none--
67,orig_gsifts1p_time,0.25627994537353516,--none--
67,orig_gsifts1p_obj,601,--none--
67,orig_bestAB_time,0.04751300811767578,--none--
67,orig_bestAB_obj,910,--none--
67,orig_5random_time,0.2171928882598877,--none--
67,orig_5random_obj,1824,--none--
68,simpl_opt_status,0,optimal
68,simpl_BB_time,0.3920152187347412,--none--
68,simpl_BB_obj,506,--none--
68,simpl_toA_time,9.512901306152344e-05,--none--
68,simpl_toA_obj,2019,--none--
68,simpl_toB_time,8.988380432128906e-05,--none--
68,simpl_toB_obj,4275,--none--
68,simpl_minAB_time,0.00017189979553222656,--none--
68,simpl_minAB_obj,2019,--none--
68,simpl_gswaps_time,0.06501388549804688,--none--
68,simpl_gswaps_obj,523,--none--
68,simpl_gsifts_1p_time,0.07683062553405762,--none--
68,simpl_gsifts_1p_obj,1176,--none--
68,simpl_gsifts_2p_time,0.1510789394378662,--none--
68,simpl_gsifts_2p_obj,523,--none--
68,orig_simpl_time,0.4075493812561035,--none--
68,orig_simpl_obj,210,--none--
68,orig_gsifts1p_time,0.12213850021362305,--none--
68,orig_gsifts1p_obj,410,--none--
68,orig_bestAB_time,0.019854068756103516,--none--
68,orig_bestAB_obj,485,--none--
68,orig_5random_time,0.1606440544128418,--none--
68,orig_5random_obj,1137,--none--
69,simpl_opt_status,0,optimal
69,simpl_BB_time,0.388486385345459,--none--
69,simpl_BB_obj,1035,--none--
69,simpl_toA_time,8.7738037109375e-05,--none--
69,simpl_toA_obj,3514,--none--
69,simpl_toB_time,7.605552673339844e-05,--none--
69,simpl_toB_obj,32834,--none--
69,simpl_minAB_time,0.00015282630920410156,--none--
69,simpl_minAB_obj,3514,--none--
69,simpl_gswaps_time,0.03936934471130371,--none--
69,simpl_gswaps_obj,1549,--none--
69,simpl_gsifts_1p_time,0.03856658935546875,--none--
69,simpl_gsifts_1p_obj,1895,--none--
69,simpl_gsifts_2p_time,0.09874200820922852,--none--
69,simpl_gsifts_2p_obj,1347,--none--
69,orig_simpl_time,0.39980149269104004,--none--
69,orig_simpl_obj,253,--none--
69,orig_gsifts1p_time,0.10087466239929199,--none--
69,orig_gsifts1p_obj,400,--none--
69,orig_bestAB_time,0.05209660530090332,--none--
69,orig_bestAB_obj,424,--none--
69,orig_5random_time,0.28488874435424805,--none--
69,orig_5random_obj,2073,--none--
6,simpl_opt_status,0,optimal
6,simpl_BB_time,0.13920187950134277,--none--
6,simpl_BB_obj,685,--none--
6,simpl_toA_time,0.00011873245239257812,--none--
6,simpl_toA_obj,16423,--none--
6,simpl_toB_time,5.078315734863281e-05,--none--
6,simpl_toB_obj,5235,--none--
6,simpl_minAB_time,8.96453857421875e-05,--none--
6,simpl_minAB_obj,5235,--none--
6,simpl_gswaps_time,0.08939957618713379,--none--
6,simpl_gswaps_obj,695,--none--
6,simpl_gsifts_1p_time,0.04824686050415039,--none--
6,simpl_gsifts_1p_obj,3152,--none--
6,simpl_gsifts_2p_time,0.09917664527893066,--none--
6,simpl_gsifts_2p_obj,1968,--none--
6,orig_simpl_time,0.1455843448638916,--none--
6,orig_simpl_obj,104,--none--
6,orig_gsifts1p_time,0.05586099624633789,--none--
6,orig_gsifts1p_obj,178,--none--
6,orig_bestAB_time,0.01375126838684082,--none--
6,orig_bestAB_obj,135,--none--
6,orig_5random_time,0.08934593200683594,--none--
6,orig_5random_obj,980,--none--
70,simpl_opt_status,0,optimal
70,simpl_BB_time,0.3583219051361084,--none--
70,simpl_BB_obj,1111,--none--
70,simpl_toA_time,5.1021575927734375e-05,--none--
70,simpl_toA_obj,12408,--none--
70,simpl_toB_time,5.555152893066406e-05,--none--
70,simpl_toB_obj,4952,--none--
70,simpl_minAB_time,8.845329284667969e-05,--none--
70,simpl_minAB_obj,4952,--none--
70,simpl_gswaps_time,0.02362823486328125,--none--
70,simpl_gswaps_obj,3537,--none--
70,simpl_gsifts_1p_time,0.052086830139160156,--none--
70,simpl_gsifts_1p_obj,2826,--none--
70,simpl_gsifts_2p_time,0.08969449996948242,--none--
70,simpl_gsifts_2p_obj,1791,--none--
70,orig_simpl_time,0.36786961555480957,--none--
70,orig_simpl_obj,186,--none--
70,orig_gsifts1p_time,0.07494664192199707,--none--
70,orig_gsifts1p_obj,459,--none--
70,orig_bestAB_time,0.02343297004699707,--none--
70,orig_bestAB_obj,595,--none--
70,orig_5random_time,0.07619428634643555,--none--
70,orig_5random_obj,1101,--none--
71,simpl_opt_status,0,optimal
71,simpl_BB_time,0.444612979888916,--none--
71,simpl_BB_obj,3391,--none--
71,simpl_toA_time,4.2438507080078125e-05,--none--
71,simpl_toA_obj,24721,--none--
71,simpl_toB_time,4.553794860839844e-05,--none--
71,simpl_toB_obj,17250,--none--
71,simpl_minAB_time,7.843971252441406e-05,--none--
71,simpl_minAB_obj,17250,--none--
71,simpl_gswaps_time,0.005208492279052734,--none--
71,simpl_gswaps_obj,10233,--none--
71,simpl_gsifts_1p_time,0.03936028480529785,--none--
71,simpl_gsifts_1p_obj,9917,--none--
71,simpl_gsifts_2p_time,0.07710695266723633,--none--
71,simpl_gsifts_2p_obj,6397,--none--
71,orig_simpl_time,0.506345272064209,--none--
71,orig_simpl_obj,245,--none--
71,orig_gsifts1p_time,0.13430404663085938,--none--
71,orig_gsifts1p_obj,780,--none--
71,orig_bestAB_time,0.05433249473571777,--none--
71,orig_bestAB_obj,918,--none--
71,orig_5random_time,0.12601113319396973,--none--
71,orig_5random_obj,2285,--none--
72,simpl_opt_status,0,optimal
72,simpl_BB_time,0.13536667823791504,--none--
72,simpl_BB_obj,883,--none--
72,simpl_toA_time,5.626678466796875e-05,--none--
72,simpl_toA_obj,2479,--none--
72,simpl_toB_time,4.6253204345703125e-05,--none--
72,simpl_toB_obj,16541,--none--
72,simpl_minAB_time,8.749961853027344e-05,--none--
72,simpl_minAB_obj,2479,--none--
72,simpl_gswaps_time,0.03353095054626465,--none--
72,simpl_gswaps_obj,895,--none--
72,simpl_gsifts_1p_time,0.03967905044555664,--none--
72,simpl_gsifts_1p_obj,1033,--none--
72,simpl_gsifts_2p_time,0.07947206497192383,--none--
72,simpl_gsifts_2p_obj,943,--none--
72,orig_simpl_time,0.14743280410766602,--none--
72,orig_simpl_obj,282,--none--
72,orig_gsifts1p_time,0.12150382995605469,--none--
72,orig_gsifts1p_obj,808,--none--
72,orig_bestAB_time,0.022897005081176758,--none--
72,orig_bestAB_obj,1385,--none--
72,orig_5random_time,0.1608719825744629,--none--
72,orig_5random_obj,2018,--none--
73,simpl_opt_status,0,optimal
73,simpl_BB_time,0.32141852378845215,--none--
73,simpl_BB_obj,746,--none--
73,simpl_toA_time,4.57763671875e-05,--none--
73,simpl_toA_obj,24639,--none--
73,simpl_toB_time,4.267692565917969e-05,--none--
73,simpl_toB_obj,32852,--none--
73,simpl_minAB_time,8.0108642578125e-05,--none--
73,simpl_minAB_obj,24639,--none--
73,simpl_gswaps_time,0.002536773681640625,--none--
73,simpl_gswaps_obj,24639,--none--
73,simpl_gsifts_1p_time,0.04116058349609375,--none--
73,simpl_gsifts_1p_obj,5618,--none--
73,simpl_gsifts_2p_time,0.08125543594360352,--none--
73,simpl_gsifts_2p_obj,1062,--none--
73,orig_simpl_time,0.3283872604370117,--none--
73,orig_simpl_obj,145,--none--
73,orig_gsifts1p_time,0.08894062042236328,--none--
73,orig_gsifts1p_obj,601,--none--
73,orig_bestAB_time,0.016184329986572266,--none--
73,orig_bestAB_obj,342,--none--
73,orig_5random_time,0.08769369125366211,--none--
73,orig_5random_obj,928,--none--
74,simpl_opt_status,0,optimal
74,simpl_BB_time,0.07839822769165039,--none--
74,simpl_BB_obj,1206,--none--
74,simpl_toA_time,5.125999450683594e-05,--none--
74,simpl_toA_obj,8397,--none--
74,simpl_toB_time,4.3392181396484375e-05,--none--
74,simpl_toB_obj,16966,--none--
74,simpl_minAB_time,8.440017700195312e-05,--none--
74,simpl_minAB_obj,8397,--none--
74,simpl_gswaps_time,0.007777690887451172,--none--
74,simpl_gswaps_obj,3840,--none--
74,simpl_gsifts_1p_time,0.04042863845825195,--none--
74,simpl_gsifts_1p_obj,3840,--none--
74,simpl_gsifts_2p_time,0.08076000213623047,--none--
74,simpl_gsifts_2p_obj,2434,--none--
74,orig_simpl_time,0.09034347534179688,--none--
74,orig_simpl_obj,205,--none--
74,orig_gsifts1p_time,0.10607004165649414,--none--
74,orig_gsifts1p_obj,673,--none--
74,orig_bestAB_time,0.030512094497680664,--none--
74,orig_bestAB_obj,786,--none--
74,orig_5random_time,0.11864757537841797,--none--
74,orig_5random_obj,876,--none--
75,simpl_opt_status,0,optimal
75,simpl_BB_time,0.2614316940307617,--none--
75,simpl_BB_obj,1442,--none--
75,simpl_toA_time,5.030632019042969e-05,--none--
75,simpl_toA_obj,5000,--none--
75,simpl_toB_time,4.744529724121094e-05,--none--
75,simpl_toB_obj,6036,--none--
75,simpl_minAB_time,0.00010442733764648438,--none--
75,simpl_minAB_obj,5000,--none--
75,simpl_gswaps_time,0.00255584716796875,--none--
75,simpl_gswaps_obj,5000,--none--
75,simpl_gsifts_1p_time,0.04071354866027832,--none--
75,simpl_gsifts_1p_obj,3752,--none--
75,simpl_gsifts_2p_time,0.08131122589111328,--none--
75,simpl_gsifts_2p_obj,2624,--none--
75,orig_simpl_time,0.315828800201416,--none--
75,orig_simpl_obj,286,--none--
75,orig_gsifts1p_time,0.14997529983520508,--none--
75,orig_gsifts1p_obj,833,--none--
75,orig_bestAB_time,0.027626991271972656,--none--
75,orig_bestAB_obj,756,--none--
75,orig_5random_time,0.15285301208496094,--none--
75,orig_5random_obj,1819,--none--
76,simpl_opt_status,0,optimal
76,simpl_BB_time,0.2966320514678955,--none--
76,simpl_BB_obj,1217,--none--
76,simpl_toA_time,4.9114227294921875e-05,--none--
76,simpl_toA_obj,10435,--none--
76,simpl_toB_time,4.220008850097656e-05,--none--
76,simpl_toB_obj,32864,--none--
76,simpl_minAB_time,7.796287536621094e-05,--none--
76,simpl_minAB_obj,10435,--none--
76,simpl_gswaps_time,0.044318437576293945,--none--
76,simpl_gswaps_obj,4527,--none--
76,simpl_gsifts_1p_time,0.03903985023498535,--none--
76,simpl_gsifts_1p_obj,4697,--none--
76,simpl_gsifts_2p_time,0.07946467399597168,--none--
76,simpl_gsifts_2p_obj,1689,--none--
76,orig_simpl_time,0.3080587387084961,--none--
76,orig_simpl_obj,277,--none--
76,orig_gsifts1p_time,0.10596442222595215,--none--
76,orig_gsifts1p_obj,650,--none--
76,orig_bestAB_time,0.03892397880554199,--none--
76,orig_bestAB_obj,702,--none--
76,orig_5random_time,0.22756743431091309,--none--
76,orig_5random_obj,2040,--none--
77,simpl_opt_status,0,optimal
77,simpl_BB_time,0.44945430755615234,--none--
77,simpl_BB_obj,1178,--none--
77,simpl_toA_time,4.8160552978515625e-05,--none--
77,simpl_toA_obj,32858,--none--
77,simpl_toB_time,4.9591064453125e-05,--none--
77,simpl_toB_obj,5476,--none--
77,simpl_minAB_time,8.344650268554688e-05,--none--
77,simpl_minAB_obj,5476,--none--
77,simpl_gswaps_time,0.04215073585510254,--none--
77,simpl_gswaps_obj,2130,--none--
77,simpl_gsifts_1p_time,0.04950833320617676,--none--
77,simpl_gsifts_1p_obj,3455,--none--
77,simpl_gsifts_2p_time,0.0992136001586914,--none--
77,simpl_gsifts_2p_obj,2471,--none--
77,orig_simpl_time,0.46085405349731445,--none--
77,orig_simpl_obj,192,--none--
77,orig_gsifts1p_time,0.19254231452941895,--none--
77,orig_gsifts1p_obj,1152,--none--
77,orig_bestAB_time,0.035803794860839844,--none--
77,orig_bestAB_obj,1763,--none--
77,orig_5random_time,0.1867518424987793,--none--
77,orig_5random_obj,2203,--none--
78,simpl_opt_status,0,optimal
78,simpl_BB_time,0.11902427673339844,--none--
78,simpl_BB_obj,2284,--none--
78,simpl_toA_time,4.7206878662109375e-05,--none--
78,simpl_toA_obj,14317,--none--
78,simpl_toB_time,4.1484832763671875e-05,--none--
78,simpl_toB_obj,16579,--none--
78,simpl_minAB_time,8.034706115722656e-05,--none--
78,simpl_minAB_obj,14317,--none--
78,simpl_gswaps_time,0.005173444747924805,--none--
78,simpl_gswaps_obj,8643,--none--
78,simpl_gsifts_1p_time,0.0389246940612793,--none--
78,simpl_gsifts_1p_obj,7943,--none--
78,simpl_gsifts_2p_time,0.0892329216003418,--none--
78,simpl_gsifts_2p_obj,4857,--none--
78,orig_simpl_time,0.14028692245483398,--none--
78,orig_simpl_obj,298,--none--
78,orig_gsifts1p_time,0.2718825340270996,--none--
78,orig_gsifts1p_obj,2147,--none--
78,orig_bestAB_time,0.048224449157714844,--none--
78,orig_bestAB_obj,1657,--none--
78,orig_5random_time,0.23909997940063477,--none--
78,orig_5random_obj,3011,--none--
79,simpl_opt_status,0,optimal
79,simpl_BB_time,0.07920098304748535,--none--
79,simpl_BB_obj,363,--none--
79,simpl_toA_time,4.744529724121094e-05,--none--
79,simpl_toA_obj,3064,--none--
79,simpl_toB_time,4.792213439941406e-05,--none--
79,simpl_toB_obj,411,--none--
79,simpl_minAB_time,8.726119995117188e-05,--none--
79,simpl_minAB_obj,411,--none--
79,simpl_gswaps_time,0.01818227767944336,--none--
79,simpl_gswaps_obj,363,--none--
79,simpl_gsifts_1p_time,0.039273738861083984,--none--
79,simpl_gsifts_1p_obj,383,--none--
79,simpl_gsifts_2p_time,0.08122515678405762,--none--
79,simpl_gsifts_2p_obj,374,--none--
79,orig_simpl_time,0.08552742004394531,--none--
79,orig_simpl_obj,205,--none--
79,orig_gsifts1p_time,0.08808660507202148,--none--
79,orig_gsifts1p_obj,468,--none--
79,orig_bestAB_time,0.007173061370849609,--none--
79,orig_bestAB_obj,238,--none--
79,orig_5random_time,0.13189125061035156,--none--
79,orig_5random_obj,1733,--none--
7,simpl_opt_status,0,optimal
7,simpl_BB_time,0.0733492374420166,--none--
7,simpl_BB_obj,823,--none--
7,simpl_toA_time,5.173683166503906e-05,--none--
7,simpl_toA_obj,16513,--none--
7,simpl_toB_time,4.6253204345703125e-05,--none--
7,simpl_toB_obj,3200,--none--
7,simpl_minAB_time,8.58306884765625e-05,--none--
7,simpl_minAB_obj,3200,--none--
7,simpl_gswaps_time,0.0075986385345458984,--none--
7,simpl_gswaps_obj,3194,--none--
7,simpl_gsifts_1p_time,0.04090595245361328,--none--
7,simpl_gsifts_1p_obj,1764,--none--
7,simpl_gsifts_2p_time,0.07888126373291016,--none--
7,simpl_gsifts_2p_obj,1172,--none--
7,orig_simpl_time,0.08066010475158691,--none--
7,orig_simpl_obj,153,--none--
7,orig_gsifts1p_time,0.11873960494995117,--none--
7,orig_gsifts1p_obj,788,--none--
7,orig_bestAB_time,0.02339649200439453,--none--
7,orig_bestAB_obj,372,--none--
7,orig_5random_time,0.1019887924194336,--none--
7,orig_5random_obj,1616,--none--
80,simpl_opt_status,0,optimal
80,simpl_BB_time,0.1549358367919922,--none--
80,simpl_BB_obj,2016,--none--
80,simpl_toA_time,4.57763671875e-05,--none--
80,simpl_toA_obj,32997,--none--
80,simpl_toB_time,4.1961669921875e-05,--none--
80,simpl_toB_obj,32982,--none--
80,simpl_minAB_time,7.414817810058594e-05,--none--
80,simpl_minAB_obj,32982,--none--
80,simpl_gswaps_time,0.002454519271850586,--none--
80,simpl_gswaps_obj,32982,--none--
80,simpl_gsifts_1p_time,0.038204193115234375,--none--
80,simpl_gsifts_1p_obj,13905,--none--
80,simpl_gsifts_2p_time,0.0786900520324707,--none--
80,simpl_gsifts_2p_obj,3567,--none--
80,orig_simpl_time,0.21131587028503418,--none--
80,orig_simpl_obj,445,--none--
80,orig_gsifts1p_time,0.3833808898925781,--none--
80,orig_gsifts1p_obj,2445,--none--
80,orig_bestAB_time,0.05864143371582031,--none--
80,orig_bestAB_obj,3511,--none--
80,orig_5random_time,0.35932397842407227,--none--
80,orig_5random_obj,4859,--none--
81,simpl_opt_status,0,optimal
81,simpl_BB_time,0.35666918754577637,--none--
81,simpl_BB_obj,550,--none--
81,simpl_toA_time,4.9591064453125e-05,--none--
81,simpl_toA_obj,16399,--none--
81,simpl_toB_time,4.744529724121094e-05,--none--
81,simpl_toB_obj,8466,--none--
81,simpl_minAB_time,8.392333984375e-05,--none--
81,simpl_minAB_obj,8466,--none--
81,simpl_gswaps_time,0.04669690132141113,--none--
81,simpl_gswaps_obj,552,--none--
81,simpl_gsifts_1p_time,0.04153752326965332,--none--
81,simpl_gsifts_1p_obj,755,--none--
81,simpl_gsifts_2p_time,0.08151507377624512,--none--
81,simpl_gsifts_2p_obj,629,--none--
81,orig_simpl_time,0.3620173931121826,--none--
81,orig_simpl_obj,131,--none--
81,orig_gsifts1p_time,0.1246037483215332,--none--
81,orig_gsifts1p_obj,447,--none--
81,orig_bestAB_time,0.024881601333618164,--none--
81,orig_bestAB_obj,142,--none--
81,orig_5random_time,0.09102654457092285,--none--
81,orig_5random_obj,1186,--none--
82,simpl_opt_status,0,optimal
82,simpl_BB_time,0.6972622871398926,--none--
82,simpl_BB_obj,867,--none--
82,simpl_toA_time,5.125999450683594e-05,--none--
82,simpl_toA_obj,12614,--none--
82,simpl_toB_time,4.458427429199219e-05,--none--
82,simpl_toB_obj,7223,--none--
82,simpl_minAB_time,8.0108642578125e-05,--none--
82,simpl_minAB_obj,7223,--none--
82,simpl_gswaps_time,0.06520509719848633,--none--
82,simpl_gswaps_obj,2293,--none--
82,simpl_gsifts_1p_time,0.047026634216308594,--none--
82,simpl_gsifts_1p_obj,3997,--none--
82,simpl_gsifts_2p_time,0.08645105361938477,--none--
82,simpl_gsifts_2p_obj,2338,--none--
82,orig_simpl_time,0.7089948654174805,--none--
82,orig_simpl_obj,127,--none--
82,orig_gsifts1p_time,0.04210495948791504,--none--
82,orig_gsifts1p_obj,209,--none--
82,orig_bestAB_time,0.016677379608154297,--none--
82,orig_bestAB_obj,317,--none--
82,orig_5random_time,0.06395673751831055,--none--
82,orig_5random_obj,558,--none--
83,simpl_opt_status,0,optimal
83,simpl_BB_time,0.24773526191711426,--none--
83,simpl_BB_obj,817,--none--
83,simpl_toA_time,8.440017700195312e-05,--none--
83,simpl_toA_obj,8004,--none--
83,simpl_toB_time,9.751319885253906e-05,--none--
83,simpl_toB_obj,8333,--none--
83,simpl_minAB_time,0.0001456737518310547,--none--
83,simpl_minAB_obj,8004,--none--
83,simpl_gswaps_time,0.048736572265625,--none--
83,simpl_gswaps_obj,2007,--none--
83,simpl_gsifts_1p_time,0.049948692321777344,--none--
83,simpl_gsifts_1p_obj,4427,--none--
83,simpl_gsifts_2p_time,0.09414362907409668,--none--
83,simpl_gsifts_2p_obj,2682,--none--
83,orig_simpl_time,0.25745487213134766,--none--
83,orig_simpl_obj,178,--none--
83,orig_gsifts1p_time,0.16636896133422852,--none--
83,orig_gsifts1p_obj,1019,--none--
83,orig_bestAB_time,0.021021366119384766,--none--
83,orig_bestAB_obj,681,--none--
83,orig_5random_time,0.11813855171203613,--none--
83,orig_5random_obj,949,--none--
84,simpl_opt_status,0,optimal
84,simpl_BB_time,0.11873888969421387,--none--
84,simpl_BB_obj,1331,--none--
84,simpl_toA_time,5.173683166503906e-05,--none--
84,simpl_toA_obj,2905,--none--
84,simpl_toB_time,4.8160552978515625e-05,--none--
84,simpl_toB_obj,11155,--none--
84,simpl_minAB_time,8.797645568847656e-05,--none--
84,simpl_minAB_obj,2905,--none--
84,simpl_gswaps_time,0.043070316314697266,--none--
84,simpl_gswaps_obj,1363,--none--
84,simpl_gsifts_1p_time,0.05208754539489746,--none--
84,simpl_gsifts_1p_obj,1801,--none--
84,simpl_gsifts_2p_time,0.09266138076782227,--none--
84,simpl_gsifts_2p_obj,1379,--none--
84,orig_simpl_time,0.1325986385345459,--none--
84,orig_simpl_obj,342,--none--
84,orig_gsifts1p_time,0.15671563148498535,--none--
84,orig_gsifts1p_obj,1005,--none--
84,orig_bestAB_time,0.031653404235839844,--none--
84,orig_bestAB_obj,1454,--none--
84,orig_5random_time,0.2580554485321045,--none--
84,orig_5random_obj,1609,--none--
85,simpl_opt_status,0,optimal
85,simpl_BB_time,0.1054236888885498,--none--
85,simpl_BB_obj,1651,--none--
85,simpl_toA_time,5.245208740234375e-05,--none--
85,simpl_toA_obj,4832,--none--
85,simpl_toB_time,4.458427429199219e-05,--none--
85,simpl_toB_obj,26810,--none--
85,simpl_minAB_time,9.918212890625e-05,--none--
85,simpl_minAB_obj,4832,--none--
85,simpl_gswaps_time,0.028409242630004883,--none--
85,simpl_gswaps_obj,1661,--none--
85,simpl_gsifts_1p_time,0.04003453254699707,--none--
85,simpl_gsifts_1p_obj,2005,--none--
85,simpl_gsifts_2p_time,0.07918715476989746,--none--
85,simpl_gsifts_2p_obj,1737,--none--
85,orig_simpl_time,0.12254667282104492,--none--
85,orig_simpl_obj,430,--none--
85,orig_gsifts1p_time,0.2695443630218506,--none--
85,orig_gsifts1p_obj,1463,--none--
85,orig_bestAB_time,0.056856632232666016,--none--
85,orig_bestAB_obj,2872,--none--
85,orig_5random_time,0.2913215160369873,--none--
85,orig_5random_obj,3823,--none--
86,simpl_opt_status,0,optimal
86,simpl_BB_time,0.1363832950592041,--none--
86,simpl_BB_obj,1265,--none--
86,simpl_toA_time,4.792213439941406e-05,--none--
86,simpl_toA_obj,7481,--none--
86,simpl_toB_time,4.887580871582031e-05,--none--
86,simpl_toB_obj,2901,--none--
86,simpl_minAB_time,8.368492126464844e-05,--none--
86,simpl_minAB_obj,2901,--none--
86,simpl_gswaps_time,0.030590534210205078,--none--
86,simpl_gswaps_obj,1398,--none--
86,simpl_gsifts_1p_time,0.03924274444580078,--none--
86,simpl_gsifts_1p_obj,1884,--none--
86,simpl_gsifts_2p_time,0.08052706718444824,--none--
86,simpl_gsifts_2p_obj,1530,--none--
86,orig_simpl_time,0.15213799476623535,--none--
86,orig_simpl_obj,466,--none--
86,orig_gsifts1p_time,0.20671916007995605,--none--
86,orig_gsifts1p_obj,1320,--none--
86,orig_bestAB_time,0.020839929580688477,--none--
86,orig_bestAB_obj,1238,--none--
86,orig_5random_time,0.2815062999725342,--none--
86,orig_5random_obj,3855,--none--
87,simpl_opt_status,0,optimal
87,simpl_BB_time,0.20431113243103027,--none--
87,simpl_BB_obj,754,--none--
87,simpl_toA_time,9.34600830078125e-05,--none--
87,simpl_toA_obj,4335,--none--
87,simpl_toB_time,7.963180541992188e-05,--none--
87,simpl_toB_obj,995,--none--
87,simpl_minAB_time,0.00016236305236816406,--none--
87,simpl_minAB_obj,995,--none--
87,simpl_gswaps_time,0.02237677574157715,--none--
87,simpl_gswaps_obj,760,--none--
87,simpl_gsifts_1p_time,0.04102635383605957,--none--
87,simpl_gsifts_1p_obj,911,--none--
87,simpl_gsifts_2p_time,0.08201122283935547,--none--
87,simpl_gsifts_2p_obj,832,--none--
87,orig_simpl_time,0.2145993709564209,--none--
87,orig_simpl_obj,318,--none--
87,orig_gsifts1p_time,0.1281125545501709,--none--
87,orig_gsifts1p_obj,705,--none--
87,orig_bestAB_time,0.011461019515991211,--none--
87,orig_bestAB_obj,604,--none--
87,orig_5random_time,0.15274763107299805,--none--
87,orig_5random_obj,1293,--none--
88,simpl_opt_status,0,optimal
88,simpl_BB_time,0.1414647102355957,--none--
88,simpl_BB_obj,991,--none--
88,simpl_toA_time,4.649162292480469e-05,--none--
88,simpl_toA_obj,32935,--none--
88,simpl_toB_time,5.245208740234375e-05,--none--
88,simpl_toB_obj,1833,--none--
88,simpl_minAB_time,8.654594421386719e-05,--none--
88,simpl_minAB_obj,1833,--none--
88,simpl_gswaps_time,0.02154994010925293,--none--
88,simpl_gswaps_obj,1114,--none--
88,simpl_gsifts_1p_time,0.041664838790893555,--none--
88,simpl_gsifts_1p_obj,1463,--none--
88,simpl_gsifts_2p_time,0.08207058906555176,--none--
88,simpl_gsifts_2p_obj,1145,--none--
88,orig_simpl_time,0.1517796516418457,--none--
88,orig_simpl_obj,250,--none--
88,orig_gsifts1p_time,0.09754276275634766,--none--
88,orig_gsifts1p_obj,736,--none--
88,orig_bestAB_time,0.01593613624572754,--none--
88,orig_bestAB_obj,821,--none--
88,orig_5random_time,0.15195846557617188,--none--
88,orig_5random_obj,1727,--none--
89,simpl_opt_status,0,optimal
89,simpl_BB_time,0.5350174903869629,--none--
89,simpl_BB_obj,1237,--none--
89,simpl_toA_time,5.793571472167969e-05,--none--
89,simpl_toA_obj,3468,--none--
89,simpl_toB_time,4.744529724121094e-05,--none--
89,simpl_toB_obj,3167,--none--
89,simpl_minAB_time,8.678436279296875e-05,--none--
89,simpl_minAB_obj,3167,--none--
89,simpl_gswaps_time,0.04368019104003906,--none--
89,simpl_gswaps_obj,2130,--none--
89,simpl_gsifts_1p_time,0.0396730899810791,--none--
89,simpl_gsifts_1p_obj,2484,--none--
89,simpl_gsifts_2p_time,0.08129191398620605,--none--
89,simpl_gsifts_2p_obj,1890,--none--
89,orig_simpl_time,0.5456385612487793,--none--
89,orig_simpl_obj,245,--none--
89,orig_gsifts1p_time,0.1484527587890625,--none--
89,orig_gsifts1p_obj,790,--none--
89,orig_bestAB_time,0.02099776268005371,--none--
89,orig_bestAB_obj,1106,--none--
89,orig_5random_time,0.14609980583190918,--none--
89,orig_5random_obj,2270,--none--
8,simpl_opt_status,0,optimal
8,simpl_BB_time,0.3264915943145752,--none--
8,simpl_BB_obj,1502,--none--
8,simpl_toA_time,5.245208740234375e-05,--none--
8,simpl_toA_obj,5735,--none--
8,simpl_toB_time,4.792213439941406e-05,--none--
8,simpl_toB_obj,9295,--none--
8,simpl_minAB_time,8.96453857421875e-05,--none--
8,simpl_minAB_obj,5735,--none--
8,simpl_gswaps_time,0.00756382942199707,--none--
8,simpl_gswaps_obj,3953,--none--
8,simpl_gsifts_1p_time,0.09847187995910645,--none--
8,simpl_gsifts_1p_obj,3122,--none--
8,simpl_gsifts_2p_time,0.09968304634094238,--none--
8,simpl_gsifts_2p_obj,2312,--none--
8,orig_simpl_time,0.3378124237060547,--none--
8,orig_simpl_obj,177,--none--
8,orig_gsifts1p_time,0.0916283130645752,--none--
8,orig_gsifts1p_obj,605,--none--
8,orig_bestAB_time,0.03689217567443848,--none--
8,orig_bestAB_obj,784,--none--
8,orig_5random_time,0.09750509262084961,--none--
8,orig_5random_obj,1115,--none--
90,simpl_opt_status,0,optimal
90,simpl_BB_time,0.11293864250183105,--none--
90,simpl_BB_obj,888,--none--
90,simpl_toA_time,5.6743621826171875e-05,--none--
90,simpl_toA_obj,16545,--none--
90,simpl_toB_time,5.054473876953125e-05,--none--
90,simpl_toB_obj,4642,--none--
90,simpl_minAB_time,9.298324584960938e-05,--none--
90,simpl_minAB_obj,4642,--none--
90,simpl_gswaps_time,0.04083609580993652,--none--
90,simpl_gswaps_obj,888,--none--
90,simpl_gsifts_1p_time,0.04802513122558594,--none--
90,simpl_gsifts_1p_obj,2190,--none--
90,simpl_gsifts_2p_time,0.10428953170776367,--none--
90,simpl_gsifts_2p_obj,1128,--none--
90,orig_simpl_time,0.13460087776184082,--none--
90,orig_simpl_obj,269,--none--
90,orig_gsifts1p_time,0.22660589218139648,--none--
90,orig_gsifts1p_obj,988,--none--
90,orig_bestAB_time,0.039911746978759766,--none--
90,orig_bestAB_obj,1342,--none--
90,orig_5random_time,0.1640615463256836,--none--
90,orig_5random_obj,2828,--none--
91,simpl_opt_status,0,optimal
91,simpl_BB_time,0.37154412269592285,--none--
91,simpl_BB_obj,783,--none--
91,simpl_toA_time,5.1021575927734375e-05,--none--
91,simpl_toA_obj,1986,--none--
91,simpl_toB_time,3.886222839355469e-05,--none--
91,simpl_toB_obj,32916,--none--
91,simpl_minAB_time,7.987022399902344e-05,--none--
91,simpl_minAB_obj,1986,--none--
91,simpl_gswaps_time,0.037163496017456055,--none--
91,simpl_gswaps_obj,839,--none--
91,simpl_gsifts_1p_time,0.04033207893371582,--none--
91,simpl_gsifts_1p_obj,1292,--none--
91,simpl_gsifts_2p_time,0.08095240592956543,--none--
91,simpl_gsifts_2p_obj,971,--none--
91,orig_simpl_time,0.3805091381072998,--none--
91,orig_simpl_obj,232,--none--
91,orig_gsifts1p_time,0.17280292510986328,--none--
91,orig_gsifts1p_obj,615,--none--
91,orig_bestAB_time,0.02074289321899414,--none--
91,orig_bestAB_obj,660,--none--
91,orig_5random_time,0.15009069442749023,--none--
91,orig_5random_obj,1559,--none--
92,simpl_opt_status,0,optimal
92,simpl_BB_time,0.22877001762390137,--none--
92,simpl_BB_obj,3223,--none--
92,simpl_toA_time,4.744529724121094e-05,--none--
92,simpl_toA_obj,11445,--none--
92,simpl_toB_time,4.863739013671875e-05,--none--
92,simpl_toB_obj,12661,--none--
92,simpl_minAB_time,8.034706115722656e-05,--none--
92,simpl_minAB_obj,11445,--none--
92,simpl_gswaps_time,0.004995584487915039,--none--
92,simpl_gswaps_obj,9930,--none--
92,simpl_gsifts_1p_time,0.03815150260925293,--none--
92,simpl_gsifts_1p_obj,6739,--none--
92,simpl_gsifts_2p_time,0.07715773582458496,--none--
92,simpl_gsifts_2p_obj,4971,--none--
92,orig_simpl_time,0.24615001678466797,--none--
92,orig_simpl_obj,300,--none--
92,orig_gsifts1p_time,0.15279030799865723,--none--
92,orig_gsifts1p_obj,829,--none--
92,orig_bestAB_time,0.048264503479003906,--none--
92,orig_bestAB_obj,1223,--none--
92,orig_5random_time,0.14319276809692383,--none--
92,orig_5random_obj,2257,--none--
93,simpl_opt_status,0,optimal
93,simpl_BB_time,0.2542421817779541,--none--
93,simpl_BB_obj,1463,--none--
93,simpl_toA_time,4.673004150390625e-05,--none--
93,simpl_toA_obj,9258,--none--
93,simpl_toB_time,4.482269287109375e-05,--none--
93,simpl_toB_obj,17389,--none--
93,simpl_minAB_time,8.082389831542969e-05,--none--
93,simpl_minAB_obj,9258,--none--
93,simpl_gswaps_time,0.05511164665222168,--none--
93,simpl_gswaps_obj,2094,--none--
93,simpl_gsifts_1p_time,0.03876018524169922,--none--
93,simpl_gsifts_1p_obj,5218,--none--
93,simpl_gsifts_2p_time,0.07938098907470703,--none--
93,simpl_gsifts_2p_obj,2842,--none--
93,orig_simpl_time,0.266355037689209,--none--
93,orig_simpl_obj,217,--none--
93,orig_gsifts1p_time,0.17098379135131836,--none--
93,orig_gsifts1p_obj,888,--none--
93,orig_bestAB_time,0.04356074333190918,--none--
93,orig_bestAB_obj,1286,--none--
93,orig_5random_time,0.1443023681640625,--none--
93,orig_5random_obj,2189,--none--
94,simpl_opt_status,0,optimal
94,simpl_BB_time,0.10184216499328613,--none--
94,simpl_BB_obj,1348,--none--
94,simpl_toA_time,5.030632019042969e-05,--none--
94,simpl_toA_obj,24888,--none--
94,simpl_toB_time,8.893013000488281e-05,--none--
94,simpl_toB_obj,9312,--none--
94,simpl_minAB_time,8.630752563476562e-05,--none--
94,simpl_minAB_obj,9312,--none--
94,simpl_gswaps_time,0.03191947937011719,--none--
94,simpl_gswaps_obj,6461,--none--
94,simpl_gsifts_1p_time,0.039664268493652344,--none--
94,simpl_gsifts_1p_obj,4913,--none--
94,simpl_gsifts_2p_time,0.08016705513000488,--none--
94,simpl_gsifts_2p_obj,2915,--none--
94,orig_simpl_time,0.11546778678894043,--none--
94,orig_simpl_obj,280,--none--
94,orig_gsifts1p_time,0.16462159156799316,--none--
94,orig_gsifts1p_obj,1010,--none--
94,orig_bestAB_time,0.03549337387084961,--none--
94,orig_bestAB_obj,1269,--none--
94,orig_5random_time,0.14457345008850098,--none--
94,orig_5random_obj,1440,--none--
95,simpl_opt_status,0,optimal
95,simpl_BB_time,0.412367582321167,--none--
95,simpl_BB_obj,679,--none--
95,simpl_toA_time,6.0558319091796875e-05,--none--
95,simpl_toA_obj,8665,--none--
95,simpl_toB_time,4.315376281738281e-05,--none--
95,simpl_toB_obj,32794,--none--
95,simpl_minAB_time,7.891654968261719e-05,--none--
95,simpl_minAB_obj,8665,--none--
95,simpl_gswaps_time,0.05645275115966797,--none--
95,simpl_gswaps_obj,846,--none--
95,simpl_gsifts_1p_time,0.04260373115539551,--none--
95,simpl_gsifts_1p_obj,1265,--none--
95,simpl_gsifts_2p_time,0.08501815795898438,--none--
95,simpl_gsifts_2p_obj,949,--none--
95,orig_simpl_time,0.41878271102905273,--none--
95,orig_simpl_obj,117,--none--
95,orig_gsifts1p_time,0.023317337036132812,--none--
95,orig_gsifts1p_obj,154,--none--
95,orig_bestAB_time,0.01799488067626953,--none--
95,orig_bestAB_obj,166,--none--
95,orig_5random_time,0.07270145416259766,--none--
95,orig_5random_obj,627,--none--
96,simpl_opt_status,0,optimal
96,simpl_BB_time,0.6605343818664551,--none--
96,simpl_BB_obj,722,--none--
96,simpl_toA_time,9.72747802734375e-05,--none--
96,simpl_toA_obj,1162,--none--
96,simpl_toB_time,8.845329284667969e-05,--none--
96,simpl_toB_obj,8157,--none--
96,simpl_minAB_time,0.00016355514526367188,--none--
96,simpl_minAB_obj,1162,--none--
96,simpl_gswaps_time,0.03414440155029297,--none--
96,simpl_gswaps_obj,812,--none--
96,simpl_gsifts_1p_time,0.03992438316345215,--none--
96,simpl_gsifts_1p_obj,959,--none--
96,simpl_gsifts_2p_time,0.08086776733398438,--none--
96,simpl_gsifts_2p_obj,875,--none--
96,orig_simpl_time,0.6686346530914307,--none--
96,orig_simpl_obj,217,--none--
96,orig_gsifts1p_time,0.05606389045715332,--none--
96,orig_gsifts1p_obj,387,--none--
96,orig_bestAB_time,0.018253087997436523,--none--
96,orig_bestAB_obj,491,--none--
96,orig_5random_time,0.11779356002807617,--none--
96,orig_5random_obj,1427,--none--
97,simpl_opt_status,0,optimal
97,simpl_BB_time,0.21290898323059082,--none--
97,simpl_BB_obj,1266,--none--
97,simpl_toA_time,0.00010561943054199219,--none--
97,simpl_toA_obj,16804,--none--
97,simpl_toB_time,9.202957153320312e-05,--none--
97,simpl_toB_obj,15806,--none--
97,simpl_minAB_time,0.0001595020294189453,--none--
97,simpl_minAB_obj,15806,--none--
97,simpl_gswaps_time,0.041234493255615234,--none--
97,simpl_gswaps_obj,13446,--none--
97,simpl_gsifts_1p_time,0.07217741012573242,--none--
97,simpl_gsifts_1p_obj,6774,--none--
97,simpl_gsifts_2p_time,0.12397956848144531,--none--
97,simpl_gsifts_2p_obj,3746,--none--
97,orig_simpl_time,0.23063039779663086,--none--
97,orig_simpl_obj,292,--none--
97,orig_gsifts1p_time,0.14814424514770508,--none--
97,orig_gsifts1p_obj,613,--none--
97,orig_bestAB_time,0.050705671310424805,--none--
97,orig_bestAB_obj,806,--none--
97,orig_5random_time,0.3216996192932129,--none--
97,orig_5random_obj,3313,--none--
98,simpl_opt_status,0,optimal
98,simpl_BB_time,0.38395166397094727,--none--
98,simpl_BB_obj,993,--none--
98,simpl_toA_time,4.839897155761719e-05,--none--
98,simpl_toA_obj,16493,--none--
98,simpl_toB_time,5.030632019042969e-05,--none--
98,simpl_toB_obj,7012,--none--
98,simpl_minAB_time,8.320808410644531e-05,--none--
98,simpl_minAB_obj,7012,--none--
98,simpl_gswaps_time,0.07862091064453125,--none--
98,simpl_gswaps_obj,1463,--none--
98,simpl_gsifts_1p_time,0.04457736015319824,--none--
98,simpl_gsifts_1p_obj,4145,--none--
98,simpl_gsifts_2p_time,0.08364629745483398,--none--
98,simpl_gsifts_2p_obj,2725,--none--
98,orig_simpl_time,0.3935415744781494,--none--
98,orig_simpl_obj,195,--none--
98,orig_gsifts1p_time,0.12877154350280762,--none--
98,orig_gsifts1p_obj,1031,--none--
98,orig_bestAB_time,0.01970386505126953,--none--
98,orig_bestAB_obj,505,--none--
98,orig_5random_time,0.08837580680847168,--none--
98,orig_5random_obj,1265,--none--
99,simpl_opt_status,0,optimal
99,simpl_BB_time,0.21496295928955078,--none--
99,simpl_BB_obj,1687,--none--
99,simpl_toA_time,4.9114227294921875e-05,--none--
99,simpl_toA_obj,4331,--none--
99,simpl_toB_time,4.601478576660156e-05,--none--
99,simpl_toB_obj,8805,--none--
99,simpl_minAB_time,8.511543273925781e-05,--none--
99,simpl_minAB_obj,4331,--none--
99,simpl_gswaps_time,0.05616450309753418,--none--
99,simpl_gswaps_obj,1699,--none--
99,simpl_gsifts_1p_time,0.04347491264343262,--none--
99,simpl_gsifts_1p_obj,3270,--none--
99,simpl_gsifts_2p_time,0.08807706832885742,--none--
99,simpl_gsifts_2p_obj,2312,--none--
99,orig_simpl_time,0.2335658073425293,--none--
99,orig_simpl_obj,426,--none--
99,orig_gsifts1p_time,0.2233717441558838,--none--
99,orig_gsifts1p_obj,1109,--none--
99,orig_bestAB_time,0.03474545478820801,--none--
99,orig_bestAB_obj,1647,--none--
99,orig_5random_time,0.20411372184753418,--none--
99,orig_5random_obj,2257,--none--
9,simpl_opt_status,0,optimal
9,simpl_BB_time,0.2935822010040283,--none--
9,simpl_BB_obj,418,--none--
9,simpl_toA_time,5.340576171875e-05,--none--
9,simpl_toA_obj,818,--none--
9,simpl_toB_time,4.482269287109375e-05,--none--
9,simpl_toB_obj,8706,--none--
9,simpl_minAB_time,8.559226989746094e-05,--none--
9,simpl_minAB_obj,818,--none--
9,simpl_gswaps_time,0.03223371505737305,--none--
9,simpl_gswaps_obj,418,--none--
9,simpl_gsifts_1p_time,0.040604352951049805,--none--
9,simpl_gsifts_1p_obj,607,--none--
9,simpl_gsifts_2p_time,0.08236074447631836,--none--
9,simpl_gsifts_2p_obj,510,--none--
9,orig_simpl_time,0.29898762702941895,--none--
9,orig_simpl_obj,147,--none--
9,orig_gsifts1p_time,0.030519485473632812,--none--
9,orig_gsifts1p_obj,184,--none--
9,orig_bestAB_time,0.014409065246582031,--none--
9,orig_bestAB_obj,189,--none--
9,orig_5random_time,0.07767581939697266,--none--
9,orig_5random_obj,598,--none--
