10,16,vs_gen_time,5.1975250244140625e-05,--none--
10,16,BBsearch_time,0.19666695594787598,--none--
10,16,alig_to_order_time,0.04433917999267578,--none--
10,16,orig_aux_obj,2162,--none--
10,16,orig_sifts_red_time,1.23818039894104,--none--
10,16,orig_sifts_red_obj,3295,--none--
1,16,vs_gen_time,0.0001876354217529297,--none--
1,16,BBsearch_time,0.5921187400817871,--none--
1,16,alig_to_order_time,0.02184319496154785,--none--
1,16,orig_aux_obj,977,--none--
1,16,orig_sifts_red_time,0.6826176643371582,--none--
1,16,orig_sifts_red_obj,1565,--none--
2,16,vs_gen_time,3.814697265625e-05,--none--
2,16,BBsearch_time,0.7456803321838379,--none--
2,16,alig_to_order_time,0.0310518741607666,--none--
2,16,orig_aux_obj,1319,--none--
2,16,orig_sifts_red_time,0.943166971206665,--none--
2,16,orig_sifts_red_obj,2897,--none--
3,16,vs_gen_time,3.4809112548828125e-05,--none--
3,16,BBsearch_time,1.1923763751983643,--none--
3,16,alig_to_order_time,0.024641752243041992,--none--
3,16,orig_aux_obj,1099,--none--
3,16,orig_sifts_red_time,0.733795166015625,--none--
3,16,orig_sifts_red_obj,912,--none--
4,16,vs_gen_time,3.6716461181640625e-05,--none--
4,16,BBsearch_time,0.5322153568267822,--none--
4,16,alig_to_order_time,0.040377140045166016,--none--
4,16,orig_aux_obj,2169,--none--
4,16,orig_sifts_red_time,1.2264795303344727,--none--
4,16,orig_sifts_red_obj,2503,--none--
5,16,vs_gen_time,3.647804260253906e-05,--none--
5,16,BBsearch_time,0.8410079479217529,--none--
5,16,alig_to_order_time,0.029718875885009766,--none--
5,16,orig_aux_obj,1205,--none--
5,16,orig_sifts_red_time,0.9414126873016357,--none--
5,16,orig_sifts_red_obj,3493,--none--
6,16,vs_gen_time,3.7670135498046875e-05,--none--
6,16,BBsearch_time,1.147310495376587,--none--
6,16,alig_to_order_time,0.025460004806518555,--none--
6,16,orig_aux_obj,1248,--none--
6,16,orig_sifts_red_time,1.0039081573486328,--none--
6,16,orig_sifts_red_obj,2593,--none--
7,16,vs_gen_time,3.719329833984375e-05,--none--
7,16,BBsearch_time,0.613889217376709,--none--
7,16,alig_to_order_time,0.02887105941772461,--none--
7,16,orig_aux_obj,1080,--none--
7,16,orig_sifts_red_time,0.4177110195159912,--none--
7,16,orig_sifts_red_obj,1077,--none--
8,16,vs_gen_time,3.2901763916015625e-05,--none--
8,16,BBsearch_time,0.683323860168457,--none--
8,16,alig_to_order_time,0.022961854934692383,--none--
8,16,orig_aux_obj,760,--none--
8,16,orig_sifts_red_time,0.6326684951782227,--none--
8,16,orig_sifts_red_obj,1428,--none--
9,16,vs_gen_time,3.600120544433594e-05,--none--
9,16,BBsearch_time,1.1127984523773193,--none--
9,16,alig_to_order_time,0.02703404426574707,--none--
9,16,orig_aux_obj,1013,--none--
9,16,orig_sifts_red_time,0.8706052303314209,--none--
9,16,orig_sifts_red_obj,2706,--none--
