10,13,vs_gen_time,3.695487976074219e-05,--none--
10,13,BBsearch_time,0.2691457271575928,--none--
10,13,alig_to_order_time,0.00968313217163086,--none--
10,13,orig_aux_obj,341,--none--
10,13,orig_sifts_red_time,0.10578441619873047,--none--
10,13,orig_sifts_red_obj,341,--none--
1,13,vs_gen_time,3.457069396972656e-05,--none--
1,13,BBsearch_time,0.3441939353942871,--none--
1,13,alig_to_order_time,0.007269382476806641,--none--
1,13,orig_aux_obj,282,--none--
1,13,orig_sifts_red_time,0.06839799880981445,--none--
1,13,orig_sifts_red_obj,154,--none--
2,13,vs_gen_time,0.00018095970153808594,--none--
2,13,BBsearch_time,0.2358710765838623,--none--
2,13,alig_to_order_time,0.014418601989746094,--none--
2,13,orig_aux_obj,494,--none--
2,13,orig_sifts_red_time,0.13078927993774414,--none--
2,13,orig_sifts_red_obj,546,--none--
3,13,vs_gen_time,2.9087066650390625e-05,--none--
3,13,BBsearch_time,0.20411252975463867,--none--
3,13,alig_to_order_time,0.010905981063842773,--none--
3,13,orig_aux_obj,343,--none--
3,13,orig_sifts_red_time,0.19810986518859863,--none--
3,13,orig_sifts_red_obj,459,--none--
4,13,vs_gen_time,3.600120544433594e-05,--none--
4,13,BBsearch_time,0.2626650333404541,--none--
4,13,alig_to_order_time,0.008785247802734375,--none--
4,13,orig_aux_obj,241,--none--
4,13,orig_sifts_red_time,0.05971932411193848,--none--
4,13,orig_sifts_red_obj,161,--none--
5,13,vs_gen_time,2.9087066650390625e-05,--none--
5,13,BBsearch_time,0.13855528831481934,--none--
5,13,alig_to_order_time,0.016310930252075195,--none--
5,13,orig_aux_obj,540,--none--
5,13,orig_sifts_red_time,0.19124341011047363,--none--
5,13,orig_sifts_red_obj,760,--none--
6,13,vs_gen_time,2.86102294921875e-05,--none--
6,13,BBsearch_time,0.32209157943725586,--none--
6,13,alig_to_order_time,0.0060520172119140625,--none--
6,13,orig_aux_obj,233,--none--
6,13,orig_sifts_red_time,0.051201581954956055,--none--
6,13,orig_sifts_red_obj,229,--none--
7,13,vs_gen_time,3.337860107421875e-05,--none--
7,13,BBsearch_time,0.22709131240844727,--none--
7,13,alig_to_order_time,0.011317729949951172,--none--
7,13,orig_aux_obj,326,--none--
7,13,orig_sifts_red_time,0.12061738967895508,--none--
7,13,orig_sifts_red_obj,430,--none--
8,13,vs_gen_time,2.9325485229492188e-05,--none--
8,13,BBsearch_time,0.06511378288269043,--none--
8,13,alig_to_order_time,0.019388914108276367,--none--
8,13,orig_aux_obj,733,--none--
8,13,orig_sifts_red_time,0.22555804252624512,--none--
8,13,orig_sifts_red_obj,671,--none--
9,13,vs_gen_time,2.9325485229492188e-05,--none--
9,13,BBsearch_time,0.16096735000610352,--none--
9,13,alig_to_order_time,0.020243406295776367,--none--
9,13,orig_aux_obj,783,--none--
9,13,orig_sifts_red_time,0.23704195022583008,--none--
9,13,orig_sifts_red_obj,988,--none--
