10,5,vs_gen_time,4.38690185546875e-05,--none--
10,5,BBsearch_time,0.007733345031738281,--none--
10,5,alig_to_order_time,0.001615285873413086,--none--
10,5,orig_aux_obj,27,--none--
10,5,orig_sifts_red_time,0.0030295848846435547,--none--
10,5,orig_sifts_red_obj,22,--none--
1,5,vs_gen_time,2.0742416381835938e-05,--none--
1,5,BBsearch_time,0.007811307907104492,--none--
1,5,alig_to_order_time,0.0013425350189208984,--none--
1,5,orig_aux_obj,21,--none--
1,5,orig_sifts_red_time,0.0027627944946289062,--none--
1,5,orig_sifts_red_obj,19,--none--
2,5,vs_gen_time,2.09808349609375e-05,--none--
2,5,BBsearch_time,0.0062367916107177734,--none--
2,5,alig_to_order_time,0.0011448860168457031,--none--
2,5,orig_aux_obj,20,--none--
2,5,orig_sifts_red_time,0.002590656280517578,--none--
2,5,orig_sifts_red_obj,18,--none--
3,5,vs_gen_time,2.0742416381835938e-05,--none--
3,5,BBsearch_time,0.0054378509521484375,--none--
3,5,alig_to_order_time,0.0012812614440917969,--none--
3,5,orig_aux_obj,24,--none--
3,5,orig_sifts_red_time,0.0026564598083496094,--none--
3,5,orig_sifts_red_obj,16,--none--
4,5,vs_gen_time,2.1219253540039062e-05,--none--
4,5,BBsearch_time,0.009541749954223633,--none--
4,5,alig_to_order_time,0.001566171646118164,--none--
4,5,orig_aux_obj,28,--none--
4,5,orig_sifts_red_time,0.003345966339111328,--none--
4,5,orig_sifts_red_obj,23,--none--
5,5,vs_gen_time,2.1219253540039062e-05,--none--
5,5,BBsearch_time,0.007863283157348633,--none--
5,5,alig_to_order_time,0.0012950897216796875,--none--
5,5,orig_aux_obj,27,--none--
5,5,orig_sifts_red_time,0.002732515335083008,--none--
5,5,orig_sifts_red_obj,18,--none--
6,5,vs_gen_time,2.1219253540039062e-05,--none--
6,5,BBsearch_time,0.011439085006713867,--none--
6,5,alig_to_order_time,0.0013763904571533203,--none--
6,5,orig_aux_obj,25,--none--
6,5,orig_sifts_red_time,0.0030269622802734375,--none--
6,5,orig_sifts_red_obj,23,--none--
7,5,vs_gen_time,2.09808349609375e-05,--none--
7,5,BBsearch_time,0.009072542190551758,--none--
7,5,alig_to_order_time,0.0010981559753417969,--none--
7,5,orig_aux_obj,20,--none--
7,5,orig_sifts_red_time,0.0021822452545166016,--none--
7,5,orig_sifts_red_obj,20,--none--
8,5,vs_gen_time,2.09808349609375e-05,--none--
8,5,BBsearch_time,0.01047062873840332,--none--
8,5,alig_to_order_time,0.0010089874267578125,--none--
8,5,orig_aux_obj,13,--none--
8,5,orig_sifts_red_time,0.0020818710327148438,--none--
8,5,orig_sifts_red_obj,12,--none--
9,5,vs_gen_time,2.1696090698242188e-05,--none--
9,5,BBsearch_time,0.006790876388549805,--none--
9,5,alig_to_order_time,0.0014698505401611328,--none--
9,5,orig_aux_obj,32,--none--
9,5,orig_sifts_red_time,0.002949237823486328,--none--
9,5,orig_sifts_red_obj,22,--none--
