10,10,vs_gen_time,3.3855438232421875e-05,--none--
10,10,BBsearch_time,0.027627229690551758,--none--
10,10,alig_to_order_time,0.006020307540893555,--none--
10,10,orig_aux_obj,191,--none--
10,10,orig_sifts_red_time,0.031951904296875,--none--
10,10,orig_sifts_red_obj,161,--none--
1,10,vs_gen_time,2.574920654296875e-05,--none--
1,10,BBsearch_time,0.033208608627319336,--none--
1,10,alig_to_order_time,0.0036520957946777344,--none--
1,10,orig_aux_obj,102,--none--
1,10,orig_sifts_red_time,0.01776719093322754,--none--
1,10,orig_sifts_red_obj,74,--none--
2,10,vs_gen_time,2.5510787963867188e-05,--none--
2,10,BBsearch_time,0.038347482681274414,--none--
2,10,alig_to_order_time,0.005566835403442383,--none--
2,10,orig_aux_obj,194,--none--
2,10,orig_sifts_red_time,0.03304481506347656,--none--
2,10,orig_sifts_red_obj,144,--none--
3,10,vs_gen_time,2.5987625122070312e-05,--none--
3,10,BBsearch_time,0.030698299407958984,--none--
3,10,alig_to_order_time,0.005410909652709961,--none--
3,10,orig_aux_obj,143,--none--
3,10,orig_sifts_red_time,0.031732797622680664,--none--
3,10,orig_sifts_red_obj,164,--none--
4,10,vs_gen_time,2.5987625122070312e-05,--none--
4,10,BBsearch_time,0.05183124542236328,--none--
4,10,alig_to_order_time,0.008644342422485352,--none--
4,10,orig_aux_obj,303,--none--
4,10,orig_sifts_red_time,0.050988197326660156,--none--
4,10,orig_sifts_red_obj,240,--none--
5,10,vs_gen_time,2.5987625122070312e-05,--none--
5,10,BBsearch_time,0.02647089958190918,--none--
5,10,alig_to_order_time,0.009674549102783203,--none--
5,10,orig_aux_obj,358,--none--
5,10,orig_sifts_red_time,0.05188870429992676,--none--
5,10,orig_sifts_red_obj,251,--none--
6,10,vs_gen_time,2.5987625122070312e-05,--none--
6,10,BBsearch_time,0.06461524963378906,--none--
6,10,alig_to_order_time,0.00709986686706543,--none--
6,10,orig_aux_obj,245,--none--
6,10,orig_sifts_red_time,0.03632712364196777,--none--
6,10,orig_sifts_red_obj,173,--none--
7,10,vs_gen_time,2.5510787963867188e-05,--none--
7,10,BBsearch_time,0.05080986022949219,--none--
7,10,alig_to_order_time,0.0040705204010009766,--none--
7,10,orig_aux_obj,94,--none--
7,10,orig_sifts_red_time,0.018592119216918945,--none--
7,10,orig_sifts_red_obj,85,--none--
8,10,vs_gen_time,2.5510787963867188e-05,--none--
8,10,BBsearch_time,0.082916259765625,--none--
8,10,alig_to_order_time,0.006668806076049805,--none--
8,10,orig_aux_obj,177,--none--
8,10,orig_sifts_red_time,0.030626535415649414,--none--
8,10,orig_sifts_red_obj,137,--none--
9,10,vs_gen_time,0.00017952919006347656,--none--
9,10,BBsearch_time,0.029521942138671875,--none--
9,10,alig_to_order_time,0.0038001537322998047,--none--
9,10,orig_aux_obj,95,--none--
9,10,orig_sifts_red_time,0.023508787155151367,--none--
9,10,orig_sifts_red_obj,94,--none--
