10,20,vs_gen_time,4.2438507080078125e-05,--none--
10,20,BBsearch_time,3.7454957962036133,--none--
10,20,alig_to_order_time,0.08584451675415039,--none--
10,20,orig_aux_obj,3846,--none--
10,20,orig_sifts_red_time,16.45430064201355,--none--
10,20,orig_sifts_red_obj,16762,--none--
1,20,vs_gen_time,4.3392181396484375e-05,--none--
1,20,BBsearch_time,0.6576886177062988,--none--
1,20,alig_to_order_time,0.07174158096313477,--none--
1,20,orig_aux_obj,4134,--none--
1,20,orig_sifts_red_time,10.418158769607544,--none--
1,20,orig_sifts_red_obj,17365,--none--
2,20,vs_gen_time,4.1961669921875e-05,--none--
2,20,BBsearch_time,5.885493993759155,--none--
2,20,alig_to_order_time,0.03707408905029297,--none--
2,20,orig_aux_obj,2141,--none--
2,20,orig_sifts_red_time,1.480233907699585,--none--
2,20,orig_sifts_red_obj,2259,--none--
3,20,vs_gen_time,4.100799560546875e-05,--none--
3,20,BBsearch_time,2.5683016777038574,--none--
3,20,alig_to_order_time,0.0651087760925293,--none--
3,20,orig_aux_obj,3378,--none--
3,20,orig_sifts_red_time,7.16905951499939,--none--
3,20,orig_sifts_red_obj,4594,--none--
4,20,vs_gen_time,4.1484832763671875e-05,--none--
4,20,BBsearch_time,4.431162118911743,--none--
4,20,alig_to_order_time,0.18179726600646973,--none--
4,20,orig_aux_obj,3072,--none--
4,20,orig_sifts_red_time,9.13733720779419,--none--
4,20,orig_sifts_red_obj,5153,--none--
5,20,vs_gen_time,4.00543212890625e-05,--none--
5,20,BBsearch_time,2.7044131755828857,--none--
5,20,alig_to_order_time,0.03933310508728027,--none--
5,20,orig_aux_obj,1926,--none--
5,20,orig_sifts_red_time,4.888117074966431,--none--
5,20,orig_sifts_red_obj,9371,--none--
6,20,vs_gen_time,4.124641418457031e-05,--none--
6,20,BBsearch_time,3.397427797317505,--none--
6,20,alig_to_order_time,0.06450319290161133,--none--
6,20,orig_aux_obj,3150,--none--
6,20,orig_sifts_red_time,3.9358747005462646,--none--
6,20,orig_sifts_red_obj,2701,--none--
7,20,vs_gen_time,4.1961669921875e-05,--none--
7,20,BBsearch_time,1.7088639736175537,--none--
7,20,alig_to_order_time,0.21337342262268066,--none--
7,20,orig_aux_obj,6131,--none--
7,20,orig_sifts_red_time,28.06404423713684,--none--
7,20,orig_sifts_red_obj,45018,--none--
8,20,vs_gen_time,4.100799560546875e-05,--none--
8,20,BBsearch_time,3.5781333446502686,--none--
8,20,alig_to_order_time,0.04898810386657715,--none--
8,20,orig_aux_obj,2876,--none--
8,20,orig_sifts_red_time,2.4138591289520264,--none--
8,20,orig_sifts_red_obj,3435,--none--
9,20,vs_gen_time,4.100799560546875e-05,--none--
9,20,BBsearch_time,5.679293632507324,--none--
9,20,alig_to_order_time,0.09431099891662598,--none--
9,20,orig_aux_obj,5356,--none--
9,20,orig_sifts_red_time,9.646244525909424,--none--
9,20,orig_sifts_red_obj,16642,--none--
