10,12,vs_gen_time,3.3855438232421875e-05,--none--
10,12,BBsearch_time,0.16019630432128906,--none--
10,12,alig_to_order_time,0.006614208221435547,--none--
10,12,orig_aux_obj,211,--none--
10,12,orig_sifts_red_time,0.049674272537231445,--none--
10,12,orig_sifts_red_obj,131,--none--
1,12,vs_gen_time,2.7894973754882812e-05,--none--
1,12,BBsearch_time,0.1135861873626709,--none--
1,12,alig_to_order_time,0.010814428329467773,--none--
1,12,orig_aux_obj,396,--none--
1,12,orig_sifts_red_time,0.11040282249450684,--none--
1,12,orig_sifts_red_obj,554,--none--
2,12,vs_gen_time,2.6941299438476562e-05,--none--
2,12,BBsearch_time,0.09949517250061035,--none--
2,12,alig_to_order_time,0.008793354034423828,--none--
2,12,orig_aux_obj,349,--none--
2,12,orig_sifts_red_time,0.06525683403015137,--none--
2,12,orig_sifts_red_obj,205,--none--
3,12,vs_gen_time,2.8133392333984375e-05,--none--
3,12,BBsearch_time,0.06066632270812988,--none--
3,12,alig_to_order_time,0.008565664291381836,--none--
3,12,orig_aux_obj,302,--none--
3,12,orig_sifts_red_time,0.08808660507202148,--none--
3,12,orig_sifts_red_obj,268,--none--
4,12,vs_gen_time,2.8371810913085938e-05,--none--
4,12,BBsearch_time,0.20352768898010254,--none--
4,12,alig_to_order_time,0.009320259094238281,--none--
4,12,orig_aux_obj,350,--none--
4,12,orig_sifts_red_time,0.07143831253051758,--none--
4,12,orig_sifts_red_obj,140,--none--
5,12,vs_gen_time,2.7894973754882812e-05,--none--
5,12,BBsearch_time,0.06264996528625488,--none--
5,12,alig_to_order_time,0.005313396453857422,--none--
5,12,orig_aux_obj,176,--none--
5,12,orig_sifts_red_time,0.04059410095214844,--none--
5,12,orig_sifts_red_obj,171,--none--
6,12,vs_gen_time,2.6941299438476562e-05,--none--
6,12,BBsearch_time,0.13955378532409668,--none--
6,12,alig_to_order_time,0.009619712829589844,--none--
6,12,orig_aux_obj,312,--none--
6,12,orig_sifts_red_time,0.08807563781738281,--none--
6,12,orig_sifts_red_obj,389,--none--
7,12,vs_gen_time,2.7894973754882812e-05,--none--
7,12,BBsearch_time,0.05188131332397461,--none--
7,12,alig_to_order_time,0.01905035972595215,--none--
7,12,orig_aux_obj,524,--none--
7,12,orig_sifts_red_time,0.18404221534729004,--none--
7,12,orig_sifts_red_obj,507,--none--
8,12,vs_gen_time,3.4809112548828125e-05,--none--
8,12,BBsearch_time,0.21116352081298828,--none--
8,12,alig_to_order_time,0.008463144302368164,--none--
8,12,orig_aux_obj,277,--none--
8,12,orig_sifts_red_time,0.05845785140991211,--none--
8,12,orig_sifts_red_obj,235,--none--
9,12,vs_gen_time,2.7894973754882812e-05,--none--
9,12,BBsearch_time,0.1548304557800293,--none--
9,12,alig_to_order_time,0.009589910507202148,--none--
9,12,orig_aux_obj,325,--none--
9,12,orig_sifts_red_time,0.08953690528869629,--none--
9,12,orig_sifts_red_obj,413,--none--
