10,14,vs_gen_time,3.4809112548828125e-05,--none--
10,14,BBsearch_time,0.45968174934387207,--none--
10,14,alig_to_order_time,0.010564565658569336,--none--
10,14,orig_aux_obj,409,--none--
10,14,orig_sifts_red_time,0.1268784999847412,--none--
10,14,orig_sifts_red_obj,490,--none--
1,14,vs_gen_time,2.9325485229492188e-05,--none--
1,14,BBsearch_time,0.4859895706176758,--none--
1,14,alig_to_order_time,0.006344795227050781,--none--
1,14,orig_aux_obj,214,--none--
1,14,orig_sifts_red_time,0.054969072341918945,--none--
1,14,orig_sifts_red_obj,153,--none--
2,14,vs_gen_time,2.9802322387695312e-05,--none--
2,14,BBsearch_time,0.21451115608215332,--none--
2,14,alig_to_order_time,0.007200717926025391,--none--
2,14,orig_aux_obj,213,--none--
2,14,orig_sifts_red_time,0.09549283981323242,--none--
2,14,orig_sifts_red_obj,253,--none--
3,14,vs_gen_time,2.86102294921875e-05,--none--
3,14,BBsearch_time,0.5687077045440674,--none--
3,14,alig_to_order_time,0.013252973556518555,--none--
3,14,orig_aux_obj,617,--none--
3,14,orig_sifts_red_time,0.1722428798675537,--none--
3,14,orig_sifts_red_obj,643,--none--
4,14,vs_gen_time,3.0994415283203125e-05,--none--
4,14,BBsearch_time,0.8692934513092041,--none--
4,14,alig_to_order_time,0.02311420440673828,--none--
4,14,orig_aux_obj,819,--none--
4,14,orig_sifts_red_time,0.33627796173095703,--none--
4,14,orig_sifts_red_obj,1455,--none--
5,14,vs_gen_time,2.956390380859375e-05,--none--
5,14,BBsearch_time,0.2861440181732178,--none--
5,14,alig_to_order_time,0.014497518539428711,--none--
5,14,orig_aux_obj,571,--none--
5,14,orig_sifts_red_time,0.19604730606079102,--none--
5,14,orig_sifts_red_obj,689,--none--
6,14,vs_gen_time,2.8848648071289062e-05,--none--
6,14,BBsearch_time,0.4047203063964844,--none--
6,14,alig_to_order_time,0.015757322311401367,--none--
6,14,orig_aux_obj,596,--none--
6,14,orig_sifts_red_time,0.21709942817687988,--none--
6,14,orig_sifts_red_obj,269,--none--
7,14,vs_gen_time,4.00543212890625e-05,--none--
7,14,BBsearch_time,0.5772814750671387,--none--
7,14,alig_to_order_time,0.011757612228393555,--none--
7,14,orig_aux_obj,492,--none--
7,14,orig_sifts_red_time,0.14865899085998535,--none--
7,14,orig_sifts_red_obj,192,--none--
8,14,vs_gen_time,3.695487976074219e-05,--none--
8,14,BBsearch_time,0.20879173278808594,--none--
8,14,alig_to_order_time,0.011546134948730469,--none--
8,14,orig_aux_obj,368,--none--
8,14,orig_sifts_red_time,0.34614014625549316,--none--
8,14,orig_sifts_red_obj,524,--none--
9,14,vs_gen_time,3.910064697265625e-05,--none--
9,14,BBsearch_time,0.5107488632202148,--none--
9,14,alig_to_order_time,0.012160539627075195,--none--
9,14,orig_aux_obj,418,--none--
9,14,orig_sifts_red_time,0.13757848739624023,--none--
9,14,orig_sifts_red_obj,371,--none--
