10,19,vs_gen_time,4.00543212890625e-05,--none--
10,19,BBsearch_time,3.9891786575317383,--none--
10,19,alig_to_order_time,0.07374262809753418,--none--
10,19,orig_aux_obj,4676,--none--
10,19,orig_sifts_red_time,6.5792882442474365,--none--
10,19,orig_sifts_red_obj,10475,--none--
1,19,vs_gen_time,4.220008850097656e-05,--none--
1,19,BBsearch_time,2.8338732719421387,--none--
1,19,alig_to_order_time,0.09789729118347168,--none--
1,19,orig_aux_obj,4229,--none--
1,19,orig_sifts_red_time,9.756680488586426,--none--
1,19,orig_sifts_red_obj,5221,--none--
2,19,vs_gen_time,4.172325134277344e-05,--none--
2,19,BBsearch_time,1.0529711246490479,--none--
2,19,alig_to_order_time,0.039084434509277344,--none--
2,19,orig_aux_obj,1925,--none--
2,19,orig_sifts_red_time,3.7014167308807373,--none--
2,19,orig_sifts_red_obj,3432,--none--
3,19,vs_gen_time,4.100799560546875e-05,--none--
3,19,BBsearch_time,1.8338305950164795,--none--
3,19,alig_to_order_time,0.05731391906738281,--none--
3,19,orig_aux_obj,3572,--none--
3,19,orig_sifts_red_time,1.9697303771972656,--none--
3,19,orig_sifts_red_obj,3149,--none--
4,19,vs_gen_time,4.220008850097656e-05,--none--
4,19,BBsearch_time,2.071894645690918,--none--
4,19,alig_to_order_time,0.061337947845458984,--none--
4,19,orig_aux_obj,2653,--none--
4,19,orig_sifts_red_time,7.051782608032227,--none--
4,19,orig_sifts_red_obj,15152,--none--
5,19,vs_gen_time,4.267692565917969e-05,--none--
5,19,BBsearch_time,0.7410516738891602,--none--
5,19,alig_to_order_time,0.08804655075073242,--none--
5,19,orig_aux_obj,5326,--none--
5,19,orig_sifts_red_time,9.62743091583252,--none--
5,19,orig_sifts_red_obj,10694,--none--
6,19,vs_gen_time,4.029273986816406e-05,--none--
6,19,BBsearch_time,1.0206692218780518,--none--
6,19,alig_to_order_time,0.03453850746154785,--none--
6,19,orig_aux_obj,1446,--none--
6,19,orig_sifts_red_time,2.7098424434661865,--none--
6,19,orig_sifts_red_obj,1915,--none--
7,19,vs_gen_time,4.172325134277344e-05,--none--
7,19,BBsearch_time,1.1493067741394043,--none--
7,19,alig_to_order_time,0.18744921684265137,--none--
7,19,orig_aux_obj,6058,--none--
7,19,orig_sifts_red_time,5.689010143280029,--none--
7,19,orig_sifts_red_obj,10233,--none--
8,19,vs_gen_time,4.00543212890625e-05,--none--
8,19,BBsearch_time,4.410781621932983,--none--
8,19,alig_to_order_time,0.02305459976196289,--none--
8,19,orig_aux_obj,1099,--none--
8,19,orig_sifts_red_time,0.6396815776824951,--none--
8,19,orig_sifts_red_obj,1230,--none--
9,19,vs_gen_time,3.6716461181640625e-05,--none--
9,19,BBsearch_time,3.4377264976501465,--none--
9,19,alig_to_order_time,0.22372221946716309,--none--
9,19,orig_aux_obj,4083,--none--
9,19,orig_sifts_red_time,7.012380599975586,--none--
9,19,orig_sifts_red_obj,14560,--none--
