10,7,vs_gen_time,3.0279159545898438e-05,--none--
10,7,BBsearch_time,0.029684782028198242,--none--
10,7,alig_to_order_time,0.001977205276489258,--none--
10,7,orig_aux_obj,34,--none--
10,7,orig_sifts_red_time,0.005053997039794922,--none--
10,7,orig_sifts_red_obj,30,--none--
1,7,vs_gen_time,2.2649765014648438e-05,--none--
1,7,BBsearch_time,0.02171158790588379,--none--
1,7,alig_to_order_time,0.0025365352630615234,--none--
1,7,orig_aux_obj,40,--none--
1,7,orig_sifts_red_time,0.006082296371459961,--none--
1,7,orig_sifts_red_obj,31,--none--
2,7,vs_gen_time,2.2411346435546875e-05,--none--
2,7,BBsearch_time,0.01418614387512207,--none--
2,7,alig_to_order_time,0.003124237060546875,--none--
2,7,orig_aux_obj,82,--none--
2,7,orig_sifts_red_time,0.010003805160522461,--none--
2,7,orig_sifts_red_obj,68,--none--
3,7,vs_gen_time,2.2411346435546875e-05,--none--
3,7,BBsearch_time,0.02599358558654785,--none--
3,7,alig_to_order_time,0.0016176700592041016,--none--
3,7,orig_aux_obj,33,--none--
3,7,orig_sifts_red_time,0.004552602767944336,--none--
3,7,orig_sifts_red_obj,25,--none--
4,7,vs_gen_time,2.2172927856445312e-05,--none--
4,7,BBsearch_time,0.01817917823791504,--none--
4,7,alig_to_order_time,0.002232074737548828,--none--
4,7,orig_aux_obj,41,--none--
4,7,orig_sifts_red_time,0.00660252571105957,--none--
4,7,orig_sifts_red_obj,39,--none--
5,7,vs_gen_time,2.2649765014648438e-05,--none--
5,7,BBsearch_time,0.009869098663330078,--none--
5,7,alig_to_order_time,0.0022726058959960938,--none--
5,7,orig_aux_obj,64,--none--
5,7,orig_sifts_red_time,0.007086277008056641,--none--
5,7,orig_sifts_red_obj,44,--none--
6,7,vs_gen_time,2.2649765014648438e-05,--none--
6,7,BBsearch_time,0.011915445327758789,--none--
6,7,alig_to_order_time,0.002660036087036133,--none--
6,7,orig_aux_obj,61,--none--
6,7,orig_sifts_red_time,0.009085655212402344,--none--
6,7,orig_sifts_red_obj,56,--none--
7,7,vs_gen_time,2.193450927734375e-05,--none--
7,7,BBsearch_time,0.01813220977783203,--none--
7,7,alig_to_order_time,0.002642393112182617,--none--
7,7,orig_aux_obj,53,--none--
7,7,orig_sifts_red_time,0.008717775344848633,--none--
7,7,orig_sifts_red_obj,48,--none--
8,7,vs_gen_time,2.193450927734375e-05,--none--
8,7,BBsearch_time,0.024602413177490234,--none--
8,7,alig_to_order_time,0.0018236637115478516,--none--
8,7,orig_aux_obj,43,--none--
8,7,orig_sifts_red_time,0.006060123443603516,--none--
8,7,orig_sifts_red_obj,31,--none--
9,7,vs_gen_time,2.2649765014648438e-05,--none--
9,7,BBsearch_time,0.018279314041137695,--none--
9,7,alig_to_order_time,0.0012836456298828125,--none--
9,7,orig_aux_obj,20,--none--
9,7,orig_sifts_red_time,0.003259897232055664,--none--
9,7,orig_sifts_red_obj,17,--none--
