10,8,vs_gen_time,2.9087066650390625e-05,--none--
10,8,BBsearch_time,0.018849611282348633,--none--
10,8,alig_to_order_time,0.0020258426666259766,--none--
10,8,orig_aux_obj,43,--none--
10,8,orig_sifts_red_time,0.006169795989990234,--none--
10,8,orig_sifts_red_obj,38,--none--
1,8,vs_gen_time,2.384185791015625e-05,--none--
1,8,BBsearch_time,0.02124476432800293,--none--
1,8,alig_to_order_time,0.003547191619873047,--none--
1,8,orig_aux_obj,71,--none--
1,8,orig_sifts_red_time,0.011672496795654297,--none--
1,8,orig_sifts_red_obj,61,--none--
2,8,vs_gen_time,2.3603439331054688e-05,--none--
2,8,BBsearch_time,0.027084827423095703,--none--
2,8,alig_to_order_time,0.0033643245697021484,--none--
2,8,orig_aux_obj,62,--none--
2,8,orig_sifts_red_time,0.00983881950378418,--none--
2,8,orig_sifts_red_obj,55,--none--
3,8,vs_gen_time,2.3603439331054688e-05,--none--
3,8,BBsearch_time,0.032500505447387695,--none--
3,8,alig_to_order_time,0.002359151840209961,--none--
3,8,orig_aux_obj,61,--none--
3,8,orig_sifts_red_time,0.007816553115844727,--none--
3,8,orig_sifts_red_obj,44,--none--
4,8,vs_gen_time,2.3365020751953125e-05,--none--
4,8,BBsearch_time,0.01784348487854004,--none--
4,8,alig_to_order_time,0.002314329147338867,--none--
4,8,orig_aux_obj,44,--none--
4,8,orig_sifts_red_time,0.0076830387115478516,--none--
4,8,orig_sifts_red_obj,41,--none--
5,8,vs_gen_time,2.3365020751953125e-05,--none--
5,8,BBsearch_time,0.029936790466308594,--none--
5,8,alig_to_order_time,0.002536296844482422,--none--
5,8,orig_aux_obj,62,--none--
5,8,orig_sifts_red_time,0.009057760238647461,--none--
5,8,orig_sifts_red_obj,50,--none--
6,8,vs_gen_time,2.3603439331054688e-05,--none--
6,8,BBsearch_time,0.049918174743652344,--none--
6,8,alig_to_order_time,0.003460407257080078,--none--
6,8,orig_aux_obj,42,--none--
6,8,orig_sifts_red_time,0.0059070587158203125,--none--
6,8,orig_sifts_red_obj,26,--none--
7,8,vs_gen_time,2.3126602172851562e-05,--none--
7,8,BBsearch_time,0.015647172927856445,--none--
7,8,alig_to_order_time,0.002931356430053711,--none--
7,8,orig_aux_obj,71,--none--
7,8,orig_sifts_red_time,0.010570526123046875,--none--
7,8,orig_sifts_red_obj,58,--none--
8,8,vs_gen_time,3.4332275390625e-05,--none--
8,8,BBsearch_time,0.025092601776123047,--none--
8,8,alig_to_order_time,0.002693653106689453,--none--
8,8,orig_aux_obj,74,--none--
8,8,orig_sifts_red_time,0.010009765625,--none--
8,8,orig_sifts_red_obj,59,--none--
9,8,vs_gen_time,2.3365020751953125e-05,--none--
9,8,BBsearch_time,0.02369070053100586,--none--
9,8,alig_to_order_time,0.0024156570434570312,--none--
9,8,orig_aux_obj,55,--none--
9,8,orig_sifts_red_time,0.008194208145141602,--none--
9,8,orig_sifts_red_obj,44,--none--
