10,9,vs_gen_time,3.0994415283203125e-05,--none--
10,9,BBsearch_time,0.028215885162353516,--none--
10,9,alig_to_order_time,0.003673076629638672,--none--
10,9,orig_aux_obj,115,--none--
10,9,orig_sifts_red_time,0.016002416610717773,--none--
10,9,orig_sifts_red_obj,75,--none--
1,9,vs_gen_time,2.4318695068359375e-05,--none--
1,9,BBsearch_time,0.06745171546936035,--none--
1,9,alig_to_order_time,0.0032711029052734375,--none--
1,9,orig_aux_obj,59,--none--
1,9,orig_sifts_red_time,0.01148366928100586,--none--
1,9,orig_sifts_red_obj,51,--none--
2,9,vs_gen_time,2.47955322265625e-05,--none--
2,9,BBsearch_time,0.056093692779541016,--none--
2,9,alig_to_order_time,0.0035474300384521484,--none--
2,9,orig_aux_obj,79,--none--
2,9,orig_sifts_red_time,0.014425039291381836,--none--
2,9,orig_sifts_red_obj,62,--none--
3,9,vs_gen_time,3.0517578125e-05,--none--
3,9,BBsearch_time,0.05531620979309082,--none--
3,9,alig_to_order_time,0.005103588104248047,--none--
3,9,orig_aux_obj,90,--none--
3,9,orig_sifts_red_time,0.016476154327392578,--none--
3,9,orig_sifts_red_obj,93,--none--
4,9,vs_gen_time,2.5033950805664062e-05,--none--
4,9,BBsearch_time,0.025376319885253906,--none--
4,9,alig_to_order_time,0.0041811466217041016,--none--
4,9,orig_aux_obj,95,--none--
4,9,orig_sifts_red_time,0.016063213348388672,--none--
4,9,orig_sifts_red_obj,83,--none--
5,9,vs_gen_time,3.528594970703125e-05,--none--
5,9,BBsearch_time,0.06242632865905762,--none--
5,9,alig_to_order_time,0.0032377243041992188,--none--
5,9,orig_aux_obj,72,--none--
5,9,orig_sifts_red_time,0.014552593231201172,--none--
5,9,orig_sifts_red_obj,73,--none--
6,9,vs_gen_time,2.5033950805664062e-05,--none--
6,9,BBsearch_time,0.04005861282348633,--none--
6,9,alig_to_order_time,0.004533290863037109,--none--
6,9,orig_aux_obj,104,--none--
6,9,orig_sifts_red_time,0.019441843032836914,--none--
6,9,orig_sifts_red_obj,95,--none--
7,9,vs_gen_time,2.4557113647460938e-05,--none--
7,9,BBsearch_time,0.028735876083374023,--none--
7,9,alig_to_order_time,0.004528522491455078,--none--
7,9,orig_aux_obj,146,--none--
7,9,orig_sifts_red_time,0.02187824249267578,--none--
7,9,orig_sifts_red_obj,108,--none--
8,9,vs_gen_time,2.47955322265625e-05,--none--
8,9,BBsearch_time,0.04047226905822754,--none--
8,9,alig_to_order_time,0.003912687301635742,--none--
8,9,orig_aux_obj,121,--none--
8,9,orig_sifts_red_time,0.019989967346191406,--none--
8,9,orig_sifts_red_obj,67,--none--
9,9,vs_gen_time,2.5272369384765625e-05,--none--
9,9,BBsearch_time,0.07815718650817871,--none--
9,9,alig_to_order_time,0.0054645538330078125,--none--
9,9,orig_aux_obj,181,--none--
9,9,orig_sifts_red_time,0.02454519271850586,--none--
9,9,orig_sifts_red_obj,109,--none--
