10,15,vs_gen_time,3.886222839355469e-05,--none--
10,15,BBsearch_time,0.5853159427642822,--none--
10,15,alig_to_order_time,0.023657560348510742,--none--
10,15,orig_aux_obj,899,--none--
10,15,orig_sifts_red_time,0.5012681484222412,--none--
10,15,orig_sifts_red_obj,1974,--none--
1,15,vs_gen_time,0.00017118453979492188,--none--
1,15,BBsearch_time,0.6345653533935547,--none--
1,15,alig_to_order_time,0.021623849868774414,--none--
1,15,orig_aux_obj,866,--none--
1,15,orig_sifts_red_time,0.6542224884033203,--none--
1,15,orig_sifts_red_obj,1394,--none--
2,15,vs_gen_time,3.409385681152344e-05,--none--
2,15,BBsearch_time,0.5278115272521973,--none--
2,15,alig_to_order_time,0.021928071975708008,--none--
2,15,orig_aux_obj,909,--none--
2,15,orig_sifts_red_time,0.5958044528961182,--none--
2,15,orig_sifts_red_obj,1643,--none--
3,15,vs_gen_time,3.409385681152344e-05,--none--
3,15,BBsearch_time,0.6429181098937988,--none--
3,15,alig_to_order_time,0.01920795440673828,--none--
3,15,orig_aux_obj,582,--none--
3,15,orig_sifts_red_time,0.3834998607635498,--none--
3,15,orig_sifts_red_obj,373,--none--
4,15,vs_gen_time,3.4332275390625e-05,--none--
4,15,BBsearch_time,0.11127257347106934,--none--
4,15,alig_to_order_time,0.03680729866027832,--none--
4,15,orig_aux_obj,1650,--none--
4,15,orig_sifts_red_time,0.3651869297027588,--none--
4,15,orig_sifts_red_obj,1029,--none--
5,15,vs_gen_time,3.1948089599609375e-05,--none--
5,15,BBsearch_time,0.2868058681488037,--none--
5,15,alig_to_order_time,0.023393869400024414,--none--
5,15,orig_aux_obj,938,--none--
5,15,orig_sifts_red_time,0.4695863723754883,--none--
5,15,orig_sifts_red_obj,962,--none--
6,15,vs_gen_time,3.170967102050781e-05,--none--
6,15,BBsearch_time,0.7266912460327148,--none--
6,15,alig_to_order_time,0.02271270751953125,--none--
6,15,orig_aux_obj,950,--none--
6,15,orig_sifts_red_time,0.4290335178375244,--none--
6,15,orig_sifts_red_obj,962,--none--
7,15,vs_gen_time,3.790855407714844e-05,--none--
7,15,BBsearch_time,0.23934078216552734,--none--
7,15,alig_to_order_time,0.03090500831604004,--none--
7,15,orig_aux_obj,1603,--none--
7,15,orig_sifts_red_time,0.9944899082183838,--none--
7,15,orig_sifts_red_obj,3880,--none--
8,15,vs_gen_time,3.457069396972656e-05,--none--
8,15,BBsearch_time,0.1981050968170166,--none--
8,15,alig_to_order_time,0.027759552001953125,--none--
8,15,orig_aux_obj,945,--none--
8,15,orig_sifts_red_time,0.4755740165710449,--none--
8,15,orig_sifts_red_obj,579,--none--
9,15,vs_gen_time,3.886222839355469e-05,--none--
9,15,BBsearch_time,0.2878110408782959,--none--
9,15,alig_to_order_time,0.024572134017944336,--none--
9,15,orig_aux_obj,970,--none--
9,15,orig_sifts_red_time,0.6095867156982422,--none--
9,15,orig_sifts_red_obj,1453,--none--
