10,6,vs_gen_time,2.7894973754882812e-05,--none--
10,6,BBsearch_time,0.016223430633544922,--none--
10,6,alig_to_order_time,0.002122163772583008,--none--
10,6,orig_aux_obj,48,--none--
10,6,orig_sifts_red_time,0.005971670150756836,--none--
10,6,orig_sifts_red_obj,43,--none--
1,6,vs_gen_time,2.2172927856445312e-05,--none--
1,6,BBsearch_time,0.008655071258544922,--none--
1,6,alig_to_order_time,0.002028226852416992,--none--
1,6,orig_aux_obj,50,--none--
1,6,orig_sifts_red_time,0.005642890930175781,--none--
1,6,orig_sifts_red_obj,39,--none--
2,6,vs_gen_time,2.2411346435546875e-05,--none--
2,6,BBsearch_time,0.009789228439331055,--none--
2,6,alig_to_order_time,0.0022814273834228516,--none--
2,6,orig_aux_obj,42,--none--
2,6,orig_sifts_red_time,0.0059032440185546875,--none--
2,6,orig_sifts_red_obj,38,--none--
3,6,vs_gen_time,2.2172927856445312e-05,--none--
3,6,BBsearch_time,0.007502317428588867,--none--
3,6,alig_to_order_time,0.0016748905181884766,--none--
3,6,orig_aux_obj,32,--none--
3,6,orig_sifts_red_time,0.004208564758300781,--none--
3,6,orig_sifts_red_obj,26,--none--
4,6,vs_gen_time,2.2172927856445312e-05,--none--
4,6,BBsearch_time,0.007822751998901367,--none--
4,6,alig_to_order_time,0.0014188289642333984,--none--
4,6,orig_aux_obj,24,--none--
4,6,orig_sifts_red_time,0.0032927989959716797,--none--
4,6,orig_sifts_red_obj,19,--none--
5,6,vs_gen_time,2.193450927734375e-05,--none--
5,6,BBsearch_time,0.009813070297241211,--none--
5,6,alig_to_order_time,0.0022406578063964844,--none--
5,6,orig_aux_obj,35,--none--
5,6,orig_sifts_red_time,0.00577998161315918,--none--
5,6,orig_sifts_red_obj,26,--none--
6,6,vs_gen_time,2.193450927734375e-05,--none--
6,6,BBsearch_time,0.009222745895385742,--none--
6,6,alig_to_order_time,0.001898050308227539,--none--
6,6,orig_aux_obj,42,--none--
6,6,orig_sifts_red_time,0.004628658294677734,--none--
6,6,orig_sifts_red_obj,34,--none--
7,6,vs_gen_time,2.2172927856445312e-05,--none--
7,6,BBsearch_time,0.008993148803710938,--none--
7,6,alig_to_order_time,0.0016810894012451172,--none--
7,6,orig_aux_obj,30,--none--
7,6,orig_sifts_red_time,0.004121541976928711,--none--
7,6,orig_sifts_red_obj,24,--none--
8,6,vs_gen_time,2.193450927734375e-05,--none--
8,6,BBsearch_time,0.007726192474365234,--none--
8,6,alig_to_order_time,0.0016150474548339844,--none--
8,6,orig_aux_obj,33,--none--
8,6,orig_sifts_red_time,0.004597902297973633,--none--
8,6,orig_sifts_red_obj,31,--none--
9,6,vs_gen_time,2.2649765014648438e-05,--none--
9,6,BBsearch_time,0.013965606689453125,--none--
9,6,alig_to_order_time,0.002160310745239258,--none--
9,6,orig_aux_obj,57,--none--
9,6,orig_sifts_red_time,0.005986690521240234,--none--
9,6,orig_sifts_red_obj,45,--none--
