10,18,vs_gen_time,3.886222839355469e-05,--none--
10,18,BBsearch_time,1.3652405738830566,--none--
10,18,alig_to_order_time,0.03869485855102539,--none--
10,18,orig_aux_obj,1821,--none--
10,18,orig_sifts_red_time,1.2344846725463867,--none--
10,18,orig_sifts_red_obj,2510,--none--
1,18,vs_gen_time,3.838539123535156e-05,--none--
1,18,BBsearch_time,1.3975586891174316,--none--
1,18,alig_to_order_time,0.05309653282165527,--none--
1,18,orig_aux_obj,3489,--none--
1,18,orig_sifts_red_time,1.5044283866882324,--none--
1,18,orig_sifts_red_obj,1328,--none--
2,18,vs_gen_time,3.814697265625e-05,--none--
2,18,BBsearch_time,0.604947566986084,--none--
2,18,alig_to_order_time,0.05573391914367676,--none--
2,18,orig_aux_obj,2854,--none--
2,18,orig_sifts_red_time,4.318466424942017,--none--
2,18,orig_sifts_red_obj,9585,--none--
3,18,vs_gen_time,4.124641418457031e-05,--none--
3,18,BBsearch_time,0.5282025337219238,--none--
3,18,alig_to_order_time,0.027587413787841797,--none--
3,18,orig_aux_obj,1299,--none--
3,18,orig_sifts_red_time,1.665238618850708,--none--
3,18,orig_sifts_red_obj,3106,--none--
4,18,vs_gen_time,3.981590270996094e-05,--none--
4,18,BBsearch_time,0.7869651317596436,--none--
4,18,alig_to_order_time,0.03401947021484375,--none--
4,18,orig_aux_obj,1782,--none--
4,18,orig_sifts_red_time,1.7081677913665771,--none--
4,18,orig_sifts_red_obj,2402,--none--
5,18,vs_gen_time,3.838539123535156e-05,--none--
5,18,BBsearch_time,1.2238430976867676,--none--
5,18,alig_to_order_time,0.046640872955322266,--none--
5,18,orig_aux_obj,2383,--none--
5,18,orig_sifts_red_time,3.637402057647705,--none--
5,18,orig_sifts_red_obj,9871,--none--
6,18,vs_gen_time,3.910064697265625e-05,--none--
6,18,BBsearch_time,2.840696096420288,--none--
6,18,alig_to_order_time,0.022339344024658203,--none--
6,18,orig_aux_obj,1178,--none--
6,18,orig_sifts_red_time,0.6661539077758789,--none--
6,18,orig_sifts_red_obj,994,--none--
7,18,vs_gen_time,3.8623809814453125e-05,--none--
7,18,BBsearch_time,0.6547138690948486,--none--
7,18,alig_to_order_time,0.025241374969482422,--none--
7,18,orig_aux_obj,943,--none--
7,18,orig_sifts_red_time,1.859764814376831,--none--
7,18,orig_sifts_red_obj,1786,--none--
8,18,vs_gen_time,3.886222839355469e-05,--none--
8,18,BBsearch_time,0.893848180770874,--none--
8,18,alig_to_order_time,0.1142892837524414,--none--
8,18,orig_aux_obj,2197,--none--
8,18,orig_sifts_red_time,1.5237622261047363,--none--
8,18,orig_sifts_red_obj,2088,--none--
9,18,vs_gen_time,3.910064697265625e-05,--none--
9,18,BBsearch_time,0.6851937770843506,--none--
9,18,alig_to_order_time,0.0404963493347168,--none--
9,18,orig_aux_obj,1821,--none--
9,18,orig_sifts_red_time,4.310002565383911,--none--
9,18,orig_sifts_red_obj,6257,--none--
