10,17,vs_gen_time,3.9577484130859375e-05,--none--
10,17,BBsearch_time,0.9070339202880859,--none--
10,17,alig_to_order_time,0.036225080490112305,--none--
10,17,orig_aux_obj,1324,--none--
10,17,orig_sifts_red_time,1.9911830425262451,--none--
10,17,orig_sifts_red_obj,3573,--none--
1,17,vs_gen_time,3.838539123535156e-05,--none--
1,17,BBsearch_time,0.7032177448272705,--none--
1,17,alig_to_order_time,0.03139686584472656,--none--
1,17,orig_aux_obj,1371,--none--
1,17,orig_sifts_red_time,0.5231730937957764,--none--
1,17,orig_sifts_red_obj,1132,--none--
2,17,vs_gen_time,3.147125244140625e-05,--none--
2,17,BBsearch_time,0.6825196743011475,--none--
2,17,alig_to_order_time,0.09210920333862305,--none--
2,17,orig_aux_obj,875,--none--
2,17,orig_sifts_red_time,0.31620335578918457,--none--
2,17,orig_sifts_red_obj,248,--none--
3,17,vs_gen_time,3.5762786865234375e-05,--none--
3,17,BBsearch_time,0.3777303695678711,--none--
3,17,alig_to_order_time,0.04091024398803711,--none--
3,17,orig_aux_obj,2360,--none--
3,17,orig_sifts_red_time,1.9573006629943848,--none--
3,17,orig_sifts_red_obj,4646,--none--
4,17,vs_gen_time,3.695487976074219e-05,--none--
4,17,BBsearch_time,0.37909984588623047,--none--
4,17,alig_to_order_time,0.048395395278930664,--none--
4,17,orig_aux_obj,1991,--none--
4,17,orig_sifts_red_time,2.9455389976501465,--none--
4,17,orig_sifts_red_obj,3350,--none--
5,17,vs_gen_time,3.814697265625e-05,--none--
5,17,BBsearch_time,0.8989903926849365,--none--
5,17,alig_to_order_time,0.03742408752441406,--none--
5,17,orig_aux_obj,2137,--none--
5,17,orig_sifts_red_time,1.2755224704742432,--none--
5,17,orig_sifts_red_obj,2183,--none--
6,17,vs_gen_time,3.814697265625e-05,--none--
6,17,BBsearch_time,0.6761865615844727,--none--
6,17,alig_to_order_time,0.033162832260131836,--none--
6,17,orig_aux_obj,1465,--none--
6,17,orig_sifts_red_time,1.4104206562042236,--none--
6,17,orig_sifts_red_obj,3441,--none--
7,17,vs_gen_time,3.7670135498046875e-05,--none--
7,17,BBsearch_time,1.336151361465454,--none--
7,17,alig_to_order_time,0.04229593276977539,--none--
7,17,orig_aux_obj,1996,--none--
7,17,orig_sifts_red_time,2.478527545928955,--none--
7,17,orig_sifts_red_obj,7531,--none--
8,17,vs_gen_time,3.719329833984375e-05,--none--
8,17,BBsearch_time,1.7416467666625977,--none--
8,17,alig_to_order_time,0.02996993064880371,--none--
8,17,orig_aux_obj,1299,--none--
8,17,orig_sifts_red_time,0.7800323963165283,--none--
8,17,orig_sifts_red_obj,1232,--none--
9,17,vs_gen_time,5.030632019042969e-05,--none--
9,17,BBsearch_time,0.4182462692260742,--none--
9,17,alig_to_order_time,0.0540766716003418,--none--
9,17,orig_aux_obj,3484,--none--
9,17,orig_sifts_red_time,2.021522045135498,--none--
9,17,orig_sifts_red_obj,4331,--none--
