10,22,vs_gen_time,4.601478576660156e-05,--none--
10,22,BBsearch_time,4.235243320465088,--none--
10,22,alig_to_order_time,0.052495479583740234,--none--
10,22,orig_aux_obj,2430,--none--
10,22,orig_sifts_red_time,3.262834072113037,--none--
10,22,orig_sifts_red_obj,3883,--none--
1,22,vs_gen_time,4.696846008300781e-05,--none--
1,22,BBsearch_time,6.5604166984558105,--none--
1,22,alig_to_order_time,0.2103738784790039,--none--
1,22,orig_aux_obj,14643,--none--
1,22,orig_sifts_red_time,108.7861225605011,--none--
1,22,orig_sifts_red_obj,91609,--none--
2,22,vs_gen_time,4.887580871582031e-05,--none--
2,22,BBsearch_time,2.7959351539611816,--none--
2,22,alig_to_order_time,0.4437882900238037,--none--
2,22,orig_aux_obj,18015,--none--
2,22,orig_sifts_red_time,84.20190405845642,--none--
2,22,orig_sifts_red_obj,111331,--none--
3,22,vs_gen_time,4.792213439941406e-05,--none--
3,22,BBsearch_time,9.848422050476074,--none--
3,22,alig_to_order_time,0.13421368598937988,--none--
3,22,orig_aux_obj,9044,--none--
3,22,orig_sifts_red_time,35.695074796676636,--none--
3,22,orig_sifts_red_obj,26831,--none--
4,22,vs_gen_time,4.863739013671875e-05,--none--
4,22,BBsearch_time,2.052464485168457,--none--
4,22,alig_to_order_time,0.6535890102386475,--none--
4,22,orig_aux_obj,25176,--none--
4,22,orig_sifts_red_time,75.39250421524048,--none--
4,22,orig_sifts_red_obj,15145,--none--
5,22,vs_gen_time,4.863739013671875e-05,--none--
5,22,BBsearch_time,2.7200121879577637,--none--
5,22,alig_to_order_time,0.28081727027893066,--none--
5,22,orig_aux_obj,9385,--none--
5,22,orig_sifts_red_time,39.24539756774902,--none--
5,22,orig_sifts_red_obj,61698,--none--
6,22,vs_gen_time,4.792213439941406e-05,--none--
6,22,BBsearch_time,2.877285957336426,--none--
6,22,alig_to_order_time,0.07834362983703613,--none--
6,22,orig_aux_obj,4189,--none--
6,22,orig_sifts_red_time,28.69538712501526,--none--
6,22,orig_sifts_red_obj,16495,--none--
7,22,vs_gen_time,4.76837158203125e-05,--none--
7,22,BBsearch_time,6.980257272720337,--none--
7,22,alig_to_order_time,0.10404443740844727,--none--
7,22,orig_aux_obj,4527,--none--
7,22,orig_sifts_red_time,6.40801215171814,--none--
7,22,orig_sifts_red_obj,9643,--none--
8,22,vs_gen_time,4.7206878662109375e-05,--none--
8,22,BBsearch_time,3.978065252304077,--none--
8,22,alig_to_order_time,0.1825261116027832,--none--
8,22,orig_aux_obj,11386,--none--
8,22,orig_sifts_red_time,49.10174322128296,--none--
8,22,orig_sifts_red_obj,34149,--none--
9,22,vs_gen_time,4.839897155761719e-05,--none--
9,22,BBsearch_time,14.048376560211182,--none--
9,22,alig_to_order_time,0.20878887176513672,--none--
9,22,orig_aux_obj,12592,--none--
9,22,orig_sifts_red_time,40.01439332962036,--none--
9,22,orig_sifts_red_obj,31787,--none--
