instance,inversions,reducedA,reducedB,gen_trial
1,47,True,True,1
2,50,True,True,1
3,53,True,True,1
4,71,True,True,1
5,57,True,True,1
6,54,True,True,1
7,53,True,True,1
8,42,True,True,1
9,55,True,True,1
10,63,True,True,1
11,69,True,True,1
12,55,True,True,1
13,50,True,True,1
14,47,True,True,1
15,60,True,True,1
16,49,True,True,1
17,49,True,True,1
18,67,True,True,1
19,41,True,True,1
20,68,True,True,1
21,43,True,True,1
22,28,True,True,1
23,73,True,True,1
24,47,True,True,1
25,74,True,True,1
26,59,True,True,1
27,50,True,True,1
28,41,True,True,1
29,48,True,True,1
30,48,True,True,1
31,45,True,True,1
32,62,True,True,1
33,63,True,True,1
34,51,True,True,1
35,58,True,True,1
36,34,True,True,1
37,56,True,True,1
38,45,True,True,1
39,51,True,True,1
40,35,True,True,1
41,60,True,True,1
42,51,True,True,1
43,45,True,True,1
44,48,True,True,1
45,52,True,True,1
46,65,True,True,1
47,56,True,True,1
48,65,True,True,1
49,32,True,True,1
50,68,True,True,1
51,66,True,True,1
52,47,True,True,1
53,65,True,True,1
54,38,True,True,1
55,56,True,True,1
56,54,True,True,1
57,39,True,True,1
58,53,True,True,1
59,51,True,True,1
60,64,True,True,1
61,60,True,True,1
62,45,True,True,1
63,46,True,True,1
64,54,True,True,1
65,47,True,True,1
66,53,True,True,1
67,47,True,True,1
68,58,True,True,1
69,67,True,True,1
70,30,True,True,1
71,64,True,True,1
72,58,True,True,1
73,48,True,True,1
74,70,True,True,1
75,54,True,True,1
76,37,True,True,1
77,50,True,True,1
78,74,True,True,1
79,41,True,True,1
80,54,True,True,1
81,35,True,True,1
82,44,True,True,1
83,42,True,True,1
84,45,True,True,1
85,64,True,True,1
86,67,True,True,1
87,54,True,True,1
88,48,True,True,1
89,65,True,True,1
90,50,True,True,1
91,46,True,True,1
92,55,True,True,1
93,61,True,True,1
94,65,True,True,1
95,61,True,True,1
96,49,True,True,1
97,53,True,True,1
98,47,True,True,1
99,45,True,True,1
100,73,True,True,1
101,67,True,True,1
102,67,True,True,1
103,68,True,True,1
104,57,True,True,1
105,63,True,True,1
106,41,True,True,1
107,56,True,True,1
108,44,True,True,1
109,46,True,True,1
110,53,True,True,1
111,68,True,True,1
112,44,True,True,1
113,58,True,True,1
114,61,True,True,1
115,51,True,True,1
116,23,True,True,1
117,64,True,True,1
118,52,True,True,1
119,60,True,True,1
120,68,True,True,1
121,57,True,True,1
122,44,True,True,1
123,63,True,True,1
124,42,True,True,1
125,49,True,True,1
126,51,True,True,1
127,55,True,True,1
128,51,True,True,1
129,44,True,True,1
130,54,True,True,1
131,62,True,True,1
132,55,True,True,1
133,43,True,True,1
134,42,True,True,1
135,36,True,True,1
136,69,True,True,1
137,52,True,True,1
138,55,True,True,1
139,59,True,True,1
140,38,True,True,1
141,37,True,True,1
142,53,True,True,1
143,46,True,True,1
144,48,True,True,1
145,51,True,True,1
146,56,True,True,1
147,55,True,True,1
148,59,True,True,1
149,45,True,True,1
150,53,True,True,1
151,48,True,True,1
152,57,True,True,1
153,59,True,True,1
154,52,True,True,1
155,63,True,True,1
156,52,True,True,1
157,62,True,True,1
158,40,True,True,1
159,68,True,True,1
160,61,True,True,1
161,56,True,True,1
162,44,True,True,1
163,62,True,True,1
164,52,True,True,1
165,37,True,True,1
166,51,True,True,1
167,74,True,True,1
168,58,True,True,1
169,49,True,True,1
170,51,True,True,1
171,33,True,True,1
172,73,True,True,1
173,54,True,True,1
174,57,True,True,1
175,39,True,True,1
176,52,True,True,1
177,49,True,True,1
178,58,True,True,1
179,44,True,True,1
180,55,True,True,1
181,58,True,True,1
182,51,True,True,1
183,66,True,True,1
184,49,True,True,1
185,54,True,True,1
186,58,True,True,1
187,54,True,True,1
188,57,True,True,1
189,56,True,True,1
190,50,True,True,1
191,68,True,True,1
192,50,True,True,1
193,44,True,True,1
194,53,True,True,1
195,66,True,True,1
196,44,True,True,1
197,55,True,True,1
198,59,True,True,1
199,63,True,True,1
200,51,True,True,1
201,53,True,True,1
202,35,True,True,1
203,59,True,True,1
204,49,True,True,1
205,62,True,True,1
206,63,True,True,1
207,55,True,True,1
208,53,True,True,1
209,59,True,True,1
210,59,True,True,1
211,40,True,True,1
212,36,True,True,1
213,47,True,True,1
214,46,True,True,1
215,56,True,True,1
216,42,True,True,1
217,48,True,True,1
218,51,True,True,1
219,51,True,True,1
220,58,True,True,1
221,47,True,True,1
222,46,True,True,1
223,52,True,True,1
224,54,True,True,1
225,45,True,True,1
226,58,True,True,1
227,49,True,True,1
228,60,True,True,1
229,58,True,True,1
230,62,True,True,1
231,75,True,True,1
232,46,True,True,1
233,23,True,True,1
234,76,True,True,1
235,70,True,True,1
236,48,True,True,1
237,54,True,True,1
238,46,True,True,1
239,41,True,True,1
240,55,True,True,1
241,50,True,True,1
242,59,True,True,1
243,47,True,True,1
244,54,True,True,1
245,51,True,True,1
246,46,True,True,1
247,60,True,True,1
248,58,True,True,1
249,45,True,True,1
250,35,True,True,1
251,57,True,True,1
252,45,True,True,1
253,64,True,True,1
254,56,True,True,1
255,51,True,True,1
256,48,True,True,1
257,51,True,True,1
258,47,True,True,1
259,63,True,True,1
260,60,True,True,1
261,53,True,True,1
262,38,True,True,1
263,60,True,True,1
264,43,True,True,1
265,55,True,True,1
266,46,True,True,1
267,50,True,True,1
268,45,True,True,1
269,66,True,True,1
270,53,True,True,1
271,56,True,True,1
272,64,True,True,1
273,55,True,True,1
274,54,True,True,1
275,41,True,True,1
276,50,True,True,1
277,36,True,True,1
278,52,True,True,1
279,53,True,True,1
280,51,True,True,1
281,40,True,True,1
282,55,True,True,1
283,32,True,True,1
284,52,True,True,1
285,69,True,True,1
286,69,True,True,1
287,59,True,True,1
288,73,True,True,1
289,46,True,True,1
290,60,True,True,1
291,61,True,True,1
292,59,True,True,1
293,54,True,True,1
294,46,True,True,1
295,47,True,True,1
296,68,True,True,1
297,42,True,True,1
298,46,True,True,1
299,66,True,True,1
300,64,True,True,1
301,53,True,True,1
302,57,True,True,1
303,60,True,True,1
304,60,True,True,1
305,61,True,True,1
306,75,True,True,1
307,59,True,True,1
308,57,True,True,1
309,59,True,True,1
310,72,True,True,1
311,51,True,True,1
312,36,True,True,1
313,52,True,True,1
314,59,True,True,1
315,31,True,True,1
316,54,True,True,1
317,34,True,True,1
318,59,True,True,1
319,62,True,True,1
320,58,True,True,1
321,65,True,True,1
322,62,True,True,1
323,50,True,True,1
324,51,True,True,1
325,70,True,True,1
326,44,True,True,1
327,48,True,True,1
328,54,True,True,1
329,48,True,True,1
330,31,True,True,1
331,53,True,True,1
332,35,True,True,1
333,53,True,True,1
334,32,True,True,1
335,56,True,True,1
336,59,True,True,1
337,44,True,True,1
338,32,True,True,1
339,37,True,True,1
340,39,True,True,1
341,51,True,True,1
342,82,True,True,1
343,77,True,True,1
344,44,True,True,1
345,50,True,True,1
346,47,True,True,1
347,49,True,True,1
348,49,True,True,1
349,58,True,True,1
350,50,True,True,1
351,50,True,True,1
352,54,True,True,1
353,59,True,True,1
354,49,True,True,1
355,54,True,True,1
356,47,True,True,1
357,59,True,True,1
358,49,True,True,1
359,63,True,True,1
360,64,True,True,1
361,47,True,True,1
362,58,True,True,1
363,50,True,True,1
364,38,True,True,1
365,65,True,True,1
366,48,True,True,1
367,58,True,True,1
368,44,True,True,1
369,60,True,True,1
370,41,True,True,1
371,44,True,True,1
372,52,True,True,1
373,62,True,True,1
374,59,True,True,1
375,64,True,True,1
376,56,True,True,1
377,45,True,True,1
378,40,True,True,1
379,68,True,True,1
380,39,True,True,1
381,60,True,True,1
382,46,True,True,1
383,53,True,True,1
384,72,True,True,1
385,52,True,True,1
386,51,True,True,1
387,52,True,True,1
388,59,True,True,1
389,44,True,True,1
390,40,True,True,1
391,53,True,True,1
392,60,True,True,1
393,42,True,True,1
394,49,True,True,1
395,42,True,True,1
396,49,True,True,1
397,49,True,True,1
398,57,True,True,1
399,64,True,True,1
400,58,True,True,1
401,49,True,True,1
402,49,True,True,1
403,66,True,True,1
404,47,True,True,1
405,57,True,True,1
406,51,True,True,1
407,60,True,True,1
408,49,True,True,1
409,53,True,True,1
410,55,True,True,1
411,62,True,True,1
412,49,True,True,1
413,47,True,True,1
414,57,True,True,1
415,42,True,True,1
416,58,True,True,1
417,66,True,True,1
418,58,True,True,1
419,53,True,True,1
420,62,True,True,1
421,29,True,True,1
422,65,True,True,1
423,67,True,True,1
424,50,True,True,1
425,82,True,True,1
426,42,True,True,1
427,38,True,True,1
428,45,True,True,1
429,39,True,True,1
430,51,True,True,1
431,59,True,True,1
432,57,True,True,1
433,44,True,True,1
434,62,True,True,1
435,27,True,True,1
436,75,True,True,1
437,48,True,True,1
438,42,True,True,1
439,43,True,True,1
440,60,True,True,1
441,40,True,True,1
442,43,True,True,1
443,54,True,True,1
444,62,True,True,1
445,17,True,True,1
446,54,True,True,1
447,67,True,True,1
448,59,True,True,1
449,47,True,True,1
450,59,True,True,1
451,47,True,True,1
452,47,True,True,1
453,40,True,True,1
454,52,True,True,1
455,62,True,True,1
456,52,True,True,1
457,60,True,True,1
458,60,True,True,1
459,47,True,True,1
460,52,True,True,1
461,53,True,True,1
462,54,True,True,1
463,55,True,True,1
464,54,True,True,1
465,60,True,True,1
466,61,True,True,1
467,57,True,True,1
468,56,True,True,1
469,47,True,True,1
470,45,True,True,1
471,59,True,True,1
472,58,True,True,1
473,56,True,True,1
474,60,True,True,1
475,57,True,True,1
476,48,True,True,1
477,36,True,True,1
478,52,True,True,1
479,57,True,True,1
480,60,True,True,1
481,52,True,True,1
482,41,True,True,1
483,62,True,True,1
484,51,True,True,1
485,54,True,True,1
486,48,True,True,1
487,61,True,True,1
488,47,True,True,1
489,55,True,True,1
490,57,True,True,1
491,42,True,True,1
492,37,True,True,1
493,42,True,True,1
494,44,True,True,1
495,50,True,True,1
496,37,True,True,1
497,49,True,True,1
498,55,True,True,1
499,37,True,True,1
500,41,True,True,1
501,53,True,True,1
502,61,True,True,1
503,47,True,True,1
504,49,True,True,1
505,70,True,True,1
506,47,True,True,1
507,55,True,True,1
508,52,True,True,1
509,64,True,True,1
510,44,True,True,1
511,55,True,True,1
512,54,True,True,1
513,37,True,True,1
514,48,True,True,1
515,50,True,True,1
516,48,True,True,1
517,56,True,True,1
518,53,True,True,1
519,51,True,True,1
520,39,True,True,1
521,56,True,True,1
522,55,True,True,1
523,60,True,True,1
524,29,True,True,1
525,37,True,True,1
526,56,True,True,1
527,67,True,True,1
528,46,True,True,1
529,62,True,True,1
530,59,True,True,1
531,61,True,True,1
532,32,True,True,1
533,60,True,True,1
534,54,True,True,1
535,52,True,True,1
536,49,True,True,1
537,40,True,True,1
538,61,True,True,1
539,54,True,True,1
540,67,True,True,1
541,50,True,True,1
542,48,True,True,1
543,54,True,True,1
544,56,True,True,1
545,54,True,True,1
546,60,True,True,1
547,28,True,True,1
548,50,True,True,1
549,76,True,True,1
550,52,True,True,1
551,41,True,True,1
552,61,True,True,1
553,53,True,True,1
554,51,True,True,1
555,62,True,True,1
556,60,True,True,1
557,58,True,True,1
558,50,True,True,1
559,53,True,True,1
560,60,True,True,1
561,43,True,True,1
562,55,True,True,1
563,55,True,True,1
564,54,True,True,1
565,47,True,True,1
566,50,True,True,1
567,78,True,True,1
568,67,True,True,1
569,59,True,True,1
570,53,True,True,1
571,43,True,True,1
572,63,True,True,1
573,66,True,True,1
574,67,True,True,1
575,34,True,True,1
576,42,True,True,1
577,56,True,True,1
578,54,True,True,1
579,54,True,True,1
580,47,True,True,1
581,50,True,True,1
582,39,True,True,1
583,60,True,True,1
584,49,True,True,1
585,58,True,True,1
586,46,True,True,1
587,74,True,True,1
588,73,True,True,1
589,51,True,True,1
590,44,True,True,1
591,60,True,True,1
592,54,True,True,1
593,64,True,True,1
594,38,True,True,1
595,58,True,True,1
596,48,True,True,1
597,37,True,True,1
598,57,True,True,1
599,60,True,True,1
600,65,True,True,1
601,51,True,True,1
602,56,True,True,1
603,49,True,True,1
604,43,True,True,1
605,31,True,True,1
606,65,True,True,1
607,53,True,True,1
608,44,True,True,1
609,60,True,True,1
610,60,True,True,1
611,60,True,True,1
612,57,True,True,1
613,64,True,True,1
614,53,True,True,1
615,43,True,True,1
616,59,True,True,1
617,62,True,True,1
618,64,True,True,1
619,43,True,True,1
620,54,True,True,1
621,58,True,True,1
622,42,True,True,1
623,64,True,True,1
624,27,True,True,1
625,75,True,True,1
626,63,True,True,1
627,56,True,True,1
628,50,True,True,1
629,59,True,True,1
630,46,True,True,1
631,50,True,True,1
632,34,True,True,1
633,44,True,True,1
634,42,True,True,1
635,44,True,True,1
636,49,True,True,1
637,60,True,True,1
638,41,True,True,1
639,45,True,True,1
640,52,True,True,1
641,59,True,True,1
642,36,True,True,1
643,46,True,True,1
644,43,True,True,1
645,67,True,True,1
646,53,True,True,1
647,46,True,True,1
648,53,True,True,1
649,51,True,True,1
650,54,True,True,1
651,52,True,True,1
652,67,True,True,1
653,50,True,True,1
654,63,True,True,1
655,63,True,True,1
656,59,True,True,1
657,46,True,True,1
658,48,True,True,1
659,69,True,True,1
660,49,True,True,1
661,43,True,True,1
662,62,True,True,1
663,54,True,True,1
664,58,True,True,1
665,45,True,True,1
666,43,True,True,1
667,72,True,True,1
668,39,True,True,1
669,51,True,True,1
670,58,True,True,1
671,50,True,True,1
672,58,True,True,1
673,55,True,True,1
674,33,True,True,1
675,55,True,True,1
676,58,True,True,1
677,53,True,True,1
678,45,True,True,1
679,42,True,True,1
680,37,True,True,1
681,55,True,True,1
682,65,True,True,1
683,45,True,True,1
684,63,True,True,1
685,56,True,True,1
686,33,True,True,1
687,59,True,True,1
688,40,True,True,1
689,51,True,True,1
690,66,True,True,1
691,54,True,True,1
692,56,True,True,1
693,26,True,True,1
694,51,True,True,1
695,80,True,True,1
696,50,True,True,1
697,59,True,True,1
698,74,True,True,1
699,33,True,True,1
700,59,True,True,1
701,34,True,True,1
702,29,True,True,1
703,61,True,True,1
704,50,True,True,1
705,49,True,True,1
706,44,True,True,1
707,36,True,True,1
708,49,True,True,1
709,75,True,True,1
710,42,True,True,1
711,46,True,True,1
712,49,True,True,1
713,68,True,True,1
714,64,True,True,1
715,41,True,True,1
716,59,True,True,1
717,74,True,True,1
718,53,True,True,1
719,48,True,True,1
720,58,True,True,1
721,51,True,True,1
722,33,True,True,1
723,52,True,True,1
724,52,True,True,1
725,44,True,True,1
726,27,True,True,1
727,69,True,True,1
728,61,True,True,1
729,58,True,True,1
730,61,True,True,1
731,61,True,True,1
732,40,True,True,1
733,31,True,True,1
734,37,True,True,1
735,67,True,True,1
736,65,True,True,1
737,41,True,True,1
738,34,True,True,1
739,57,True,True,1
740,62,True,True,1
741,39,True,True,1
742,57,True,True,1
743,40,True,True,1
744,42,True,True,1
745,40,True,True,1
746,61,True,True,1
747,40,True,True,1
748,68,True,True,1
749,69,True,True,1
750,43,True,True,1
751,26,True,True,1
752,57,True,True,1
753,53,True,True,1
754,78,True,True,1
755,54,True,True,1
756,47,True,True,1
757,71,True,True,1
758,41,True,True,1
759,58,True,True,1
760,35,True,True,1
761,40,True,True,1
762,63,True,True,1
763,50,True,True,1
764,66,True,True,1
765,56,True,True,1
766,67,True,True,1
767,65,True,True,1
768,48,True,True,1
769,52,True,True,1
770,43,True,True,1
771,50,True,True,1
772,65,True,True,1
773,42,True,True,1
774,54,True,True,1
775,48,True,True,1
776,51,True,True,1
777,56,True,True,1
778,50,True,True,1
779,50,True,True,1
780,43,True,True,1
781,60,True,True,1
782,64,True,True,1
783,32,True,True,1
784,53,True,True,1
785,53,True,True,1
786,45,True,True,1
787,51,True,True,1
788,50,True,True,1
789,51,True,True,1
790,43,True,True,1
791,44,True,True,1
792,56,True,True,1
793,54,True,True,1
794,34,True,True,1
795,58,True,True,1
796,58,True,True,1
797,70,True,True,1
798,48,True,True,1
799,46,True,True,1
800,55,True,True,1
801,62,True,True,1
802,43,True,True,1
803,40,True,True,1
804,54,True,True,1
805,64,True,True,1
806,46,True,True,1
807,40,True,True,1
808,57,True,True,1
809,61,True,True,1
810,59,True,True,1
811,77,True,True,1
812,63,True,True,1
813,53,True,True,1
814,47,True,True,1
815,53,True,True,1
816,65,True,True,1
817,46,True,True,1
818,63,True,True,1
819,50,True,True,1
820,59,True,True,1
821,48,True,True,1
822,53,True,True,1
823,49,True,True,1
824,49,True,True,1
825,59,True,True,1
826,40,True,True,1
827,41,True,True,1
828,66,True,True,1
829,52,True,True,1
830,35,True,True,1
831,59,True,True,1
832,45,True,True,1
833,51,True,True,1
834,39,True,True,1
835,52,True,True,1
836,49,True,True,1
837,55,True,True,1
838,55,True,True,1
839,44,True,True,1
840,50,True,True,1
841,51,True,True,1
842,51,True,True,1
843,44,True,True,1
844,53,True,True,1
845,53,True,True,1
846,63,True,True,1
847,53,True,True,1
848,60,True,True,1
849,70,True,True,1
850,46,True,True,1
851,62,True,True,1
852,55,True,True,1
853,57,True,True,1
854,45,True,True,1
855,44,True,True,1
856,46,True,True,1
857,38,True,True,1
858,49,True,True,1
859,37,True,True,1
860,52,True,True,1
861,47,True,True,1
862,46,True,True,1
863,49,True,True,1
864,39,True,True,1
865,35,True,True,1
866,49,True,True,1
867,66,True,True,1
868,51,True,True,1
869,59,True,True,1
870,45,True,True,1
871,59,True,True,1
872,44,True,True,1
873,58,True,True,1
874,51,True,True,1
875,56,True,True,1
876,46,True,True,1
877,46,True,True,1
878,54,True,True,1
879,56,True,True,1
880,76,True,True,1
881,47,True,True,1
882,33,True,True,1
883,66,True,True,1
884,56,True,True,1
885,53,True,True,1
886,64,True,True,1
887,56,True,True,1
888,67,True,True,1
889,58,True,True,1
890,36,True,True,1
891,34,True,True,1
892,50,True,True,1
893,38,True,True,1
894,64,True,True,1
895,52,True,True,1
896,46,True,True,1
897,61,True,True,1
898,61,True,True,1
899,54,True,True,1
900,65,True,True,1
901,54,True,True,1
902,56,True,True,1
903,48,True,True,1
904,57,True,True,1
905,56,True,True,1
906,51,True,True,1
907,52,True,True,1
908,69,True,True,1
909,43,True,True,1
910,35,True,True,1
911,54,True,True,1
912,59,True,True,1
913,30,True,True,1
914,37,True,True,1
915,52,True,True,1
916,53,True,True,1
917,56,True,True,1
918,66,True,True,1
919,51,True,True,1
920,52,True,True,1
921,48,True,True,1
922,42,True,True,1
923,59,True,True,1
924,55,True,True,1
925,59,True,True,1
926,34,True,True,1
927,58,True,True,1
928,48,True,True,1
929,65,True,True,1
930,65,True,True,1
931,49,True,True,1
932,55,True,True,1
933,49,True,True,1
934,72,True,True,1
935,43,True,True,1
936,64,True,True,1
937,69,True,True,1
938,63,True,True,1
939,70,True,True,1
940,49,True,True,1
941,50,True,True,1
942,41,True,True,1
943,49,True,True,1
944,55,True,True,1
945,52,True,True,1
946,67,True,True,1
947,54,True,True,1
948,59,True,True,1
949,58,True,True,1
950,48,True,True,1
951,73,True,True,1
952,62,True,True,1
953,51,True,True,1
954,51,True,True,1
955,54,True,True,1
956,64,True,True,1
957,50,True,True,1
958,56,True,True,1
959,64,True,True,1
960,54,True,True,1
961,66,True,True,1
962,34,True,True,1
963,47,True,True,1
964,49,True,True,1
965,57,True,True,1
966,55,True,True,1
967,60,True,True,1
968,58,True,True,1
969,57,True,True,1
970,40,True,True,1
971,47,True,True,1
972,53,True,True,1
973,58,True,True,1
974,47,True,True,1
975,64,True,True,1
976,65,True,True,1
977,54,True,True,1
978,66,True,True,1
979,47,True,True,1
980,44,True,True,1
981,43,True,True,1
982,54,True,True,1
983,74,True,True,1
984,52,True,True,1
985,62,True,True,1
986,30,True,True,1
987,69,True,True,1
988,41,True,True,1
989,52,True,True,1
990,59,True,True,1
991,56,True,True,1
992,50,True,True,1
993,38,True,True,1
994,49,True,True,1
995,63,True,True,1
996,62,True,True,1
997,57,True,True,1
998,52,True,True,1
999,51,True,True,1
1000,54,True,True,1
